[0.541s] Invoking command in '/home/anand/ur3e_working_reference/src/ur3e_sorting': DEBUGINFOD_URLS=https://debuginfod.ubuntu.com PYTHONPATH=/home/anand/ur3e_working_reference/build/ur3e_sorting/prefix_override:/usr/lib/python3/dist-packages/colcon_core/task/python/colcon_distutils_commands:/home/anand/ur3e_working_reference/install/ur3e_sorting/lib/python3.12/site-packages:${PYTHONPATH} /usr/bin/python3 -W ignore:setup.py install is deprecated -W ignore:easy_install command is deprecated setup.py egg_info --egg-base ../../build/ur3e_sorting build --build-base /home/anand/ur3e_working_reference/build/ur3e_sorting/build install --record /home/anand/ur3e_working_reference/build/ur3e_sorting/install.log --single-version-externally-managed install_data
[0.843s] running egg_info
[0.844s] creating ../../build/ur3e_sorting/ur3e_sorting.egg-info
[0.867s] writing ../../build/ur3e_sorting/ur3e_sorting.egg-info/PKG-INFO
[0.868s] writing dependency_links to ../../build/ur3e_sorting/ur3e_sorting.egg-info/dependency_links.txt
[0.868s] writing entry points to ../../build/ur3e_sorting/ur3e_sorting.egg-info/entry_points.txt
[0.868s] writing requirements to ../../build/ur3e_sorting/ur3e_sorting.egg-info/requires.txt
[0.868s] writing top-level names to ../../build/ur3e_sorting/ur3e_sorting.egg-info/top_level.txt
[0.868s] writing manifest file '../../build/ur3e_sorting/ur3e_sorting.egg-info/SOURCES.txt'
[0.903s] reading manifest file '../../build/ur3e_sorting/ur3e_sorting.egg-info/SOURCES.txt'
[0.903s] writing manifest file '../../build/ur3e_sorting/ur3e_sorting.egg-info/SOURCES.txt'
[0.903s] running build
[0.904s] running build_py
[0.904s] creating /home/anand/ur3e_working_reference/build/ur3e_sorting/build
[0.904s] creating /home/anand/ur3e_working_reference/build/ur3e_sorting/build/lib
[0.904s] creating /home/anand/ur3e_working_reference/build/ur3e_sorting/build/lib/ur3e_sorting
[0.904s] copying ur3e_sorting/__init__.py -> /home/anand/ur3e_working_reference/build/ur3e_sorting/build/lib/ur3e_sorting
[0.904s] copying ur3e_sorting/perception_node.py -> /home/anand/ur3e_working_reference/build/ur3e_sorting/build/lib/ur3e_sorting
[0.904s] copying ur3e_sorting/yolo_detector.py -> /home/anand/ur3e_working_reference/build/ur3e_sorting/build/lib/ur3e_sorting
[0.904s] copying ur3e_sorting/sorting_node.py -> /home/anand/ur3e_working_reference/build/ur3e_sorting/build/lib/ur3e_sorting
[0.904s] copying ur3e_sorting/test_moveit.py -> /home/anand/ur3e_working_reference/build/ur3e_sorting/build/lib/ur3e_sorting
[0.904s] running install
[0.908s] running install_lib
[0.922s] creating /home/anand/ur3e_working_reference/install/ur3e_sorting/lib/python3.12/site-packages/ur3e_sorting
[0.922s] copying /home/anand/ur3e_working_reference/build/ur3e_sorting/build/lib/ur3e_sorting/__init__.py -> /home/anand/ur3e_working_reference/install/ur3e_sorting/lib/python3.12/site-packages/ur3e_sorting
[0.922s] copying /home/anand/ur3e_working_reference/build/ur3e_sorting/build/lib/ur3e_sorting/perception_node.py -> /home/anand/ur3e_working_reference/install/ur3e_sorting/lib/python3.12/site-packages/ur3e_sorting
[0.922s] copying /home/anand/ur3e_working_reference/build/ur3e_sorting/build/lib/ur3e_sorting/yolo_detector.py -> /home/anand/ur3e_working_reference/install/ur3e_sorting/lib/python3.12/site-packages/ur3e_sorting
[0.922s] copying /home/anand/ur3e_working_reference/build/ur3e_sorting/build/lib/ur3e_sorting/sorting_node.py -> /home/anand/ur3e_working_reference/install/ur3e_sorting/lib/python3.12/site-packages/ur3e_sorting
[0.922s] copying /home/anand/ur3e_working_reference/build/ur3e_sorting/build/lib/ur3e_sorting/test_moveit.py -> /home/anand/ur3e_working_reference/install/ur3e_sorting/lib/python3.12/site-packages/ur3e_sorting
[0.922s] byte-compiling /home/anand/ur3e_working_reference/install/ur3e_sorting/lib/python3.12/site-packages/ur3e_sorting/__init__.py to __init__.cpython-312.pyc
[0.922s] byte-compiling /home/anand/ur3e_working_reference/install/ur3e_sorting/lib/python3.12/site-packages/ur3e_sorting/perception_node.py to perception_node.cpython-312.pyc
[0.923s] byte-compiling /home/anand/ur3e_working_reference/install/ur3e_sorting/lib/python3.12/site-packages/ur3e_sorting/yolo_detector.py to yolo_detector.cpython-312.pyc
[0.924s] byte-compiling /home/anand/ur3e_working_reference/install/ur3e_sorting/lib/python3.12/site-packages/ur3e_sorting/sorting_node.py to sorting_node.cpython-312.pyc
[0.925s] byte-compiling /home/anand/ur3e_working_reference/install/ur3e_sorting/lib/python3.12/site-packages/ur3e_sorting/test_moveit.py to test_moveit.cpython-312.pyc
[0.926s] running install_data
[0.926s] creating /home/anand/ur3e_working_reference/install/ur3e_sorting/share/ament_index
[0.926s] creating /home/anand/ur3e_working_reference/install/ur3e_sorting/share/ament_index/resource_index
[0.926s] creating /home/anand/ur3e_working_reference/install/ur3e_sorting/share/ament_index/resource_index/packages
[0.926s] copying resource/ur3e_sorting -> /home/anand/ur3e_working_reference/install/ur3e_sorting/share/ament_index/resource_index/packages
[0.926s] copying package.xml -> /home/anand/ur3e_working_reference/install/ur3e_sorting/share/ur3e_sorting
[0.926s] creating /home/anand/ur3e_working_reference/install/ur3e_sorting/share/ur3e_sorting/launch
[0.927s] copying launch/simulation.launch.py -> /home/anand/ur3e_working_reference/install/ur3e_sorting/share/ur3e_sorting/launch
[0.927s] copying launch/debug_rviz.launch.py -> /home/anand/ur3e_working_reference/install/ur3e_sorting/share/ur3e_sorting/launch
[0.927s] copying launch/sorting_station.launch.py -> /home/anand/ur3e_working_reference/install/ur3e_sorting/share/ur3e_sorting/launch
[0.927s] creating /home/anand/ur3e_working_reference/install/ur3e_sorting/share/ur3e_sorting/models
[0.927s] creating /home/anand/ur3e_working_reference/install/ur3e_sorting/share/ur3e_sorting/models/red_cylinder
[0.927s] copying models/red_cylinder/model.sdf -> /home/anand/ur3e_working_reference/install/ur3e_sorting/share/ur3e_sorting/models/red_cylinder
[0.927s] creating /home/anand/ur3e_working_reference/install/ur3e_sorting/share/ur3e_sorting/models/camera
[0.927s] copying models/camera/model.sdf -> /home/anand/ur3e_working_reference/install/ur3e_sorting/share/ur3e_sorting/models/camera
[0.927s] running install_egg_info
[0.940s] Copying ../../build/ur3e_sorting/ur3e_sorting.egg-info to /home/anand/ur3e_working_reference/install/ur3e_sorting/lib/python3.12/site-packages/ur3e_sorting-0.0.0-py3.12.egg-info
[0.941s] running install_scripts
[1.023s] Installing perception_node script to /home/anand/ur3e_working_reference/install/ur3e_sorting/lib/ur3e_sorting
[1.023s] Installing sorting_node script to /home/anand/ur3e_working_reference/install/ur3e_sorting/lib/ur3e_sorting
[1.024s] Installing test_moveit script to /home/anand/ur3e_working_reference/install/ur3e_sorting/lib/ur3e_sorting
[1.024s] Installing yolo_detector script to /home/anand/ur3e_working_reference/install/ur3e_sorting/lib/ur3e_sorting
[1.024s] writing list of installed files to '/home/anand/ur3e_working_reference/build/ur3e_sorting/install.log'
[1.048s] Invoked command in '/home/anand/ur3e_working_reference/src/ur3e_sorting' returned '0': DEBUGINFOD_URLS=https://debuginfod.ubuntu.com PYTHONPATH=/home/anand/ur3e_working_reference/build/ur3e_sorting/prefix_override:/usr/lib/python3/dist-packages/colcon_core/task/python/colcon_distutils_commands:/home/anand/ur3e_working_reference/install/ur3e_sorting/lib/python3.12/site-packages:${PYTHONPATH} /usr/bin/python3 -W ignore:setup.py install is deprecated -W ignore:easy_install command is deprecated setup.py egg_info --egg-base ../../build/ur3e_sorting build --build-base /home/anand/ur3e_working_reference/build/ur3e_sorting/build install --record /home/anand/ur3e_working_reference/build/ur3e_sorting/install.log --single-version-externally-managed install_data
