running develop
Removing /home/anand/ur3e_working_reference/install/ur3e_sorting/lib/python3.12/site-packages/ur3e-sorting.egg-link (link to .)
running egg_info
writing ../../build/ur3e_sorting/ur3e_sorting.egg-info/PKG-INFO
writing dependency_links to ../../build/ur3e_sorting/ur3e_sorting.egg-info/dependency_links.txt
writing entry points to ../../build/ur3e_sorting/ur3e_sorting.egg-info/entry_points.txt
writing requirements to ../../build/ur3e_sorting/ur3e_sorting.egg-info/requires.txt
writing top-level names to ../../build/ur3e_sorting/ur3e_sorting.egg-info/top_level.txt
reading manifest file '../../build/ur3e_sorting/ur3e_sorting.egg-info/SOURCES.txt'
writing manifest file '../../build/ur3e_sorting/ur3e_sorting.egg-info/SOURCES.txt'
running build
running build_py
copying ur3e_sorting/pick_and_place_demo.py -> /home/anand/ur3e_working_reference/build/ur3e_sorting/build/lib/ur3e_sorting
copying ur3e_sorting/automation_node.py -> /home/anand/ur3e_working_reference/build/ur3e_sorting/build/lib/ur3e_sorting
running install
running install_lib
creating /home/anand/ur3e_working_reference/install/ur3e_sorting/lib/python3.12/site-packages/ur3e_sorting
copying /home/anand/ur3e_working_reference/build/ur3e_sorting/build/lib/ur3e_sorting/__init__.py -> /home/anand/ur3e_working_reference/install/ur3e_sorting/lib/python3.12/site-packages/ur3e_sorting
copying /home/anand/ur3e_working_reference/build/ur3e_sorting/build/lib/ur3e_sorting/pick_and_place_demo.py -> /home/anand/ur3e_working_reference/install/ur3e_sorting/lib/python3.12/site-packages/ur3e_sorting
copying /home/anand/ur3e_working_reference/build/ur3e_sorting/build/lib/ur3e_sorting/perception_node.py -> /home/anand/ur3e_working_reference/install/ur3e_sorting/lib/python3.12/site-packages/ur3e_sorting
copying /home/anand/ur3e_working_reference/build/ur3e_sorting/build/lib/ur3e_sorting/automation_node.py -> /home/anand/ur3e_working_reference/install/ur3e_sorting/lib/python3.12/site-packages/ur3e_sorting
copying /home/anand/ur3e_working_reference/build/ur3e_sorting/build/lib/ur3e_sorting/yolo_detector.py -> /home/anand/ur3e_working_reference/install/ur3e_sorting/lib/python3.12/site-packages/ur3e_sorting
copying /home/anand/ur3e_working_reference/build/ur3e_sorting/build/lib/ur3e_sorting/sorting_node.py -> /home/anand/ur3e_working_reference/install/ur3e_sorting/lib/python3.12/site-packages/ur3e_sorting
copying /home/anand/ur3e_working_reference/build/ur3e_sorting/build/lib/ur3e_sorting/test_moveit.py -> /home/anand/ur3e_working_reference/install/ur3e_sorting/lib/python3.12/site-packages/ur3e_sorting
copying /home/anand/ur3e_working_reference/build/ur3e_sorting/build/lib/ur3e_sorting/locator_verification.py -> /home/anand/ur3e_working_reference/install/ur3e_sorting/lib/python3.12/site-packages/ur3e_sorting
byte-compiling /home/anand/ur3e_working_reference/install/ur3e_sorting/lib/python3.12/site-packages/ur3e_sorting/__init__.py to __init__.cpython-312.pyc
byte-compiling /home/anand/ur3e_working_reference/install/ur3e_sorting/lib/python3.12/site-packages/ur3e_sorting/pick_and_place_demo.py to pick_and_place_demo.cpython-312.pyc
byte-compiling /home/anand/ur3e_working_reference/install/ur3e_sorting/lib/python3.12/site-packages/ur3e_sorting/perception_node.py to perception_node.cpython-312.pyc
byte-compiling /home/anand/ur3e_working_reference/install/ur3e_sorting/lib/python3.12/site-packages/ur3e_sorting/automation_node.py to automation_node.cpython-312.pyc
byte-compiling /home/anand/ur3e_working_reference/install/ur3e_sorting/lib/python3.12/site-packages/ur3e_sorting/yolo_detector.py to yolo_detector.cpython-312.pyc
byte-compiling /home/anand/ur3e_working_reference/install/ur3e_sorting/lib/python3.12/site-packages/ur3e_sorting/sorting_node.py to sorting_node.cpython-312.pyc
byte-compiling /home/anand/ur3e_working_reference/install/ur3e_sorting/lib/python3.12/site-packages/ur3e_sorting/test_moveit.py to test_moveit.cpython-312.pyc
byte-compiling /home/anand/ur3e_working_reference/install/ur3e_sorting/lib/python3.12/site-packages/ur3e_sorting/locator_verification.py to locator_verification.cpython-312.pyc
running install_data
copying resource/ur3e_sorting -> /home/anand/ur3e_working_reference/install/ur3e_sorting/share/ament_index/resource_index/packages
copying package.xml -> /home/anand/ur3e_working_reference/install/ur3e_sorting/share/ur3e_sorting
copying launch/automation.launch.py -> /home/anand/ur3e_working_reference/install/ur3e_sorting/share/ur3e_sorting/launch
copying launch/simulation.launch.py -> /home/anand/ur3e_working_reference/install/ur3e_sorting/share/ur3e_sorting/launch
copying launch/debug_rviz.launch.py -> /home/anand/ur3e_working_reference/install/ur3e_sorting/share/ur3e_sorting/launch
copying launch/sorting_station.launch.py -> /home/anand/ur3e_working_reference/install/ur3e_sorting/share/ur3e_sorting/launch
copying models/red_cylinder/model.sdf -> /home/anand/ur3e_working_reference/install/ur3e_sorting/share/ur3e_sorting/models/red_cylinder
copying models/camera/model.sdf -> /home/anand/ur3e_working_reference/install/ur3e_sorting/share/ur3e_sorting/models/camera
running install_egg_info
Copying ../../build/ur3e_sorting/ur3e_sorting.egg-info to /home/anand/ur3e_working_reference/install/ur3e_sorting/lib/python3.12/site-packages/ur3e_sorting-0.0.0-py3.12.egg-info
running install_scripts
Installing automation_node script to /home/anand/ur3e_working_reference/install/ur3e_sorting/lib/ur3e_sorting
Installing locator_verification_node script to /home/anand/ur3e_working_reference/install/ur3e_sorting/lib/ur3e_sorting
Installing perception_node script to /home/anand/ur3e_working_reference/install/ur3e_sorting/lib/ur3e_sorting
Installing pick_and_place_demo script to /home/anand/ur3e_working_reference/install/ur3e_sorting/lib/ur3e_sorting
Installing sorting_node script to /home/anand/ur3e_working_reference/install/ur3e_sorting/lib/ur3e_sorting
Installing test_moveit script to /home/anand/ur3e_working_reference/install/ur3e_sorting/lib/ur3e_sorting
Installing yolo_detector script to /home/anand/ur3e_working_reference/install/ur3e_sorting/lib/ur3e_sorting
writing list of installed files to '/home/anand/ur3e_working_reference/build/ur3e_sorting/install.log'
