[0.800s] Invoking command in '/home/anand/ur3e_working_reference/build/ur3e_sorting': DEBUGINFOD_URLS=https://debuginfod.ubuntu.com PYTHONPATH=/home/anand/ur3e_working_reference/build/ur3e_sorting/prefix_override:/usr/lib/python3/dist-packages/colcon_core/task/python/colcon_distutils_commands:/home/anand/ur3e_working_reference/install/ur3e_sorting/lib/python3.12/site-packages:${PYTHONPATH} /usr/bin/python3 -W ignore:setup.py install is deprecated -W ignore:easy_install command is deprecated setup.py develop --uninstall --editable --build-directory /home/anand/ur3e_working_reference/build/ur3e_sorting/build
[1.052s] running develop
[1.225s] Removing /home/anand/ur3e_working_reference/install/ur3e_sorting/lib/python3.12/site-packages/ur3e-sorting.egg-link (link to .)
[1.262s] Invoked command in '/home/anand/ur3e_working_reference/build/ur3e_sorting' returned '0': DEBUGINFOD_URLS=https://debuginfod.ubuntu.com PYTHONPATH=/home/anand/ur3e_working_reference/build/ur3e_sorting/prefix_override:/usr/lib/python3/dist-packages/colcon_core/task/python/colcon_distutils_commands:/home/anand/ur3e_working_reference/install/ur3e_sorting/lib/python3.12/site-packages:${PYTHONPATH} /usr/bin/python3 -W ignore:setup.py install is deprecated -W ignore:easy_install command is deprecated setup.py develop --uninstall --editable --build-directory /home/anand/ur3e_working_reference/build/ur3e_sorting/build
[1.263s] Invoking command in '/home/anand/ur3e_working_reference/src/ur3e_sorting': DEBUGINFOD_URLS=https://debuginfod.ubuntu.com PYTHONPATH=/home/anand/ur3e_working_reference/build/ur3e_sorting/prefix_override:/usr/lib/python3/dist-packages/colcon_core/task/python/colcon_distutils_commands:/home/anand/ur3e_working_reference/install/ur3e_sorting/lib/python3.12/site-packages:${PYTHONPATH} /usr/bin/python3 -W ignore:setup.py install is deprecated -W ignore:easy_install command is deprecated setup.py egg_info --egg-base ../../build/ur3e_sorting build --build-base /home/anand/ur3e_working_reference/build/ur3e_sorting/build install --record /home/anand/ur3e_working_reference/build/ur3e_sorting/install.log --single-version-externally-managed install_data --force
[1.468s] running egg_info
[1.482s] writing ../../build/ur3e_sorting/ur3e_sorting.egg-info/PKG-INFO
[1.483s] writing dependency_links to ../../build/ur3e_sorting/ur3e_sorting.egg-info/dependency_links.txt
[1.483s] writing entry points to ../../build/ur3e_sorting/ur3e_sorting.egg-info/entry_points.txt
[1.483s] writing requirements to ../../build/ur3e_sorting/ur3e_sorting.egg-info/requires.txt
[1.483s] writing top-level names to ../../build/ur3e_sorting/ur3e_sorting.egg-info/top_level.txt
[1.512s] reading manifest file '../../build/ur3e_sorting/ur3e_sorting.egg-info/SOURCES.txt'
[1.513s] writing manifest file '../../build/ur3e_sorting/ur3e_sorting.egg-info/SOURCES.txt'
[1.513s] running build
[1.513s] running build_py
[1.513s] copying ur3e_sorting/pick_and_place_demo.py -> /home/anand/ur3e_working_reference/build/ur3e_sorting/build/lib/ur3e_sorting
[1.513s] copying ur3e_sorting/automation_node.py -> /home/anand/ur3e_working_reference/build/ur3e_sorting/build/lib/ur3e_sorting
[1.514s] running install
[1.519s] running install_lib
[1.534s] creating /home/anand/ur3e_working_reference/install/ur3e_sorting/lib/python3.12/site-packages/ur3e_sorting
[1.534s] copying /home/anand/ur3e_working_reference/build/ur3e_sorting/build/lib/ur3e_sorting/__init__.py -> /home/anand/ur3e_working_reference/install/ur3e_sorting/lib/python3.12/site-packages/ur3e_sorting
[1.534s] copying /home/anand/ur3e_working_reference/build/ur3e_sorting/build/lib/ur3e_sorting/pick_and_place_demo.py -> /home/anand/ur3e_working_reference/install/ur3e_sorting/lib/python3.12/site-packages/ur3e_sorting
[1.534s] copying /home/anand/ur3e_working_reference/build/ur3e_sorting/build/lib/ur3e_sorting/perception_node.py -> /home/anand/ur3e_working_reference/install/ur3e_sorting/lib/python3.12/site-packages/ur3e_sorting
[1.534s] copying /home/anand/ur3e_working_reference/build/ur3e_sorting/build/lib/ur3e_sorting/automation_node.py -> /home/anand/ur3e_working_reference/install/ur3e_sorting/lib/python3.12/site-packages/ur3e_sorting
[1.534s] copying /home/anand/ur3e_working_reference/build/ur3e_sorting/build/lib/ur3e_sorting/yolo_detector.py -> /home/anand/ur3e_working_reference/install/ur3e_sorting/lib/python3.12/site-packages/ur3e_sorting
[1.534s] copying /home/anand/ur3e_working_reference/build/ur3e_sorting/build/lib/ur3e_sorting/sorting_node.py -> /home/anand/ur3e_working_reference/install/ur3e_sorting/lib/python3.12/site-packages/ur3e_sorting
[1.534s] copying /home/anand/ur3e_working_reference/build/ur3e_sorting/build/lib/ur3e_sorting/test_moveit.py -> /home/anand/ur3e_working_reference/install/ur3e_sorting/lib/python3.12/site-packages/ur3e_sorting
[1.534s] copying /home/anand/ur3e_working_reference/build/ur3e_sorting/build/lib/ur3e_sorting/locator_verification.py -> /home/anand/ur3e_working_reference/install/ur3e_sorting/lib/python3.12/site-packages/ur3e_sorting
[1.535s] byte-compiling /home/anand/ur3e_working_reference/install/ur3e_sorting/lib/python3.12/site-packages/ur3e_sorting/__init__.py to __init__.cpython-312.pyc
[1.535s] byte-compiling /home/anand/ur3e_working_reference/install/ur3e_sorting/lib/python3.12/site-packages/ur3e_sorting/pick_and_place_demo.py to pick_and_place_demo.cpython-312.pyc
[1.537s] byte-compiling /home/anand/ur3e_working_reference/install/ur3e_sorting/lib/python3.12/site-packages/ur3e_sorting/perception_node.py to perception_node.cpython-312.pyc
[1.538s] byte-compiling /home/anand/ur3e_working_reference/install/ur3e_sorting/lib/python3.12/site-packages/ur3e_sorting/automation_node.py to automation_node.cpython-312.pyc
[1.539s] byte-compiling /home/anand/ur3e_working_reference/install/ur3e_sorting/lib/python3.12/site-packages/ur3e_sorting/yolo_detector.py to yolo_detector.cpython-312.pyc
[1.540s] byte-compiling /home/anand/ur3e_working_reference/install/ur3e_sorting/lib/python3.12/site-packages/ur3e_sorting/sorting_node.py to sorting_node.cpython-312.pyc
[1.541s] byte-compiling /home/anand/ur3e_working_reference/install/ur3e_sorting/lib/python3.12/site-packages/ur3e_sorting/test_moveit.py to test_moveit.cpython-312.pyc
[1.542s] byte-compiling /home/anand/ur3e_working_reference/install/ur3e_sorting/lib/python3.12/site-packages/ur3e_sorting/locator_verification.py to locator_verification.cpython-312.pyc
[1.542s] running install_data
[1.543s] copying resource/ur3e_sorting -> /home/anand/ur3e_working_reference/install/ur3e_sorting/share/ament_index/resource_index/packages
[1.543s] copying package.xml -> /home/anand/ur3e_working_reference/install/ur3e_sorting/share/ur3e_sorting
[1.543s] copying launch/automation.launch.py -> /home/anand/ur3e_working_reference/install/ur3e_sorting/share/ur3e_sorting/launch
[1.543s] copying launch/simulation.launch.py -> /home/anand/ur3e_working_reference/install/ur3e_sorting/share/ur3e_sorting/launch
[1.543s] copying launch/debug_rviz.launch.py -> /home/anand/ur3e_working_reference/install/ur3e_sorting/share/ur3e_sorting/launch
[1.543s] copying launch/sorting_station.launch.py -> /home/anand/ur3e_working_reference/install/ur3e_sorting/share/ur3e_sorting/launch
[1.543s] copying models/red_cylinder/model.sdf -> /home/anand/ur3e_working_reference/install/ur3e_sorting/share/ur3e_sorting/models/red_cylinder
[1.543s] copying models/camera/model.sdf -> /home/anand/ur3e_working_reference/install/ur3e_sorting/share/ur3e_sorting/models/camera
[1.543s] running install_egg_info
[1.559s] Copying ../../build/ur3e_sorting/ur3e_sorting.egg-info to /home/anand/ur3e_working_reference/install/ur3e_sorting/lib/python3.12/site-packages/ur3e_sorting-0.0.0-py3.12.egg-info
[1.559s] running install_scripts
[1.657s] Installing automation_node script to /home/anand/ur3e_working_reference/install/ur3e_sorting/lib/ur3e_sorting
[1.657s] Installing locator_verification_node script to /home/anand/ur3e_working_reference/install/ur3e_sorting/lib/ur3e_sorting
[1.657s] Installing perception_node script to /home/anand/ur3e_working_reference/install/ur3e_sorting/lib/ur3e_sorting
[1.658s] Installing pick_and_place_demo script to /home/anand/ur3e_working_reference/install/ur3e_sorting/lib/ur3e_sorting
[1.658s] Installing sorting_node script to /home/anand/ur3e_working_reference/install/ur3e_sorting/lib/ur3e_sorting
[1.658s] Installing test_moveit script to /home/anand/ur3e_working_reference/install/ur3e_sorting/lib/ur3e_sorting
[1.658s] Installing yolo_detector script to /home/anand/ur3e_working_reference/install/ur3e_sorting/lib/ur3e_sorting
[1.658s] writing list of installed files to '/home/anand/ur3e_working_reference/build/ur3e_sorting/install.log'
[1.710s] Invoked command in '/home/anand/ur3e_working_reference/src/ur3e_sorting' returned '0': DEBUGINFOD_URLS=https://debuginfod.ubuntu.com PYTHONPATH=/home/anand/ur3e_working_reference/build/ur3e_sorting/prefix_override:/usr/lib/python3/dist-packages/colcon_core/task/python/colcon_distutils_commands:/home/anand/ur3e_working_reference/install/ur3e_sorting/lib/python3.12/site-packages:${PYTHONPATH} /usr/bin/python3 -W ignore:setup.py install is deprecated -W ignore:easy_install command is deprecated setup.py egg_info --egg-base ../../build/ur3e_sorting build --build-base /home/anand/ur3e_working_reference/build/ur3e_sorting/build install --record /home/anand/ur3e_working_reference/build/ur3e_sorting/install.log --single-version-externally-managed install_data --force
