[0.712s] Invoking command in '/home/anand/ur3e_working_reference/build/ur3e_sorting': DEBUGINFOD_URLS=https://debuginfod.ubuntu.com PYTHONPATH=/home/anand/ur3e_working_reference/build/ur3e_sorting/prefix_override:/usr/lib/python3/dist-packages/colcon_core/task/python/colcon_distutils_commands:/home/anand/ur3e_working_reference/install/ur3e_sorting/lib/python3.12/site-packages:${PYTHONPATH} /usr/bin/python3 -W ignore:setup.py install is deprecated -W ignore:easy_install command is deprecated setup.py develop --editable --build-directory /home/anand/ur3e_working_reference/build/ur3e_sorting/build --no-deps symlink_data
[0.990s] running develop
[1.188s] running egg_info
[1.203s] writing ur3e_sorting.egg-info/PKG-INFO
[1.203s] writing dependency_links to ur3e_sorting.egg-info/dependency_links.txt
[1.204s] writing entry points to ur3e_sorting.egg-info/entry_points.txt
[1.204s] writing requirements to ur3e_sorting.egg-info/requires.txt
[1.204s] writing top-level names to ur3e_sorting.egg-info/top_level.txt
[1.234s] reading manifest file 'ur3e_sorting.egg-info/SOURCES.txt'
[1.235s] writing manifest file 'ur3e_sorting.egg-info/SOURCES.txt'
[1.250s] running build_ext
[1.250s] Creating /home/anand/ur3e_working_reference/install/ur3e_sorting/lib/python3.12/site-packages/ur3e-sorting.egg-link (link to .)
[1.250s] Installing automation_node script to /home/anand/ur3e_working_reference/install/ur3e_sorting/lib/ur3e_sorting
[1.250s] Installing detector_node script to /home/anand/ur3e_working_reference/install/ur3e_sorting/lib/ur3e_sorting
[1.250s] Installing locator_verification_node script to /home/anand/ur3e_working_reference/install/ur3e_sorting/lib/ur3e_sorting
[1.251s] Installing perception_node script to /home/anand/ur3e_working_reference/install/ur3e_sorting/lib/ur3e_sorting
[1.251s] Installing pick_and_place_demo script to /home/anand/ur3e_working_reference/install/ur3e_sorting/lib/ur3e_sorting
[1.251s] Installing sorting_node script to /home/anand/ur3e_working_reference/install/ur3e_sorting/lib/ur3e_sorting
[1.251s] Installing test_moveit script to /home/anand/ur3e_working_reference/install/ur3e_sorting/lib/ur3e_sorting
[1.251s] Installing yolo_detector script to /home/anand/ur3e_working_reference/install/ur3e_sorting/lib/ur3e_sorting
[1.251s] 
[1.251s] Installed /home/anand/ur3e_working_reference/build/ur3e_sorting
[1.251s] running symlink_data
[1.286s] Invoked command in '/home/anand/ur3e_working_reference/build/ur3e_sorting' returned '0': DEBUGINFOD_URLS=https://debuginfod.ubuntu.com PYTHONPATH=/home/anand/ur3e_working_reference/build/ur3e_sorting/prefix_override:/usr/lib/python3/dist-packages/colcon_core/task/python/colcon_distutils_commands:/home/anand/ur3e_working_reference/install/ur3e_sorting/lib/python3.12/site-packages:${PYTHONPATH} /usr/bin/python3 -W ignore:setup.py install is deprecated -W ignore:easy_install command is deprecated setup.py develop --editable --build-directory /home/anand/ur3e_working_reference/build/ur3e_sorting/build --no-deps symlink_data
