[0.019s] Invoking command in '/home/anand/ur3e_working_reference/build/robotiq_2f_gripper_interfaces': CMAKE_PREFIX_PATH=/home/anand/ur3e_working_reference/install/serial:/home/anand/ur3e_working_reference/install/ur_gazebo:/home/anand/ur3e_working_reference/install/moveit_config:/home/anand/ur3e_working_reference/install/ur_description:/home/anand/ur3e_working_reference/install/robotiq_2f_gripper_hardware:/home/anand/ur3e_working_reference/install/robotiq_2f_gripper_interfaces:/home/anand/ur3e_working_reference/install/robotiq_2f_gripper_msgs:/home/anand/ur3e_working_reference/install/robotiq_2f_gripper_description:/opt/ros/jazzy/opt/gz_sim_vendor:/opt/ros/jazzy/opt/gz_sensors_vendor:/opt/ros/jazzy/opt/gz_physics_vendor:/opt/ros/jazzy/opt/sdformat_vendor:/opt/ros/jazzy/opt/gz_gui_vendor:/opt/ros/jazzy/opt/gz_transport_vendor:/opt/ros/jazzy/opt/gz_rendering_vendor:/opt/ros/jazzy/opt/gz_plugin_vendor:/opt/ros/jazzy/opt/gz_fuel_tools_vendor:/opt/ros/jazzy/opt/gz_msgs_vendor:/opt/ros/jazzy/opt/gz_common_vendor:/opt/ros/jazzy/opt/gz_math_vendor:/opt/ros/jazzy/opt/gz_utils_vendor:/opt/ros/jazzy/opt/gz_tools_vendor:/opt/ros/jazzy/opt/gz_ogre_next_vendor:/opt/ros/jazzy/opt/gz_dartsim_vendor:/opt/ros/jazzy/opt/gz_cmake_vendor:/home/anand/ur3e_working_reference/install/ur3e_sorting:/home/anand/install/motion_model_comparison:/opt/ros/jazzy DEBUGINFOD_URLS=https://debuginfod.ubuntu.com /usr/bin/cmake --build /home/anand/ur3e_working_reference/build/robotiq_2f_gripper_interfaces -- -j16 -l16
[0.072s] [100%] Built target robotiq_2f_gripper_interfaces
[0.079s] Invoked command in '/home/anand/ur3e_working_reference/build/robotiq_2f_gripper_interfaces' returned '0': CMAKE_PREFIX_PATH=/home/anand/ur3e_working_reference/install/serial:/home/anand/ur3e_working_reference/install/ur_gazebo:/home/anand/ur3e_working_reference/install/moveit_config:/home/anand/ur3e_working_reference/install/ur_description:/home/anand/ur3e_working_reference/install/robotiq_2f_gripper_hardware:/home/anand/ur3e_working_reference/install/robotiq_2f_gripper_interfaces:/home/anand/ur3e_working_reference/install/robotiq_2f_gripper_msgs:/home/anand/ur3e_working_reference/install/robotiq_2f_gripper_description:/opt/ros/jazzy/opt/gz_sim_vendor:/opt/ros/jazzy/opt/gz_sensors_vendor:/opt/ros/jazzy/opt/gz_physics_vendor:/opt/ros/jazzy/opt/sdformat_vendor:/opt/ros/jazzy/opt/gz_gui_vendor:/opt/ros/jazzy/opt/gz_transport_vendor:/opt/ros/jazzy/opt/gz_rendering_vendor:/opt/ros/jazzy/opt/gz_plugin_vendor:/opt/ros/jazzy/opt/gz_fuel_tools_vendor:/opt/ros/jazzy/opt/gz_msgs_vendor:/opt/ros/jazzy/opt/gz_common_vendor:/opt/ros/jazzy/opt/gz_math_vendor:/opt/ros/jazzy/opt/gz_utils_vendor:/opt/ros/jazzy/opt/gz_tools_vendor:/opt/ros/jazzy/opt/gz_ogre_next_vendor:/opt/ros/jazzy/opt/gz_dartsim_vendor:/opt/ros/jazzy/opt/gz_cmake_vendor:/home/anand/ur3e_working_reference/install/ur3e_sorting:/home/anand/install/motion_model_comparison:/opt/ros/jazzy DEBUGINFOD_URLS=https://debuginfod.ubuntu.com /usr/bin/cmake --build /home/anand/ur3e_working_reference/build/robotiq_2f_gripper_interfaces -- -j16 -l16
[0.080s] Invoking command in '/home/anand/ur3e_working_reference/build/robotiq_2f_gripper_interfaces': CMAKE_PREFIX_PATH=/home/anand/ur3e_working_reference/install/serial:/home/anand/ur3e_working_reference/install/ur_gazebo:/home/anand/ur3e_working_reference/install/moveit_config:/home/anand/ur3e_working_reference/install/ur_description:/home/anand/ur3e_working_reference/install/robotiq_2f_gripper_hardware:/home/anand/ur3e_working_reference/install/robotiq_2f_gripper_interfaces:/home/anand/ur3e_working_reference/install/robotiq_2f_gripper_msgs:/home/anand/ur3e_working_reference/install/robotiq_2f_gripper_description:/opt/ros/jazzy/opt/gz_sim_vendor:/opt/ros/jazzy/opt/gz_sensors_vendor:/opt/ros/jazzy/opt/gz_physics_vendor:/opt/ros/jazzy/opt/sdformat_vendor:/opt/ros/jazzy/opt/gz_gui_vendor:/opt/ros/jazzy/opt/gz_transport_vendor:/opt/ros/jazzy/opt/gz_rendering_vendor:/opt/ros/jazzy/opt/gz_plugin_vendor:/opt/ros/jazzy/opt/gz_fuel_tools_vendor:/opt/ros/jazzy/opt/gz_msgs_vendor:/opt/ros/jazzy/opt/gz_common_vendor:/opt/ros/jazzy/opt/gz_math_vendor:/opt/ros/jazzy/opt/gz_utils_vendor:/opt/ros/jazzy/opt/gz_tools_vendor:/opt/ros/jazzy/opt/gz_ogre_next_vendor:/opt/ros/jazzy/opt/gz_dartsim_vendor:/opt/ros/jazzy/opt/gz_cmake_vendor:/home/anand/ur3e_working_reference/install/ur3e_sorting:/home/anand/install/motion_model_comparison:/opt/ros/jazzy DEBUGINFOD_URLS=https://debuginfod.ubuntu.com /usr/bin/cmake --install /home/anand/ur3e_working_reference/build/robotiq_2f_gripper_interfaces
[0.086s] -- Install configuration: ""
[0.086s] -- Up-to-date: /home/anand/ur3e_working_reference/install/robotiq_2f_gripper_interfaces/share/robotiq_2f_gripper_interfaces/hardware_interface_plugin.xml
[0.086s] -- Up-to-date: /home/anand/ur3e_working_reference/install/robotiq_2f_gripper_interfaces/share/robotiq_2f_gripper_interfaces/environment/library_path.sh
[0.086s] -- Up-to-date: /home/anand/ur3e_working_reference/install/robotiq_2f_gripper_interfaces/share/robotiq_2f_gripper_interfaces/environment/library_path.dsv
[0.086s] -- Up-to-date: /home/anand/ur3e_working_reference/install/robotiq_2f_gripper_interfaces/include
[0.086s] -- Up-to-date: /home/anand/ur3e_working_reference/install/robotiq_2f_gripper_interfaces/include/robotiq_2f_gripper_interfaces
[0.086s] -- Up-to-date: /home/anand/ur3e_working_reference/install/robotiq_2f_gripper_interfaces/include/robotiq_2f_gripper_interfaces/fake
[0.086s] -- Up-to-date: /home/anand/ur3e_working_reference/install/robotiq_2f_gripper_interfaces/include/robotiq_2f_gripper_interfaces/fake/fake_driver.hpp
[0.086s] -- Up-to-date: /home/anand/ur3e_working_reference/install/robotiq_2f_gripper_interfaces/include/robotiq_2f_gripper_interfaces/default_driver.hpp
[0.086s] -- Up-to-date: /home/anand/ur3e_working_reference/install/robotiq_2f_gripper_interfaces/include/robotiq_2f_gripper_interfaces/crc_utils.hpp
[0.086s] -- Up-to-date: /home/anand/ur3e_working_reference/install/robotiq_2f_gripper_interfaces/include/robotiq_2f_gripper_interfaces/serial_factory.hpp
[0.086s] -- Up-to-date: /home/anand/ur3e_working_reference/install/robotiq_2f_gripper_interfaces/include/robotiq_2f_gripper_interfaces/driver_exception.hpp
[0.086s] -- Up-to-date: /home/anand/ur3e_working_reference/install/robotiq_2f_gripper_interfaces/include/robotiq_2f_gripper_interfaces/default_serial_factory.hpp
[0.086s] -- Up-to-date: /home/anand/ur3e_working_reference/install/robotiq_2f_gripper_interfaces/include/robotiq_2f_gripper_interfaces/default_driver_factory.hpp
[0.087s] -- Up-to-date: /home/anand/ur3e_working_reference/install/robotiq_2f_gripper_interfaces/include/robotiq_2f_gripper_interfaces/driver.hpp
[0.087s] -- Up-to-date: /home/anand/ur3e_working_reference/install/robotiq_2f_gripper_interfaces/include/robotiq_2f_gripper_interfaces/default_serial.hpp
[0.087s] -- Up-to-date: /home/anand/ur3e_working_reference/install/robotiq_2f_gripper_interfaces/include/robotiq_2f_gripper_interfaces/hardware_interface.hpp
[0.087s] -- Up-to-date: /home/anand/ur3e_working_reference/install/robotiq_2f_gripper_interfaces/include/robotiq_2f_gripper_interfaces/driver_factory.hpp
[0.087s] -- Up-to-date: /home/anand/ur3e_working_reference/install/robotiq_2f_gripper_interfaces/include/robotiq_2f_gripper_interfaces/data_utils.hpp
[0.087s] -- Up-to-date: /home/anand/ur3e_working_reference/install/robotiq_2f_gripper_interfaces/include/robotiq_2f_gripper_interfaces/visibility_control.hpp
[0.087s] -- Up-to-date: /home/anand/ur3e_working_reference/install/robotiq_2f_gripper_interfaces/include/robotiq_2f_gripper_interfaces/serial.hpp
[0.087s] -- Up-to-date: /home/anand/ur3e_working_reference/install/robotiq_2f_gripper_interfaces/lib/librobotiq_2f_gripper_interfaces.so
[0.087s] -- Up-to-date: /home/anand/ur3e_working_reference/install/robotiq_2f_gripper_interfaces/share/ament_index/resource_index/package_run_dependencies/robotiq_2f_gripper_interfaces
[0.087s] -- Up-to-date: /home/anand/ur3e_working_reference/install/robotiq_2f_gripper_interfaces/share/ament_index/resource_index/parent_prefix_path/robotiq_2f_gripper_interfaces
[0.087s] -- Up-to-date: /home/anand/ur3e_working_reference/install/robotiq_2f_gripper_interfaces/share/robotiq_2f_gripper_interfaces/environment/ament_prefix_path.sh
[0.087s] -- Up-to-date: /home/anand/ur3e_working_reference/install/robotiq_2f_gripper_interfaces/share/robotiq_2f_gripper_interfaces/environment/ament_prefix_path.dsv
[0.087s] -- Up-to-date: /home/anand/ur3e_working_reference/install/robotiq_2f_gripper_interfaces/share/robotiq_2f_gripper_interfaces/environment/path.sh
[0.087s] -- Up-to-date: /home/anand/ur3e_working_reference/install/robotiq_2f_gripper_interfaces/share/robotiq_2f_gripper_interfaces/environment/path.dsv
[0.087s] -- Up-to-date: /home/anand/ur3e_working_reference/install/robotiq_2f_gripper_interfaces/share/robotiq_2f_gripper_interfaces/local_setup.bash
[0.088s] -- Up-to-date: /home/anand/ur3e_working_reference/install/robotiq_2f_gripper_interfaces/share/robotiq_2f_gripper_interfaces/local_setup.sh
[0.088s] -- Up-to-date: /home/anand/ur3e_working_reference/install/robotiq_2f_gripper_interfaces/share/robotiq_2f_gripper_interfaces/local_setup.zsh
[0.088s] -- Up-to-date: /home/anand/ur3e_working_reference/install/robotiq_2f_gripper_interfaces/share/robotiq_2f_gripper_interfaces/local_setup.dsv
[0.088s] -- Installing: /home/anand/ur3e_working_reference/install/robotiq_2f_gripper_interfaces/share/robotiq_2f_gripper_interfaces/package.dsv
[0.088s] -- Up-to-date: /home/anand/ur3e_working_reference/install/robotiq_2f_gripper_interfaces/share/ament_index/resource_index/packages/robotiq_2f_gripper_interfaces
[0.088s] -- Up-to-date: /home/anand/ur3e_working_reference/install/robotiq_2f_gripper_interfaces/share/ament_index/resource_index/hardware_interface__pluginlib__plugin/robotiq_2f_gripper_interfaces
[0.088s] -- Up-to-date: /home/anand/ur3e_working_reference/install/robotiq_2f_gripper_interfaces/share/robotiq_2f_gripper_interfaces/cmake/robotiq_2f_gripper_interfaces_targetsExport.cmake
[0.088s] -- Up-to-date: /home/anand/ur3e_working_reference/install/robotiq_2f_gripper_interfaces/share/robotiq_2f_gripper_interfaces/cmake/robotiq_2f_gripper_interfaces_targetsExport-noconfig.cmake
[0.088s] -- Up-to-date: /home/anand/ur3e_working_reference/install/robotiq_2f_gripper_interfaces/share/robotiq_2f_gripper_interfaces/cmake/ament_cmake_export_targets-extras.cmake
[0.088s] -- Up-to-date: /home/anand/ur3e_working_reference/install/robotiq_2f_gripper_interfaces/share/robotiq_2f_gripper_interfaces/cmake/ament_cmake_export_dependencies-extras.cmake
[0.088s] -- Up-to-date: /home/anand/ur3e_working_reference/install/robotiq_2f_gripper_interfaces/share/robotiq_2f_gripper_interfaces/cmake/ament_cmake_export_include_directories-extras.cmake
[0.088s] -- Up-to-date: /home/anand/ur3e_working_reference/install/robotiq_2f_gripper_interfaces/share/robotiq_2f_gripper_interfaces/cmake/ament_cmake_export_libraries-extras.cmake
[0.088s] -- Up-to-date: /home/anand/ur3e_working_reference/install/robotiq_2f_gripper_interfaces/share/robotiq_2f_gripper_interfaces/cmake/robotiq_2f_gripper_interfacesConfig.cmake
[0.088s] -- Up-to-date: /home/anand/ur3e_working_reference/install/robotiq_2f_gripper_interfaces/share/robotiq_2f_gripper_interfaces/cmake/robotiq_2f_gripper_interfacesConfig-version.cmake
[0.089s] -- Up-to-date: /home/anand/ur3e_working_reference/install/robotiq_2f_gripper_interfaces/share/robotiq_2f_gripper_interfaces/package.xml
[0.089s] Invoked command in '/home/anand/ur3e_working_reference/build/robotiq_2f_gripper_interfaces' returned '0': CMAKE_PREFIX_PATH=/home/anand/ur3e_working_reference/install/serial:/home/anand/ur3e_working_reference/install/ur_gazebo:/home/anand/ur3e_working_reference/install/moveit_config:/home/anand/ur3e_working_reference/install/ur_description:/home/anand/ur3e_working_reference/install/robotiq_2f_gripper_hardware:/home/anand/ur3e_working_reference/install/robotiq_2f_gripper_interfaces:/home/anand/ur3e_working_reference/install/robotiq_2f_gripper_msgs:/home/anand/ur3e_working_reference/install/robotiq_2f_gripper_description:/opt/ros/jazzy/opt/gz_sim_vendor:/opt/ros/jazzy/opt/gz_sensors_vendor:/opt/ros/jazzy/opt/gz_physics_vendor:/opt/ros/jazzy/opt/sdformat_vendor:/opt/ros/jazzy/opt/gz_gui_vendor:/opt/ros/jazzy/opt/gz_transport_vendor:/opt/ros/jazzy/opt/gz_rendering_vendor:/opt/ros/jazzy/opt/gz_plugin_vendor:/opt/ros/jazzy/opt/gz_fuel_tools_vendor:/opt/ros/jazzy/opt/gz_msgs_vendor:/opt/ros/jazzy/opt/gz_common_vendor:/opt/ros/jazzy/opt/gz_math_vendor:/opt/ros/jazzy/opt/gz_utils_vendor:/opt/ros/jazzy/opt/gz_tools_vendor:/opt/ros/jazzy/opt/gz_ogre_next_vendor:/opt/ros/jazzy/opt/gz_dartsim_vendor:/opt/ros/jazzy/opt/gz_cmake_vendor:/home/anand/ur3e_working_reference/install/ur3e_sorting:/home/anand/install/motion_model_comparison:/opt/ros/jazzy DEBUGINFOD_URLS=https://debuginfod.ubuntu.com /usr/bin/cmake --install /home/anand/ur3e_working_reference/build/robotiq_2f_gripper_interfaces
