[0.191s] DEBUG:colcon:Command line arguments: ['/usr/bin/colcon', 'build', '--packages-select', 'ur_description', 'ur_gazebo']
[0.191s] DEBUG:colcon:Parsed command line arguments: Namespace(log_base=None, log_level=None, verb_name='build', build_base='build', install_base='install', merge_install=False, symlink_install=False, test_result_base=None, continue_on_error=False, executor='parallel', parallel_workers=16, event_handlers=None, ignore_user_meta=False, metas=['./colcon.meta'], base_paths=['.'], packages_ignore=None, packages_ignore_regex=None, paths=None, packages_up_to=None, packages_up_to_regex=None, packages_above=None, packages_above_and_dependencies=None, packages_above_depth=None, packages_select_by_dep=None, packages_skip_by_dep=None, packages_skip_up_to=None, packages_select_build_failed=False, packages_skip_build_finished=False, packages_select_test_failures=False, packages_skip_test_passed=False, packages_select=['ur_description', 'ur_gazebo'], packages_skip=None, packages_select_regex=None, packages_skip_regex=None, packages_start=None, packages_end=None, allow_overriding=[], cmake_args=None, cmake_target=None, cmake_target_skip_unavailable=False, cmake_clean_cache=False, cmake_clean_first=False, cmake_force_configure=False, ament_cmake_args=None, catkin_cmake_args=None, catkin_skip_building_tests=False, mixin_files=None, mixin=None, verb_parser=<colcon_mixin.mixin.mixin_argument.MixinArgumentDecorator object at 0x7dbabe91d790>, verb_extension=<colcon_core.verb.build.BuildVerb object at 0x7dbabe91e120>, main=<bound method BuildVerb.main of <colcon_core.verb.build.BuildVerb object at 0x7dbabe91e120>>, mixin_verb=('build',))
[0.240s] Level 1:colcon.colcon_core.package_discovery:discover_packages(colcon_meta) check parameters
[0.240s] Level 1:colcon.colcon_core.package_discovery:discover_packages(recursive) check parameters
[0.240s] Level 1:colcon.colcon_core.package_discovery:discover_packages(ignore) check parameters
[0.240s] Level 1:colcon.colcon_core.package_discovery:discover_packages(path) check parameters
[0.240s] Level 1:colcon.colcon_core.package_discovery:discover_packages(colcon_meta) discover
[0.240s] Level 1:colcon.colcon_core.package_discovery:discover_packages(recursive) discover
[0.240s] INFO:colcon.colcon_core.package_discovery:Crawling recursively for packages in '/home/anand/ur3e_working_reference'
[0.240s] Level 1:colcon.colcon_core.package_identification:_identify(.) by extensions ['ignore', 'ignore_ament_install']
[0.240s] Level 1:colcon.colcon_core.package_identification:_identify(.) by extension 'ignore'
[0.240s] Level 1:colcon.colcon_core.package_identification:_identify(.) by extension 'ignore_ament_install'
[0.240s] Level 1:colcon.colcon_core.package_identification:_identify(.) by extensions ['colcon_pkg']
[0.240s] Level 1:colcon.colcon_core.package_identification:_identify(.) by extension 'colcon_pkg'
[0.240s] Level 1:colcon.colcon_core.package_identification:_identify(.) by extensions ['colcon_meta']
[0.240s] Level 1:colcon.colcon_core.package_identification:_identify(.) by extension 'colcon_meta'
[0.240s] Level 1:colcon.colcon_core.package_identification:_identify(.) by extensions ['ros']
[0.240s] Level 1:colcon.colcon_core.package_identification:_identify(.) by extension 'ros'
[0.264s] Level 1:colcon.colcon_core.package_identification:_identify(.) by extensions ['cmake', 'python']
[0.264s] Level 1:colcon.colcon_core.package_identification:_identify(.) by extension 'cmake'
[0.264s] Level 1:colcon.colcon_core.package_identification:_identify(.) by extension 'python'
[0.264s] Level 1:colcon.colcon_core.package_identification:_identify(.) by extensions ['python_setup_py']
[0.264s] Level 1:colcon.colcon_core.package_identification:_identify(.) by extension 'python_setup_py'
[0.265s] Level 1:colcon.colcon_core.package_identification:_identify(YoloV8_v2) by extensions ['ignore', 'ignore_ament_install']
[0.265s] Level 1:colcon.colcon_core.package_identification:_identify(YoloV8_v2) by extension 'ignore'
[0.265s] Level 1:colcon.colcon_core.package_identification:_identify(YoloV8_v2) by extension 'ignore_ament_install'
[0.265s] Level 1:colcon.colcon_core.package_identification:_identify(YoloV8_v2) by extensions ['colcon_pkg']
[0.265s] Level 1:colcon.colcon_core.package_identification:_identify(YoloV8_v2) by extension 'colcon_pkg'
[0.265s] Level 1:colcon.colcon_core.package_identification:_identify(YoloV8_v2) by extensions ['colcon_meta']
[0.265s] Level 1:colcon.colcon_core.package_identification:_identify(YoloV8_v2) by extension 'colcon_meta'
[0.265s] Level 1:colcon.colcon_core.package_identification:_identify(YoloV8_v2) by extensions ['ros']
[0.265s] Level 1:colcon.colcon_core.package_identification:_identify(YoloV8_v2) by extension 'ros'
[0.265s] Level 1:colcon.colcon_core.package_identification:_identify(YoloV8_v2) by extensions ['cmake', 'python']
[0.265s] Level 1:colcon.colcon_core.package_identification:_identify(YoloV8_v2) by extension 'cmake'
[0.265s] Level 1:colcon.colcon_core.package_identification:_identify(YoloV8_v2) by extension 'python'
[0.265s] Level 1:colcon.colcon_core.package_identification:_identify(YoloV8_v2) by extensions ['python_setup_py']
[0.265s] Level 1:colcon.colcon_core.package_identification:_identify(YoloV8_v2) by extension 'python_setup_py'
[0.265s] Level 1:colcon.colcon_core.package_identification:_identify(YoloV8_v2/runs) by extensions ['ignore', 'ignore_ament_install']
[0.265s] Level 1:colcon.colcon_core.package_identification:_identify(YoloV8_v2/runs) by extension 'ignore'
[0.265s] Level 1:colcon.colcon_core.package_identification:_identify(YoloV8_v2/runs) by extension 'ignore_ament_install'
[0.265s] Level 1:colcon.colcon_core.package_identification:_identify(YoloV8_v2/runs) by extensions ['colcon_pkg']
[0.265s] Level 1:colcon.colcon_core.package_identification:_identify(YoloV8_v2/runs) by extension 'colcon_pkg'
[0.265s] Level 1:colcon.colcon_core.package_identification:_identify(YoloV8_v2/runs) by extensions ['colcon_meta']
[0.265s] Level 1:colcon.colcon_core.package_identification:_identify(YoloV8_v2/runs) by extension 'colcon_meta'
[0.265s] Level 1:colcon.colcon_core.package_identification:_identify(YoloV8_v2/runs) by extensions ['ros']
[0.265s] Level 1:colcon.colcon_core.package_identification:_identify(YoloV8_v2/runs) by extension 'ros'
[0.265s] Level 1:colcon.colcon_core.package_identification:_identify(YoloV8_v2/runs) by extensions ['cmake', 'python']
[0.265s] Level 1:colcon.colcon_core.package_identification:_identify(YoloV8_v2/runs) by extension 'cmake'
[0.265s] Level 1:colcon.colcon_core.package_identification:_identify(YoloV8_v2/runs) by extension 'python'
[0.265s] Level 1:colcon.colcon_core.package_identification:_identify(YoloV8_v2/runs) by extensions ['python_setup_py']
[0.265s] Level 1:colcon.colcon_core.package_identification:_identify(YoloV8_v2/runs) by extension 'python_setup_py'
[0.265s] Level 1:colcon.colcon_core.package_identification:_identify(YoloV8_v2/runs/detect) by extensions ['ignore', 'ignore_ament_install']
[0.266s] Level 1:colcon.colcon_core.package_identification:_identify(YoloV8_v2/runs/detect) by extension 'ignore'
[0.266s] Level 1:colcon.colcon_core.package_identification:_identify(YoloV8_v2/runs/detect) by extension 'ignore_ament_install'
[0.266s] Level 1:colcon.colcon_core.package_identification:_identify(YoloV8_v2/runs/detect) by extensions ['colcon_pkg']
[0.266s] Level 1:colcon.colcon_core.package_identification:_identify(YoloV8_v2/runs/detect) by extension 'colcon_pkg'
[0.266s] Level 1:colcon.colcon_core.package_identification:_identify(YoloV8_v2/runs/detect) by extensions ['colcon_meta']
[0.266s] Level 1:colcon.colcon_core.package_identification:_identify(YoloV8_v2/runs/detect) by extension 'colcon_meta'
[0.266s] Level 1:colcon.colcon_core.package_identification:_identify(YoloV8_v2/runs/detect) by extensions ['ros']
[0.266s] Level 1:colcon.colcon_core.package_identification:_identify(YoloV8_v2/runs/detect) by extension 'ros'
[0.266s] Level 1:colcon.colcon_core.package_identification:_identify(YoloV8_v2/runs/detect) by extensions ['cmake', 'python']
[0.266s] Level 1:colcon.colcon_core.package_identification:_identify(YoloV8_v2/runs/detect) by extension 'cmake'
[0.266s] Level 1:colcon.colcon_core.package_identification:_identify(YoloV8_v2/runs/detect) by extension 'python'
[0.266s] Level 1:colcon.colcon_core.package_identification:_identify(YoloV8_v2/runs/detect) by extensions ['python_setup_py']
[0.266s] Level 1:colcon.colcon_core.package_identification:_identify(YoloV8_v2/runs/detect) by extension 'python_setup_py'
[0.266s] Level 1:colcon.colcon_core.package_identification:_identify(YoloV8_v2/runs/detect/predict) by extensions ['ignore', 'ignore_ament_install']
[0.266s] Level 1:colcon.colcon_core.package_identification:_identify(YoloV8_v2/runs/detect/predict) by extension 'ignore'
[0.266s] Level 1:colcon.colcon_core.package_identification:_identify(YoloV8_v2/runs/detect/predict) by extension 'ignore_ament_install'
[0.266s] Level 1:colcon.colcon_core.package_identification:_identify(YoloV8_v2/runs/detect/predict) by extensions ['colcon_pkg']
[0.266s] Level 1:colcon.colcon_core.package_identification:_identify(YoloV8_v2/runs/detect/predict) by extension 'colcon_pkg'
[0.266s] Level 1:colcon.colcon_core.package_identification:_identify(YoloV8_v2/runs/detect/predict) by extensions ['colcon_meta']
[0.266s] Level 1:colcon.colcon_core.package_identification:_identify(YoloV8_v2/runs/detect/predict) by extension 'colcon_meta'
[0.266s] Level 1:colcon.colcon_core.package_identification:_identify(YoloV8_v2/runs/detect/predict) by extensions ['ros']
[0.266s] Level 1:colcon.colcon_core.package_identification:_identify(YoloV8_v2/runs/detect/predict) by extension 'ros'
[0.267s] Level 1:colcon.colcon_core.package_identification:_identify(YoloV8_v2/runs/detect/predict) by extensions ['cmake', 'python']
[0.267s] Level 1:colcon.colcon_core.package_identification:_identify(YoloV8_v2/runs/detect/predict) by extension 'cmake'
[0.267s] Level 1:colcon.colcon_core.package_identification:_identify(YoloV8_v2/runs/detect/predict) by extension 'python'
[0.267s] Level 1:colcon.colcon_core.package_identification:_identify(YoloV8_v2/runs/detect/predict) by extensions ['python_setup_py']
[0.267s] Level 1:colcon.colcon_core.package_identification:_identify(YoloV8_v2/runs/detect/predict) by extension 'python_setup_py'
[0.267s] Level 1:colcon.colcon_core.package_identification:_identify(YoloV8_v2/runs/detect/predict2) by extensions ['ignore', 'ignore_ament_install']
[0.267s] Level 1:colcon.colcon_core.package_identification:_identify(YoloV8_v2/runs/detect/predict2) by extension 'ignore'
[0.267s] Level 1:colcon.colcon_core.package_identification:_identify(YoloV8_v2/runs/detect/predict2) by extension 'ignore_ament_install'
[0.267s] Level 1:colcon.colcon_core.package_identification:_identify(YoloV8_v2/runs/detect/predict2) by extensions ['colcon_pkg']
[0.267s] Level 1:colcon.colcon_core.package_identification:_identify(YoloV8_v2/runs/detect/predict2) by extension 'colcon_pkg'
[0.267s] Level 1:colcon.colcon_core.package_identification:_identify(YoloV8_v2/runs/detect/predict2) by extensions ['colcon_meta']
[0.267s] Level 1:colcon.colcon_core.package_identification:_identify(YoloV8_v2/runs/detect/predict2) by extension 'colcon_meta'
[0.267s] Level 1:colcon.colcon_core.package_identification:_identify(YoloV8_v2/runs/detect/predict2) by extensions ['ros']
[0.267s] Level 1:colcon.colcon_core.package_identification:_identify(YoloV8_v2/runs/detect/predict2) by extension 'ros'
[0.267s] Level 1:colcon.colcon_core.package_identification:_identify(YoloV8_v2/runs/detect/predict2) by extensions ['cmake', 'python']
[0.267s] Level 1:colcon.colcon_core.package_identification:_identify(YoloV8_v2/runs/detect/predict2) by extension 'cmake'
[0.267s] Level 1:colcon.colcon_core.package_identification:_identify(YoloV8_v2/runs/detect/predict2) by extension 'python'
[0.267s] Level 1:colcon.colcon_core.package_identification:_identify(YoloV8_v2/runs/detect/predict2) by extensions ['python_setup_py']
[0.267s] Level 1:colcon.colcon_core.package_identification:_identify(YoloV8_v2/runs/detect/predict2) by extension 'python_setup_py'
[0.268s] Level 1:colcon.colcon_core.package_identification:_identify(YoloV8_v2/runs/detect/predict3) by extensions ['ignore', 'ignore_ament_install']
[0.268s] Level 1:colcon.colcon_core.package_identification:_identify(YoloV8_v2/runs/detect/predict3) by extension 'ignore'
[0.268s] Level 1:colcon.colcon_core.package_identification:_identify(YoloV8_v2/runs/detect/predict3) by extension 'ignore_ament_install'
[0.268s] Level 1:colcon.colcon_core.package_identification:_identify(YoloV8_v2/runs/detect/predict3) by extensions ['colcon_pkg']
[0.268s] Level 1:colcon.colcon_core.package_identification:_identify(YoloV8_v2/runs/detect/predict3) by extension 'colcon_pkg'
[0.268s] Level 1:colcon.colcon_core.package_identification:_identify(YoloV8_v2/runs/detect/predict3) by extensions ['colcon_meta']
[0.268s] Level 1:colcon.colcon_core.package_identification:_identify(YoloV8_v2/runs/detect/predict3) by extension 'colcon_meta'
[0.268s] Level 1:colcon.colcon_core.package_identification:_identify(YoloV8_v2/runs/detect/predict3) by extensions ['ros']
[0.268s] Level 1:colcon.colcon_core.package_identification:_identify(YoloV8_v2/runs/detect/predict3) by extension 'ros'
[0.268s] Level 1:colcon.colcon_core.package_identification:_identify(YoloV8_v2/runs/detect/predict3) by extensions ['cmake', 'python']
[0.268s] Level 1:colcon.colcon_core.package_identification:_identify(YoloV8_v2/runs/detect/predict3) by extension 'cmake'
[0.268s] Level 1:colcon.colcon_core.package_identification:_identify(YoloV8_v2/runs/detect/predict3) by extension 'python'
[0.268s] Level 1:colcon.colcon_core.package_identification:_identify(YoloV8_v2/runs/detect/predict3) by extensions ['python_setup_py']
[0.268s] Level 1:colcon.colcon_core.package_identification:_identify(YoloV8_v2/runs/detect/predict3) by extension 'python_setup_py'
[0.268s] Level 1:colcon.colcon_core.package_identification:_identify(YoloV8_v2/runs/lego_color_20ep) by extensions ['ignore', 'ignore_ament_install']
[0.268s] Level 1:colcon.colcon_core.package_identification:_identify(YoloV8_v2/runs/lego_color_20ep) by extension 'ignore'
[0.269s] Level 1:colcon.colcon_core.package_identification:_identify(YoloV8_v2/runs/lego_color_20ep) by extension 'ignore_ament_install'
[0.269s] Level 1:colcon.colcon_core.package_identification:_identify(YoloV8_v2/runs/lego_color_20ep) by extensions ['colcon_pkg']
[0.269s] Level 1:colcon.colcon_core.package_identification:_identify(YoloV8_v2/runs/lego_color_20ep) by extension 'colcon_pkg'
[0.269s] Level 1:colcon.colcon_core.package_identification:_identify(YoloV8_v2/runs/lego_color_20ep) by extensions ['colcon_meta']
[0.269s] Level 1:colcon.colcon_core.package_identification:_identify(YoloV8_v2/runs/lego_color_20ep) by extension 'colcon_meta'
[0.269s] Level 1:colcon.colcon_core.package_identification:_identify(YoloV8_v2/runs/lego_color_20ep) by extensions ['ros']
[0.269s] Level 1:colcon.colcon_core.package_identification:_identify(YoloV8_v2/runs/lego_color_20ep) by extension 'ros'
[0.269s] Level 1:colcon.colcon_core.package_identification:_identify(YoloV8_v2/runs/lego_color_20ep) by extensions ['cmake', 'python']
[0.269s] Level 1:colcon.colcon_core.package_identification:_identify(YoloV8_v2/runs/lego_color_20ep) by extension 'cmake'
[0.269s] Level 1:colcon.colcon_core.package_identification:_identify(YoloV8_v2/runs/lego_color_20ep) by extension 'python'
[0.269s] Level 1:colcon.colcon_core.package_identification:_identify(YoloV8_v2/runs/lego_color_20ep) by extensions ['python_setup_py']
[0.269s] Level 1:colcon.colcon_core.package_identification:_identify(YoloV8_v2/runs/lego_color_20ep) by extension 'python_setup_py'
[0.269s] Level 1:colcon.colcon_core.package_identification:_identify(YoloV8_v2/runs/lego_color_20ep/weights) by extensions ['ignore', 'ignore_ament_install']
[0.269s] Level 1:colcon.colcon_core.package_identification:_identify(YoloV8_v2/runs/lego_color_20ep/weights) by extension 'ignore'
[0.269s] Level 1:colcon.colcon_core.package_identification:_identify(YoloV8_v2/runs/lego_color_20ep/weights) by extension 'ignore_ament_install'
[0.269s] Level 1:colcon.colcon_core.package_identification:_identify(YoloV8_v2/runs/lego_color_20ep/weights) by extensions ['colcon_pkg']
[0.269s] Level 1:colcon.colcon_core.package_identification:_identify(YoloV8_v2/runs/lego_color_20ep/weights) by extension 'colcon_pkg'
[0.269s] Level 1:colcon.colcon_core.package_identification:_identify(YoloV8_v2/runs/lego_color_20ep/weights) by extensions ['colcon_meta']
[0.269s] Level 1:colcon.colcon_core.package_identification:_identify(YoloV8_v2/runs/lego_color_20ep/weights) by extension 'colcon_meta'
[0.269s] Level 1:colcon.colcon_core.package_identification:_identify(YoloV8_v2/runs/lego_color_20ep/weights) by extensions ['ros']
[0.269s] Level 1:colcon.colcon_core.package_identification:_identify(YoloV8_v2/runs/lego_color_20ep/weights) by extension 'ros'
[0.269s] Level 1:colcon.colcon_core.package_identification:_identify(YoloV8_v2/runs/lego_color_20ep/weights) by extensions ['cmake', 'python']
[0.269s] Level 1:colcon.colcon_core.package_identification:_identify(YoloV8_v2/runs/lego_color_20ep/weights) by extension 'cmake'
[0.269s] Level 1:colcon.colcon_core.package_identification:_identify(YoloV8_v2/runs/lego_color_20ep/weights) by extension 'python'
[0.270s] Level 1:colcon.colcon_core.package_identification:_identify(YoloV8_v2/runs/lego_color_20ep/weights) by extensions ['python_setup_py']
[0.270s] Level 1:colcon.colcon_core.package_identification:_identify(YoloV8_v2/runs/lego_color_20ep/weights) by extension 'python_setup_py'
[0.270s] Level 1:colcon.colcon_core.package_identification:_identify(YoloV8_v2/test_images) by extensions ['ignore', 'ignore_ament_install']
[0.270s] Level 1:colcon.colcon_core.package_identification:_identify(YoloV8_v2/test_images) by extension 'ignore'
[0.270s] Level 1:colcon.colcon_core.package_identification:_identify(YoloV8_v2/test_images) by extension 'ignore_ament_install'
[0.270s] Level 1:colcon.colcon_core.package_identification:_identify(YoloV8_v2/test_images) by extensions ['colcon_pkg']
[0.270s] Level 1:colcon.colcon_core.package_identification:_identify(YoloV8_v2/test_images) by extension 'colcon_pkg'
[0.270s] Level 1:colcon.colcon_core.package_identification:_identify(YoloV8_v2/test_images) by extensions ['colcon_meta']
[0.270s] Level 1:colcon.colcon_core.package_identification:_identify(YoloV8_v2/test_images) by extension 'colcon_meta'
[0.270s] Level 1:colcon.colcon_core.package_identification:_identify(YoloV8_v2/test_images) by extensions ['ros']
[0.270s] Level 1:colcon.colcon_core.package_identification:_identify(YoloV8_v2/test_images) by extension 'ros'
[0.270s] Level 1:colcon.colcon_core.package_identification:_identify(YoloV8_v2/test_images) by extensions ['cmake', 'python']
[0.270s] Level 1:colcon.colcon_core.package_identification:_identify(YoloV8_v2/test_images) by extension 'cmake'
[0.270s] Level 1:colcon.colcon_core.package_identification:_identify(YoloV8_v2/test_images) by extension 'python'
[0.270s] Level 1:colcon.colcon_core.package_identification:_identify(YoloV8_v2/test_images) by extensions ['python_setup_py']
[0.270s] Level 1:colcon.colcon_core.package_identification:_identify(YoloV8_v2/test_images) by extension 'python_setup_py'
[0.270s] Level 1:colcon.colcon_core.package_identification:_identify(YoloV8_v2/train) by extensions ['ignore', 'ignore_ament_install']
[0.270s] Level 1:colcon.colcon_core.package_identification:_identify(YoloV8_v2/train) by extension 'ignore'
[0.270s] Level 1:colcon.colcon_core.package_identification:_identify(YoloV8_v2/train) by extension 'ignore_ament_install'
[0.270s] Level 1:colcon.colcon_core.package_identification:_identify(YoloV8_v2/train) by extensions ['colcon_pkg']
[0.270s] Level 1:colcon.colcon_core.package_identification:_identify(YoloV8_v2/train) by extension 'colcon_pkg'
[0.271s] Level 1:colcon.colcon_core.package_identification:_identify(YoloV8_v2/train) by extensions ['colcon_meta']
[0.271s] Level 1:colcon.colcon_core.package_identification:_identify(YoloV8_v2/train) by extension 'colcon_meta'
[0.271s] Level 1:colcon.colcon_core.package_identification:_identify(YoloV8_v2/train) by extensions ['ros']
[0.271s] Level 1:colcon.colcon_core.package_identification:_identify(YoloV8_v2/train) by extension 'ros'
[0.271s] Level 1:colcon.colcon_core.package_identification:_identify(YoloV8_v2/train) by extensions ['cmake', 'python']
[0.271s] Level 1:colcon.colcon_core.package_identification:_identify(YoloV8_v2/train) by extension 'cmake'
[0.271s] Level 1:colcon.colcon_core.package_identification:_identify(YoloV8_v2/train) by extension 'python'
[0.271s] Level 1:colcon.colcon_core.package_identification:_identify(YoloV8_v2/train) by extensions ['python_setup_py']
[0.271s] Level 1:colcon.colcon_core.package_identification:_identify(YoloV8_v2/train) by extension 'python_setup_py'
[0.271s] Level 1:colcon.colcon_core.package_identification:_identify(YoloV8_v2/train/images) by extensions ['ignore', 'ignore_ament_install']
[0.271s] Level 1:colcon.colcon_core.package_identification:_identify(YoloV8_v2/train/images) by extension 'ignore'
[0.271s] Level 1:colcon.colcon_core.package_identification:_identify(YoloV8_v2/train/images) by extension 'ignore_ament_install'
[0.271s] Level 1:colcon.colcon_core.package_identification:_identify(YoloV8_v2/train/images) by extensions ['colcon_pkg']
[0.271s] Level 1:colcon.colcon_core.package_identification:_identify(YoloV8_v2/train/images) by extension 'colcon_pkg'
[0.271s] Level 1:colcon.colcon_core.package_identification:_identify(YoloV8_v2/train/images) by extensions ['colcon_meta']
[0.271s] Level 1:colcon.colcon_core.package_identification:_identify(YoloV8_v2/train/images) by extension 'colcon_meta'
[0.271s] Level 1:colcon.colcon_core.package_identification:_identify(YoloV8_v2/train/images) by extensions ['ros']
[0.271s] Level 1:colcon.colcon_core.package_identification:_identify(YoloV8_v2/train/images) by extension 'ros'
[0.271s] Level 1:colcon.colcon_core.package_identification:_identify(YoloV8_v2/train/images) by extensions ['cmake', 'python']
[0.271s] Level 1:colcon.colcon_core.package_identification:_identify(YoloV8_v2/train/images) by extension 'cmake'
[0.271s] Level 1:colcon.colcon_core.package_identification:_identify(YoloV8_v2/train/images) by extension 'python'
[0.271s] Level 1:colcon.colcon_core.package_identification:_identify(YoloV8_v2/train/images) by extensions ['python_setup_py']
[0.272s] Level 1:colcon.colcon_core.package_identification:_identify(YoloV8_v2/train/images) by extension 'python_setup_py'
[0.272s] Level 1:colcon.colcon_core.package_identification:_identify(YoloV8_v2/train/labels) by extensions ['ignore', 'ignore_ament_install']
[0.272s] Level 1:colcon.colcon_core.package_identification:_identify(YoloV8_v2/train/labels) by extension 'ignore'
[0.272s] Level 1:colcon.colcon_core.package_identification:_identify(YoloV8_v2/train/labels) by extension 'ignore_ament_install'
[0.272s] Level 1:colcon.colcon_core.package_identification:_identify(YoloV8_v2/train/labels) by extensions ['colcon_pkg']
[0.272s] Level 1:colcon.colcon_core.package_identification:_identify(YoloV8_v2/train/labels) by extension 'colcon_pkg'
[0.272s] Level 1:colcon.colcon_core.package_identification:_identify(YoloV8_v2/train/labels) by extensions ['colcon_meta']
[0.272s] Level 1:colcon.colcon_core.package_identification:_identify(YoloV8_v2/train/labels) by extension 'colcon_meta'
[0.272s] Level 1:colcon.colcon_core.package_identification:_identify(YoloV8_v2/train/labels) by extensions ['ros']
[0.272s] Level 1:colcon.colcon_core.package_identification:_identify(YoloV8_v2/train/labels) by extension 'ros'
[0.272s] Level 1:colcon.colcon_core.package_identification:_identify(YoloV8_v2/train/labels) by extensions ['cmake', 'python']
[0.272s] Level 1:colcon.colcon_core.package_identification:_identify(YoloV8_v2/train/labels) by extension 'cmake'
[0.272s] Level 1:colcon.colcon_core.package_identification:_identify(YoloV8_v2/train/labels) by extension 'python'
[0.272s] Level 1:colcon.colcon_core.package_identification:_identify(YoloV8_v2/train/labels) by extensions ['python_setup_py']
[0.272s] Level 1:colcon.colcon_core.package_identification:_identify(YoloV8_v2/train/labels) by extension 'python_setup_py'
[0.272s] Level 1:colcon.colcon_core.package_identification:_identify(YoloV8_v2/valid) by extensions ['ignore', 'ignore_ament_install']
[0.273s] Level 1:colcon.colcon_core.package_identification:_identify(YoloV8_v2/valid) by extension 'ignore'
[0.273s] Level 1:colcon.colcon_core.package_identification:_identify(YoloV8_v2/valid) by extension 'ignore_ament_install'
[0.273s] Level 1:colcon.colcon_core.package_identification:_identify(YoloV8_v2/valid) by extensions ['colcon_pkg']
[0.273s] Level 1:colcon.colcon_core.package_identification:_identify(YoloV8_v2/valid) by extension 'colcon_pkg'
[0.273s] Level 1:colcon.colcon_core.package_identification:_identify(YoloV8_v2/valid) by extensions ['colcon_meta']
[0.273s] Level 1:colcon.colcon_core.package_identification:_identify(YoloV8_v2/valid) by extension 'colcon_meta'
[0.273s] Level 1:colcon.colcon_core.package_identification:_identify(YoloV8_v2/valid) by extensions ['ros']
[0.273s] Level 1:colcon.colcon_core.package_identification:_identify(YoloV8_v2/valid) by extension 'ros'
[0.273s] Level 1:colcon.colcon_core.package_identification:_identify(YoloV8_v2/valid) by extensions ['cmake', 'python']
[0.273s] Level 1:colcon.colcon_core.package_identification:_identify(YoloV8_v2/valid) by extension 'cmake'
[0.273s] Level 1:colcon.colcon_core.package_identification:_identify(YoloV8_v2/valid) by extension 'python'
[0.273s] Level 1:colcon.colcon_core.package_identification:_identify(YoloV8_v2/valid) by extensions ['python_setup_py']
[0.273s] Level 1:colcon.colcon_core.package_identification:_identify(YoloV8_v2/valid) by extension 'python_setup_py'
[0.273s] Level 1:colcon.colcon_core.package_identification:_identify(YoloV8_v2/valid/images) by extensions ['ignore', 'ignore_ament_install']
[0.273s] Level 1:colcon.colcon_core.package_identification:_identify(YoloV8_v2/valid/images) by extension 'ignore'
[0.273s] Level 1:colcon.colcon_core.package_identification:_identify(YoloV8_v2/valid/images) by extension 'ignore_ament_install'
[0.273s] Level 1:colcon.colcon_core.package_identification:_identify(YoloV8_v2/valid/images) by extensions ['colcon_pkg']
[0.273s] Level 1:colcon.colcon_core.package_identification:_identify(YoloV8_v2/valid/images) by extension 'colcon_pkg'
[0.273s] Level 1:colcon.colcon_core.package_identification:_identify(YoloV8_v2/valid/images) by extensions ['colcon_meta']
[0.273s] Level 1:colcon.colcon_core.package_identification:_identify(YoloV8_v2/valid/images) by extension 'colcon_meta'
[0.273s] Level 1:colcon.colcon_core.package_identification:_identify(YoloV8_v2/valid/images) by extensions ['ros']
[0.273s] Level 1:colcon.colcon_core.package_identification:_identify(YoloV8_v2/valid/images) by extension 'ros'
[0.273s] Level 1:colcon.colcon_core.package_identification:_identify(YoloV8_v2/valid/images) by extensions ['cmake', 'python']
[0.273s] Level 1:colcon.colcon_core.package_identification:_identify(YoloV8_v2/valid/images) by extension 'cmake'
[0.273s] Level 1:colcon.colcon_core.package_identification:_identify(YoloV8_v2/valid/images) by extension 'python'
[0.273s] Level 1:colcon.colcon_core.package_identification:_identify(YoloV8_v2/valid/images) by extensions ['python_setup_py']
[0.273s] Level 1:colcon.colcon_core.package_identification:_identify(YoloV8_v2/valid/images) by extension 'python_setup_py'
[0.273s] Level 1:colcon.colcon_core.package_identification:_identify(YoloV8_v2/valid/labels) by extensions ['ignore', 'ignore_ament_install']
[0.273s] Level 1:colcon.colcon_core.package_identification:_identify(YoloV8_v2/valid/labels) by extension 'ignore'
[0.274s] Level 1:colcon.colcon_core.package_identification:_identify(YoloV8_v2/valid/labels) by extension 'ignore_ament_install'
[0.274s] Level 1:colcon.colcon_core.package_identification:_identify(YoloV8_v2/valid/labels) by extensions ['colcon_pkg']
[0.274s] Level 1:colcon.colcon_core.package_identification:_identify(YoloV8_v2/valid/labels) by extension 'colcon_pkg'
[0.274s] Level 1:colcon.colcon_core.package_identification:_identify(YoloV8_v2/valid/labels) by extensions ['colcon_meta']
[0.274s] Level 1:colcon.colcon_core.package_identification:_identify(YoloV8_v2/valid/labels) by extension 'colcon_meta'
[0.274s] Level 1:colcon.colcon_core.package_identification:_identify(YoloV8_v2/valid/labels) by extensions ['ros']
[0.274s] Level 1:colcon.colcon_core.package_identification:_identify(YoloV8_v2/valid/labels) by extension 'ros'
[0.274s] Level 1:colcon.colcon_core.package_identification:_identify(YoloV8_v2/valid/labels) by extensions ['cmake', 'python']
[0.274s] Level 1:colcon.colcon_core.package_identification:_identify(YoloV8_v2/valid/labels) by extension 'cmake'
[0.274s] Level 1:colcon.colcon_core.package_identification:_identify(YoloV8_v2/valid/labels) by extension 'python'
[0.274s] Level 1:colcon.colcon_core.package_identification:_identify(YoloV8_v2/valid/labels) by extensions ['python_setup_py']
[0.274s] Level 1:colcon.colcon_core.package_identification:_identify(YoloV8_v2/valid/labels) by extension 'python_setup_py'
[0.274s] Level 1:colcon.colcon_core.package_identification:_identify(build) by extensions ['ignore', 'ignore_ament_install']
[0.274s] Level 1:colcon.colcon_core.package_identification:_identify(build) by extension 'ignore'
[0.274s] Level 1:colcon.colcon_core.package_identification:_identify(build) ignored
[0.274s] Level 1:colcon.colcon_core.package_identification:_identify(install) by extensions ['ignore', 'ignore_ament_install']
[0.274s] Level 1:colcon.colcon_core.package_identification:_identify(install) by extension 'ignore'
[0.274s] Level 1:colcon.colcon_core.package_identification:_identify(install) ignored
[0.274s] Level 1:colcon.colcon_core.package_identification:_identify(log) by extensions ['ignore', 'ignore_ament_install']
[0.274s] Level 1:colcon.colcon_core.package_identification:_identify(log) by extension 'ignore'
[0.274s] Level 1:colcon.colcon_core.package_identification:_identify(log) ignored
[0.275s] Level 1:colcon.colcon_core.package_identification:_identify(src) by extensions ['ignore', 'ignore_ament_install']
[0.275s] Level 1:colcon.colcon_core.package_identification:_identify(src) by extension 'ignore'
[0.275s] Level 1:colcon.colcon_core.package_identification:_identify(src) by extension 'ignore_ament_install'
[0.275s] Level 1:colcon.colcon_core.package_identification:_identify(src) by extensions ['colcon_pkg']
[0.275s] Level 1:colcon.colcon_core.package_identification:_identify(src) by extension 'colcon_pkg'
[0.275s] Level 1:colcon.colcon_core.package_identification:_identify(src) by extensions ['colcon_meta']
[0.275s] Level 1:colcon.colcon_core.package_identification:_identify(src) by extension 'colcon_meta'
[0.275s] Level 1:colcon.colcon_core.package_identification:_identify(src) by extensions ['ros']
[0.275s] Level 1:colcon.colcon_core.package_identification:_identify(src) by extension 'ros'
[0.275s] Level 1:colcon.colcon_core.package_identification:_identify(src) by extensions ['cmake', 'python']
[0.275s] Level 1:colcon.colcon_core.package_identification:_identify(src) by extension 'cmake'
[0.275s] Level 1:colcon.colcon_core.package_identification:_identify(src) by extension 'python'
[0.275s] Level 1:colcon.colcon_core.package_identification:_identify(src) by extensions ['python_setup_py']
[0.275s] Level 1:colcon.colcon_core.package_identification:_identify(src) by extension 'python_setup_py'
[0.275s] Level 1:colcon.colcon_core.package_identification:_identify(src/moveit_config) by extensions ['ignore', 'ignore_ament_install']
[0.275s] Level 1:colcon.colcon_core.package_identification:_identify(src/moveit_config) by extension 'ignore'
[0.275s] Level 1:colcon.colcon_core.package_identification:_identify(src/moveit_config) by extension 'ignore_ament_install'
[0.275s] Level 1:colcon.colcon_core.package_identification:_identify(src/moveit_config) by extensions ['colcon_pkg']
[0.275s] Level 1:colcon.colcon_core.package_identification:_identify(src/moveit_config) by extension 'colcon_pkg'
[0.275s] Level 1:colcon.colcon_core.package_identification:_identify(src/moveit_config) by extensions ['colcon_meta']
[0.275s] Level 1:colcon.colcon_core.package_identification:_identify(src/moveit_config) by extension 'colcon_meta'
[0.275s] Level 1:colcon.colcon_core.package_identification:_identify(src/moveit_config) by extensions ['ros']
[0.275s] Level 1:colcon.colcon_core.package_identification:_identify(src/moveit_config) by extension 'ros'
[0.279s] DEBUG:colcon.colcon_core.package_identification:Package 'src/moveit_config' with type 'ros.ament_cmake' and name 'moveit_config'
[0.279s] Level 1:colcon.colcon_core.package_identification:_identify(src/robotiq_2f_gripper_ros2) by extensions ['ignore', 'ignore_ament_install']
[0.279s] Level 1:colcon.colcon_core.package_identification:_identify(src/robotiq_2f_gripper_ros2) by extension 'ignore'
[0.279s] Level 1:colcon.colcon_core.package_identification:_identify(src/robotiq_2f_gripper_ros2) by extension 'ignore_ament_install'
[0.279s] Level 1:colcon.colcon_core.package_identification:_identify(src/robotiq_2f_gripper_ros2) by extensions ['colcon_pkg']
[0.279s] Level 1:colcon.colcon_core.package_identification:_identify(src/robotiq_2f_gripper_ros2) by extension 'colcon_pkg'
[0.279s] Level 1:colcon.colcon_core.package_identification:_identify(src/robotiq_2f_gripper_ros2) by extensions ['colcon_meta']
[0.279s] Level 1:colcon.colcon_core.package_identification:_identify(src/robotiq_2f_gripper_ros2) by extension 'colcon_meta'
[0.279s] Level 1:colcon.colcon_core.package_identification:_identify(src/robotiq_2f_gripper_ros2) by extensions ['ros']
[0.279s] Level 1:colcon.colcon_core.package_identification:_identify(src/robotiq_2f_gripper_ros2) by extension 'ros'
[0.279s] Level 1:colcon.colcon_core.package_identification:_identify(src/robotiq_2f_gripper_ros2) by extensions ['cmake', 'python']
[0.279s] Level 1:colcon.colcon_core.package_identification:_identify(src/robotiq_2f_gripper_ros2) by extension 'cmake'
[0.279s] Level 1:colcon.colcon_core.package_identification:_identify(src/robotiq_2f_gripper_ros2) by extension 'python'
[0.280s] Level 1:colcon.colcon_core.package_identification:_identify(src/robotiq_2f_gripper_ros2) by extensions ['python_setup_py']
[0.280s] Level 1:colcon.colcon_core.package_identification:_identify(src/robotiq_2f_gripper_ros2) by extension 'python_setup_py'
[0.280s] Level 1:colcon.colcon_core.package_identification:_identify(src/robotiq_2f_gripper_ros2/robotiq_2f_gripper_description) by extensions ['ignore', 'ignore_ament_install']
[0.280s] Level 1:colcon.colcon_core.package_identification:_identify(src/robotiq_2f_gripper_ros2/robotiq_2f_gripper_description) by extension 'ignore'
[0.280s] Level 1:colcon.colcon_core.package_identification:_identify(src/robotiq_2f_gripper_ros2/robotiq_2f_gripper_description) by extension 'ignore_ament_install'
[0.280s] Level 1:colcon.colcon_core.package_identification:_identify(src/robotiq_2f_gripper_ros2/robotiq_2f_gripper_description) by extensions ['colcon_pkg']
[0.280s] Level 1:colcon.colcon_core.package_identification:_identify(src/robotiq_2f_gripper_ros2/robotiq_2f_gripper_description) by extension 'colcon_pkg'
[0.280s] Level 1:colcon.colcon_core.package_identification:_identify(src/robotiq_2f_gripper_ros2/robotiq_2f_gripper_description) by extensions ['colcon_meta']
[0.280s] Level 1:colcon.colcon_core.package_identification:_identify(src/robotiq_2f_gripper_ros2/robotiq_2f_gripper_description) by extension 'colcon_meta'
[0.280s] Level 1:colcon.colcon_core.package_identification:_identify(src/robotiq_2f_gripper_ros2/robotiq_2f_gripper_description) by extensions ['ros']
[0.280s] Level 1:colcon.colcon_core.package_identification:_identify(src/robotiq_2f_gripper_ros2/robotiq_2f_gripper_description) by extension 'ros'
[0.280s] DEBUG:colcon.colcon_core.package_identification:Package 'src/robotiq_2f_gripper_ros2/robotiq_2f_gripper_description' with type 'ros.ament_cmake' and name 'robotiq_2f_gripper_description'
[0.280s] Level 1:colcon.colcon_core.package_identification:_identify(src/robotiq_2f_gripper_ros2/robotiq_2f_gripper_hardware) by extensions ['ignore', 'ignore_ament_install']
[0.280s] Level 1:colcon.colcon_core.package_identification:_identify(src/robotiq_2f_gripper_ros2/robotiq_2f_gripper_hardware) by extension 'ignore'
[0.280s] Level 1:colcon.colcon_core.package_identification:_identify(src/robotiq_2f_gripper_ros2/robotiq_2f_gripper_hardware) by extension 'ignore_ament_install'
[0.280s] Level 1:colcon.colcon_core.package_identification:_identify(src/robotiq_2f_gripper_ros2/robotiq_2f_gripper_hardware) by extensions ['colcon_pkg']
[0.280s] Level 1:colcon.colcon_core.package_identification:_identify(src/robotiq_2f_gripper_ros2/robotiq_2f_gripper_hardware) by extension 'colcon_pkg'
[0.280s] Level 1:colcon.colcon_core.package_identification:_identify(src/robotiq_2f_gripper_ros2/robotiq_2f_gripper_hardware) by extensions ['colcon_meta']
[0.281s] Level 1:colcon.colcon_core.package_identification:_identify(src/robotiq_2f_gripper_ros2/robotiq_2f_gripper_hardware) by extension 'colcon_meta'
[0.281s] Level 1:colcon.colcon_core.package_identification:_identify(src/robotiq_2f_gripper_ros2/robotiq_2f_gripper_hardware) by extensions ['ros']
[0.281s] Level 1:colcon.colcon_core.package_identification:_identify(src/robotiq_2f_gripper_ros2/robotiq_2f_gripper_hardware) by extension 'ros'
[0.281s] DEBUG:colcon.colcon_core.package_identification:Package 'src/robotiq_2f_gripper_ros2/robotiq_2f_gripper_hardware' with type 'ros.ament_cmake' and name 'robotiq_2f_gripper_hardware'
[0.281s] Level 1:colcon.colcon_core.package_identification:_identify(src/robotiq_2f_gripper_ros2/robotiq_2f_gripper_interfaces) by extensions ['ignore', 'ignore_ament_install']
[0.281s] Level 1:colcon.colcon_core.package_identification:_identify(src/robotiq_2f_gripper_ros2/robotiq_2f_gripper_interfaces) by extension 'ignore'
[0.281s] Level 1:colcon.colcon_core.package_identification:_identify(src/robotiq_2f_gripper_ros2/robotiq_2f_gripper_interfaces) by extension 'ignore_ament_install'
[0.281s] Level 1:colcon.colcon_core.package_identification:_identify(src/robotiq_2f_gripper_ros2/robotiq_2f_gripper_interfaces) by extensions ['colcon_pkg']
[0.281s] Level 1:colcon.colcon_core.package_identification:_identify(src/robotiq_2f_gripper_ros2/robotiq_2f_gripper_interfaces) by extension 'colcon_pkg'
[0.281s] Level 1:colcon.colcon_core.package_identification:_identify(src/robotiq_2f_gripper_ros2/robotiq_2f_gripper_interfaces) by extensions ['colcon_meta']
[0.281s] Level 1:colcon.colcon_core.package_identification:_identify(src/robotiq_2f_gripper_ros2/robotiq_2f_gripper_interfaces) by extension 'colcon_meta'
[0.281s] Level 1:colcon.colcon_core.package_identification:_identify(src/robotiq_2f_gripper_ros2/robotiq_2f_gripper_interfaces) by extensions ['ros']
[0.282s] Level 1:colcon.colcon_core.package_identification:_identify(src/robotiq_2f_gripper_ros2/robotiq_2f_gripper_interfaces) by extension 'ros'
[0.282s] DEBUG:colcon.colcon_core.package_identification:Package 'src/robotiq_2f_gripper_ros2/robotiq_2f_gripper_interfaces' with type 'ros.ament_cmake' and name 'robotiq_2f_gripper_interfaces'
[0.282s] Level 1:colcon.colcon_core.package_identification:_identify(src/robotiq_2f_gripper_ros2/robotiq_2f_gripper_msgs) by extensions ['ignore', 'ignore_ament_install']
[0.282s] Level 1:colcon.colcon_core.package_identification:_identify(src/robotiq_2f_gripper_ros2/robotiq_2f_gripper_msgs) by extension 'ignore'
[0.282s] Level 1:colcon.colcon_core.package_identification:_identify(src/robotiq_2f_gripper_ros2/robotiq_2f_gripper_msgs) by extension 'ignore_ament_install'
[0.282s] Level 1:colcon.colcon_core.package_identification:_identify(src/robotiq_2f_gripper_ros2/robotiq_2f_gripper_msgs) by extensions ['colcon_pkg']
[0.282s] Level 1:colcon.colcon_core.package_identification:_identify(src/robotiq_2f_gripper_ros2/robotiq_2f_gripper_msgs) by extension 'colcon_pkg'
[0.282s] Level 1:colcon.colcon_core.package_identification:_identify(src/robotiq_2f_gripper_ros2/robotiq_2f_gripper_msgs) by extensions ['colcon_meta']
[0.282s] Level 1:colcon.colcon_core.package_identification:_identify(src/robotiq_2f_gripper_ros2/robotiq_2f_gripper_msgs) by extension 'colcon_meta'
[0.282s] Level 1:colcon.colcon_core.package_identification:_identify(src/robotiq_2f_gripper_ros2/robotiq_2f_gripper_msgs) by extensions ['ros']
[0.282s] Level 1:colcon.colcon_core.package_identification:_identify(src/robotiq_2f_gripper_ros2/robotiq_2f_gripper_msgs) by extension 'ros'
[0.283s] DEBUG:colcon.colcon_core.package_identification:Package 'src/robotiq_2f_gripper_ros2/robotiq_2f_gripper_msgs' with type 'ros.ament_cmake' and name 'robotiq_2f_gripper_msgs'
[0.283s] Level 1:colcon.colcon_core.package_identification:_identify(src/robotiq_2f_gripper_ros2/serial-ros2) by extensions ['ignore', 'ignore_ament_install']
[0.283s] Level 1:colcon.colcon_core.package_identification:_identify(src/robotiq_2f_gripper_ros2/serial-ros2) by extension 'ignore'
[0.283s] Level 1:colcon.colcon_core.package_identification:_identify(src/robotiq_2f_gripper_ros2/serial-ros2) by extension 'ignore_ament_install'
[0.283s] Level 1:colcon.colcon_core.package_identification:_identify(src/robotiq_2f_gripper_ros2/serial-ros2) by extensions ['colcon_pkg']
[0.283s] Level 1:colcon.colcon_core.package_identification:_identify(src/robotiq_2f_gripper_ros2/serial-ros2) by extension 'colcon_pkg'
[0.283s] Level 1:colcon.colcon_core.package_identification:_identify(src/robotiq_2f_gripper_ros2/serial-ros2) by extensions ['colcon_meta']
[0.283s] Level 1:colcon.colcon_core.package_identification:_identify(src/robotiq_2f_gripper_ros2/serial-ros2) by extension 'colcon_meta'
[0.283s] Level 1:colcon.colcon_core.package_identification:_identify(src/robotiq_2f_gripper_ros2/serial-ros2) by extensions ['ros']
[0.283s] Level 1:colcon.colcon_core.package_identification:_identify(src/robotiq_2f_gripper_ros2/serial-ros2) by extension 'ros'
[0.283s] Level 1:colcon.colcon_core.package_identification:_identify(src/robotiq_2f_gripper_ros2/serial-ros2) by extensions ['cmake', 'python']
[0.283s] Level 1:colcon.colcon_core.package_identification:_identify(src/robotiq_2f_gripper_ros2/serial-ros2) by extension 'cmake'
[0.283s] Level 1:colcon.colcon_core.package_identification:_identify(src/robotiq_2f_gripper_ros2/serial-ros2) by extension 'python'
[0.283s] Level 1:colcon.colcon_core.package_identification:_identify(src/robotiq_2f_gripper_ros2/serial-ros2) by extensions ['python_setup_py']
[0.283s] Level 1:colcon.colcon_core.package_identification:_identify(src/robotiq_2f_gripper_ros2/serial-ros2) by extension 'python_setup_py'
[0.283s] Level 1:colcon.colcon_core.package_identification:_identify(src/serial) by extensions ['ignore', 'ignore_ament_install']
[0.283s] Level 1:colcon.colcon_core.package_identification:_identify(src/serial) by extension 'ignore'
[0.283s] Level 1:colcon.colcon_core.package_identification:_identify(src/serial) by extension 'ignore_ament_install'
[0.284s] Level 1:colcon.colcon_core.package_identification:_identify(src/serial) by extensions ['colcon_pkg']
[0.284s] Level 1:colcon.colcon_core.package_identification:_identify(src/serial) by extension 'colcon_pkg'
[0.284s] Level 1:colcon.colcon_core.package_identification:_identify(src/serial) by extensions ['colcon_meta']
[0.284s] Level 1:colcon.colcon_core.package_identification:_identify(src/serial) by extension 'colcon_meta'
[0.284s] Level 1:colcon.colcon_core.package_identification:_identify(src/serial) by extensions ['ros']
[0.284s] Level 1:colcon.colcon_core.package_identification:_identify(src/serial) by extension 'ros'
[0.284s] DEBUG:colcon.colcon_core.package_identification:Package 'src/serial' with type 'ros.ament_cmake' and name 'serial'
[0.284s] Level 1:colcon.colcon_core.package_identification:_identify(src/ur3e_sorting) by extensions ['ignore', 'ignore_ament_install']
[0.284s] Level 1:colcon.colcon_core.package_identification:_identify(src/ur3e_sorting) by extension 'ignore'
[0.284s] Level 1:colcon.colcon_core.package_identification:_identify(src/ur3e_sorting) by extension 'ignore_ament_install'
[0.284s] Level 1:colcon.colcon_core.package_identification:_identify(src/ur3e_sorting) by extensions ['colcon_pkg']
[0.284s] Level 1:colcon.colcon_core.package_identification:_identify(src/ur3e_sorting) by extension 'colcon_pkg'
[0.284s] Level 1:colcon.colcon_core.package_identification:_identify(src/ur3e_sorting) by extensions ['colcon_meta']
[0.284s] Level 1:colcon.colcon_core.package_identification:_identify(src/ur3e_sorting) by extension 'colcon_meta'
[0.284s] Level 1:colcon.colcon_core.package_identification:_identify(src/ur3e_sorting) by extensions ['ros']
[0.284s] Level 1:colcon.colcon_core.package_identification:_identify(src/ur3e_sorting) by extension 'ros'
[0.285s] DEBUG:colcon.colcon_core.package_identification:Package 'src/ur3e_sorting' with type 'ros.ament_python' and name 'ur3e_sorting'
[0.285s] Level 1:colcon.colcon_core.package_identification:_identify(src/ur_description) by extensions ['ignore', 'ignore_ament_install']
[0.285s] Level 1:colcon.colcon_core.package_identification:_identify(src/ur_description) by extension 'ignore'
[0.285s] Level 1:colcon.colcon_core.package_identification:_identify(src/ur_description) by extension 'ignore_ament_install'
[0.285s] Level 1:colcon.colcon_core.package_identification:_identify(src/ur_description) by extensions ['colcon_pkg']
[0.285s] Level 1:colcon.colcon_core.package_identification:_identify(src/ur_description) by extension 'colcon_pkg'
[0.285s] Level 1:colcon.colcon_core.package_identification:_identify(src/ur_description) by extensions ['colcon_meta']
[0.285s] Level 1:colcon.colcon_core.package_identification:_identify(src/ur_description) by extension 'colcon_meta'
[0.285s] Level 1:colcon.colcon_core.package_identification:_identify(src/ur_description) by extensions ['ros']
[0.285s] Level 1:colcon.colcon_core.package_identification:_identify(src/ur_description) by extension 'ros'
[0.286s] DEBUG:colcon.colcon_core.package_identification:Package 'src/ur_description' with type 'ros.ament_cmake' and name 'ur_description'
[0.286s] Level 1:colcon.colcon_core.package_identification:_identify(src/ur_gazebo) by extensions ['ignore', 'ignore_ament_install']
[0.286s] Level 1:colcon.colcon_core.package_identification:_identify(src/ur_gazebo) by extension 'ignore'
[0.286s] Level 1:colcon.colcon_core.package_identification:_identify(src/ur_gazebo) by extension 'ignore_ament_install'
[0.286s] Level 1:colcon.colcon_core.package_identification:_identify(src/ur_gazebo) by extensions ['colcon_pkg']
[0.286s] Level 1:colcon.colcon_core.package_identification:_identify(src/ur_gazebo) by extension 'colcon_pkg'
[0.286s] Level 1:colcon.colcon_core.package_identification:_identify(src/ur_gazebo) by extensions ['colcon_meta']
[0.286s] Level 1:colcon.colcon_core.package_identification:_identify(src/ur_gazebo) by extension 'colcon_meta'
[0.286s] Level 1:colcon.colcon_core.package_identification:_identify(src/ur_gazebo) by extensions ['ros']
[0.286s] Level 1:colcon.colcon_core.package_identification:_identify(src/ur_gazebo) by extension 'ros'
[0.287s] DEBUG:colcon.colcon_core.package_identification:Package 'src/ur_gazebo' with type 'ros.ament_cmake' and name 'ur_gazebo'
[0.287s] Level 1:colcon.colcon_core.package_discovery:discover_packages(recursive) using defaults
[0.287s] Level 1:colcon.colcon_core.package_discovery:discover_packages(ignore) discover
[0.287s] Level 1:colcon.colcon_core.package_discovery:discover_packages(ignore) using defaults
[0.287s] Level 1:colcon.colcon_core.package_discovery:discover_packages(path) discover
[0.287s] Level 1:colcon.colcon_core.package_discovery:discover_packages(path) using defaults
[0.309s] INFO:colcon.colcon_core.package_selection:Skipping not selected package 'robotiq_2f_gripper_description' in 'src/robotiq_2f_gripper_ros2/robotiq_2f_gripper_description'
[0.309s] INFO:colcon.colcon_core.package_selection:Skipping not selected package 'robotiq_2f_gripper_msgs' in 'src/robotiq_2f_gripper_ros2/robotiq_2f_gripper_msgs'
[0.309s] INFO:colcon.colcon_core.package_selection:Skipping not selected package 'serial' in 'src/serial'
[0.309s] INFO:colcon.colcon_core.package_selection:Skipping not selected package 'ur3e_sorting' in 'src/ur3e_sorting'
[0.309s] INFO:colcon.colcon_core.package_selection:Skipping not selected package 'moveit_config' in 'src/moveit_config'
[0.309s] INFO:colcon.colcon_core.package_selection:Skipping not selected package 'robotiq_2f_gripper_interfaces' in 'src/robotiq_2f_gripper_ros2/robotiq_2f_gripper_interfaces'
[0.309s] INFO:colcon.colcon_core.package_selection:Skipping not selected package 'robotiq_2f_gripper_hardware' in 'src/robotiq_2f_gripper_ros2/robotiq_2f_gripper_hardware'
[0.309s] Level 1:colcon.colcon_core.package_discovery:discover_packages(prefix_path) check parameters
[0.310s] Level 1:colcon.colcon_core.package_discovery:discover_packages(prefix_path) discover
[0.314s] DEBUG:colcon.colcon_installed_package_information.package_discovery:Found 9 installed packages in /home/anand/ur3e_working_reference/install
[0.314s] DEBUG:colcon.colcon_installed_package_information.package_discovery:Found 1 installed packages in /home/anand/install
[0.316s] DEBUG:colcon.colcon_installed_package_information.package_discovery:Found 513 installed packages in /opt/ros/jazzy
[0.317s] Level 1:colcon.colcon_core.package_discovery:discover_packages(prefix_path) using defaults
[0.372s] WARNING:colcon.colcon_core.package_selection:Some selected packages are already built in one or more underlay workspaces:
	'ur_description' is in: /home/anand/ur3e_working_reference/install/ur_description
If a package in a merged underlay workspace is overridden and it installs headers, then all packages in the overlay must sort their include directories by workspace order. Failure to do so may result in build failures or undefined behavior at run time.
If the overridden package is used by another package in any underlay, then the overriding package in the overlay must be API and ABI compatible or undefined behavior at run time may occur.

If you understand the risks and want to override a package anyways, add the following to the command line:
	--allow-overriding ur_description

This may be promoted to an error in a future release of colcon-override-check.
[0.373s] Level 5:colcon.colcon_core.verb:set package 'ur_description' build argument 'cmake_args' from command line to 'None'
[0.373s] Level 5:colcon.colcon_core.verb:set package 'ur_description' build argument 'cmake_target' from command line to 'None'
[0.373s] Level 5:colcon.colcon_core.verb:set package 'ur_description' build argument 'cmake_target_skip_unavailable' from command line to 'False'
[0.373s] Level 5:colcon.colcon_core.verb:set package 'ur_description' build argument 'cmake_clean_cache' from command line to 'False'
[0.373s] Level 5:colcon.colcon_core.verb:set package 'ur_description' build argument 'cmake_clean_first' from command line to 'False'
[0.374s] Level 5:colcon.colcon_core.verb:set package 'ur_description' build argument 'cmake_force_configure' from command line to 'False'
[0.374s] Level 5:colcon.colcon_core.verb:set package 'ur_description' build argument 'ament_cmake_args' from command line to 'None'
[0.374s] Level 5:colcon.colcon_core.verb:set package 'ur_description' build argument 'catkin_cmake_args' from command line to 'None'
[0.374s] Level 5:colcon.colcon_core.verb:set package 'ur_description' build argument 'catkin_skip_building_tests' from command line to 'False'
[0.374s] DEBUG:colcon.colcon_core.verb:Building package 'ur_description' with the following arguments: {'ament_cmake_args': None, 'build_base': '/home/anand/ur3e_working_reference/build/ur_description', 'catkin_cmake_args': None, 'catkin_skip_building_tests': False, 'cmake_args': None, 'cmake_clean_cache': False, 'cmake_clean_first': False, 'cmake_force_configure': False, 'cmake_target': None, 'cmake_target_skip_unavailable': False, 'install_base': '/home/anand/ur3e_working_reference/install/ur_description', 'merge_install': False, 'path': '/home/anand/ur3e_working_reference/src/ur_description', 'symlink_install': False, 'test_result_base': None}
[0.374s] Level 5:colcon.colcon_core.verb:set package 'ur_gazebo' build argument 'cmake_args' from command line to 'None'
[0.374s] Level 5:colcon.colcon_core.verb:set package 'ur_gazebo' build argument 'cmake_target' from command line to 'None'
[0.374s] Level 5:colcon.colcon_core.verb:set package 'ur_gazebo' build argument 'cmake_target_skip_unavailable' from command line to 'False'
[0.374s] Level 5:colcon.colcon_core.verb:set package 'ur_gazebo' build argument 'cmake_clean_cache' from command line to 'False'
[0.374s] Level 5:colcon.colcon_core.verb:set package 'ur_gazebo' build argument 'cmake_clean_first' from command line to 'False'
[0.374s] Level 5:colcon.colcon_core.verb:set package 'ur_gazebo' build argument 'cmake_force_configure' from command line to 'False'
[0.374s] Level 5:colcon.colcon_core.verb:set package 'ur_gazebo' build argument 'ament_cmake_args' from command line to 'None'
[0.374s] Level 5:colcon.colcon_core.verb:set package 'ur_gazebo' build argument 'catkin_cmake_args' from command line to 'None'
[0.374s] Level 5:colcon.colcon_core.verb:set package 'ur_gazebo' build argument 'catkin_skip_building_tests' from command line to 'False'
[0.374s] DEBUG:colcon.colcon_core.verb:Building package 'ur_gazebo' with the following arguments: {'ament_cmake_args': None, 'build_base': '/home/anand/ur3e_working_reference/build/ur_gazebo', 'catkin_cmake_args': None, 'catkin_skip_building_tests': False, 'cmake_args': None, 'cmake_clean_cache': False, 'cmake_clean_first': False, 'cmake_force_configure': False, 'cmake_target': None, 'cmake_target_skip_unavailable': False, 'install_base': '/home/anand/ur3e_working_reference/install/ur_gazebo', 'merge_install': False, 'path': '/home/anand/ur3e_working_reference/src/ur_gazebo', 'symlink_install': False, 'test_result_base': None}
[0.374s] INFO:colcon.colcon_core.executor:Executing jobs using 'parallel' executor
[0.376s] DEBUG:colcon.colcon_parallel_executor.executor.parallel:run_until_complete
[0.376s] INFO:colcon.colcon_ros.task.ament_cmake.build:Building ROS package in '/home/anand/ur3e_working_reference/src/ur_description' with build type 'ament_cmake'
[0.376s] INFO:colcon.colcon_cmake.task.cmake.build:Building CMake package in '/home/anand/ur3e_working_reference/src/ur_description'
[0.385s] INFO:colcon.colcon_core.plugin_system:Skipping extension 'colcon_core.shell.bat': Not used on non-Windows systems
[0.385s] INFO:colcon.colcon_core.shell:Skip shell extension 'powershell' for command environment: Not usable outside of PowerShell
[0.385s] DEBUG:colcon.colcon_core.shell:Skip shell extension 'dsv' for command environment
[0.390s] INFO:colcon.colcon_ros.task.ament_cmake.build:Building ROS package in '/home/anand/ur3e_working_reference/src/ur_gazebo' with build type 'ament_cmake'
[0.391s] INFO:colcon.colcon_cmake.task.cmake.build:Building CMake package in '/home/anand/ur3e_working_reference/src/ur_gazebo'
[0.391s] INFO:colcon.colcon_core.shell:Skip shell extension 'powershell' for command environment: Not usable outside of PowerShell
[0.391s] DEBUG:colcon.colcon_core.shell:Skip shell extension 'dsv' for command environment
[0.401s] DEBUG:colcon.colcon_core.event_handler.log_command:Invoking command in '/home/anand/ur3e_working_reference/build/ur_description': CMAKE_PREFIX_PATH=${CMAKE_PREFIX_PATH}:/home/anand/ur3e_working_reference/install/ur3e_sorting:/home/anand/install/motion_model_comparison:/opt/ros/jazzy DEBUGINFOD_URLS=https://debuginfod.ubuntu.com /usr/bin/cmake --build /home/anand/ur3e_working_reference/build/ur_description -- -j16 -l16
[0.424s] DEBUG:colcon.colcon_core.event_handler.log_command:Invoking command in '/home/anand/ur3e_working_reference/build/ur_gazebo': CMAKE_PREFIX_PATH=${CMAKE_PREFIX_PATH}:/home/anand/ur3e_working_reference/install/ur3e_sorting:/home/anand/install/motion_model_comparison:/opt/ros/jazzy DEBUGINFOD_URLS=https://debuginfod.ubuntu.com /usr/bin/cmake --build /home/anand/ur3e_working_reference/build/ur_gazebo -- -j16 -l16
[0.451s] DEBUG:colcon.colcon_core.event_handler.log_command:Invoked command in '/home/anand/ur3e_working_reference/build/ur_description' returned '0': CMAKE_PREFIX_PATH=${CMAKE_PREFIX_PATH}:/home/anand/ur3e_working_reference/install/ur3e_sorting:/home/anand/install/motion_model_comparison:/opt/ros/jazzy DEBUGINFOD_URLS=https://debuginfod.ubuntu.com /usr/bin/cmake --build /home/anand/ur3e_working_reference/build/ur_description -- -j16 -l16
[0.461s] DEBUG:colcon.colcon_core.event_handler.log_command:Invoking command in '/home/anand/ur3e_working_reference/build/ur_description': CMAKE_PREFIX_PATH=${CMAKE_PREFIX_PATH}:/home/anand/ur3e_working_reference/install/ur3e_sorting:/home/anand/install/motion_model_comparison:/opt/ros/jazzy DEBUGINFOD_URLS=https://debuginfod.ubuntu.com /usr/bin/cmake --install /home/anand/ur3e_working_reference/build/ur_description
[0.479s] Level 1:colcon.colcon_core.environment:create_environment_scripts_only(ur_description)
[0.491s] DEBUG:colcon.colcon_core.event_handler.log_command:Invoked command in '/home/anand/ur3e_working_reference/build/ur_description' returned '0': CMAKE_PREFIX_PATH=${CMAKE_PREFIX_PATH}:/home/anand/ur3e_working_reference/install/ur3e_sorting:/home/anand/install/motion_model_comparison:/opt/ros/jazzy DEBUGINFOD_URLS=https://debuginfod.ubuntu.com /usr/bin/cmake --install /home/anand/ur3e_working_reference/build/ur_description
[0.493s] Level 1:colcon.colcon_core.environment:checking '/home/anand/ur3e_working_reference/install/ur_description' for CMake module files
[0.494s] Level 1:colcon.colcon_core.environment:checking '/home/anand/ur3e_working_reference/install/ur_description' for CMake config files
[0.494s] Level 1:colcon.colcon_core.shell:create_environment_hook('ur_description', 'cmake_prefix_path')
[0.494s] INFO:colcon.colcon_core.shell:Creating environment hook '/home/anand/ur3e_working_reference/install/ur_description/share/ur_description/hook/cmake_prefix_path.ps1'
[0.495s] INFO:colcon.colcon_core.shell:Creating environment descriptor '/home/anand/ur3e_working_reference/install/ur_description/share/ur_description/hook/cmake_prefix_path.dsv'
[0.495s] INFO:colcon.colcon_core.shell:Creating environment hook '/home/anand/ur3e_working_reference/install/ur_description/share/ur_description/hook/cmake_prefix_path.sh'
[0.496s] Level 1:colcon.colcon_core.environment:checking '/home/anand/ur3e_working_reference/install/ur_description/bin'
[0.496s] Level 1:colcon.colcon_core.environment:checking '/home/anand/ur3e_working_reference/install/ur_description/lib/pkgconfig/ur_description.pc'
[0.496s] Level 1:colcon.colcon_core.environment:checking '/home/anand/ur3e_working_reference/install/ur_description/lib/python3.12/site-packages'
[0.496s] Level 1:colcon.colcon_core.environment:checking '/home/anand/ur3e_working_reference/install/ur_description/bin'
[0.497s] INFO:colcon.colcon_core.shell:Creating package script '/home/anand/ur3e_working_reference/install/ur_description/share/ur_description/package.ps1'
[0.497s] INFO:colcon.colcon_core.shell:Creating package descriptor '/home/anand/ur3e_working_reference/install/ur_description/share/ur_description/package.dsv'
[0.498s] INFO:colcon.colcon_core.shell:Creating package script '/home/anand/ur3e_working_reference/install/ur_description/share/ur_description/package.sh'
[0.498s] INFO:colcon.colcon_core.shell:Creating package script '/home/anand/ur3e_working_reference/install/ur_description/share/ur_description/package.bash'
[0.499s] INFO:colcon.colcon_core.shell:Creating package script '/home/anand/ur3e_working_reference/install/ur_description/share/ur_description/package.zsh'
[0.500s] Level 1:colcon.colcon_core.environment:create_file_with_runtime_dependencies(/home/anand/ur3e_working_reference/install/ur_description/share/colcon-core/packages/ur_description)
[0.500s] Level 1:colcon.colcon_core.environment:create_environment_scripts_only(ur_description)
[0.500s] Level 1:colcon.colcon_core.environment:checking '/home/anand/ur3e_working_reference/install/ur_description' for CMake module files
[0.500s] Level 1:colcon.colcon_core.environment:checking '/home/anand/ur3e_working_reference/install/ur_description' for CMake config files
[0.501s] Level 1:colcon.colcon_core.shell:create_environment_hook('ur_description', 'cmake_prefix_path')
[0.501s] INFO:colcon.colcon_core.shell:Creating environment hook '/home/anand/ur3e_working_reference/install/ur_description/share/ur_description/hook/cmake_prefix_path.ps1'
[0.501s] INFO:colcon.colcon_core.shell:Creating environment descriptor '/home/anand/ur3e_working_reference/install/ur_description/share/ur_description/hook/cmake_prefix_path.dsv'
[0.501s] INFO:colcon.colcon_core.shell:Creating environment hook '/home/anand/ur3e_working_reference/install/ur_description/share/ur_description/hook/cmake_prefix_path.sh'
[0.502s] Level 1:colcon.colcon_core.environment:checking '/home/anand/ur3e_working_reference/install/ur_description/bin'
[0.502s] Level 1:colcon.colcon_core.environment:checking '/home/anand/ur3e_working_reference/install/ur_description/lib/pkgconfig/ur_description.pc'
[0.502s] Level 1:colcon.colcon_core.environment:checking '/home/anand/ur3e_working_reference/install/ur_description/lib/python3.12/site-packages'
[0.502s] Level 1:colcon.colcon_core.environment:checking '/home/anand/ur3e_working_reference/install/ur_description/bin'
[0.502s] INFO:colcon.colcon_core.shell:Creating package script '/home/anand/ur3e_working_reference/install/ur_description/share/ur_description/package.ps1'
[0.503s] INFO:colcon.colcon_core.shell:Creating package descriptor '/home/anand/ur3e_working_reference/install/ur_description/share/ur_description/package.dsv'
[0.503s] INFO:colcon.colcon_core.shell:Creating package script '/home/anand/ur3e_working_reference/install/ur_description/share/ur_description/package.sh'
[0.503s] INFO:colcon.colcon_core.shell:Creating package script '/home/anand/ur3e_working_reference/install/ur_description/share/ur_description/package.bash'
[0.504s] INFO:colcon.colcon_core.shell:Creating package script '/home/anand/ur3e_working_reference/install/ur_description/share/ur_description/package.zsh'
[0.504s] Level 1:colcon.colcon_core.environment:create_file_with_runtime_dependencies(/home/anand/ur3e_working_reference/install/ur_description/share/colcon-core/packages/ur_description)
[0.505s] DEBUG:colcon.colcon_core.event_handler.log_command:Invoked command in '/home/anand/ur3e_working_reference/build/ur_gazebo' returned '0': CMAKE_PREFIX_PATH=${CMAKE_PREFIX_PATH}:/home/anand/ur3e_working_reference/install/ur3e_sorting:/home/anand/install/motion_model_comparison:/opt/ros/jazzy DEBUGINFOD_URLS=https://debuginfod.ubuntu.com /usr/bin/cmake --build /home/anand/ur3e_working_reference/build/ur_gazebo -- -j16 -l16
[0.506s] DEBUG:colcon.colcon_core.event_handler.log_command:Invoking command in '/home/anand/ur3e_working_reference/build/ur_gazebo': CMAKE_PREFIX_PATH=${CMAKE_PREFIX_PATH}:/home/anand/ur3e_working_reference/install/ur3e_sorting:/home/anand/install/motion_model_comparison:/opt/ros/jazzy DEBUGINFOD_URLS=https://debuginfod.ubuntu.com /usr/bin/cmake --install /home/anand/ur3e_working_reference/build/ur_gazebo
[0.539s] Level 1:colcon.colcon_core.environment:create_environment_scripts_only(ur_gazebo)
[0.539s] Level 1:colcon.colcon_core.environment:checking '/home/anand/ur3e_working_reference/install/ur_gazebo' for CMake module files
[0.540s] DEBUG:colcon.colcon_core.event_handler.log_command:Invoked command in '/home/anand/ur3e_working_reference/build/ur_gazebo' returned '0': CMAKE_PREFIX_PATH=${CMAKE_PREFIX_PATH}:/home/anand/ur3e_working_reference/install/ur3e_sorting:/home/anand/install/motion_model_comparison:/opt/ros/jazzy DEBUGINFOD_URLS=https://debuginfod.ubuntu.com /usr/bin/cmake --install /home/anand/ur3e_working_reference/build/ur_gazebo
[0.540s] Level 1:colcon.colcon_core.environment:checking '/home/anand/ur3e_working_reference/install/ur_gazebo' for CMake config files
[0.540s] Level 1:colcon.colcon_core.shell:create_environment_hook('ur_gazebo', 'cmake_prefix_path')
[0.541s] INFO:colcon.colcon_core.shell:Creating environment hook '/home/anand/ur3e_working_reference/install/ur_gazebo/share/ur_gazebo/hook/cmake_prefix_path.ps1'
[0.541s] INFO:colcon.colcon_core.shell:Creating environment descriptor '/home/anand/ur3e_working_reference/install/ur_gazebo/share/ur_gazebo/hook/cmake_prefix_path.dsv'
[0.541s] INFO:colcon.colcon_core.shell:Creating environment hook '/home/anand/ur3e_working_reference/install/ur_gazebo/share/ur_gazebo/hook/cmake_prefix_path.sh'
[0.542s] Level 1:colcon.colcon_core.environment:checking '/home/anand/ur3e_working_reference/install/ur_gazebo/bin'
[0.542s] Level 1:colcon.colcon_core.environment:checking '/home/anand/ur3e_working_reference/install/ur_gazebo/lib/pkgconfig/ur_gazebo.pc'
[0.542s] Level 1:colcon.colcon_core.environment:checking '/home/anand/ur3e_working_reference/install/ur_gazebo/lib/python3.12/site-packages'
[0.542s] Level 1:colcon.colcon_core.environment:checking '/home/anand/ur3e_working_reference/install/ur_gazebo/bin'
[0.542s] INFO:colcon.colcon_core.shell:Creating package script '/home/anand/ur3e_working_reference/install/ur_gazebo/share/ur_gazebo/package.ps1'
[0.543s] INFO:colcon.colcon_core.shell:Creating package descriptor '/home/anand/ur3e_working_reference/install/ur_gazebo/share/ur_gazebo/package.dsv'
[0.543s] INFO:colcon.colcon_core.shell:Creating package script '/home/anand/ur3e_working_reference/install/ur_gazebo/share/ur_gazebo/package.sh'
[0.543s] INFO:colcon.colcon_core.shell:Creating package script '/home/anand/ur3e_working_reference/install/ur_gazebo/share/ur_gazebo/package.bash'
[0.544s] INFO:colcon.colcon_core.shell:Creating package script '/home/anand/ur3e_working_reference/install/ur_gazebo/share/ur_gazebo/package.zsh'
[0.544s] Level 1:colcon.colcon_core.environment:create_file_with_runtime_dependencies(/home/anand/ur3e_working_reference/install/ur_gazebo/share/colcon-core/packages/ur_gazebo)
[0.544s] Level 1:colcon.colcon_core.environment:create_environment_scripts_only(ur_gazebo)
[0.545s] Level 1:colcon.colcon_core.environment:checking '/home/anand/ur3e_working_reference/install/ur_gazebo' for CMake module files
[0.545s] Level 1:colcon.colcon_core.environment:checking '/home/anand/ur3e_working_reference/install/ur_gazebo' for CMake config files
[0.545s] Level 1:colcon.colcon_core.shell:create_environment_hook('ur_gazebo', 'cmake_prefix_path')
[0.545s] INFO:colcon.colcon_core.shell:Creating environment hook '/home/anand/ur3e_working_reference/install/ur_gazebo/share/ur_gazebo/hook/cmake_prefix_path.ps1'
[0.545s] INFO:colcon.colcon_core.shell:Creating environment descriptor '/home/anand/ur3e_working_reference/install/ur_gazebo/share/ur_gazebo/hook/cmake_prefix_path.dsv'
[0.546s] INFO:colcon.colcon_core.shell:Creating environment hook '/home/anand/ur3e_working_reference/install/ur_gazebo/share/ur_gazebo/hook/cmake_prefix_path.sh'
[0.546s] Level 1:colcon.colcon_core.environment:checking '/home/anand/ur3e_working_reference/install/ur_gazebo/bin'
[0.546s] Level 1:colcon.colcon_core.environment:checking '/home/anand/ur3e_working_reference/install/ur_gazebo/lib/pkgconfig/ur_gazebo.pc'
[0.546s] Level 1:colcon.colcon_core.environment:checking '/home/anand/ur3e_working_reference/install/ur_gazebo/lib/python3.12/site-packages'
[0.547s] Level 1:colcon.colcon_core.environment:checking '/home/anand/ur3e_working_reference/install/ur_gazebo/bin'
[0.547s] INFO:colcon.colcon_core.shell:Creating package script '/home/anand/ur3e_working_reference/install/ur_gazebo/share/ur_gazebo/package.ps1'
[0.547s] INFO:colcon.colcon_core.shell:Creating package descriptor '/home/anand/ur3e_working_reference/install/ur_gazebo/share/ur_gazebo/package.dsv'
[0.547s] INFO:colcon.colcon_core.shell:Creating package script '/home/anand/ur3e_working_reference/install/ur_gazebo/share/ur_gazebo/package.sh'
[0.548s] INFO:colcon.colcon_core.shell:Creating package script '/home/anand/ur3e_working_reference/install/ur_gazebo/share/ur_gazebo/package.bash'
[0.548s] INFO:colcon.colcon_core.shell:Creating package script '/home/anand/ur3e_working_reference/install/ur_gazebo/share/ur_gazebo/package.zsh'
[0.548s] Level 1:colcon.colcon_core.environment:create_file_with_runtime_dependencies(/home/anand/ur3e_working_reference/install/ur_gazebo/share/colcon-core/packages/ur_gazebo)
[0.548s] DEBUG:colcon.colcon_parallel_executor.executor.parallel:closing loop
[0.549s] DEBUG:colcon.colcon_parallel_executor.executor.parallel:loop closed
[0.549s] DEBUG:colcon.colcon_parallel_executor.executor.parallel:run_until_complete finished with '0'
[0.549s] DEBUG:colcon.colcon_core.event_reactor:joining thread
[0.557s] INFO:colcon.colcon_core.plugin_system:Skipping extension 'colcon_notification.desktop_notification.terminal_notifier': Not used on non-Darwin systems
[0.557s] INFO:colcon.colcon_core.plugin_system:Skipping extension 'colcon_notification.desktop_notification.win32': Not used on non-Windows systems
[0.557s] INFO:colcon.colcon_notification.desktop_notification:Sending desktop notification using 'notify2'
[0.565s] DEBUG:colcon.colcon_core.event_reactor:joined thread
[0.565s] INFO:colcon.colcon_core.shell:Creating prefix script '/home/anand/ur3e_working_reference/install/local_setup.ps1'
[0.566s] INFO:colcon.colcon_core.shell:Creating prefix util module '/home/anand/ur3e_working_reference/install/_local_setup_util_ps1.py'
[0.567s] INFO:colcon.colcon_core.shell:Creating prefix chain script '/home/anand/ur3e_working_reference/install/setup.ps1'
[0.569s] INFO:colcon.colcon_core.shell:Creating prefix script '/home/anand/ur3e_working_reference/install/local_setup.sh'
[0.569s] INFO:colcon.colcon_core.shell:Creating prefix util module '/home/anand/ur3e_working_reference/install/_local_setup_util_sh.py'
[0.570s] INFO:colcon.colcon_core.shell:Creating prefix chain script '/home/anand/ur3e_working_reference/install/setup.sh'
[0.571s] INFO:colcon.colcon_core.shell:Creating prefix script '/home/anand/ur3e_working_reference/install/local_setup.bash'
[0.571s] INFO:colcon.colcon_core.shell:Creating prefix chain script '/home/anand/ur3e_working_reference/install/setup.bash'
[0.572s] INFO:colcon.colcon_core.shell:Creating prefix script '/home/anand/ur3e_working_reference/install/local_setup.zsh'
[0.572s] INFO:colcon.colcon_core.shell:Creating prefix chain script '/home/anand/ur3e_working_reference/install/setup.zsh'
