[0.981s] Invoking command in '/home/anand/ur3e_working_reference/src/ur3e_sorting': DEBUGINFOD_URLS=https://debuginfod.ubuntu.com PYTHONPATH=/home/anand/ur3e_working_reference/build/ur3e_sorting/prefix_override:/usr/lib/python3/dist-packages/colcon_core/task/python/colcon_distutils_commands:/home/anand/ur3e_working_reference/install/ur3e_sorting/lib/python3.12/site-packages:${PYTHONPATH} /usr/bin/python3 -W ignore:setup.py install is deprecated -W ignore:easy_install command is deprecated setup.py egg_info --egg-base ../../build/ur3e_sorting build --build-base /home/anand/ur3e_working_reference/build/ur3e_sorting/build install --record /home/anand/ur3e_working_reference/build/ur3e_sorting/install.log --single-version-externally-managed install_data
[1.212s] running egg_info
[1.227s] writing ../../build/ur3e_sorting/ur3e_sorting.egg-info/PKG-INFO
[1.227s] writing dependency_links to ../../build/ur3e_sorting/ur3e_sorting.egg-info/dependency_links.txt
[1.228s] writing entry points to ../../build/ur3e_sorting/ur3e_sorting.egg-info/entry_points.txt
[1.228s] writing requirements to ../../build/ur3e_sorting/ur3e_sorting.egg-info/requires.txt
[1.228s] writing top-level names to ../../build/ur3e_sorting/ur3e_sorting.egg-info/top_level.txt
[1.259s] reading manifest file '../../build/ur3e_sorting/ur3e_sorting.egg-info/SOURCES.txt'
[1.260s] writing manifest file '../../build/ur3e_sorting/ur3e_sorting.egg-info/SOURCES.txt'
[1.260s] running build
[1.260s] running build_py
[1.260s] running install
[1.266s] running install_lib
[1.282s] running install_data
[1.282s] running install_egg_info
[1.301s] removing '/home/anand/ur3e_working_reference/install/ur3e_sorting/lib/python3.12/site-packages/ur3e_sorting-0.0.0-py3.12.egg-info' (and everything under it)
[1.301s] Copying ../../build/ur3e_sorting/ur3e_sorting.egg-info to /home/anand/ur3e_working_reference/install/ur3e_sorting/lib/python3.12/site-packages/ur3e_sorting-0.0.0-py3.12.egg-info
[1.301s] running install_scripts
[1.410s] Installing perception_node script to /home/anand/ur3e_working_reference/install/ur3e_sorting/lib/ur3e_sorting
[1.410s] Installing sorting_node script to /home/anand/ur3e_working_reference/install/ur3e_sorting/lib/ur3e_sorting
[1.410s] Installing test_moveit script to /home/anand/ur3e_working_reference/install/ur3e_sorting/lib/ur3e_sorting
[1.410s] Installing yolo_detector script to /home/anand/ur3e_working_reference/install/ur3e_sorting/lib/ur3e_sorting
[1.410s] writing list of installed files to '/home/anand/ur3e_working_reference/build/ur3e_sorting/install.log'
[1.445s] Invoked command in '/home/anand/ur3e_working_reference/src/ur3e_sorting' returned '0': DEBUGINFOD_URLS=https://debuginfod.ubuntu.com PYTHONPATH=/home/anand/ur3e_working_reference/build/ur3e_sorting/prefix_override:/usr/lib/python3/dist-packages/colcon_core/task/python/colcon_distutils_commands:/home/anand/ur3e_working_reference/install/ur3e_sorting/lib/python3.12/site-packages:${PYTHONPATH} /usr/bin/python3 -W ignore:setup.py install is deprecated -W ignore:easy_install command is deprecated setup.py egg_info --egg-base ../../build/ur3e_sorting build --build-base /home/anand/ur3e_working_reference/build/ur3e_sorting/build install --record /home/anand/ur3e_working_reference/build/ur3e_sorting/install.log --single-version-externally-managed install_data
