[0.791s] Invoking command in '/home/anand/ur3e_working_reference/src/ur3e_sorting': DEBUGINFOD_URLS=https://debuginfod.ubuntu.com PYTHONPATH=/home/anand/ur3e_working_reference/build/ur3e_sorting/prefix_override:/usr/lib/python3/dist-packages/colcon_core/task/python/colcon_distutils_commands:/home/anand/ur3e_working_reference/install/ur3e_sorting/lib/python3.12/site-packages:${PYTHONPATH} /usr/bin/python3 -W ignore:setup.py install is deprecated -W ignore:easy_install command is deprecated setup.py egg_info --egg-base ../../build/ur3e_sorting build --build-base /home/anand/ur3e_working_reference/build/ur3e_sorting/build install --record /home/anand/ur3e_working_reference/build/ur3e_sorting/install.log --single-version-externally-managed install_data
[1.021s] running egg_info
[1.037s] writing ../../build/ur3e_sorting/ur3e_sorting.egg-info/PKG-INFO
[1.037s] writing dependency_links to ../../build/ur3e_sorting/ur3e_sorting.egg-info/dependency_links.txt
[1.037s] writing entry points to ../../build/ur3e_sorting/ur3e_sorting.egg-info/entry_points.txt
[1.037s] writing requirements to ../../build/ur3e_sorting/ur3e_sorting.egg-info/requires.txt
[1.037s] writing top-level names to ../../build/ur3e_sorting/ur3e_sorting.egg-info/top_level.txt
[1.068s] reading manifest file '../../build/ur3e_sorting/ur3e_sorting.egg-info/SOURCES.txt'
[1.069s] writing manifest file '../../build/ur3e_sorting/ur3e_sorting.egg-info/SOURCES.txt'
[1.069s] running build
[1.069s] running build_py
[1.069s] copying ur3e_sorting/yolo_detector.py -> /home/anand/ur3e_working_reference/build/ur3e_sorting/build/lib/ur3e_sorting
[1.070s] running install
[1.075s] running install_lib
[1.090s] copying /home/anand/ur3e_working_reference/build/ur3e_sorting/build/lib/ur3e_sorting/yolo_detector.py -> /home/anand/ur3e_working_reference/install/ur3e_sorting/lib/python3.12/site-packages/ur3e_sorting
[1.091s] byte-compiling /home/anand/ur3e_working_reference/install/ur3e_sorting/lib/python3.12/site-packages/ur3e_sorting/yolo_detector.py to yolo_detector.cpython-312.pyc
[1.093s] running install_data
[1.093s] running install_egg_info
[1.110s] removing '/home/anand/ur3e_working_reference/install/ur3e_sorting/lib/python3.12/site-packages/ur3e_sorting-0.0.0-py3.12.egg-info' (and everything under it)
[1.111s] Copying ../../build/ur3e_sorting/ur3e_sorting.egg-info to /home/anand/ur3e_working_reference/install/ur3e_sorting/lib/python3.12/site-packages/ur3e_sorting-0.0.0-py3.12.egg-info
[1.111s] running install_scripts
[1.221s] Installing automation_node script to /home/anand/ur3e_working_reference/install/ur3e_sorting/lib/ur3e_sorting
[1.221s] Installing detector_node script to /home/anand/ur3e_working_reference/install/ur3e_sorting/lib/ur3e_sorting
[1.221s] Installing locator_verification_node script to /home/anand/ur3e_working_reference/install/ur3e_sorting/lib/ur3e_sorting
[1.221s] Installing perception_node script to /home/anand/ur3e_working_reference/install/ur3e_sorting/lib/ur3e_sorting
[1.221s] Installing pick_and_place_demo script to /home/anand/ur3e_working_reference/install/ur3e_sorting/lib/ur3e_sorting
[1.221s] Installing sorting_node script to /home/anand/ur3e_working_reference/install/ur3e_sorting/lib/ur3e_sorting
[1.221s] Installing test_moveit script to /home/anand/ur3e_working_reference/install/ur3e_sorting/lib/ur3e_sorting
[1.222s] Installing yolo_detector script to /home/anand/ur3e_working_reference/install/ur3e_sorting/lib/ur3e_sorting
[1.222s] writing list of installed files to '/home/anand/ur3e_working_reference/build/ur3e_sorting/install.log'
[1.262s] Invoked command in '/home/anand/ur3e_working_reference/src/ur3e_sorting' returned '0': DEBUGINFOD_URLS=https://debuginfod.ubuntu.com PYTHONPATH=/home/anand/ur3e_working_reference/build/ur3e_sorting/prefix_override:/usr/lib/python3/dist-packages/colcon_core/task/python/colcon_distutils_commands:/home/anand/ur3e_working_reference/install/ur3e_sorting/lib/python3.12/site-packages:${PYTHONPATH} /usr/bin/python3 -W ignore:setup.py install is deprecated -W ignore:easy_install command is deprecated setup.py egg_info --egg-base ../../build/ur3e_sorting build --build-base /home/anand/ur3e_working_reference/build/ur3e_sorting/build install --record /home/anand/ur3e_working_reference/build/ur3e_sorting/install.log --single-version-externally-managed install_data
