[1.243s] Invoking command in '/home/anand/ur3e_working_reference/src/ur3e_sorting': DEBUGINFOD_URLS=https://debuginfod.ubuntu.com PYTHONPATH=/home/anand/ur3e_working_reference/build/ur3e_sorting/prefix_override:/usr/lib/python3/dist-packages/colcon_core/task/python/colcon_distutils_commands:/home/anand/ur3e_working_reference/install/ur3e_sorting/lib/python3.12/site-packages:${PYTHONPATH} /usr/bin/python3 -W ignore:setup.py install is deprecated -W ignore:easy_install command is deprecated setup.py egg_info --egg-base ../../build/ur3e_sorting build --build-base /home/anand/ur3e_working_reference/build/ur3e_sorting/build install --record /home/anand/ur3e_working_reference/build/ur3e_sorting/install.log --single-version-externally-managed install_data
[1.591s] running egg_info
[1.613s] writing ../../build/ur3e_sorting/ur3e_sorting.egg-info/PKG-INFO
[1.613s] writing dependency_links to ../../build/ur3e_sorting/ur3e_sorting.egg-info/dependency_links.txt
[1.613s] writing entry points to ../../build/ur3e_sorting/ur3e_sorting.egg-info/entry_points.txt
[1.613s] writing requirements to ../../build/ur3e_sorting/ur3e_sorting.egg-info/requires.txt
[1.613s] writing top-level names to ../../build/ur3e_sorting/ur3e_sorting.egg-info/top_level.txt
[1.662s] reading manifest file '../../build/ur3e_sorting/ur3e_sorting.egg-info/SOURCES.txt'
[1.663s] writing manifest file '../../build/ur3e_sorting/ur3e_sorting.egg-info/SOURCES.txt'
[1.663s] running build
[1.664s] running build_py
[1.664s] copying ur3e_sorting/yolo_detector.py -> /home/anand/ur3e_working_reference/build/ur3e_sorting/build/lib/ur3e_sorting
[1.665s] running install
[1.673s] running install_lib
[1.700s] copying /home/anand/ur3e_working_reference/build/ur3e_sorting/build/lib/ur3e_sorting/yolo_detector.py -> /home/anand/ur3e_working_reference/install/ur3e_sorting/lib/python3.12/site-packages/ur3e_sorting
[1.701s] byte-compiling /home/anand/ur3e_working_reference/install/ur3e_sorting/lib/python3.12/site-packages/ur3e_sorting/yolo_detector.py to yolo_detector.cpython-312.pyc
[1.705s] running install_data
[1.705s] running install_egg_info
[1.731s] removing '/home/anand/ur3e_working_reference/install/ur3e_sorting/lib/python3.12/site-packages/ur3e_sorting-0.0.0-py3.12.egg-info' (and everything under it)
[1.731s] Copying ../../build/ur3e_sorting/ur3e_sorting.egg-info to /home/anand/ur3e_working_reference/install/ur3e_sorting/lib/python3.12/site-packages/ur3e_sorting-0.0.0-py3.12.egg-info
[1.732s] running install_scripts
[1.903s] Installing automation_node script to /home/anand/ur3e_working_reference/install/ur3e_sorting/lib/ur3e_sorting
[1.903s] Installing detector_node script to /home/anand/ur3e_working_reference/install/ur3e_sorting/lib/ur3e_sorting
[1.904s] Installing locator_verification_node script to /home/anand/ur3e_working_reference/install/ur3e_sorting/lib/ur3e_sorting
[1.904s] Installing perception_node script to /home/anand/ur3e_working_reference/install/ur3e_sorting/lib/ur3e_sorting
[1.904s] Installing pick_and_place_demo script to /home/anand/ur3e_working_reference/install/ur3e_sorting/lib/ur3e_sorting
[1.904s] Installing sorting_node script to /home/anand/ur3e_working_reference/install/ur3e_sorting/lib/ur3e_sorting
[1.904s] Installing test_moveit script to /home/anand/ur3e_working_reference/install/ur3e_sorting/lib/ur3e_sorting
[1.904s] Installing yolo_detector script to /home/anand/ur3e_working_reference/install/ur3e_sorting/lib/ur3e_sorting
[1.904s] writing list of installed files to '/home/anand/ur3e_working_reference/build/ur3e_sorting/install.log'
[1.951s] Invoked command in '/home/anand/ur3e_working_reference/src/ur3e_sorting' returned '0': DEBUGINFOD_URLS=https://debuginfod.ubuntu.com PYTHONPATH=/home/anand/ur3e_working_reference/build/ur3e_sorting/prefix_override:/usr/lib/python3/dist-packages/colcon_core/task/python/colcon_distutils_commands:/home/anand/ur3e_working_reference/install/ur3e_sorting/lib/python3.12/site-packages:${PYTHONPATH} /usr/bin/python3 -W ignore:setup.py install is deprecated -W ignore:easy_install command is deprecated setup.py egg_info --egg-base ../../build/ur3e_sorting build --build-base /home/anand/ur3e_working_reference/build/ur3e_sorting/build install --record /home/anand/ur3e_working_reference/build/ur3e_sorting/install.log --single-version-externally-managed install_data
