-- Install configuration: ""
-- Up-to-date: /home/anand/ur3e_working_reference/install/ur_gazebo/share/ur_gazebo/config
-- Up-to-date: /home/anand/ur3e_working_reference/install/ur_gazebo/share/ur_gazebo/config/ros_gz_bridge.yaml
-- Up-to-date: /home/anand/ur3e_working_reference/install/ur_gazebo/share/ur_gazebo/launch
-- Up-to-date: /home/anand/ur3e_working_reference/install/ur_gazebo/share/ur_gazebo/launch/__pycache__
-- Up-to-date: /home/anand/ur3e_working_reference/install/ur_gazebo/share/ur_gazebo/launch/__pycache__/ur.gazebo.launch.cpython-312.pyc
-- Up-to-date: /home/anand/ur3e_working_reference/install/ur_gazebo/share/ur_gazebo/launch/simple_spawn.launch.py
-- Up-to-date: /home/anand/ur3e_working_reference/install/ur_gazebo/share/ur_gazebo/launch/ur.gazebo.launch.py
-- Up-to-date: /home/anand/ur3e_working_reference/install/ur_gazebo/share/ur_gazebo/models
-- Up-to-date: /home/anand/ur3e_working_reference/install/ur_gazebo/share/ur_gazebo/models/red_cylinder
-- Up-to-date: /home/anand/ur3e_working_reference/install/ur_gazebo/share/ur_gazebo/models/red_cylinder/model.sdf
-- Up-to-date: /home/anand/ur3e_working_reference/install/ur_gazebo/share/ur_gazebo/models/red_cylinder/model.config
-- Up-to-date: /home/anand/ur3e_working_reference/install/ur_gazebo/share/ur_gazebo/models/cheezit_big_original
-- Up-to-date: /home/anand/ur3e_working_reference/install/ur_gazebo/share/ur_gazebo/models/cheezit_big_original/meshes
-- Up-to-date: /home/anand/ur3e_working_reference/install/ur_gazebo/share/ur_gazebo/models/cheezit_big_original/meshes/cheez_tex_0.jpg
-- Up-to-date: /home/anand/ur3e_working_reference/install/ur_gazebo/share/ur_gazebo/models/cheezit_big_original/meshes/cheezit_big_original.dae
-- Up-to-date: /home/anand/ur3e_working_reference/install/ur_gazebo/share/ur_gazebo/models/cheezit_big_original/model.sdf
-- Up-to-date: /home/anand/ur3e_working_reference/install/ur_gazebo/share/ur_gazebo/models/cheezit_big_original/model.config
-- Up-to-date: /home/anand/ur3e_working_reference/install/ur_gazebo/share/ur_gazebo/models/mustard
-- Up-to-date: /home/anand/ur3e_working_reference/install/ur_gazebo/share/ur_gazebo/models/mustard/meshes
-- Up-to-date: /home/anand/ur3e_working_reference/install/ur_gazebo/share/ur_gazebo/models/mustard/meshes/mustard.dae
-- Up-to-date: /home/anand/ur3e_working_reference/install/ur_gazebo/share/ur_gazebo/models/mustard/meshes/texture_map.png
-- Up-to-date: /home/anand/ur3e_working_reference/install/ur_gazebo/share/ur_gazebo/models/mustard/model.sdf
-- Up-to-date: /home/anand/ur3e_working_reference/install/ur_gazebo/share/ur_gazebo/models/mustard/materials
-- Up-to-date: /home/anand/ur3e_working_reference/install/ur_gazebo/share/ur_gazebo/models/mustard/materials/textures
-- Up-to-date: /home/anand/ur3e_working_reference/install/ur_gazebo/share/ur_gazebo/models/mustard/materials/textures/optimized_tsdf_texture_mapped_mesh.png
-- Up-to-date: /home/anand/ur3e_working_reference/install/ur_gazebo/share/ur_gazebo/models/mustard/materials/scripts
-- Up-to-date: /home/anand/ur3e_working_reference/install/ur_gazebo/share/ur_gazebo/models/mustard/materials/scripts/mustard.material
-- Up-to-date: /home/anand/ur3e_working_reference/install/ur_gazebo/share/ur_gazebo/models/mustard/model.config
-- Up-to-date: /home/anand/ur3e_working_reference/install/ur_gazebo/share/ur_gazebo/models/coke_can
-- Up-to-date: /home/anand/ur3e_working_reference/install/ur_gazebo/share/ur_gazebo/models/coke_can/model-1_3.sdf
-- Up-to-date: /home/anand/ur3e_working_reference/install/ur_gazebo/share/ur_gazebo/models/coke_can/meshes
-- Up-to-date: /home/anand/ur3e_working_reference/install/ur_gazebo/share/ur_gazebo/models/coke_can/meshes/coke_can.dae
-- Up-to-date: /home/anand/ur3e_working_reference/install/ur_gazebo/share/ur_gazebo/models/coke_can/model-1_2.sdf
-- Up-to-date: /home/anand/ur3e_working_reference/install/ur_gazebo/share/ur_gazebo/models/coke_can/model.sdf
-- Up-to-date: /home/anand/ur3e_working_reference/install/ur_gazebo/share/ur_gazebo/models/coke_can/model-1_4.sdf
-- Up-to-date: /home/anand/ur3e_working_reference/install/ur_gazebo/share/ur_gazebo/models/coke_can/materials
-- Up-to-date: /home/anand/ur3e_working_reference/install/ur_gazebo/share/ur_gazebo/models/coke_can/materials/textures
-- Up-to-date: /home/anand/ur3e_working_reference/install/ur_gazebo/share/ur_gazebo/models/coke_can/materials/textures/coke_can.png
-- Up-to-date: /home/anand/ur3e_working_reference/install/ur_gazebo/share/ur_gazebo/models/coke_can/model.config
-- Up-to-date: /home/anand/ur3e_working_reference/install/ur_gazebo/share/ur_gazebo/models/ground_plane
-- Up-to-date: /home/anand/ur3e_working_reference/install/ur_gazebo/share/ur_gazebo/models/ground_plane/model-1_3.sdf
-- Up-to-date: /home/anand/ur3e_working_reference/install/ur_gazebo/share/ur_gazebo/models/ground_plane/model-1_2.sdf
-- Up-to-date: /home/anand/ur3e_working_reference/install/ur_gazebo/share/ur_gazebo/models/ground_plane/model.sdf
-- Up-to-date: /home/anand/ur3e_working_reference/install/ur_gazebo/share/ur_gazebo/models/ground_plane/model-1_4.sdf
-- Up-to-date: /home/anand/ur3e_working_reference/install/ur_gazebo/share/ur_gazebo/models/ground_plane/model.config
-- Up-to-date: /home/anand/ur3e_working_reference/install/ur_gazebo/share/ur_gazebo/models/brown_table
-- Up-to-date: /home/anand/ur3e_working_reference/install/ur_gazebo/share/ur_gazebo/models/brown_table/model.sdf
-- Up-to-date: /home/anand/ur3e_working_reference/install/ur_gazebo/share/ur_gazebo/models/brown_table/model.config
-- Up-to-date: /home/anand/ur3e_working_reference/install/ur_gazebo/share/ur_gazebo/models/sun
-- Up-to-date: /home/anand/ur3e_working_reference/install/ur_gazebo/share/ur_gazebo/models/sun/model-1_3.sdf
-- Up-to-date: /home/anand/ur3e_working_reference/install/ur_gazebo/share/ur_gazebo/models/sun/model-1_2.sdf
-- Up-to-date: /home/anand/ur3e_working_reference/install/ur_gazebo/share/ur_gazebo/models/sun/model.sdf
-- Up-to-date: /home/anand/ur3e_working_reference/install/ur_gazebo/share/ur_gazebo/models/sun/model-1_4.sdf
-- Up-to-date: /home/anand/ur3e_working_reference/install/ur_gazebo/share/ur_gazebo/models/sun/model.config
-- Up-to-date: /home/anand/ur3e_working_reference/install/ur_gazebo/share/ur_gazebo/models/cardboard_box
-- Up-to-date: /home/anand/ur3e_working_reference/install/ur_gazebo/share/ur_gazebo/models/cardboard_box/meshes
-- Up-to-date: /home/anand/ur3e_working_reference/install/ur_gazebo/share/ur_gazebo/models/cardboard_box/meshes/cardboard_box.png
-- Up-to-date: /home/anand/ur3e_working_reference/install/ur_gazebo/share/ur_gazebo/models/cardboard_box/meshes/cardboard_box.dae
-- Up-to-date: /home/anand/ur3e_working_reference/install/ur_gazebo/share/ur_gazebo/models/cardboard_box/model.sdf
-- Up-to-date: /home/anand/ur3e_working_reference/install/ur_gazebo/share/ur_gazebo/models/cardboard_box/materials
-- Up-to-date: /home/anand/ur3e_working_reference/install/ur_gazebo/share/ur_gazebo/models/cardboard_box/materials/textures
-- Up-to-date: /home/anand/ur3e_working_reference/install/ur_gazebo/share/ur_gazebo/models/cardboard_box/materials/textures/cardboard_box.png
-- Up-to-date: /home/anand/ur3e_working_reference/install/ur_gazebo/share/ur_gazebo/models/cardboard_box/model.config
-- Up-to-date: /home/anand/ur3e_working_reference/install/ur_gazebo/share/ur_gazebo/worlds
-- Up-to-date: /home/anand/ur3e_working_reference/install/ur_gazebo/share/ur_gazebo/worlds/pick_and_place_demo.world
-- Up-to-date: /home/anand/ur3e_working_reference/install/ur_gazebo/share/ur_gazebo/worlds/conveyor.world
-- Up-to-date: /home/anand/ur3e_working_reference/install/ur_gazebo/share/ament_index/resource_index/package_run_dependencies/ur_gazebo
-- Up-to-date: /home/anand/ur3e_working_reference/install/ur_gazebo/share/ament_index/resource_index/parent_prefix_path/ur_gazebo
-- Up-to-date: /home/anand/ur3e_working_reference/install/ur_gazebo/share/ur_gazebo/environment/ament_prefix_path.sh
-- Up-to-date: /home/anand/ur3e_working_reference/install/ur_gazebo/share/ur_gazebo/environment/ament_prefix_path.dsv
-- Up-to-date: /home/anand/ur3e_working_reference/install/ur_gazebo/share/ur_gazebo/environment/path.sh
-- Up-to-date: /home/anand/ur3e_working_reference/install/ur_gazebo/share/ur_gazebo/environment/path.dsv
-- Up-to-date: /home/anand/ur3e_working_reference/install/ur_gazebo/share/ur_gazebo/local_setup.bash
-- Up-to-date: /home/anand/ur3e_working_reference/install/ur_gazebo/share/ur_gazebo/local_setup.sh
-- Up-to-date: /home/anand/ur3e_working_reference/install/ur_gazebo/share/ur_gazebo/local_setup.zsh
-- Up-to-date: /home/anand/ur3e_working_reference/install/ur_gazebo/share/ur_gazebo/local_setup.dsv
-- Installing: /home/anand/ur3e_working_reference/install/ur_gazebo/share/ur_gazebo/package.dsv
-- Up-to-date: /home/anand/ur3e_working_reference/install/ur_gazebo/share/ament_index/resource_index/packages/ur_gazebo
-- Up-to-date: /home/anand/ur3e_working_reference/install/ur_gazebo/share/ur_gazebo/cmake/ur_gazeboConfig.cmake
-- Up-to-date: /home/anand/ur3e_working_reference/install/ur_gazebo/share/ur_gazebo/cmake/ur_gazeboConfig-version.cmake
-- Up-to-date: /home/anand/ur3e_working_reference/install/ur_gazebo/share/ur_gazebo/package.xml
