[0.172s] DEBUG:colcon:Command line arguments: ['/usr/bin/colcon', 'build', '--packages-select', 'ur3e_sorting', 'ur_description', 'ur_gazebo']
[0.172s] DEBUG:colcon:Parsed command line arguments: Namespace(log_base=None, log_level=None, verb_name='build', build_base='build', install_base='install', merge_install=False, symlink_install=False, test_result_base=None, continue_on_error=False, executor='parallel', parallel_workers=16, event_handlers=None, ignore_user_meta=False, metas=['./colcon.meta'], base_paths=['.'], packages_ignore=None, packages_ignore_regex=None, paths=None, packages_up_to=None, packages_up_to_regex=None, packages_above=None, packages_above_and_dependencies=None, packages_above_depth=None, packages_select_by_dep=None, packages_skip_by_dep=None, packages_skip_up_to=None, packages_select_build_failed=False, packages_skip_build_finished=False, packages_select_test_failures=False, packages_skip_test_passed=False, packages_select=['ur3e_sorting', 'ur_description', 'ur_gazebo'], packages_skip=None, packages_select_regex=None, packages_skip_regex=None, packages_start=None, packages_end=None, allow_overriding=[], cmake_args=None, cmake_target=None, cmake_target_skip_unavailable=False, cmake_clean_cache=False, cmake_clean_first=False, cmake_force_configure=False, ament_cmake_args=None, catkin_cmake_args=None, catkin_skip_building_tests=False, mixin_files=None, mixin=None, verb_parser=<colcon_mixin.mixin.mixin_argument.MixinArgumentDecorator object at 0x7d6cec1d5310>, verb_extension=<colcon_core.verb.build.BuildVerb object at 0x7d6cec1d5b20>, main=<bound method BuildVerb.main of <colcon_core.verb.build.BuildVerb object at 0x7d6cec1d5b20>>, mixin_verb=('build',))
[0.210s] Level 1:colcon.colcon_core.package_discovery:discover_packages(colcon_meta) check parameters
[0.210s] Level 1:colcon.colcon_core.package_discovery:discover_packages(recursive) check parameters
[0.210s] Level 1:colcon.colcon_core.package_discovery:discover_packages(ignore) check parameters
[0.210s] Level 1:colcon.colcon_core.package_discovery:discover_packages(path) check parameters
[0.210s] Level 1:colcon.colcon_core.package_discovery:discover_packages(colcon_meta) discover
[0.210s] Level 1:colcon.colcon_core.package_discovery:discover_packages(recursive) discover
[0.210s] INFO:colcon.colcon_core.package_discovery:Crawling recursively for packages in '/home/anand/ur3e_working_reference'
[0.210s] Level 1:colcon.colcon_core.package_identification:_identify(.) by extensions ['ignore', 'ignore_ament_install']
[0.211s] Level 1:colcon.colcon_core.package_identification:_identify(.) by extension 'ignore'
[0.211s] Level 1:colcon.colcon_core.package_identification:_identify(.) by extension 'ignore_ament_install'
[0.211s] Level 1:colcon.colcon_core.package_identification:_identify(.) by extensions ['colcon_pkg']
[0.211s] Level 1:colcon.colcon_core.package_identification:_identify(.) by extension 'colcon_pkg'
[0.211s] Level 1:colcon.colcon_core.package_identification:_identify(.) by extensions ['colcon_meta']
[0.211s] Level 1:colcon.colcon_core.package_identification:_identify(.) by extension 'colcon_meta'
[0.211s] Level 1:colcon.colcon_core.package_identification:_identify(.) by extensions ['ros']
[0.211s] Level 1:colcon.colcon_core.package_identification:_identify(.) by extension 'ros'
[0.232s] Level 1:colcon.colcon_core.package_identification:_identify(.) by extensions ['cmake', 'python']
[0.232s] Level 1:colcon.colcon_core.package_identification:_identify(.) by extension 'cmake'
[0.232s] Level 1:colcon.colcon_core.package_identification:_identify(.) by extension 'python'
[0.232s] Level 1:colcon.colcon_core.package_identification:_identify(.) by extensions ['python_setup_py']
[0.232s] Level 1:colcon.colcon_core.package_identification:_identify(.) by extension 'python_setup_py'
[0.232s] Level 1:colcon.colcon_core.package_identification:_identify(YoloV8_v2) by extensions ['ignore', 'ignore_ament_install']
[0.232s] Level 1:colcon.colcon_core.package_identification:_identify(YoloV8_v2) by extension 'ignore'
[0.232s] Level 1:colcon.colcon_core.package_identification:_identify(YoloV8_v2) by extension 'ignore_ament_install'
[0.232s] Level 1:colcon.colcon_core.package_identification:_identify(YoloV8_v2) by extensions ['colcon_pkg']
[0.232s] Level 1:colcon.colcon_core.package_identification:_identify(YoloV8_v2) by extension 'colcon_pkg'
[0.232s] Level 1:colcon.colcon_core.package_identification:_identify(YoloV8_v2) by extensions ['colcon_meta']
[0.232s] Level 1:colcon.colcon_core.package_identification:_identify(YoloV8_v2) by extension 'colcon_meta'
[0.233s] Level 1:colcon.colcon_core.package_identification:_identify(YoloV8_v2) by extensions ['ros']
[0.233s] Level 1:colcon.colcon_core.package_identification:_identify(YoloV8_v2) by extension 'ros'
[0.233s] Level 1:colcon.colcon_core.package_identification:_identify(YoloV8_v2) by extensions ['cmake', 'python']
[0.233s] Level 1:colcon.colcon_core.package_identification:_identify(YoloV8_v2) by extension 'cmake'
[0.233s] Level 1:colcon.colcon_core.package_identification:_identify(YoloV8_v2) by extension 'python'
[0.233s] Level 1:colcon.colcon_core.package_identification:_identify(YoloV8_v2) by extensions ['python_setup_py']
[0.233s] Level 1:colcon.colcon_core.package_identification:_identify(YoloV8_v2) by extension 'python_setup_py'
[0.233s] Level 1:colcon.colcon_core.package_identification:_identify(YoloV8_v2/runs) by extensions ['ignore', 'ignore_ament_install']
[0.233s] Level 1:colcon.colcon_core.package_identification:_identify(YoloV8_v2/runs) by extension 'ignore'
[0.233s] Level 1:colcon.colcon_core.package_identification:_identify(YoloV8_v2/runs) by extension 'ignore_ament_install'
[0.233s] Level 1:colcon.colcon_core.package_identification:_identify(YoloV8_v2/runs) by extensions ['colcon_pkg']
[0.233s] Level 1:colcon.colcon_core.package_identification:_identify(YoloV8_v2/runs) by extension 'colcon_pkg'
[0.233s] Level 1:colcon.colcon_core.package_identification:_identify(YoloV8_v2/runs) by extensions ['colcon_meta']
[0.233s] Level 1:colcon.colcon_core.package_identification:_identify(YoloV8_v2/runs) by extension 'colcon_meta'
[0.233s] Level 1:colcon.colcon_core.package_identification:_identify(YoloV8_v2/runs) by extensions ['ros']
[0.233s] Level 1:colcon.colcon_core.package_identification:_identify(YoloV8_v2/runs) by extension 'ros'
[0.233s] Level 1:colcon.colcon_core.package_identification:_identify(YoloV8_v2/runs) by extensions ['cmake', 'python']
[0.233s] Level 1:colcon.colcon_core.package_identification:_identify(YoloV8_v2/runs) by extension 'cmake'
[0.233s] Level 1:colcon.colcon_core.package_identification:_identify(YoloV8_v2/runs) by extension 'python'
[0.233s] Level 1:colcon.colcon_core.package_identification:_identify(YoloV8_v2/runs) by extensions ['python_setup_py']
[0.233s] Level 1:colcon.colcon_core.package_identification:_identify(YoloV8_v2/runs) by extension 'python_setup_py'
[0.233s] Level 1:colcon.colcon_core.package_identification:_identify(YoloV8_v2/runs/detect) by extensions ['ignore', 'ignore_ament_install']
[0.233s] Level 1:colcon.colcon_core.package_identification:_identify(YoloV8_v2/runs/detect) by extension 'ignore'
[0.233s] Level 1:colcon.colcon_core.package_identification:_identify(YoloV8_v2/runs/detect) by extension 'ignore_ament_install'
[0.233s] Level 1:colcon.colcon_core.package_identification:_identify(YoloV8_v2/runs/detect) by extensions ['colcon_pkg']
[0.233s] Level 1:colcon.colcon_core.package_identification:_identify(YoloV8_v2/runs/detect) by extension 'colcon_pkg'
[0.233s] Level 1:colcon.colcon_core.package_identification:_identify(YoloV8_v2/runs/detect) by extensions ['colcon_meta']
[0.233s] Level 1:colcon.colcon_core.package_identification:_identify(YoloV8_v2/runs/detect) by extension 'colcon_meta'
[0.233s] Level 1:colcon.colcon_core.package_identification:_identify(YoloV8_v2/runs/detect) by extensions ['ros']
[0.233s] Level 1:colcon.colcon_core.package_identification:_identify(YoloV8_v2/runs/detect) by extension 'ros'
[0.233s] Level 1:colcon.colcon_core.package_identification:_identify(YoloV8_v2/runs/detect) by extensions ['cmake', 'python']
[0.233s] Level 1:colcon.colcon_core.package_identification:_identify(YoloV8_v2/runs/detect) by extension 'cmake'
[0.233s] Level 1:colcon.colcon_core.package_identification:_identify(YoloV8_v2/runs/detect) by extension 'python'
[0.233s] Level 1:colcon.colcon_core.package_identification:_identify(YoloV8_v2/runs/detect) by extensions ['python_setup_py']
[0.233s] Level 1:colcon.colcon_core.package_identification:_identify(YoloV8_v2/runs/detect) by extension 'python_setup_py'
[0.233s] Level 1:colcon.colcon_core.package_identification:_identify(YoloV8_v2/runs/detect/predict) by extensions ['ignore', 'ignore_ament_install']
[0.233s] Level 1:colcon.colcon_core.package_identification:_identify(YoloV8_v2/runs/detect/predict) by extension 'ignore'
[0.234s] Level 1:colcon.colcon_core.package_identification:_identify(YoloV8_v2/runs/detect/predict) by extension 'ignore_ament_install'
[0.234s] Level 1:colcon.colcon_core.package_identification:_identify(YoloV8_v2/runs/detect/predict) by extensions ['colcon_pkg']
[0.234s] Level 1:colcon.colcon_core.package_identification:_identify(YoloV8_v2/runs/detect/predict) by extension 'colcon_pkg'
[0.234s] Level 1:colcon.colcon_core.package_identification:_identify(YoloV8_v2/runs/detect/predict) by extensions ['colcon_meta']
[0.234s] Level 1:colcon.colcon_core.package_identification:_identify(YoloV8_v2/runs/detect/predict) by extension 'colcon_meta'
[0.234s] Level 1:colcon.colcon_core.package_identification:_identify(YoloV8_v2/runs/detect/predict) by extensions ['ros']
[0.234s] Level 1:colcon.colcon_core.package_identification:_identify(YoloV8_v2/runs/detect/predict) by extension 'ros'
[0.234s] Level 1:colcon.colcon_core.package_identification:_identify(YoloV8_v2/runs/detect/predict) by extensions ['cmake', 'python']
[0.234s] Level 1:colcon.colcon_core.package_identification:_identify(YoloV8_v2/runs/detect/predict) by extension 'cmake'
[0.234s] Level 1:colcon.colcon_core.package_identification:_identify(YoloV8_v2/runs/detect/predict) by extension 'python'
[0.234s] Level 1:colcon.colcon_core.package_identification:_identify(YoloV8_v2/runs/detect/predict) by extensions ['python_setup_py']
[0.234s] Level 1:colcon.colcon_core.package_identification:_identify(YoloV8_v2/runs/detect/predict) by extension 'python_setup_py'
[0.234s] Level 1:colcon.colcon_core.package_identification:_identify(YoloV8_v2/runs/detect/predict2) by extensions ['ignore', 'ignore_ament_install']
[0.234s] Level 1:colcon.colcon_core.package_identification:_identify(YoloV8_v2/runs/detect/predict2) by extension 'ignore'
[0.234s] Level 1:colcon.colcon_core.package_identification:_identify(YoloV8_v2/runs/detect/predict2) by extension 'ignore_ament_install'
[0.234s] Level 1:colcon.colcon_core.package_identification:_identify(YoloV8_v2/runs/detect/predict2) by extensions ['colcon_pkg']
[0.234s] Level 1:colcon.colcon_core.package_identification:_identify(YoloV8_v2/runs/detect/predict2) by extension 'colcon_pkg'
[0.234s] Level 1:colcon.colcon_core.package_identification:_identify(YoloV8_v2/runs/detect/predict2) by extensions ['colcon_meta']
[0.234s] Level 1:colcon.colcon_core.package_identification:_identify(YoloV8_v2/runs/detect/predict2) by extension 'colcon_meta'
[0.234s] Level 1:colcon.colcon_core.package_identification:_identify(YoloV8_v2/runs/detect/predict2) by extensions ['ros']
[0.234s] Level 1:colcon.colcon_core.package_identification:_identify(YoloV8_v2/runs/detect/predict2) by extension 'ros'
[0.234s] Level 1:colcon.colcon_core.package_identification:_identify(YoloV8_v2/runs/detect/predict2) by extensions ['cmake', 'python']
[0.234s] Level 1:colcon.colcon_core.package_identification:_identify(YoloV8_v2/runs/detect/predict2) by extension 'cmake'
[0.234s] Level 1:colcon.colcon_core.package_identification:_identify(YoloV8_v2/runs/detect/predict2) by extension 'python'
[0.234s] Level 1:colcon.colcon_core.package_identification:_identify(YoloV8_v2/runs/detect/predict2) by extensions ['python_setup_py']
[0.234s] Level 1:colcon.colcon_core.package_identification:_identify(YoloV8_v2/runs/detect/predict2) by extension 'python_setup_py'
[0.234s] Level 1:colcon.colcon_core.package_identification:_identify(YoloV8_v2/runs/detect/predict3) by extensions ['ignore', 'ignore_ament_install']
[0.234s] Level 1:colcon.colcon_core.package_identification:_identify(YoloV8_v2/runs/detect/predict3) by extension 'ignore'
[0.234s] Level 1:colcon.colcon_core.package_identification:_identify(YoloV8_v2/runs/detect/predict3) by extension 'ignore_ament_install'
[0.234s] Level 1:colcon.colcon_core.package_identification:_identify(YoloV8_v2/runs/detect/predict3) by extensions ['colcon_pkg']
[0.234s] Level 1:colcon.colcon_core.package_identification:_identify(YoloV8_v2/runs/detect/predict3) by extension 'colcon_pkg'
[0.234s] Level 1:colcon.colcon_core.package_identification:_identify(YoloV8_v2/runs/detect/predict3) by extensions ['colcon_meta']
[0.234s] Level 1:colcon.colcon_core.package_identification:_identify(YoloV8_v2/runs/detect/predict3) by extension 'colcon_meta'
[0.234s] Level 1:colcon.colcon_core.package_identification:_identify(YoloV8_v2/runs/detect/predict3) by extensions ['ros']
[0.235s] Level 1:colcon.colcon_core.package_identification:_identify(YoloV8_v2/runs/detect/predict3) by extension 'ros'
[0.235s] Level 1:colcon.colcon_core.package_identification:_identify(YoloV8_v2/runs/detect/predict3) by extensions ['cmake', 'python']
[0.235s] Level 1:colcon.colcon_core.package_identification:_identify(YoloV8_v2/runs/detect/predict3) by extension 'cmake'
[0.235s] Level 1:colcon.colcon_core.package_identification:_identify(YoloV8_v2/runs/detect/predict3) by extension 'python'
[0.235s] Level 1:colcon.colcon_core.package_identification:_identify(YoloV8_v2/runs/detect/predict3) by extensions ['python_setup_py']
[0.235s] Level 1:colcon.colcon_core.package_identification:_identify(YoloV8_v2/runs/detect/predict3) by extension 'python_setup_py'
[0.235s] Level 1:colcon.colcon_core.package_identification:_identify(YoloV8_v2/runs/lego_color_20ep) by extensions ['ignore', 'ignore_ament_install']
[0.235s] Level 1:colcon.colcon_core.package_identification:_identify(YoloV8_v2/runs/lego_color_20ep) by extension 'ignore'
[0.235s] Level 1:colcon.colcon_core.package_identification:_identify(YoloV8_v2/runs/lego_color_20ep) by extension 'ignore_ament_install'
[0.235s] Level 1:colcon.colcon_core.package_identification:_identify(YoloV8_v2/runs/lego_color_20ep) by extensions ['colcon_pkg']
[0.235s] Level 1:colcon.colcon_core.package_identification:_identify(YoloV8_v2/runs/lego_color_20ep) by extension 'colcon_pkg'
[0.235s] Level 1:colcon.colcon_core.package_identification:_identify(YoloV8_v2/runs/lego_color_20ep) by extensions ['colcon_meta']
[0.235s] Level 1:colcon.colcon_core.package_identification:_identify(YoloV8_v2/runs/lego_color_20ep) by extension 'colcon_meta'
[0.235s] Level 1:colcon.colcon_core.package_identification:_identify(YoloV8_v2/runs/lego_color_20ep) by extensions ['ros']
[0.235s] Level 1:colcon.colcon_core.package_identification:_identify(YoloV8_v2/runs/lego_color_20ep) by extension 'ros'
[0.235s] Level 1:colcon.colcon_core.package_identification:_identify(YoloV8_v2/runs/lego_color_20ep) by extensions ['cmake', 'python']
[0.235s] Level 1:colcon.colcon_core.package_identification:_identify(YoloV8_v2/runs/lego_color_20ep) by extension 'cmake'
[0.235s] Level 1:colcon.colcon_core.package_identification:_identify(YoloV8_v2/runs/lego_color_20ep) by extension 'python'
[0.235s] Level 1:colcon.colcon_core.package_identification:_identify(YoloV8_v2/runs/lego_color_20ep) by extensions ['python_setup_py']
[0.235s] Level 1:colcon.colcon_core.package_identification:_identify(YoloV8_v2/runs/lego_color_20ep) by extension 'python_setup_py'
[0.235s] Level 1:colcon.colcon_core.package_identification:_identify(YoloV8_v2/runs/lego_color_20ep/weights) by extensions ['ignore', 'ignore_ament_install']
[0.235s] Level 1:colcon.colcon_core.package_identification:_identify(YoloV8_v2/runs/lego_color_20ep/weights) by extension 'ignore'
[0.235s] Level 1:colcon.colcon_core.package_identification:_identify(YoloV8_v2/runs/lego_color_20ep/weights) by extension 'ignore_ament_install'
[0.235s] Level 1:colcon.colcon_core.package_identification:_identify(YoloV8_v2/runs/lego_color_20ep/weights) by extensions ['colcon_pkg']
[0.235s] Level 1:colcon.colcon_core.package_identification:_identify(YoloV8_v2/runs/lego_color_20ep/weights) by extension 'colcon_pkg'
[0.235s] Level 1:colcon.colcon_core.package_identification:_identify(YoloV8_v2/runs/lego_color_20ep/weights) by extensions ['colcon_meta']
[0.235s] Level 1:colcon.colcon_core.package_identification:_identify(YoloV8_v2/runs/lego_color_20ep/weights) by extension 'colcon_meta'
[0.235s] Level 1:colcon.colcon_core.package_identification:_identify(YoloV8_v2/runs/lego_color_20ep/weights) by extensions ['ros']
[0.235s] Level 1:colcon.colcon_core.package_identification:_identify(YoloV8_v2/runs/lego_color_20ep/weights) by extension 'ros'
[0.235s] Level 1:colcon.colcon_core.package_identification:_identify(YoloV8_v2/runs/lego_color_20ep/weights) by extensions ['cmake', 'python']
[0.235s] Level 1:colcon.colcon_core.package_identification:_identify(YoloV8_v2/runs/lego_color_20ep/weights) by extension 'cmake'
[0.235s] Level 1:colcon.colcon_core.package_identification:_identify(YoloV8_v2/runs/lego_color_20ep/weights) by extension 'python'
[0.235s] Level 1:colcon.colcon_core.package_identification:_identify(YoloV8_v2/runs/lego_color_20ep/weights) by extensions ['python_setup_py']
[0.235s] Level 1:colcon.colcon_core.package_identification:_identify(YoloV8_v2/runs/lego_color_20ep/weights) by extension 'python_setup_py'
[0.236s] Level 1:colcon.colcon_core.package_identification:_identify(YoloV8_v2/test_images) by extensions ['ignore', 'ignore_ament_install']
[0.236s] Level 1:colcon.colcon_core.package_identification:_identify(YoloV8_v2/test_images) by extension 'ignore'
[0.236s] Level 1:colcon.colcon_core.package_identification:_identify(YoloV8_v2/test_images) by extension 'ignore_ament_install'
[0.236s] Level 1:colcon.colcon_core.package_identification:_identify(YoloV8_v2/test_images) by extensions ['colcon_pkg']
[0.236s] Level 1:colcon.colcon_core.package_identification:_identify(YoloV8_v2/test_images) by extension 'colcon_pkg'
[0.236s] Level 1:colcon.colcon_core.package_identification:_identify(YoloV8_v2/test_images) by extensions ['colcon_meta']
[0.236s] Level 1:colcon.colcon_core.package_identification:_identify(YoloV8_v2/test_images) by extension 'colcon_meta'
[0.236s] Level 1:colcon.colcon_core.package_identification:_identify(YoloV8_v2/test_images) by extensions ['ros']
[0.236s] Level 1:colcon.colcon_core.package_identification:_identify(YoloV8_v2/test_images) by extension 'ros'
[0.236s] Level 1:colcon.colcon_core.package_identification:_identify(YoloV8_v2/test_images) by extensions ['cmake', 'python']
[0.236s] Level 1:colcon.colcon_core.package_identification:_identify(YoloV8_v2/test_images) by extension 'cmake'
[0.236s] Level 1:colcon.colcon_core.package_identification:_identify(YoloV8_v2/test_images) by extension 'python'
[0.236s] Level 1:colcon.colcon_core.package_identification:_identify(YoloV8_v2/test_images) by extensions ['python_setup_py']
[0.236s] Level 1:colcon.colcon_core.package_identification:_identify(YoloV8_v2/test_images) by extension 'python_setup_py'
[0.236s] Level 1:colcon.colcon_core.package_identification:_identify(YoloV8_v2/train) by extensions ['ignore', 'ignore_ament_install']
[0.236s] Level 1:colcon.colcon_core.package_identification:_identify(YoloV8_v2/train) by extension 'ignore'
[0.236s] Level 1:colcon.colcon_core.package_identification:_identify(YoloV8_v2/train) by extension 'ignore_ament_install'
[0.236s] Level 1:colcon.colcon_core.package_identification:_identify(YoloV8_v2/train) by extensions ['colcon_pkg']
[0.236s] Level 1:colcon.colcon_core.package_identification:_identify(YoloV8_v2/train) by extension 'colcon_pkg'
[0.236s] Level 1:colcon.colcon_core.package_identification:_identify(YoloV8_v2/train) by extensions ['colcon_meta']
[0.236s] Level 1:colcon.colcon_core.package_identification:_identify(YoloV8_v2/train) by extension 'colcon_meta'
[0.236s] Level 1:colcon.colcon_core.package_identification:_identify(YoloV8_v2/train) by extensions ['ros']
[0.236s] Level 1:colcon.colcon_core.package_identification:_identify(YoloV8_v2/train) by extension 'ros'
[0.236s] Level 1:colcon.colcon_core.package_identification:_identify(YoloV8_v2/train) by extensions ['cmake', 'python']
[0.236s] Level 1:colcon.colcon_core.package_identification:_identify(YoloV8_v2/train) by extension 'cmake'
[0.236s] Level 1:colcon.colcon_core.package_identification:_identify(YoloV8_v2/train) by extension 'python'
[0.236s] Level 1:colcon.colcon_core.package_identification:_identify(YoloV8_v2/train) by extensions ['python_setup_py']
[0.236s] Level 1:colcon.colcon_core.package_identification:_identify(YoloV8_v2/train) by extension 'python_setup_py'
[0.236s] Level 1:colcon.colcon_core.package_identification:_identify(YoloV8_v2/train/images) by extensions ['ignore', 'ignore_ament_install']
[0.236s] Level 1:colcon.colcon_core.package_identification:_identify(YoloV8_v2/train/images) by extension 'ignore'
[0.236s] Level 1:colcon.colcon_core.package_identification:_identify(YoloV8_v2/train/images) by extension 'ignore_ament_install'
[0.237s] Level 1:colcon.colcon_core.package_identification:_identify(YoloV8_v2/train/images) by extensions ['colcon_pkg']
[0.237s] Level 1:colcon.colcon_core.package_identification:_identify(YoloV8_v2/train/images) by extension 'colcon_pkg'
[0.237s] Level 1:colcon.colcon_core.package_identification:_identify(YoloV8_v2/train/images) by extensions ['colcon_meta']
[0.237s] Level 1:colcon.colcon_core.package_identification:_identify(YoloV8_v2/train/images) by extension 'colcon_meta'
[0.237s] Level 1:colcon.colcon_core.package_identification:_identify(YoloV8_v2/train/images) by extensions ['ros']
[0.237s] Level 1:colcon.colcon_core.package_identification:_identify(YoloV8_v2/train/images) by extension 'ros'
[0.237s] Level 1:colcon.colcon_core.package_identification:_identify(YoloV8_v2/train/images) by extensions ['cmake', 'python']
[0.237s] Level 1:colcon.colcon_core.package_identification:_identify(YoloV8_v2/train/images) by extension 'cmake'
[0.237s] Level 1:colcon.colcon_core.package_identification:_identify(YoloV8_v2/train/images) by extension 'python'
[0.237s] Level 1:colcon.colcon_core.package_identification:_identify(YoloV8_v2/train/images) by extensions ['python_setup_py']
[0.237s] Level 1:colcon.colcon_core.package_identification:_identify(YoloV8_v2/train/images) by extension 'python_setup_py'
[0.237s] Level 1:colcon.colcon_core.package_identification:_identify(YoloV8_v2/train/labels) by extensions ['ignore', 'ignore_ament_install']
[0.237s] Level 1:colcon.colcon_core.package_identification:_identify(YoloV8_v2/train/labels) by extension 'ignore'
[0.237s] Level 1:colcon.colcon_core.package_identification:_identify(YoloV8_v2/train/labels) by extension 'ignore_ament_install'
[0.237s] Level 1:colcon.colcon_core.package_identification:_identify(YoloV8_v2/train/labels) by extensions ['colcon_pkg']
[0.237s] Level 1:colcon.colcon_core.package_identification:_identify(YoloV8_v2/train/labels) by extension 'colcon_pkg'
[0.237s] Level 1:colcon.colcon_core.package_identification:_identify(YoloV8_v2/train/labels) by extensions ['colcon_meta']
[0.237s] Level 1:colcon.colcon_core.package_identification:_identify(YoloV8_v2/train/labels) by extension 'colcon_meta'
[0.237s] Level 1:colcon.colcon_core.package_identification:_identify(YoloV8_v2/train/labels) by extensions ['ros']
[0.237s] Level 1:colcon.colcon_core.package_identification:_identify(YoloV8_v2/train/labels) by extension 'ros'
[0.237s] Level 1:colcon.colcon_core.package_identification:_identify(YoloV8_v2/train/labels) by extensions ['cmake', 'python']
[0.237s] Level 1:colcon.colcon_core.package_identification:_identify(YoloV8_v2/train/labels) by extension 'cmake'
[0.237s] Level 1:colcon.colcon_core.package_identification:_identify(YoloV8_v2/train/labels) by extension 'python'
[0.237s] Level 1:colcon.colcon_core.package_identification:_identify(YoloV8_v2/train/labels) by extensions ['python_setup_py']
[0.237s] Level 1:colcon.colcon_core.package_identification:_identify(YoloV8_v2/train/labels) by extension 'python_setup_py'
[0.237s] Level 1:colcon.colcon_core.package_identification:_identify(YoloV8_v2/valid) by extensions ['ignore', 'ignore_ament_install']
[0.237s] Level 1:colcon.colcon_core.package_identification:_identify(YoloV8_v2/valid) by extension 'ignore'
[0.237s] Level 1:colcon.colcon_core.package_identification:_identify(YoloV8_v2/valid) by extension 'ignore_ament_install'
[0.237s] Level 1:colcon.colcon_core.package_identification:_identify(YoloV8_v2/valid) by extensions ['colcon_pkg']
[0.237s] Level 1:colcon.colcon_core.package_identification:_identify(YoloV8_v2/valid) by extension 'colcon_pkg'
[0.237s] Level 1:colcon.colcon_core.package_identification:_identify(YoloV8_v2/valid) by extensions ['colcon_meta']
[0.237s] Level 1:colcon.colcon_core.package_identification:_identify(YoloV8_v2/valid) by extension 'colcon_meta'
[0.237s] Level 1:colcon.colcon_core.package_identification:_identify(YoloV8_v2/valid) by extensions ['ros']
[0.237s] Level 1:colcon.colcon_core.package_identification:_identify(YoloV8_v2/valid) by extension 'ros'
[0.237s] Level 1:colcon.colcon_core.package_identification:_identify(YoloV8_v2/valid) by extensions ['cmake', 'python']
[0.237s] Level 1:colcon.colcon_core.package_identification:_identify(YoloV8_v2/valid) by extension 'cmake'
[0.238s] Level 1:colcon.colcon_core.package_identification:_identify(YoloV8_v2/valid) by extension 'python'
[0.238s] Level 1:colcon.colcon_core.package_identification:_identify(YoloV8_v2/valid) by extensions ['python_setup_py']
[0.238s] Level 1:colcon.colcon_core.package_identification:_identify(YoloV8_v2/valid) by extension 'python_setup_py'
[0.238s] Level 1:colcon.colcon_core.package_identification:_identify(YoloV8_v2/valid/images) by extensions ['ignore', 'ignore_ament_install']
[0.238s] Level 1:colcon.colcon_core.package_identification:_identify(YoloV8_v2/valid/images) by extension 'ignore'
[0.238s] Level 1:colcon.colcon_core.package_identification:_identify(YoloV8_v2/valid/images) by extension 'ignore_ament_install'
[0.238s] Level 1:colcon.colcon_core.package_identification:_identify(YoloV8_v2/valid/images) by extensions ['colcon_pkg']
[0.238s] Level 1:colcon.colcon_core.package_identification:_identify(YoloV8_v2/valid/images) by extension 'colcon_pkg'
[0.238s] Level 1:colcon.colcon_core.package_identification:_identify(YoloV8_v2/valid/images) by extensions ['colcon_meta']
[0.238s] Level 1:colcon.colcon_core.package_identification:_identify(YoloV8_v2/valid/images) by extension 'colcon_meta'
[0.238s] Level 1:colcon.colcon_core.package_identification:_identify(YoloV8_v2/valid/images) by extensions ['ros']
[0.238s] Level 1:colcon.colcon_core.package_identification:_identify(YoloV8_v2/valid/images) by extension 'ros'
[0.238s] Level 1:colcon.colcon_core.package_identification:_identify(YoloV8_v2/valid/images) by extensions ['cmake', 'python']
[0.238s] Level 1:colcon.colcon_core.package_identification:_identify(YoloV8_v2/valid/images) by extension 'cmake'
[0.238s] Level 1:colcon.colcon_core.package_identification:_identify(YoloV8_v2/valid/images) by extension 'python'
[0.238s] Level 1:colcon.colcon_core.package_identification:_identify(YoloV8_v2/valid/images) by extensions ['python_setup_py']
[0.238s] Level 1:colcon.colcon_core.package_identification:_identify(YoloV8_v2/valid/images) by extension 'python_setup_py'
[0.238s] Level 1:colcon.colcon_core.package_identification:_identify(YoloV8_v2/valid/labels) by extensions ['ignore', 'ignore_ament_install']
[0.238s] Level 1:colcon.colcon_core.package_identification:_identify(YoloV8_v2/valid/labels) by extension 'ignore'
[0.238s] Level 1:colcon.colcon_core.package_identification:_identify(YoloV8_v2/valid/labels) by extension 'ignore_ament_install'
[0.238s] Level 1:colcon.colcon_core.package_identification:_identify(YoloV8_v2/valid/labels) by extensions ['colcon_pkg']
[0.238s] Level 1:colcon.colcon_core.package_identification:_identify(YoloV8_v2/valid/labels) by extension 'colcon_pkg'
[0.238s] Level 1:colcon.colcon_core.package_identification:_identify(YoloV8_v2/valid/labels) by extensions ['colcon_meta']
[0.238s] Level 1:colcon.colcon_core.package_identification:_identify(YoloV8_v2/valid/labels) by extension 'colcon_meta'
[0.238s] Level 1:colcon.colcon_core.package_identification:_identify(YoloV8_v2/valid/labels) by extensions ['ros']
[0.238s] Level 1:colcon.colcon_core.package_identification:_identify(YoloV8_v2/valid/labels) by extension 'ros'
[0.238s] Level 1:colcon.colcon_core.package_identification:_identify(YoloV8_v2/valid/labels) by extensions ['cmake', 'python']
[0.238s] Level 1:colcon.colcon_core.package_identification:_identify(YoloV8_v2/valid/labels) by extension 'cmake'
[0.238s] Level 1:colcon.colcon_core.package_identification:_identify(YoloV8_v2/valid/labels) by extension 'python'
[0.238s] Level 1:colcon.colcon_core.package_identification:_identify(YoloV8_v2/valid/labels) by extensions ['python_setup_py']
[0.238s] Level 1:colcon.colcon_core.package_identification:_identify(YoloV8_v2/valid/labels) by extension 'python_setup_py'
[0.238s] Level 1:colcon.colcon_core.package_identification:_identify(build) by extensions ['ignore', 'ignore_ament_install']
[0.238s] Level 1:colcon.colcon_core.package_identification:_identify(build) by extension 'ignore'
[0.238s] Level 1:colcon.colcon_core.package_identification:_identify(build) ignored
[0.238s] Level 1:colcon.colcon_core.package_identification:_identify(install) by extensions ['ignore', 'ignore_ament_install']
[0.239s] Level 1:colcon.colcon_core.package_identification:_identify(install) by extension 'ignore'
[0.239s] Level 1:colcon.colcon_core.package_identification:_identify(install) ignored
[0.239s] Level 1:colcon.colcon_core.package_identification:_identify(log) by extensions ['ignore', 'ignore_ament_install']
[0.239s] Level 1:colcon.colcon_core.package_identification:_identify(log) by extension 'ignore'
[0.239s] Level 1:colcon.colcon_core.package_identification:_identify(log) ignored
[0.239s] Level 1:colcon.colcon_core.package_identification:_identify(src) by extensions ['ignore', 'ignore_ament_install']
[0.239s] Level 1:colcon.colcon_core.package_identification:_identify(src) by extension 'ignore'
[0.239s] Level 1:colcon.colcon_core.package_identification:_identify(src) by extension 'ignore_ament_install'
[0.239s] Level 1:colcon.colcon_core.package_identification:_identify(src) by extensions ['colcon_pkg']
[0.239s] Level 1:colcon.colcon_core.package_identification:_identify(src) by extension 'colcon_pkg'
[0.239s] Level 1:colcon.colcon_core.package_identification:_identify(src) by extensions ['colcon_meta']
[0.239s] Level 1:colcon.colcon_core.package_identification:_identify(src) by extension 'colcon_meta'
[0.239s] Level 1:colcon.colcon_core.package_identification:_identify(src) by extensions ['ros']
[0.239s] Level 1:colcon.colcon_core.package_identification:_identify(src) by extension 'ros'
[0.239s] Level 1:colcon.colcon_core.package_identification:_identify(src) by extensions ['cmake', 'python']
[0.239s] Level 1:colcon.colcon_core.package_identification:_identify(src) by extension 'cmake'
[0.239s] Level 1:colcon.colcon_core.package_identification:_identify(src) by extension 'python'
[0.239s] Level 1:colcon.colcon_core.package_identification:_identify(src) by extensions ['python_setup_py']
[0.239s] Level 1:colcon.colcon_core.package_identification:_identify(src) by extension 'python_setup_py'
[0.239s] Level 1:colcon.colcon_core.package_identification:_identify(src/moveit_config) by extensions ['ignore', 'ignore_ament_install']
[0.239s] Level 1:colcon.colcon_core.package_identification:_identify(src/moveit_config) by extension 'ignore'
[0.239s] Level 1:colcon.colcon_core.package_identification:_identify(src/moveit_config) by extension 'ignore_ament_install'
[0.239s] Level 1:colcon.colcon_core.package_identification:_identify(src/moveit_config) by extensions ['colcon_pkg']
[0.239s] Level 1:colcon.colcon_core.package_identification:_identify(src/moveit_config) by extension 'colcon_pkg'
[0.239s] Level 1:colcon.colcon_core.package_identification:_identify(src/moveit_config) by extensions ['colcon_meta']
[0.239s] Level 1:colcon.colcon_core.package_identification:_identify(src/moveit_config) by extension 'colcon_meta'
[0.239s] Level 1:colcon.colcon_core.package_identification:_identify(src/moveit_config) by extensions ['ros']
[0.239s] Level 1:colcon.colcon_core.package_identification:_identify(src/moveit_config) by extension 'ros'
[0.242s] DEBUG:colcon.colcon_core.package_identification:Package 'src/moveit_config' with type 'ros.ament_cmake' and name 'moveit_config'
[0.242s] Level 1:colcon.colcon_core.package_identification:_identify(src/robotiq_2f_gripper_ros2) by extensions ['ignore', 'ignore_ament_install']
[0.242s] Level 1:colcon.colcon_core.package_identification:_identify(src/robotiq_2f_gripper_ros2) by extension 'ignore'
[0.242s] Level 1:colcon.colcon_core.package_identification:_identify(src/robotiq_2f_gripper_ros2) by extension 'ignore_ament_install'
[0.242s] Level 1:colcon.colcon_core.package_identification:_identify(src/robotiq_2f_gripper_ros2) by extensions ['colcon_pkg']
[0.242s] Level 1:colcon.colcon_core.package_identification:_identify(src/robotiq_2f_gripper_ros2) by extension 'colcon_pkg'
[0.243s] Level 1:colcon.colcon_core.package_identification:_identify(src/robotiq_2f_gripper_ros2) by extensions ['colcon_meta']
[0.243s] Level 1:colcon.colcon_core.package_identification:_identify(src/robotiq_2f_gripper_ros2) by extension 'colcon_meta'
[0.243s] Level 1:colcon.colcon_core.package_identification:_identify(src/robotiq_2f_gripper_ros2) by extensions ['ros']
[0.243s] Level 1:colcon.colcon_core.package_identification:_identify(src/robotiq_2f_gripper_ros2) by extension 'ros'
[0.243s] Level 1:colcon.colcon_core.package_identification:_identify(src/robotiq_2f_gripper_ros2) by extensions ['cmake', 'python']
[0.243s] Level 1:colcon.colcon_core.package_identification:_identify(src/robotiq_2f_gripper_ros2) by extension 'cmake'
[0.243s] Level 1:colcon.colcon_core.package_identification:_identify(src/robotiq_2f_gripper_ros2) by extension 'python'
[0.243s] Level 1:colcon.colcon_core.package_identification:_identify(src/robotiq_2f_gripper_ros2) by extensions ['python_setup_py']
[0.243s] Level 1:colcon.colcon_core.package_identification:_identify(src/robotiq_2f_gripper_ros2) by extension 'python_setup_py'
[0.243s] Level 1:colcon.colcon_core.package_identification:_identify(src/robotiq_2f_gripper_ros2/robotiq_2f_gripper_description) by extensions ['ignore', 'ignore_ament_install']
[0.243s] Level 1:colcon.colcon_core.package_identification:_identify(src/robotiq_2f_gripper_ros2/robotiq_2f_gripper_description) by extension 'ignore'
[0.243s] Level 1:colcon.colcon_core.package_identification:_identify(src/robotiq_2f_gripper_ros2/robotiq_2f_gripper_description) by extension 'ignore_ament_install'
[0.243s] Level 1:colcon.colcon_core.package_identification:_identify(src/robotiq_2f_gripper_ros2/robotiq_2f_gripper_description) by extensions ['colcon_pkg']
[0.243s] Level 1:colcon.colcon_core.package_identification:_identify(src/robotiq_2f_gripper_ros2/robotiq_2f_gripper_description) by extension 'colcon_pkg'
[0.243s] Level 1:colcon.colcon_core.package_identification:_identify(src/robotiq_2f_gripper_ros2/robotiq_2f_gripper_description) by extensions ['colcon_meta']
[0.243s] Level 1:colcon.colcon_core.package_identification:_identify(src/robotiq_2f_gripper_ros2/robotiq_2f_gripper_description) by extension 'colcon_meta'
[0.243s] Level 1:colcon.colcon_core.package_identification:_identify(src/robotiq_2f_gripper_ros2/robotiq_2f_gripper_description) by extensions ['ros']
[0.243s] Level 1:colcon.colcon_core.package_identification:_identify(src/robotiq_2f_gripper_ros2/robotiq_2f_gripper_description) by extension 'ros'
[0.243s] DEBUG:colcon.colcon_core.package_identification:Package 'src/robotiq_2f_gripper_ros2/robotiq_2f_gripper_description' with type 'ros.ament_cmake' and name 'robotiq_2f_gripper_description'
[0.243s] Level 1:colcon.colcon_core.package_identification:_identify(src/robotiq_2f_gripper_ros2/robotiq_2f_gripper_hardware) by extensions ['ignore', 'ignore_ament_install']
[0.243s] Level 1:colcon.colcon_core.package_identification:_identify(src/robotiq_2f_gripper_ros2/robotiq_2f_gripper_hardware) by extension 'ignore'
[0.243s] Level 1:colcon.colcon_core.package_identification:_identify(src/robotiq_2f_gripper_ros2/robotiq_2f_gripper_hardware) by extension 'ignore_ament_install'
[0.244s] Level 1:colcon.colcon_core.package_identification:_identify(src/robotiq_2f_gripper_ros2/robotiq_2f_gripper_hardware) by extensions ['colcon_pkg']
[0.244s] Level 1:colcon.colcon_core.package_identification:_identify(src/robotiq_2f_gripper_ros2/robotiq_2f_gripper_hardware) by extension 'colcon_pkg'
[0.244s] Level 1:colcon.colcon_core.package_identification:_identify(src/robotiq_2f_gripper_ros2/robotiq_2f_gripper_hardware) by extensions ['colcon_meta']
[0.244s] Level 1:colcon.colcon_core.package_identification:_identify(src/robotiq_2f_gripper_ros2/robotiq_2f_gripper_hardware) by extension 'colcon_meta'
[0.244s] Level 1:colcon.colcon_core.package_identification:_identify(src/robotiq_2f_gripper_ros2/robotiq_2f_gripper_hardware) by extensions ['ros']
[0.244s] Level 1:colcon.colcon_core.package_identification:_identify(src/robotiq_2f_gripper_ros2/robotiq_2f_gripper_hardware) by extension 'ros'
[0.244s] DEBUG:colcon.colcon_core.package_identification:Package 'src/robotiq_2f_gripper_ros2/robotiq_2f_gripper_hardware' with type 'ros.ament_cmake' and name 'robotiq_2f_gripper_hardware'
[0.244s] Level 1:colcon.colcon_core.package_identification:_identify(src/robotiq_2f_gripper_ros2/robotiq_2f_gripper_interfaces) by extensions ['ignore', 'ignore_ament_install']
[0.244s] Level 1:colcon.colcon_core.package_identification:_identify(src/robotiq_2f_gripper_ros2/robotiq_2f_gripper_interfaces) by extension 'ignore'
[0.244s] Level 1:colcon.colcon_core.package_identification:_identify(src/robotiq_2f_gripper_ros2/robotiq_2f_gripper_interfaces) by extension 'ignore_ament_install'
[0.244s] Level 1:colcon.colcon_core.package_identification:_identify(src/robotiq_2f_gripper_ros2/robotiq_2f_gripper_interfaces) by extensions ['colcon_pkg']
[0.244s] Level 1:colcon.colcon_core.package_identification:_identify(src/robotiq_2f_gripper_ros2/robotiq_2f_gripper_interfaces) by extension 'colcon_pkg'
[0.244s] Level 1:colcon.colcon_core.package_identification:_identify(src/robotiq_2f_gripper_ros2/robotiq_2f_gripper_interfaces) by extensions ['colcon_meta']
[0.244s] Level 1:colcon.colcon_core.package_identification:_identify(src/robotiq_2f_gripper_ros2/robotiq_2f_gripper_interfaces) by extension 'colcon_meta'
[0.244s] Level 1:colcon.colcon_core.package_identification:_identify(src/robotiq_2f_gripper_ros2/robotiq_2f_gripper_interfaces) by extensions ['ros']
[0.244s] Level 1:colcon.colcon_core.package_identification:_identify(src/robotiq_2f_gripper_ros2/robotiq_2f_gripper_interfaces) by extension 'ros'
[0.245s] DEBUG:colcon.colcon_core.package_identification:Package 'src/robotiq_2f_gripper_ros2/robotiq_2f_gripper_interfaces' with type 'ros.ament_cmake' and name 'robotiq_2f_gripper_interfaces'
[0.245s] Level 1:colcon.colcon_core.package_identification:_identify(src/robotiq_2f_gripper_ros2/robotiq_2f_gripper_msgs) by extensions ['ignore', 'ignore_ament_install']
[0.245s] Level 1:colcon.colcon_core.package_identification:_identify(src/robotiq_2f_gripper_ros2/robotiq_2f_gripper_msgs) by extension 'ignore'
[0.245s] Level 1:colcon.colcon_core.package_identification:_identify(src/robotiq_2f_gripper_ros2/robotiq_2f_gripper_msgs) by extension 'ignore_ament_install'
[0.245s] Level 1:colcon.colcon_core.package_identification:_identify(src/robotiq_2f_gripper_ros2/robotiq_2f_gripper_msgs) by extensions ['colcon_pkg']
[0.245s] Level 1:colcon.colcon_core.package_identification:_identify(src/robotiq_2f_gripper_ros2/robotiq_2f_gripper_msgs) by extension 'colcon_pkg'
[0.245s] Level 1:colcon.colcon_core.package_identification:_identify(src/robotiq_2f_gripper_ros2/robotiq_2f_gripper_msgs) by extensions ['colcon_meta']
[0.245s] Level 1:colcon.colcon_core.package_identification:_identify(src/robotiq_2f_gripper_ros2/robotiq_2f_gripper_msgs) by extension 'colcon_meta'
[0.245s] Level 1:colcon.colcon_core.package_identification:_identify(src/robotiq_2f_gripper_ros2/robotiq_2f_gripper_msgs) by extensions ['ros']
[0.245s] Level 1:colcon.colcon_core.package_identification:_identify(src/robotiq_2f_gripper_ros2/robotiq_2f_gripper_msgs) by extension 'ros'
[0.246s] DEBUG:colcon.colcon_core.package_identification:Package 'src/robotiq_2f_gripper_ros2/robotiq_2f_gripper_msgs' with type 'ros.ament_cmake' and name 'robotiq_2f_gripper_msgs'
[0.246s] Level 1:colcon.colcon_core.package_identification:_identify(src/robotiq_2f_gripper_ros2/serial-ros2) by extensions ['ignore', 'ignore_ament_install']
[0.246s] Level 1:colcon.colcon_core.package_identification:_identify(src/robotiq_2f_gripper_ros2/serial-ros2) by extension 'ignore'
[0.246s] Level 1:colcon.colcon_core.package_identification:_identify(src/robotiq_2f_gripper_ros2/serial-ros2) by extension 'ignore_ament_install'
[0.246s] Level 1:colcon.colcon_core.package_identification:_identify(src/robotiq_2f_gripper_ros2/serial-ros2) by extensions ['colcon_pkg']
[0.246s] Level 1:colcon.colcon_core.package_identification:_identify(src/robotiq_2f_gripper_ros2/serial-ros2) by extension 'colcon_pkg'
[0.246s] Level 1:colcon.colcon_core.package_identification:_identify(src/robotiq_2f_gripper_ros2/serial-ros2) by extensions ['colcon_meta']
[0.246s] Level 1:colcon.colcon_core.package_identification:_identify(src/robotiq_2f_gripper_ros2/serial-ros2) by extension 'colcon_meta'
[0.246s] Level 1:colcon.colcon_core.package_identification:_identify(src/robotiq_2f_gripper_ros2/serial-ros2) by extensions ['ros']
[0.246s] Level 1:colcon.colcon_core.package_identification:_identify(src/robotiq_2f_gripper_ros2/serial-ros2) by extension 'ros'
[0.246s] Level 1:colcon.colcon_core.package_identification:_identify(src/robotiq_2f_gripper_ros2/serial-ros2) by extensions ['cmake', 'python']
[0.246s] Level 1:colcon.colcon_core.package_identification:_identify(src/robotiq_2f_gripper_ros2/serial-ros2) by extension 'cmake'
[0.246s] Level 1:colcon.colcon_core.package_identification:_identify(src/robotiq_2f_gripper_ros2/serial-ros2) by extension 'python'
[0.246s] Level 1:colcon.colcon_core.package_identification:_identify(src/robotiq_2f_gripper_ros2/serial-ros2) by extensions ['python_setup_py']
[0.246s] Level 1:colcon.colcon_core.package_identification:_identify(src/robotiq_2f_gripper_ros2/serial-ros2) by extension 'python_setup_py'
[0.246s] Level 1:colcon.colcon_core.package_identification:_identify(src/serial) by extensions ['ignore', 'ignore_ament_install']
[0.246s] Level 1:colcon.colcon_core.package_identification:_identify(src/serial) by extension 'ignore'
[0.246s] Level 1:colcon.colcon_core.package_identification:_identify(src/serial) by extension 'ignore_ament_install'
[0.246s] Level 1:colcon.colcon_core.package_identification:_identify(src/serial) by extensions ['colcon_pkg']
[0.246s] Level 1:colcon.colcon_core.package_identification:_identify(src/serial) by extension 'colcon_pkg'
[0.246s] Level 1:colcon.colcon_core.package_identification:_identify(src/serial) by extensions ['colcon_meta']
[0.246s] Level 1:colcon.colcon_core.package_identification:_identify(src/serial) by extension 'colcon_meta'
[0.246s] Level 1:colcon.colcon_core.package_identification:_identify(src/serial) by extensions ['ros']
[0.246s] Level 1:colcon.colcon_core.package_identification:_identify(src/serial) by extension 'ros'
[0.246s] DEBUG:colcon.colcon_core.package_identification:Package 'src/serial' with type 'ros.ament_cmake' and name 'serial'
[0.247s] Level 1:colcon.colcon_core.package_identification:_identify(src/ur3e_sorting) by extensions ['ignore', 'ignore_ament_install']
[0.247s] Level 1:colcon.colcon_core.package_identification:_identify(src/ur3e_sorting) by extension 'ignore'
[0.247s] Level 1:colcon.colcon_core.package_identification:_identify(src/ur3e_sorting) by extension 'ignore_ament_install'
[0.247s] Level 1:colcon.colcon_core.package_identification:_identify(src/ur3e_sorting) by extensions ['colcon_pkg']
[0.247s] Level 1:colcon.colcon_core.package_identification:_identify(src/ur3e_sorting) by extension 'colcon_pkg'
[0.247s] Level 1:colcon.colcon_core.package_identification:_identify(src/ur3e_sorting) by extensions ['colcon_meta']
[0.247s] Level 1:colcon.colcon_core.package_identification:_identify(src/ur3e_sorting) by extension 'colcon_meta'
[0.247s] Level 1:colcon.colcon_core.package_identification:_identify(src/ur3e_sorting) by extensions ['ros']
[0.247s] Level 1:colcon.colcon_core.package_identification:_identify(src/ur3e_sorting) by extension 'ros'
[0.247s] DEBUG:colcon.colcon_core.package_identification:Package 'src/ur3e_sorting' with type 'ros.ament_python' and name 'ur3e_sorting'
[0.247s] Level 1:colcon.colcon_core.package_identification:_identify(src/ur_description) by extensions ['ignore', 'ignore_ament_install']
[0.247s] Level 1:colcon.colcon_core.package_identification:_identify(src/ur_description) by extension 'ignore'
[0.247s] Level 1:colcon.colcon_core.package_identification:_identify(src/ur_description) by extension 'ignore_ament_install'
[0.247s] Level 1:colcon.colcon_core.package_identification:_identify(src/ur_description) by extensions ['colcon_pkg']
[0.247s] Level 1:colcon.colcon_core.package_identification:_identify(src/ur_description) by extension 'colcon_pkg'
[0.248s] Level 1:colcon.colcon_core.package_identification:_identify(src/ur_description) by extensions ['colcon_meta']
[0.248s] Level 1:colcon.colcon_core.package_identification:_identify(src/ur_description) by extension 'colcon_meta'
[0.248s] Level 1:colcon.colcon_core.package_identification:_identify(src/ur_description) by extensions ['ros']
[0.248s] Level 1:colcon.colcon_core.package_identification:_identify(src/ur_description) by extension 'ros'
[0.248s] DEBUG:colcon.colcon_core.package_identification:Package 'src/ur_description' with type 'ros.ament_cmake' and name 'ur_description'
[0.248s] Level 1:colcon.colcon_core.package_identification:_identify(src/ur_gazebo) by extensions ['ignore', 'ignore_ament_install']
[0.248s] Level 1:colcon.colcon_core.package_identification:_identify(src/ur_gazebo) by extension 'ignore'
[0.248s] Level 1:colcon.colcon_core.package_identification:_identify(src/ur_gazebo) by extension 'ignore_ament_install'
[0.248s] Level 1:colcon.colcon_core.package_identification:_identify(src/ur_gazebo) by extensions ['colcon_pkg']
[0.248s] Level 1:colcon.colcon_core.package_identification:_identify(src/ur_gazebo) by extension 'colcon_pkg'
[0.248s] Level 1:colcon.colcon_core.package_identification:_identify(src/ur_gazebo) by extensions ['colcon_meta']
[0.248s] Level 1:colcon.colcon_core.package_identification:_identify(src/ur_gazebo) by extension 'colcon_meta'
[0.248s] Level 1:colcon.colcon_core.package_identification:_identify(src/ur_gazebo) by extensions ['ros']
[0.248s] Level 1:colcon.colcon_core.package_identification:_identify(src/ur_gazebo) by extension 'ros'
[0.249s] DEBUG:colcon.colcon_core.package_identification:Package 'src/ur_gazebo' with type 'ros.ament_cmake' and name 'ur_gazebo'
[0.249s] Level 1:colcon.colcon_core.package_discovery:discover_packages(recursive) using defaults
[0.249s] Level 1:colcon.colcon_core.package_discovery:discover_packages(ignore) discover
[0.249s] Level 1:colcon.colcon_core.package_discovery:discover_packages(ignore) using defaults
[0.249s] Level 1:colcon.colcon_core.package_discovery:discover_packages(path) discover
[0.249s] Level 1:colcon.colcon_core.package_discovery:discover_packages(path) using defaults
[0.266s] INFO:colcon.colcon_core.package_selection:Skipping not selected package 'robotiq_2f_gripper_description' in 'src/robotiq_2f_gripper_ros2/robotiq_2f_gripper_description'
[0.266s] INFO:colcon.colcon_core.package_selection:Skipping not selected package 'robotiq_2f_gripper_msgs' in 'src/robotiq_2f_gripper_ros2/robotiq_2f_gripper_msgs'
[0.266s] INFO:colcon.colcon_core.package_selection:Skipping not selected package 'serial' in 'src/serial'
[0.266s] INFO:colcon.colcon_core.package_selection:Skipping not selected package 'moveit_config' in 'src/moveit_config'
[0.266s] INFO:colcon.colcon_core.package_selection:Skipping not selected package 'robotiq_2f_gripper_interfaces' in 'src/robotiq_2f_gripper_ros2/robotiq_2f_gripper_interfaces'
[0.266s] INFO:colcon.colcon_core.package_selection:Skipping not selected package 'robotiq_2f_gripper_hardware' in 'src/robotiq_2f_gripper_ros2/robotiq_2f_gripper_hardware'
[0.267s] Level 1:colcon.colcon_core.package_discovery:discover_packages(prefix_path) check parameters
[0.267s] Level 1:colcon.colcon_core.package_discovery:discover_packages(prefix_path) discover
[0.270s] DEBUG:colcon.colcon_installed_package_information.package_discovery:Found 9 installed packages in /home/anand/ur3e_working_reference/install
[0.270s] DEBUG:colcon.colcon_installed_package_information.package_discovery:Found 1 installed packages in /home/anand/install
[0.272s] DEBUG:colcon.colcon_installed_package_information.package_discovery:Found 513 installed packages in /opt/ros/jazzy
[0.273s] Level 1:colcon.colcon_core.package_discovery:discover_packages(prefix_path) using defaults
[0.316s] WARNING:colcon.colcon_core.package_selection:Some selected packages are already built in one or more underlay workspaces:
	'ur_description' is in: /home/anand/ur3e_working_reference/install/ur_description
If a package in a merged underlay workspace is overridden and it installs headers, then all packages in the overlay must sort their include directories by workspace order. Failure to do so may result in build failures or undefined behavior at run time.
If the overridden package is used by another package in any underlay, then the overriding package in the overlay must be API and ABI compatible or undefined behavior at run time may occur.

If you understand the risks and want to override a package anyways, add the following to the command line:
	--allow-overriding ur_description

This may be promoted to an error in a future release of colcon-override-check.
[0.317s] Level 5:colcon.colcon_core.verb:set package 'ur3e_sorting' build argument 'cmake_args' from command line to 'None'
[0.317s] Level 5:colcon.colcon_core.verb:set package 'ur3e_sorting' build argument 'cmake_target' from command line to 'None'
[0.317s] Level 5:colcon.colcon_core.verb:set package 'ur3e_sorting' build argument 'cmake_target_skip_unavailable' from command line to 'False'
[0.317s] Level 5:colcon.colcon_core.verb:set package 'ur3e_sorting' build argument 'cmake_clean_cache' from command line to 'False'
[0.317s] Level 5:colcon.colcon_core.verb:set package 'ur3e_sorting' build argument 'cmake_clean_first' from command line to 'False'
[0.317s] Level 5:colcon.colcon_core.verb:set package 'ur3e_sorting' build argument 'cmake_force_configure' from command line to 'False'
[0.317s] Level 5:colcon.colcon_core.verb:set package 'ur3e_sorting' build argument 'ament_cmake_args' from command line to 'None'
[0.317s] Level 5:colcon.colcon_core.verb:set package 'ur3e_sorting' build argument 'catkin_cmake_args' from command line to 'None'
[0.317s] Level 5:colcon.colcon_core.verb:set package 'ur3e_sorting' build argument 'catkin_skip_building_tests' from command line to 'False'
[0.317s] DEBUG:colcon.colcon_core.verb:Building package 'ur3e_sorting' with the following arguments: {'ament_cmake_args': None, 'build_base': '/home/anand/ur3e_working_reference/build/ur3e_sorting', 'catkin_cmake_args': None, 'catkin_skip_building_tests': False, 'cmake_args': None, 'cmake_clean_cache': False, 'cmake_clean_first': False, 'cmake_force_configure': False, 'cmake_target': None, 'cmake_target_skip_unavailable': False, 'install_base': '/home/anand/ur3e_working_reference/install/ur3e_sorting', 'merge_install': False, 'path': '/home/anand/ur3e_working_reference/src/ur3e_sorting', 'symlink_install': False, 'test_result_base': None}
[0.318s] Level 5:colcon.colcon_core.verb:set package 'ur_description' build argument 'cmake_args' from command line to 'None'
[0.318s] Level 5:colcon.colcon_core.verb:set package 'ur_description' build argument 'cmake_target' from command line to 'None'
[0.318s] Level 5:colcon.colcon_core.verb:set package 'ur_description' build argument 'cmake_target_skip_unavailable' from command line to 'False'
[0.318s] Level 5:colcon.colcon_core.verb:set package 'ur_description' build argument 'cmake_clean_cache' from command line to 'False'
[0.318s] Level 5:colcon.colcon_core.verb:set package 'ur_description' build argument 'cmake_clean_first' from command line to 'False'
[0.318s] Level 5:colcon.colcon_core.verb:set package 'ur_description' build argument 'cmake_force_configure' from command line to 'False'
[0.318s] Level 5:colcon.colcon_core.verb:set package 'ur_description' build argument 'ament_cmake_args' from command line to 'None'
[0.318s] Level 5:colcon.colcon_core.verb:set package 'ur_description' build argument 'catkin_cmake_args' from command line to 'None'
[0.318s] Level 5:colcon.colcon_core.verb:set package 'ur_description' build argument 'catkin_skip_building_tests' from command line to 'False'
[0.318s] DEBUG:colcon.colcon_core.verb:Building package 'ur_description' with the following arguments: {'ament_cmake_args': None, 'build_base': '/home/anand/ur3e_working_reference/build/ur_description', 'catkin_cmake_args': None, 'catkin_skip_building_tests': False, 'cmake_args': None, 'cmake_clean_cache': False, 'cmake_clean_first': False, 'cmake_force_configure': False, 'cmake_target': None, 'cmake_target_skip_unavailable': False, 'install_base': '/home/anand/ur3e_working_reference/install/ur_description', 'merge_install': False, 'path': '/home/anand/ur3e_working_reference/src/ur_description', 'symlink_install': False, 'test_result_base': None}
[0.318s] Level 5:colcon.colcon_core.verb:set package 'ur_gazebo' build argument 'cmake_args' from command line to 'None'
[0.318s] Level 5:colcon.colcon_core.verb:set package 'ur_gazebo' build argument 'cmake_target' from command line to 'None'
[0.318s] Level 5:colcon.colcon_core.verb:set package 'ur_gazebo' build argument 'cmake_target_skip_unavailable' from command line to 'False'
[0.318s] Level 5:colcon.colcon_core.verb:set package 'ur_gazebo' build argument 'cmake_clean_cache' from command line to 'False'
[0.318s] Level 5:colcon.colcon_core.verb:set package 'ur_gazebo' build argument 'cmake_clean_first' from command line to 'False'
[0.318s] Level 5:colcon.colcon_core.verb:set package 'ur_gazebo' build argument 'cmake_force_configure' from command line to 'False'
[0.318s] Level 5:colcon.colcon_core.verb:set package 'ur_gazebo' build argument 'ament_cmake_args' from command line to 'None'
[0.318s] Level 5:colcon.colcon_core.verb:set package 'ur_gazebo' build argument 'catkin_cmake_args' from command line to 'None'
[0.318s] Level 5:colcon.colcon_core.verb:set package 'ur_gazebo' build argument 'catkin_skip_building_tests' from command line to 'False'
[0.318s] DEBUG:colcon.colcon_core.verb:Building package 'ur_gazebo' with the following arguments: {'ament_cmake_args': None, 'build_base': '/home/anand/ur3e_working_reference/build/ur_gazebo', 'catkin_cmake_args': None, 'catkin_skip_building_tests': False, 'cmake_args': None, 'cmake_clean_cache': False, 'cmake_clean_first': False, 'cmake_force_configure': False, 'cmake_target': None, 'cmake_target_skip_unavailable': False, 'install_base': '/home/anand/ur3e_working_reference/install/ur_gazebo', 'merge_install': False, 'path': '/home/anand/ur3e_working_reference/src/ur_gazebo', 'symlink_install': False, 'test_result_base': None}
[0.318s] INFO:colcon.colcon_core.executor:Executing jobs using 'parallel' executor
[0.320s] DEBUG:colcon.colcon_parallel_executor.executor.parallel:run_until_complete
[0.320s] INFO:colcon.colcon_ros.task.ament_python.build:Building ROS package in '/home/anand/ur3e_working_reference/src/ur3e_sorting' with build type 'ament_python'
[0.320s] Level 1:colcon.colcon_core.shell:create_environment_hook('ur3e_sorting', 'ament_prefix_path')
[0.325s] INFO:colcon.colcon_core.plugin_system:Skipping extension 'colcon_core.shell.bat': Not used on non-Windows systems
[0.326s] INFO:colcon.colcon_core.shell:Creating environment hook '/home/anand/ur3e_working_reference/install/ur3e_sorting/share/ur3e_sorting/hook/ament_prefix_path.ps1'
[0.326s] INFO:colcon.colcon_core.shell:Creating environment descriptor '/home/anand/ur3e_working_reference/install/ur3e_sorting/share/ur3e_sorting/hook/ament_prefix_path.dsv'
[0.327s] INFO:colcon.colcon_core.shell:Creating environment hook '/home/anand/ur3e_working_reference/install/ur3e_sorting/share/ur3e_sorting/hook/ament_prefix_path.sh'
[0.327s] INFO:colcon.colcon_core.shell:Skip shell extension 'powershell' for command environment: Not usable outside of PowerShell
[0.327s] DEBUG:colcon.colcon_core.shell:Skip shell extension 'dsv' for command environment
[0.331s] INFO:colcon.colcon_ros.task.ament_cmake.build:Building ROS package in '/home/anand/ur3e_working_reference/src/ur_description' with build type 'ament_cmake'
[0.331s] INFO:colcon.colcon_cmake.task.cmake.build:Building CMake package in '/home/anand/ur3e_working_reference/src/ur_description'
[0.331s] INFO:colcon.colcon_core.shell:Skip shell extension 'powershell' for command environment: Not usable outside of PowerShell
[0.331s] DEBUG:colcon.colcon_core.shell:Skip shell extension 'dsv' for command environment
[0.335s] INFO:colcon.colcon_ros.task.ament_cmake.build:Building ROS package in '/home/anand/ur3e_working_reference/src/ur_gazebo' with build type 'ament_cmake'
[0.335s] INFO:colcon.colcon_cmake.task.cmake.build:Building CMake package in '/home/anand/ur3e_working_reference/src/ur_gazebo'
[0.336s] INFO:colcon.colcon_core.shell:Skip shell extension 'powershell' for command environment: Not usable outside of PowerShell
[0.336s] DEBUG:colcon.colcon_core.shell:Skip shell extension 'dsv' for command environment
[0.548s] INFO:colcon.colcon_core.task.python.build:Building Python package in '/home/anand/ur3e_working_reference/src/ur3e_sorting'
[0.548s] INFO:colcon.colcon_core.shell:Skip shell extension 'powershell' for command environment: Not usable outside of PowerShell
[0.548s] DEBUG:colcon.colcon_core.shell:Skip shell extension 'dsv' for command environment
[0.555s] DEBUG:colcon.colcon_core.event_handler.log_command:Invoking command in '/home/anand/ur3e_working_reference/build/ur_description': CMAKE_PREFIX_PATH=${CMAKE_PREFIX_PATH}:/home/anand/ur3e_working_reference/install/ur3e_sorting:/home/anand/install/motion_model_comparison:/opt/ros/jazzy DEBUGINFOD_URLS=https://debuginfod.ubuntu.com /usr/bin/cmake --build /home/anand/ur3e_working_reference/build/ur_description -- -j16 -l16
[0.559s] DEBUG:colcon.colcon_core.event_handler.log_command:Invoking command in '/home/anand/ur3e_working_reference/build/ur_gazebo': CMAKE_PREFIX_PATH=${CMAKE_PREFIX_PATH}:/home/anand/ur3e_working_reference/install/ur3e_sorting:/home/anand/install/motion_model_comparison:/opt/ros/jazzy DEBUGINFOD_URLS=https://debuginfod.ubuntu.com /usr/bin/cmake --build /home/anand/ur3e_working_reference/build/ur_gazebo -- -j16 -l16
[0.593s] DEBUG:colcon.colcon_core.event_handler.log_command:Invoked command in '/home/anand/ur3e_working_reference/build/ur_description' returned '0': CMAKE_PREFIX_PATH=${CMAKE_PREFIX_PATH}:/home/anand/ur3e_working_reference/install/ur3e_sorting:/home/anand/install/motion_model_comparison:/opt/ros/jazzy DEBUGINFOD_URLS=https://debuginfod.ubuntu.com /usr/bin/cmake --build /home/anand/ur3e_working_reference/build/ur_description -- -j16 -l16
[0.602s] DEBUG:colcon.colcon_core.event_handler.log_command:Invoking command in '/home/anand/ur3e_working_reference/build/ur_description': CMAKE_PREFIX_PATH=${CMAKE_PREFIX_PATH}:/home/anand/ur3e_working_reference/install/ur3e_sorting:/home/anand/install/motion_model_comparison:/opt/ros/jazzy DEBUGINFOD_URLS=https://debuginfod.ubuntu.com /usr/bin/cmake --install /home/anand/ur3e_working_reference/build/ur_description
[0.603s] DEBUG:colcon.colcon_core.event_handler.log_command:Invoked command in '/home/anand/ur3e_working_reference/build/ur_gazebo' returned '0': CMAKE_PREFIX_PATH=${CMAKE_PREFIX_PATH}:/home/anand/ur3e_working_reference/install/ur3e_sorting:/home/anand/install/motion_model_comparison:/opt/ros/jazzy DEBUGINFOD_URLS=https://debuginfod.ubuntu.com /usr/bin/cmake --build /home/anand/ur3e_working_reference/build/ur_gazebo -- -j16 -l16
[0.603s] DEBUG:colcon.colcon_core.event_handler.log_command:Invoking command in '/home/anand/ur3e_working_reference/build/ur_gazebo': CMAKE_PREFIX_PATH=${CMAKE_PREFIX_PATH}:/home/anand/ur3e_working_reference/install/ur3e_sorting:/home/anand/install/motion_model_comparison:/opt/ros/jazzy DEBUGINFOD_URLS=https://debuginfod.ubuntu.com /usr/bin/cmake --install /home/anand/ur3e_working_reference/build/ur_gazebo
[0.615s] Level 1:colcon.colcon_core.environment:create_environment_scripts_only(ur_description)
[0.633s] DEBUG:colcon.colcon_core.event_handler.log_command:Invoked command in '/home/anand/ur3e_working_reference/build/ur_description' returned '0': CMAKE_PREFIX_PATH=${CMAKE_PREFIX_PATH}:/home/anand/ur3e_working_reference/install/ur3e_sorting:/home/anand/install/motion_model_comparison:/opt/ros/jazzy DEBUGINFOD_URLS=https://debuginfod.ubuntu.com /usr/bin/cmake --install /home/anand/ur3e_working_reference/build/ur_description
[0.634s] Level 1:colcon.colcon_core.environment:checking '/home/anand/ur3e_working_reference/install/ur_description' for CMake module files
[0.635s] Level 1:colcon.colcon_core.environment:checking '/home/anand/ur3e_working_reference/install/ur_description' for CMake config files
[0.635s] Level 1:colcon.colcon_core.shell:create_environment_hook('ur_description', 'cmake_prefix_path')
[0.635s] INFO:colcon.colcon_core.shell:Creating environment hook '/home/anand/ur3e_working_reference/install/ur_description/share/ur_description/hook/cmake_prefix_path.ps1'
[0.636s] INFO:colcon.colcon_core.shell:Creating environment descriptor '/home/anand/ur3e_working_reference/install/ur_description/share/ur_description/hook/cmake_prefix_path.dsv'
[0.636s] INFO:colcon.colcon_core.shell:Creating environment hook '/home/anand/ur3e_working_reference/install/ur_description/share/ur_description/hook/cmake_prefix_path.sh'
[0.637s] Level 1:colcon.colcon_core.environment:checking '/home/anand/ur3e_working_reference/install/ur_description/bin'
[0.637s] Level 1:colcon.colcon_core.environment:checking '/home/anand/ur3e_working_reference/install/ur_description/lib/pkgconfig/ur_description.pc'
[0.637s] Level 1:colcon.colcon_core.environment:checking '/home/anand/ur3e_working_reference/install/ur_description/lib/python3.12/site-packages'
[0.637s] Level 1:colcon.colcon_core.environment:checking '/home/anand/ur3e_working_reference/install/ur_description/bin'
[0.638s] INFO:colcon.colcon_core.shell:Creating package script '/home/anand/ur3e_working_reference/install/ur_description/share/ur_description/package.ps1'
[0.638s] INFO:colcon.colcon_core.shell:Creating package descriptor '/home/anand/ur3e_working_reference/install/ur_description/share/ur_description/package.dsv'
[0.639s] INFO:colcon.colcon_core.shell:Creating package script '/home/anand/ur3e_working_reference/install/ur_description/share/ur_description/package.sh'
[0.639s] INFO:colcon.colcon_core.shell:Creating package script '/home/anand/ur3e_working_reference/install/ur_description/share/ur_description/package.bash'
[0.639s] INFO:colcon.colcon_core.shell:Creating package script '/home/anand/ur3e_working_reference/install/ur_description/share/ur_description/package.zsh'
[0.640s] Level 1:colcon.colcon_core.environment:create_file_with_runtime_dependencies(/home/anand/ur3e_working_reference/install/ur_description/share/colcon-core/packages/ur_description)
[0.640s] Level 1:colcon.colcon_core.environment:create_environment_scripts_only(ur_description)
[0.640s] Level 1:colcon.colcon_core.environment:checking '/home/anand/ur3e_working_reference/install/ur_description' for CMake module files
[0.641s] Level 1:colcon.colcon_core.environment:checking '/home/anand/ur3e_working_reference/install/ur_description' for CMake config files
[0.641s] Level 1:colcon.colcon_core.shell:create_environment_hook('ur_description', 'cmake_prefix_path')
[0.641s] INFO:colcon.colcon_core.shell:Creating environment hook '/home/anand/ur3e_working_reference/install/ur_description/share/ur_description/hook/cmake_prefix_path.ps1'
[0.642s] INFO:colcon.colcon_core.shell:Creating environment descriptor '/home/anand/ur3e_working_reference/install/ur_description/share/ur_description/hook/cmake_prefix_path.dsv'
[0.642s] INFO:colcon.colcon_core.shell:Creating environment hook '/home/anand/ur3e_working_reference/install/ur_description/share/ur_description/hook/cmake_prefix_path.sh'
[0.643s] Level 1:colcon.colcon_core.environment:checking '/home/anand/ur3e_working_reference/install/ur_description/bin'
[0.643s] Level 1:colcon.colcon_core.environment:checking '/home/anand/ur3e_working_reference/install/ur_description/lib/pkgconfig/ur_description.pc'
[0.643s] Level 1:colcon.colcon_core.environment:checking '/home/anand/ur3e_working_reference/install/ur_description/lib/python3.12/site-packages'
[0.643s] Level 1:colcon.colcon_core.environment:checking '/home/anand/ur3e_working_reference/install/ur_description/bin'
[0.643s] INFO:colcon.colcon_core.shell:Creating package script '/home/anand/ur3e_working_reference/install/ur_description/share/ur_description/package.ps1'
[0.644s] INFO:colcon.colcon_core.shell:Creating package descriptor '/home/anand/ur3e_working_reference/install/ur_description/share/ur_description/package.dsv'
[0.644s] INFO:colcon.colcon_core.shell:Creating package script '/home/anand/ur3e_working_reference/install/ur_description/share/ur_description/package.sh'
[0.645s] INFO:colcon.colcon_core.shell:Creating package script '/home/anand/ur3e_working_reference/install/ur_description/share/ur_description/package.bash'
[0.645s] INFO:colcon.colcon_core.shell:Creating package script '/home/anand/ur3e_working_reference/install/ur_description/share/ur_description/package.zsh'
[0.645s] Level 1:colcon.colcon_core.environment:create_file_with_runtime_dependencies(/home/anand/ur3e_working_reference/install/ur_description/share/colcon-core/packages/ur_description)
[0.647s] Level 1:colcon.colcon_core.environment:create_environment_scripts_only(ur_gazebo)
[0.647s] Level 1:colcon.colcon_core.environment:checking '/home/anand/ur3e_working_reference/install/ur_gazebo' for CMake module files
[0.647s] DEBUG:colcon.colcon_core.event_handler.log_command:Invoked command in '/home/anand/ur3e_working_reference/build/ur_gazebo' returned '0': CMAKE_PREFIX_PATH=${CMAKE_PREFIX_PATH}:/home/anand/ur3e_working_reference/install/ur3e_sorting:/home/anand/install/motion_model_comparison:/opt/ros/jazzy DEBUGINFOD_URLS=https://debuginfod.ubuntu.com /usr/bin/cmake --install /home/anand/ur3e_working_reference/build/ur_gazebo
[0.648s] Level 1:colcon.colcon_core.environment:checking '/home/anand/ur3e_working_reference/install/ur_gazebo' for CMake config files
[0.648s] Level 1:colcon.colcon_core.shell:create_environment_hook('ur_gazebo', 'cmake_prefix_path')
[0.648s] INFO:colcon.colcon_core.shell:Creating environment hook '/home/anand/ur3e_working_reference/install/ur_gazebo/share/ur_gazebo/hook/cmake_prefix_path.ps1'
[0.648s] INFO:colcon.colcon_core.shell:Creating environment descriptor '/home/anand/ur3e_working_reference/install/ur_gazebo/share/ur_gazebo/hook/cmake_prefix_path.dsv'
[0.649s] INFO:colcon.colcon_core.shell:Creating environment hook '/home/anand/ur3e_working_reference/install/ur_gazebo/share/ur_gazebo/hook/cmake_prefix_path.sh'
[0.649s] Level 1:colcon.colcon_core.environment:checking '/home/anand/ur3e_working_reference/install/ur_gazebo/bin'
[0.649s] Level 1:colcon.colcon_core.environment:checking '/home/anand/ur3e_working_reference/install/ur_gazebo/lib/pkgconfig/ur_gazebo.pc'
[0.650s] Level 1:colcon.colcon_core.environment:checking '/home/anand/ur3e_working_reference/install/ur_gazebo/lib/python3.12/site-packages'
[0.650s] Level 1:colcon.colcon_core.environment:checking '/home/anand/ur3e_working_reference/install/ur_gazebo/bin'
[0.650s] INFO:colcon.colcon_core.shell:Creating package script '/home/anand/ur3e_working_reference/install/ur_gazebo/share/ur_gazebo/package.ps1'
[0.651s] INFO:colcon.colcon_core.shell:Creating package descriptor '/home/anand/ur3e_working_reference/install/ur_gazebo/share/ur_gazebo/package.dsv'
[0.651s] INFO:colcon.colcon_core.shell:Creating package script '/home/anand/ur3e_working_reference/install/ur_gazebo/share/ur_gazebo/package.sh'
[0.651s] INFO:colcon.colcon_core.shell:Creating package script '/home/anand/ur3e_working_reference/install/ur_gazebo/share/ur_gazebo/package.bash'
[0.651s] INFO:colcon.colcon_core.shell:Creating package script '/home/anand/ur3e_working_reference/install/ur_gazebo/share/ur_gazebo/package.zsh'
[0.652s] Level 1:colcon.colcon_core.environment:create_file_with_runtime_dependencies(/home/anand/ur3e_working_reference/install/ur_gazebo/share/colcon-core/packages/ur_gazebo)
[0.652s] Level 1:colcon.colcon_core.environment:create_environment_scripts_only(ur_gazebo)
[0.652s] Level 1:colcon.colcon_core.environment:checking '/home/anand/ur3e_working_reference/install/ur_gazebo' for CMake module files
[0.653s] Level 1:colcon.colcon_core.environment:checking '/home/anand/ur3e_working_reference/install/ur_gazebo' for CMake config files
[0.653s] Level 1:colcon.colcon_core.shell:create_environment_hook('ur_gazebo', 'cmake_prefix_path')
[0.653s] INFO:colcon.colcon_core.shell:Creating environment hook '/home/anand/ur3e_working_reference/install/ur_gazebo/share/ur_gazebo/hook/cmake_prefix_path.ps1'
[0.653s] INFO:colcon.colcon_core.shell:Creating environment descriptor '/home/anand/ur3e_working_reference/install/ur_gazebo/share/ur_gazebo/hook/cmake_prefix_path.dsv'
[0.654s] INFO:colcon.colcon_core.shell:Creating environment hook '/home/anand/ur3e_working_reference/install/ur_gazebo/share/ur_gazebo/hook/cmake_prefix_path.sh'
[0.654s] Level 1:colcon.colcon_core.environment:checking '/home/anand/ur3e_working_reference/install/ur_gazebo/bin'
[0.654s] Level 1:colcon.colcon_core.environment:checking '/home/anand/ur3e_working_reference/install/ur_gazebo/lib/pkgconfig/ur_gazebo.pc'
[0.654s] Level 1:colcon.colcon_core.environment:checking '/home/anand/ur3e_working_reference/install/ur_gazebo/lib/python3.12/site-packages'
[0.654s] Level 1:colcon.colcon_core.environment:checking '/home/anand/ur3e_working_reference/install/ur_gazebo/bin'
[0.655s] INFO:colcon.colcon_core.shell:Creating package script '/home/anand/ur3e_working_reference/install/ur_gazebo/share/ur_gazebo/package.ps1'
[0.655s] INFO:colcon.colcon_core.shell:Creating package descriptor '/home/anand/ur3e_working_reference/install/ur_gazebo/share/ur_gazebo/package.dsv'
[0.656s] INFO:colcon.colcon_core.shell:Creating package script '/home/anand/ur3e_working_reference/install/ur_gazebo/share/ur_gazebo/package.sh'
[0.656s] INFO:colcon.colcon_core.shell:Creating package script '/home/anand/ur3e_working_reference/install/ur_gazebo/share/ur_gazebo/package.bash'
[0.657s] INFO:colcon.colcon_core.shell:Creating package script '/home/anand/ur3e_working_reference/install/ur_gazebo/share/ur_gazebo/package.zsh'
[0.657s] Level 1:colcon.colcon_core.environment:create_file_with_runtime_dependencies(/home/anand/ur3e_working_reference/install/ur_gazebo/share/colcon-core/packages/ur_gazebo)
[1.097s] DEBUG:colcon.colcon_core.event_handler.log_command:Invoking command in '/home/anand/ur3e_working_reference/src/ur3e_sorting': DEBUGINFOD_URLS=https://debuginfod.ubuntu.com PYTHONPATH=/home/anand/ur3e_working_reference/build/ur3e_sorting/prefix_override:/usr/lib/python3/dist-packages/colcon_core/task/python/colcon_distutils_commands:/home/anand/ur3e_working_reference/install/ur3e_sorting/lib/python3.12/site-packages:${PYTHONPATH} /usr/bin/python3 -W ignore:setup.py install is deprecated -W ignore:easy_install command is deprecated setup.py egg_info --egg-base ../../build/ur3e_sorting build --build-base /home/anand/ur3e_working_reference/build/ur3e_sorting/build install --record /home/anand/ur3e_working_reference/build/ur3e_sorting/install.log --single-version-externally-managed install_data
[1.552s] Level 1:colcon.colcon_core.environment:checking '/home/anand/ur3e_working_reference/install/ur3e_sorting' for CMake module files
[1.553s] DEBUG:colcon.colcon_core.event_handler.log_command:Invoked command in '/home/anand/ur3e_working_reference/src/ur3e_sorting' returned '0': DEBUGINFOD_URLS=https://debuginfod.ubuntu.com PYTHONPATH=/home/anand/ur3e_working_reference/build/ur3e_sorting/prefix_override:/usr/lib/python3/dist-packages/colcon_core/task/python/colcon_distutils_commands:/home/anand/ur3e_working_reference/install/ur3e_sorting/lib/python3.12/site-packages:${PYTHONPATH} /usr/bin/python3 -W ignore:setup.py install is deprecated -W ignore:easy_install command is deprecated setup.py egg_info --egg-base ../../build/ur3e_sorting build --build-base /home/anand/ur3e_working_reference/build/ur3e_sorting/build install --record /home/anand/ur3e_working_reference/build/ur3e_sorting/install.log --single-version-externally-managed install_data
[1.553s] Level 1:colcon.colcon_core.environment:checking '/home/anand/ur3e_working_reference/install/ur3e_sorting' for CMake config files
[1.553s] Level 1:colcon.colcon_core.environment:checking '/home/anand/ur3e_working_reference/install/ur3e_sorting/lib'
[1.554s] Level 1:colcon.colcon_core.environment:checking '/home/anand/ur3e_working_reference/install/ur3e_sorting/bin'
[1.554s] Level 1:colcon.colcon_core.environment:checking '/home/anand/ur3e_working_reference/install/ur3e_sorting/lib/pkgconfig/ur3e_sorting.pc'
[1.554s] Level 1:colcon.colcon_core.environment:checking '/home/anand/ur3e_working_reference/install/ur3e_sorting/lib/python3.12/site-packages'
[1.554s] Level 1:colcon.colcon_core.shell:create_environment_hook('ur3e_sorting', 'pythonpath')
[1.554s] INFO:colcon.colcon_core.shell:Creating environment hook '/home/anand/ur3e_working_reference/install/ur3e_sorting/share/ur3e_sorting/hook/pythonpath.ps1'
[1.554s] INFO:colcon.colcon_core.shell:Creating environment descriptor '/home/anand/ur3e_working_reference/install/ur3e_sorting/share/ur3e_sorting/hook/pythonpath.dsv'
[1.555s] INFO:colcon.colcon_core.shell:Creating environment hook '/home/anand/ur3e_working_reference/install/ur3e_sorting/share/ur3e_sorting/hook/pythonpath.sh'
[1.555s] Level 1:colcon.colcon_core.environment:checking '/home/anand/ur3e_working_reference/install/ur3e_sorting/bin'
[1.555s] Level 1:colcon.colcon_core.environment:create_environment_scripts_only(ur3e_sorting)
[1.555s] INFO:colcon.colcon_core.shell:Creating package script '/home/anand/ur3e_working_reference/install/ur3e_sorting/share/ur3e_sorting/package.ps1'
[1.556s] INFO:colcon.colcon_core.shell:Creating package descriptor '/home/anand/ur3e_working_reference/install/ur3e_sorting/share/ur3e_sorting/package.dsv'
[1.556s] INFO:colcon.colcon_core.shell:Creating package script '/home/anand/ur3e_working_reference/install/ur3e_sorting/share/ur3e_sorting/package.sh'
[1.557s] INFO:colcon.colcon_core.shell:Creating package script '/home/anand/ur3e_working_reference/install/ur3e_sorting/share/ur3e_sorting/package.bash'
[1.557s] INFO:colcon.colcon_core.shell:Creating package script '/home/anand/ur3e_working_reference/install/ur3e_sorting/share/ur3e_sorting/package.zsh'
[1.557s] Level 1:colcon.colcon_core.environment:create_file_with_runtime_dependencies(/home/anand/ur3e_working_reference/install/ur3e_sorting/share/colcon-core/packages/ur3e_sorting)
[1.557s] DEBUG:colcon.colcon_parallel_executor.executor.parallel:closing loop
[1.558s] DEBUG:colcon.colcon_parallel_executor.executor.parallel:loop closed
[1.558s] DEBUG:colcon.colcon_parallel_executor.executor.parallel:run_until_complete finished with '0'
[1.558s] DEBUG:colcon.colcon_core.event_reactor:joining thread
[1.564s] INFO:colcon.colcon_core.plugin_system:Skipping extension 'colcon_notification.desktop_notification.terminal_notifier': Not used on non-Darwin systems
[1.564s] INFO:colcon.colcon_core.plugin_system:Skipping extension 'colcon_notification.desktop_notification.win32': Not used on non-Windows systems
[1.564s] INFO:colcon.colcon_notification.desktop_notification:Sending desktop notification using 'notify2'
[1.571s] DEBUG:colcon.colcon_core.event_reactor:joined thread
[1.572s] INFO:colcon.colcon_core.shell:Creating prefix script '/home/anand/ur3e_working_reference/install/local_setup.ps1'
[1.572s] INFO:colcon.colcon_core.shell:Creating prefix util module '/home/anand/ur3e_working_reference/install/_local_setup_util_ps1.py'
[1.574s] INFO:colcon.colcon_core.shell:Creating prefix chain script '/home/anand/ur3e_working_reference/install/setup.ps1'
[1.575s] INFO:colcon.colcon_core.shell:Creating prefix script '/home/anand/ur3e_working_reference/install/local_setup.sh'
[1.576s] INFO:colcon.colcon_core.shell:Creating prefix util module '/home/anand/ur3e_working_reference/install/_local_setup_util_sh.py'
[1.576s] INFO:colcon.colcon_core.shell:Creating prefix chain script '/home/anand/ur3e_working_reference/install/setup.sh'
[1.577s] INFO:colcon.colcon_core.shell:Creating prefix script '/home/anand/ur3e_working_reference/install/local_setup.bash'
[1.577s] INFO:colcon.colcon_core.shell:Creating prefix chain script '/home/anand/ur3e_working_reference/install/setup.bash'
[1.579s] INFO:colcon.colcon_core.shell:Creating prefix script '/home/anand/ur3e_working_reference/install/local_setup.zsh'
[1.579s] INFO:colcon.colcon_core.shell:Creating prefix chain script '/home/anand/ur3e_working_reference/install/setup.zsh'
