running egg_info
writing ../../build/ur3e_sorting/ur3e_sorting.egg-info/PKG-INFO
writing dependency_links to ../../build/ur3e_sorting/ur3e_sorting.egg-info/dependency_links.txt
writing entry points to ../../build/ur3e_sorting/ur3e_sorting.egg-info/entry_points.txt
writing requirements to ../../build/ur3e_sorting/ur3e_sorting.egg-info/requires.txt
writing top-level names to ../../build/ur3e_sorting/ur3e_sorting.egg-info/top_level.txt
reading manifest file '../../build/ur3e_sorting/ur3e_sorting.egg-info/SOURCES.txt'
writing manifest file '../../build/ur3e_sorting/ur3e_sorting.egg-info/SOURCES.txt'
running build
running build_py
running install
running install_lib
byte-compiling /home/anand/ur3e_working_reference/install/ur3e_sorting/lib/python3.12/site-packages/ur3e_sorting/sorting_node.py to sorting_node.cpython-312.pyc
running install_data
running install_egg_info
removing '/home/anand/ur3e_working_reference/install/ur3e_sorting/lib/python3.12/site-packages/ur3e_sorting-0.0.0-py3.12.egg-info' (and everything under it)
Copying ../../build/ur3e_sorting/ur3e_sorting.egg-info to /home/anand/ur3e_working_reference/install/ur3e_sorting/lib/python3.12/site-packages/ur3e_sorting-0.0.0-py3.12.egg-info
running install_scripts
Installing locator_verification_node script to /home/anand/ur3e_working_reference/install/ur3e_sorting/lib/ur3e_sorting
Installing perception_node script to /home/anand/ur3e_working_reference/install/ur3e_sorting/lib/ur3e_sorting
Installing sorting_node script to /home/anand/ur3e_working_reference/install/ur3e_sorting/lib/ur3e_sorting
Installing test_moveit script to /home/anand/ur3e_working_reference/install/ur3e_sorting/lib/ur3e_sorting
Installing yolo_detector script to /home/anand/ur3e_working_reference/install/ur3e_sorting/lib/ur3e_sorting
writing list of installed files to '/home/anand/ur3e_working_reference/build/ur3e_sorting/install.log'
