[0.720s] Invoking command in '/home/anand/ur3e_working_reference/build/ur3e_sorting': DEBUGINFOD_URLS=https://debuginfod.ubuntu.com PYTHONPATH=/home/anand/ur3e_working_reference/build/ur3e_sorting/prefix_override:/usr/lib/python3/dist-packages/colcon_core/task/python/colcon_distutils_commands:/home/anand/ur3e_working_reference/install/ur3e_sorting/lib/python3.12/site-packages:${PYTHONPATH} /usr/bin/python3 -W ignore:setup.py install is deprecated -W ignore:easy_install command is deprecated setup.py develop --editable --build-directory /home/anand/ur3e_working_reference/build/ur3e_sorting/build --no-deps symlink_data --force
[0.989s] running develop
[1.223s] running egg_info
[1.247s] writing ur3e_sorting.egg-info/PKG-INFO
[1.248s] writing dependency_links to ur3e_sorting.egg-info/dependency_links.txt
[1.249s] writing entry points to ur3e_sorting.egg-info/entry_points.txt
[1.250s] writing requirements to ur3e_sorting.egg-info/requires.txt
[1.250s] writing top-level names to ur3e_sorting.egg-info/top_level.txt
[1.321s] reading manifest file 'ur3e_sorting.egg-info/SOURCES.txt'
[1.324s] writing manifest file 'ur3e_sorting.egg-info/SOURCES.txt'
[1.413s] running build_ext
[1.413s] Creating /home/anand/ur3e_working_reference/install/ur3e_sorting/lib/python3.12/site-packages/ur3e-sorting.egg-link (link to .)
[1.413s] Installing automation_node script to /home/anand/ur3e_working_reference/install/ur3e_sorting/lib/ur3e_sorting
[1.420s] Installing detector_node script to /home/anand/ur3e_working_reference/install/ur3e_sorting/lib/ur3e_sorting
[1.420s] Installing locator_verification_node script to /home/anand/ur3e_working_reference/install/ur3e_sorting/lib/ur3e_sorting
[1.420s] Installing perception_node script to /home/anand/ur3e_working_reference/install/ur3e_sorting/lib/ur3e_sorting
[1.420s] Installing pick_and_place_demo script to /home/anand/ur3e_working_reference/install/ur3e_sorting/lib/ur3e_sorting
[1.420s] Installing sorting_node script to /home/anand/ur3e_working_reference/install/ur3e_sorting/lib/ur3e_sorting
[1.420s] Installing test_moveit script to /home/anand/ur3e_working_reference/install/ur3e_sorting/lib/ur3e_sorting
[1.420s] Installing yolo_detector script to /home/anand/ur3e_working_reference/install/ur3e_sorting/lib/ur3e_sorting
[1.421s] 
[1.421s] Installed /home/anand/ur3e_working_reference/build/ur3e_sorting
[1.421s] running symlink_data
[1.421s] symbolically linking /home/anand/ur3e_working_reference/build/ur3e_sorting/resource/ur3e_sorting -> /home/anand/ur3e_working_reference/install/ur3e_sorting/share/ament_index/resource_index/packages
[1.421s] symbolically linking /home/anand/ur3e_working_reference/build/ur3e_sorting/package.xml -> /home/anand/ur3e_working_reference/install/ur3e_sorting/share/ur3e_sorting
[1.421s] symbolically linking /home/anand/ur3e_working_reference/build/ur3e_sorting/launch/automation.launch.py -> /home/anand/ur3e_working_reference/install/ur3e_sorting/share/ur3e_sorting/launch
[1.421s] symbolically linking /home/anand/ur3e_working_reference/build/ur3e_sorting/launch/simulation.launch.py -> /home/anand/ur3e_working_reference/install/ur3e_sorting/share/ur3e_sorting/launch
[1.421s] symbolically linking /home/anand/ur3e_working_reference/build/ur3e_sorting/launch/debug_rviz.launch.py -> /home/anand/ur3e_working_reference/install/ur3e_sorting/share/ur3e_sorting/launch
[1.421s] symbolically linking /home/anand/ur3e_working_reference/build/ur3e_sorting/launch/sorting_station.launch.py -> /home/anand/ur3e_working_reference/install/ur3e_sorting/share/ur3e_sorting/launch
[1.421s] symbolically linking /home/anand/ur3e_working_reference/build/ur3e_sorting/models/red_cylinder/model.sdf -> /home/anand/ur3e_working_reference/install/ur3e_sorting/share/ur3e_sorting/models/red_cylinder
[1.421s] symbolically linking /home/anand/ur3e_working_reference/build/ur3e_sorting/models/camera/model.sdf -> /home/anand/ur3e_working_reference/install/ur3e_sorting/share/ur3e_sorting/models/camera
[1.523s] Invoked command in '/home/anand/ur3e_working_reference/build/ur3e_sorting' returned '0': DEBUGINFOD_URLS=https://debuginfod.ubuntu.com PYTHONPATH=/home/anand/ur3e_working_reference/build/ur3e_sorting/prefix_override:/usr/lib/python3/dist-packages/colcon_core/task/python/colcon_distutils_commands:/home/anand/ur3e_working_reference/install/ur3e_sorting/lib/python3.12/site-packages:${PYTHONPATH} /usr/bin/python3 -W ignore:setup.py install is deprecated -W ignore:easy_install command is deprecated setup.py develop --editable --build-directory /home/anand/ur3e_working_reference/build/ur3e_sorting/build --no-deps symlink_data --force
