[0.027s] Invoking command in '/home/anand/ur3e_working_reference/build/robotiq_2f_gripper_msgs': CMAKE_PREFIX_PATH=${CMAKE_PREFIX_PATH}:/home/anand/ur3e_working_reference/install/ur3e_sorting:/home/anand/install/motion_model_comparison:/opt/ros/jazzy DEBUGINFOD_URLS=https://debuginfod.ubuntu.com /usr/bin/cmake /home/anand/ur3e_working_reference/src/robotiq_2f_gripper_ros2/robotiq_2f_gripper_msgs -DCMAKE_INSTALL_PREFIX=/home/anand/ur3e_working_reference/install/robotiq_2f_gripper_msgs
[0.179s] -- The C compiler identification is GNU 13.3.0
[0.179s] -- The CXX compiler identification is GNU 13.3.0
[0.179s] -- Detecting C compiler ABI info
[0.179s] -- Detecting C compiler ABI info - done
[0.179s] -- Check for working C compiler: /usr/bin/cc - skipped
[0.179s] -- Detecting C compile features
[0.179s] -- Detecting C compile features - done
[0.179s] -- Detecting CXX compiler ABI info
[0.237s] -- Detecting CXX compiler ABI info - done
[0.243s] -- Check for working CXX compiler: /usr/bin/c++ - skipped
[0.243s] -- Detecting CXX compile features
[0.243s] -- Detecting CXX compile features - done
[0.246s] -- Found ament_cmake: 2.5.4 (/opt/ros/jazzy/share/ament_cmake/cmake)
[0.352s] -- Found Python3: /usr/bin/python3 (found version "3.12.3") found components: Interpreter 
[0.460s] -- Found rosidl_default_generators: 1.6.0 (/opt/ros/jazzy/share/rosidl_default_generators/cmake)
[0.471s] -- Using all available rosidl_typesupport_c: rosidl_typesupport_fastrtps_c;rosidl_typesupport_introspection_c
[0.529s] -- Using all available rosidl_typesupport_cpp: rosidl_typesupport_fastrtps_cpp;rosidl_typesupport_introspection_cpp
[0.565s] -- Found rosidl_adapter: 4.6.6 (/opt/ros/jazzy/share/rosidl_adapter/cmake)
[0.569s] -- Found std_msgs: 5.3.6 (/opt/ros/jazzy/share/std_msgs/cmake)
[0.596s] -- Found unique_identifier_msgs: 2.5.0 (/opt/ros/jazzy/share/unique_identifier_msgs/cmake)
[1.118s] -- Found ament_cmake_ros: 0.12.0 (/opt/ros/jazzy/share/ament_cmake_ros/cmake)
[1.470s] -- Using all available rosidl_typesupport_c: rosidl_typesupport_fastrtps_c;rosidl_typesupport_introspection_c
[1.880s] -- Using all available rosidl_typesupport_cpp: rosidl_typesupport_fastrtps_cpp;rosidl_typesupport_introspection_cpp
[1.882s] -- Found python_cmake_module: 0.11.1 (/opt/ros/jazzy/share/python_cmake_module/cmake)
[1.972s] -- Found PythonExtra: /usr/bin/python3  
[2.468s] -- Found Python3: /usr/bin/python3 (found version "3.12.3") found components: Interpreter Development NumPy Development.Module Development.Embed 
[2.507s] -- Found ament_lint_auto: 0.17.3 (/opt/ros/jazzy/share/ament_lint_auto/cmake)
[2.527s] -- Added test 'lint_cmake' to check CMake code style
[2.528s] -- Added test 'xmllint' to check XML markup files
[2.530s] -- Configuring done (2.5s)
[2.556s] -- Generating done (0.0s)
[2.566s] -- Build files have been written to: /home/anand/ur3e_working_reference/build/robotiq_2f_gripper_msgs
[2.575s] Invoked command in '/home/anand/ur3e_working_reference/build/robotiq_2f_gripper_msgs' returned '0': CMAKE_PREFIX_PATH=${CMAKE_PREFIX_PATH}:/home/anand/ur3e_working_reference/install/ur3e_sorting:/home/anand/install/motion_model_comparison:/opt/ros/jazzy DEBUGINFOD_URLS=https://debuginfod.ubuntu.com /usr/bin/cmake /home/anand/ur3e_working_reference/src/robotiq_2f_gripper_ros2/robotiq_2f_gripper_msgs -DCMAKE_INSTALL_PREFIX=/home/anand/ur3e_working_reference/install/robotiq_2f_gripper_msgs
[2.576s] Invoking command in '/home/anand/ur3e_working_reference/build/robotiq_2f_gripper_msgs': CMAKE_PREFIX_PATH=${CMAKE_PREFIX_PATH}:/home/anand/ur3e_working_reference/install/ur3e_sorting:/home/anand/install/motion_model_comparison:/opt/ros/jazzy DEBUGINFOD_URLS=https://debuginfod.ubuntu.com /usr/bin/cmake --build /home/anand/ur3e_working_reference/build/robotiq_2f_gripper_msgs -- -j16 -l16
[2.632s] [  2%] [34m[1mGenerating type hashes for ROS interfaces[0m
[2.636s] [  2%] Built target ament_cmake_python_copy_robotiq_2f_gripper_msgs
[2.807s] running egg_info
[2.810s] creating robotiq_2f_gripper_msgs.egg-info
[2.823s] writing robotiq_2f_gripper_msgs.egg-info/PKG-INFO
[2.824s] writing dependency_links to robotiq_2f_gripper_msgs.egg-info/dependency_links.txt
[2.824s] writing top-level names to robotiq_2f_gripper_msgs.egg-info/top_level.txt
[2.824s] writing manifest file 'robotiq_2f_gripper_msgs.egg-info/SOURCES.txt'
[2.862s] reading manifest file 'robotiq_2f_gripper_msgs.egg-info/SOURCES.txt'
[2.862s] writing manifest file 'robotiq_2f_gripper_msgs.egg-info/SOURCES.txt'
[2.883s] [  2%] Built target robotiq_2f_gripper_msgs__rosidl_generator_type_description
[2.884s] [  2%] Built target ament_cmake_python_build_robotiq_2f_gripper_msgs_egg
[2.893s] [  5%] [34m[1mGenerating C code for ROS interfaces[0m
[2.900s] [  8%] [34m[1mGenerating C++ code for ROS interfaces[0m
[3.174s] [  8%] Built target robotiq_2f_gripper_msgs__cpp
[3.200s] [ 14%] [32mBuilding C object CMakeFiles/robotiq_2f_gripper_msgs__rosidl_generator_c.dir/rosidl_generator_c/robotiq_2f_gripper_msgs/action/detail/move_two_finger_gripper__functions.c.o[0m
[3.200s] [ 14%] [32mBuilding C object CMakeFiles/robotiq_2f_gripper_msgs__rosidl_generator_c.dir/rosidl_generator_c/robotiq_2f_gripper_msgs/action/detail/move_two_finger_gripper__type_support.c.o[0m
[3.201s] [ 17%] [32mBuilding C object CMakeFiles/robotiq_2f_gripper_msgs__rosidl_generator_c.dir/rosidl_generator_c/robotiq_2f_gripper_msgs/action/detail/move_two_finger_gripper__description.c.o[0m
[3.299s] [ 20%] [32m[1mLinking C shared library librobotiq_2f_gripper_msgs__rosidl_generator_c.so[0m
[3.326s] [ 20%] Built target robotiq_2f_gripper_msgs__rosidl_generator_c
[3.333s] [ 29%] [34m[1mGenerating C++ introspection for ROS interfaces[0m
[3.333s] [ 29%] [34m[1mGenerating C++ type support for eProsima Fast-RTPS[0m
[3.334s] [ 29%] [34m[1mGenerating C introspection for ROS interfaces[0m
[3.334s] [ 32%] [34m[1mGenerating C type support dispatch for ROS interfaces[0m
[3.334s] [ 38%] [34m[1mGenerating C++ type support dispatch for ROS interfaces[0m
[3.334s] [ 38%] [34m[1mGenerating C type support for eProsima Fast-RTPS[0m
[3.562s] [ 41%] [32mBuilding CXX object CMakeFiles/robotiq_2f_gripper_msgs__rosidl_typesupport_c.dir/rosidl_typesupport_c/robotiq_2f_gripper_msgs/action/move_two_finger_gripper__type_support.cpp.o[0m
[3.563s] [ 44%] [32mBuilding CXX object CMakeFiles/robotiq_2f_gripper_msgs__rosidl_typesupport_cpp.dir/rosidl_typesupport_cpp/robotiq_2f_gripper_msgs/action/move_two_finger_gripper__type_support.cpp.o[0m
[3.613s] [ 50%] [32m[1mLinking CXX shared library librobotiq_2f_gripper_msgs__rosidl_typesupport_c.so[0m
[3.613s] [ 50%] [32mBuilding C object CMakeFiles/robotiq_2f_gripper_msgs__rosidl_typesupport_introspection_c.dir/rosidl_typesupport_introspection_c/robotiq_2f_gripper_msgs/action/detail/move_two_finger_gripper__type_support.c.o[0m
[3.644s] [ 50%] Built target robotiq_2f_gripper_msgs__rosidl_typesupport_c
[3.660s] [ 52%] [32mBuilding CXX object CMakeFiles/robotiq_2f_gripper_msgs__rosidl_typesupport_fastrtps_cpp.dir/rosidl_typesupport_fastrtps_cpp/robotiq_2f_gripper_msgs/action/detail/dds_fastrtps/move_two_finger_gripper__type_support.cpp.o[0m
[3.660s] [ 55%] [32m[1mLinking C shared library librobotiq_2f_gripper_msgs__rosidl_typesupport_introspection_c.so[0m
[3.681s] [ 58%] [32mBuilding CXX object CMakeFiles/robotiq_2f_gripper_msgs__rosidl_typesupport_fastrtps_c.dir/rosidl_typesupport_fastrtps_c/robotiq_2f_gripper_msgs/action/detail/move_two_finger_gripper__type_support_c.cpp.o[0m
[3.683s] [ 58%] Built target robotiq_2f_gripper_msgs__rosidl_typesupport_introspection_c
[3.684s] [ 61%] [32mBuilding CXX object CMakeFiles/robotiq_2f_gripper_msgs__rosidl_typesupport_introspection_cpp.dir/rosidl_typesupport_introspection_cpp/robotiq_2f_gripper_msgs/action/detail/move_two_finger_gripper__type_support.cpp.o[0m
[3.994s] [ 64%] [32m[1mLinking CXX shared library librobotiq_2f_gripper_msgs__rosidl_typesupport_cpp.so[0m
[4.021s] [ 67%] [32m[1mLinking CXX shared library librobotiq_2f_gripper_msgs__rosidl_typesupport_fastrtps_c.so[0m
[4.075s] [ 67%] Built target robotiq_2f_gripper_msgs__rosidl_typesupport_cpp
[4.085s] [ 67%] Built target robotiq_2f_gripper_msgs__rosidl_typesupport_fastrtps_c
[4.113s] [ 70%] [32m[1mLinking CXX shared library librobotiq_2f_gripper_msgs__rosidl_typesupport_introspection_cpp.so[0m
[4.166s] [ 70%] Built target robotiq_2f_gripper_msgs__rosidl_typesupport_introspection_cpp
[4.252s] [ 73%] [32m[1mLinking CXX shared library librobotiq_2f_gripper_msgs__rosidl_typesupport_fastrtps_cpp.so[0m
[4.302s] [ 73%] Built target robotiq_2f_gripper_msgs__rosidl_typesupport_fastrtps_cpp
[4.320s] [ 73%] Built target robotiq_2f_gripper_msgs
[4.335s] [ 76%] [34m[1mGenerating Python code for ROS interfaces[0m
[4.738s] [ 76%] Built target robotiq_2f_gripper_msgs__py
[4.752s] [ 79%] [32mBuilding C object CMakeFiles/robotiq_2f_gripper_msgs__rosidl_generator_py.dir/rosidl_generator_py/robotiq_2f_gripper_msgs/action/_move_two_finger_gripper_s.c.o[0m
[4.868s] [ 82%] [32m[1mLinking C shared library librobotiq_2f_gripper_msgs__rosidl_generator_py.so[0m
[4.903s] [ 82%] Built target robotiq_2f_gripper_msgs__rosidl_generator_py
[4.917s] [ 88%] [32mBuilding C object CMakeFiles/robotiq_2f_gripper_msgs_s__rosidl_typesupport_fastrtps_c.dir/rosidl_generator_py/robotiq_2f_gripper_msgs/_robotiq_2f_gripper_msgs_s.ep.rosidl_typesupport_fastrtps_c.c.o[0m
[4.917s] [ 88%] [32mBuilding C object CMakeFiles/robotiq_2f_gripper_msgs_s__rosidl_typesupport_c.dir/rosidl_generator_py/robotiq_2f_gripper_msgs/_robotiq_2f_gripper_msgs_s.ep.rosidl_typesupport_c.c.o[0m
[4.918s] [ 91%] [32mBuilding C object CMakeFiles/robotiq_2f_gripper_msgs_s__rosidl_typesupport_introspection_c.dir/rosidl_generator_py/robotiq_2f_gripper_msgs/_robotiq_2f_gripper_msgs_s.ep.rosidl_typesupport_introspection_c.c.o[0m
[4.990s] [ 94%] [32m[1mLinking C shared module rosidl_generator_py/robotiq_2f_gripper_msgs/robotiq_2f_gripper_msgs_s__rosidl_typesupport_fastrtps_c.so[0m
[4.992s] [100%] [32m[1mLinking C shared module rosidl_generator_py/robotiq_2f_gripper_msgs/robotiq_2f_gripper_msgs_s__rosidl_typesupport_c.so[0m
[4.992s] [100%] [32m[1mLinking C shared module rosidl_generator_py/robotiq_2f_gripper_msgs/robotiq_2f_gripper_msgs_s__rosidl_typesupport_introspection_c.so[0m
[5.012s] [100%] Built target robotiq_2f_gripper_msgs_s__rosidl_typesupport_fastrtps_c
[5.014s] [100%] Built target robotiq_2f_gripper_msgs_s__rosidl_typesupport_c
[5.015s] [100%] Built target robotiq_2f_gripper_msgs_s__rosidl_typesupport_introspection_c
[5.023s] Invoked command in '/home/anand/ur3e_working_reference/build/robotiq_2f_gripper_msgs' returned '0': CMAKE_PREFIX_PATH=${CMAKE_PREFIX_PATH}:/home/anand/ur3e_working_reference/install/ur3e_sorting:/home/anand/install/motion_model_comparison:/opt/ros/jazzy DEBUGINFOD_URLS=https://debuginfod.ubuntu.com /usr/bin/cmake --build /home/anand/ur3e_working_reference/build/robotiq_2f_gripper_msgs -- -j16 -l16
[5.024s] Invoking command in '/home/anand/ur3e_working_reference/build/robotiq_2f_gripper_msgs': CMAKE_PREFIX_PATH=${CMAKE_PREFIX_PATH}:/home/anand/ur3e_working_reference/install/ur3e_sorting:/home/anand/install/motion_model_comparison:/opt/ros/jazzy DEBUGINFOD_URLS=https://debuginfod.ubuntu.com /usr/bin/cmake --install /home/anand/ur3e_working_reference/build/robotiq_2f_gripper_msgs
[5.030s] -- Install configuration: ""
[5.030s] -- Installing: /home/anand/ur3e_working_reference/install/robotiq_2f_gripper_msgs/share/ament_index/resource_index/rosidl_interfaces/robotiq_2f_gripper_msgs
[5.030s] -- Installing: /home/anand/ur3e_working_reference/install/robotiq_2f_gripper_msgs/share/robotiq_2f_gripper_msgs/action/MoveTwoFingerGripper.json
[5.030s] -- Installing: /home/anand/ur3e_working_reference/install/robotiq_2f_gripper_msgs/include/robotiq_2f_gripper_msgs/robotiq_2f_gripper_msgs
[5.030s] -- Installing: /home/anand/ur3e_working_reference/install/robotiq_2f_gripper_msgs/include/robotiq_2f_gripper_msgs/robotiq_2f_gripper_msgs/action
[5.030s] -- Installing: /home/anand/ur3e_working_reference/install/robotiq_2f_gripper_msgs/include/robotiq_2f_gripper_msgs/robotiq_2f_gripper_msgs/action/move_two_finger_gripper.h
[5.030s] -- Installing: /home/anand/ur3e_working_reference/install/robotiq_2f_gripper_msgs/include/robotiq_2f_gripper_msgs/robotiq_2f_gripper_msgs/action/detail
[5.030s] -- Installing: /home/anand/ur3e_working_reference/install/robotiq_2f_gripper_msgs/include/robotiq_2f_gripper_msgs/robotiq_2f_gripper_msgs/action/detail/move_two_finger_gripper__type_support.c
[5.030s] -- Installing: /home/anand/ur3e_working_reference/install/robotiq_2f_gripper_msgs/include/robotiq_2f_gripper_msgs/robotiq_2f_gripper_msgs/action/detail/move_two_finger_gripper__functions.c
[5.030s] -- Installing: /home/anand/ur3e_working_reference/install/robotiq_2f_gripper_msgs/include/robotiq_2f_gripper_msgs/robotiq_2f_gripper_msgs/action/detail/move_two_finger_gripper__struct.h
[5.030s] -- Installing: /home/anand/ur3e_working_reference/install/robotiq_2f_gripper_msgs/include/robotiq_2f_gripper_msgs/robotiq_2f_gripper_msgs/action/detail/move_two_finger_gripper__description.c
[5.030s] -- Installing: /home/anand/ur3e_working_reference/install/robotiq_2f_gripper_msgs/include/robotiq_2f_gripper_msgs/robotiq_2f_gripper_msgs/action/detail/move_two_finger_gripper__functions.h
[5.030s] -- Installing: /home/anand/ur3e_working_reference/install/robotiq_2f_gripper_msgs/include/robotiq_2f_gripper_msgs/robotiq_2f_gripper_msgs/action/detail/move_two_finger_gripper__type_support.h
[5.030s] -- Installing: /home/anand/ur3e_working_reference/install/robotiq_2f_gripper_msgs/include/robotiq_2f_gripper_msgs/robotiq_2f_gripper_msgs/msg
[5.030s] -- Installing: /home/anand/ur3e_working_reference/install/robotiq_2f_gripper_msgs/include/robotiq_2f_gripper_msgs/robotiq_2f_gripper_msgs/msg/rosidl_generator_c__visibility_control.h
[5.031s] -- Installing: /home/anand/ur3e_working_reference/install/robotiq_2f_gripper_msgs/share/robotiq_2f_gripper_msgs/environment/library_path.sh
[5.031s] -- Installing: /home/anand/ur3e_working_reference/install/robotiq_2f_gripper_msgs/share/robotiq_2f_gripper_msgs/environment/library_path.dsv
[5.031s] -- Installing: /home/anand/ur3e_working_reference/install/robotiq_2f_gripper_msgs/lib/librobotiq_2f_gripper_msgs__rosidl_generator_c.so
[5.031s] -- Set non-toolchain portion of runtime path of "/home/anand/ur3e_working_reference/install/robotiq_2f_gripper_msgs/lib/librobotiq_2f_gripper_msgs__rosidl_generator_c.so" to ""
[5.031s] -- Up-to-date: /home/anand/ur3e_working_reference/install/robotiq_2f_gripper_msgs/include/robotiq_2f_gripper_msgs/robotiq_2f_gripper_msgs
[5.031s] -- Up-to-date: /home/anand/ur3e_working_reference/install/robotiq_2f_gripper_msgs/include/robotiq_2f_gripper_msgs/robotiq_2f_gripper_msgs/action
[5.031s] -- Up-to-date: /home/anand/ur3e_working_reference/install/robotiq_2f_gripper_msgs/include/robotiq_2f_gripper_msgs/robotiq_2f_gripper_msgs/action/detail
[5.031s] -- Installing: /home/anand/ur3e_working_reference/install/robotiq_2f_gripper_msgs/include/robotiq_2f_gripper_msgs/robotiq_2f_gripper_msgs/action/detail/move_two_finger_gripper__rosidl_typesupport_fastrtps_c.h
[5.031s] -- Up-to-date: /home/anand/ur3e_working_reference/install/robotiq_2f_gripper_msgs/include/robotiq_2f_gripper_msgs/robotiq_2f_gripper_msgs/msg
[5.031s] -- Installing: /home/anand/ur3e_working_reference/install/robotiq_2f_gripper_msgs/include/robotiq_2f_gripper_msgs/robotiq_2f_gripper_msgs/msg/rosidl_typesupport_fastrtps_c__visibility_control.h
[5.031s] -- Installing: /home/anand/ur3e_working_reference/install/robotiq_2f_gripper_msgs/lib/librobotiq_2f_gripper_msgs__rosidl_typesupport_fastrtps_c.so
[5.031s] -- Set non-toolchain portion of runtime path of "/home/anand/ur3e_working_reference/install/robotiq_2f_gripper_msgs/lib/librobotiq_2f_gripper_msgs__rosidl_typesupport_fastrtps_c.so" to ""
[5.031s] -- Up-to-date: /home/anand/ur3e_working_reference/install/robotiq_2f_gripper_msgs/include/robotiq_2f_gripper_msgs/robotiq_2f_gripper_msgs
[5.031s] -- Up-to-date: /home/anand/ur3e_working_reference/install/robotiq_2f_gripper_msgs/include/robotiq_2f_gripper_msgs/robotiq_2f_gripper_msgs/action
[5.031s] -- Up-to-date: /home/anand/ur3e_working_reference/install/robotiq_2f_gripper_msgs/include/robotiq_2f_gripper_msgs/robotiq_2f_gripper_msgs/action/detail
[5.031s] -- Up-to-date: /home/anand/ur3e_working_reference/install/robotiq_2f_gripper_msgs/include/robotiq_2f_gripper_msgs/robotiq_2f_gripper_msgs/action/detail/move_two_finger_gripper__type_support.c
[5.031s] -- Installing: /home/anand/ur3e_working_reference/install/robotiq_2f_gripper_msgs/include/robotiq_2f_gripper_msgs/robotiq_2f_gripper_msgs/action/detail/move_two_finger_gripper__rosidl_typesupport_introspection_c.h
[5.031s] -- Up-to-date: /home/anand/ur3e_working_reference/install/robotiq_2f_gripper_msgs/include/robotiq_2f_gripper_msgs/robotiq_2f_gripper_msgs/msg
[5.031s] -- Installing: /home/anand/ur3e_working_reference/install/robotiq_2f_gripper_msgs/include/robotiq_2f_gripper_msgs/robotiq_2f_gripper_msgs/msg/rosidl_typesupport_introspection_c__visibility_control.h
[5.031s] -- Installing: /home/anand/ur3e_working_reference/install/robotiq_2f_gripper_msgs/lib/librobotiq_2f_gripper_msgs__rosidl_typesupport_introspection_c.so
[5.032s] -- Set non-toolchain portion of runtime path of "/home/anand/ur3e_working_reference/install/robotiq_2f_gripper_msgs/lib/librobotiq_2f_gripper_msgs__rosidl_typesupport_introspection_c.so" to ""
[5.032s] -- Installing: /home/anand/ur3e_working_reference/install/robotiq_2f_gripper_msgs/lib/librobotiq_2f_gripper_msgs__rosidl_typesupport_c.so
[5.032s] -- Set non-toolchain portion of runtime path of "/home/anand/ur3e_working_reference/install/robotiq_2f_gripper_msgs/lib/librobotiq_2f_gripper_msgs__rosidl_typesupport_c.so" to ""
[5.032s] -- Up-to-date: /home/anand/ur3e_working_reference/install/robotiq_2f_gripper_msgs/include/robotiq_2f_gripper_msgs/robotiq_2f_gripper_msgs
[5.032s] -- Up-to-date: /home/anand/ur3e_working_reference/install/robotiq_2f_gripper_msgs/include/robotiq_2f_gripper_msgs/robotiq_2f_gripper_msgs/action
[5.032s] -- Installing: /home/anand/ur3e_working_reference/install/robotiq_2f_gripper_msgs/include/robotiq_2f_gripper_msgs/robotiq_2f_gripper_msgs/action/move_two_finger_gripper.hpp
[5.032s] -- Up-to-date: /home/anand/ur3e_working_reference/install/robotiq_2f_gripper_msgs/include/robotiq_2f_gripper_msgs/robotiq_2f_gripper_msgs/action/detail
[5.032s] -- Installing: /home/anand/ur3e_working_reference/install/robotiq_2f_gripper_msgs/include/robotiq_2f_gripper_msgs/robotiq_2f_gripper_msgs/action/detail/move_two_finger_gripper__type_support.hpp
[5.032s] -- Installing: /home/anand/ur3e_working_reference/install/robotiq_2f_gripper_msgs/include/robotiq_2f_gripper_msgs/robotiq_2f_gripper_msgs/action/detail/move_two_finger_gripper__traits.hpp
[5.032s] -- Installing: /home/anand/ur3e_working_reference/install/robotiq_2f_gripper_msgs/include/robotiq_2f_gripper_msgs/robotiq_2f_gripper_msgs/action/detail/move_two_finger_gripper__struct.hpp
[5.032s] -- Installing: /home/anand/ur3e_working_reference/install/robotiq_2f_gripper_msgs/include/robotiq_2f_gripper_msgs/robotiq_2f_gripper_msgs/action/detail/move_two_finger_gripper__builder.hpp
[5.032s] -- Up-to-date: /home/anand/ur3e_working_reference/install/robotiq_2f_gripper_msgs/include/robotiq_2f_gripper_msgs/robotiq_2f_gripper_msgs/msg
[5.032s] -- Installing: /home/anand/ur3e_working_reference/install/robotiq_2f_gripper_msgs/include/robotiq_2f_gripper_msgs/robotiq_2f_gripper_msgs/msg/rosidl_generator_cpp__visibility_control.hpp
[5.032s] -- Up-to-date: /home/anand/ur3e_working_reference/install/robotiq_2f_gripper_msgs/include/robotiq_2f_gripper_msgs/robotiq_2f_gripper_msgs
[5.032s] -- Up-to-date: /home/anand/ur3e_working_reference/install/robotiq_2f_gripper_msgs/include/robotiq_2f_gripper_msgs/robotiq_2f_gripper_msgs/action
[5.032s] -- Up-to-date: /home/anand/ur3e_working_reference/install/robotiq_2f_gripper_msgs/include/robotiq_2f_gripper_msgs/robotiq_2f_gripper_msgs/action/detail
[5.032s] -- Installing: /home/anand/ur3e_working_reference/install/robotiq_2f_gripper_msgs/include/robotiq_2f_gripper_msgs/robotiq_2f_gripper_msgs/action/detail/dds_fastrtps
[5.032s] -- Installing: /home/anand/ur3e_working_reference/install/robotiq_2f_gripper_msgs/include/robotiq_2f_gripper_msgs/robotiq_2f_gripper_msgs/action/detail/move_two_finger_gripper__rosidl_typesupport_fastrtps_cpp.hpp
[5.032s] -- Up-to-date: /home/anand/ur3e_working_reference/install/robotiq_2f_gripper_msgs/include/robotiq_2f_gripper_msgs/robotiq_2f_gripper_msgs/msg
[5.032s] -- Installing: /home/anand/ur3e_working_reference/install/robotiq_2f_gripper_msgs/include/robotiq_2f_gripper_msgs/robotiq_2f_gripper_msgs/msg/rosidl_typesupport_fastrtps_cpp__visibility_control.h
[5.032s] -- Installing: /home/anand/ur3e_working_reference/install/robotiq_2f_gripper_msgs/lib/librobotiq_2f_gripper_msgs__rosidl_typesupport_fastrtps_cpp.so
[5.033s] -- Set non-toolchain portion of runtime path of "/home/anand/ur3e_working_reference/install/robotiq_2f_gripper_msgs/lib/librobotiq_2f_gripper_msgs__rosidl_typesupport_fastrtps_cpp.so" to ""
[5.033s] -- Up-to-date: /home/anand/ur3e_working_reference/install/robotiq_2f_gripper_msgs/include/robotiq_2f_gripper_msgs/robotiq_2f_gripper_msgs
[5.033s] -- Up-to-date: /home/anand/ur3e_working_reference/install/robotiq_2f_gripper_msgs/include/robotiq_2f_gripper_msgs/robotiq_2f_gripper_msgs/action
[5.033s] -- Up-to-date: /home/anand/ur3e_working_reference/install/robotiq_2f_gripper_msgs/include/robotiq_2f_gripper_msgs/robotiq_2f_gripper_msgs/action/detail
[5.033s] -- Installing: /home/anand/ur3e_working_reference/install/robotiq_2f_gripper_msgs/include/robotiq_2f_gripper_msgs/robotiq_2f_gripper_msgs/action/detail/move_two_finger_gripper__rosidl_typesupport_introspection_cpp.hpp
[5.033s] -- Installing: /home/anand/ur3e_working_reference/install/robotiq_2f_gripper_msgs/include/robotiq_2f_gripper_msgs/robotiq_2f_gripper_msgs/action/detail/move_two_finger_gripper__type_support.cpp
[5.033s] -- Installing: /home/anand/ur3e_working_reference/install/robotiq_2f_gripper_msgs/lib/librobotiq_2f_gripper_msgs__rosidl_typesupport_introspection_cpp.so
[5.033s] -- Set non-toolchain portion of runtime path of "/home/anand/ur3e_working_reference/install/robotiq_2f_gripper_msgs/lib/librobotiq_2f_gripper_msgs__rosidl_typesupport_introspection_cpp.so" to ""
[5.033s] -- Installing: /home/anand/ur3e_working_reference/install/robotiq_2f_gripper_msgs/lib/librobotiq_2f_gripper_msgs__rosidl_typesupport_cpp.so
[5.033s] -- Set non-toolchain portion of runtime path of "/home/anand/ur3e_working_reference/install/robotiq_2f_gripper_msgs/lib/librobotiq_2f_gripper_msgs__rosidl_typesupport_cpp.so" to ""
[5.033s] -- Installing: /home/anand/ur3e_working_reference/install/robotiq_2f_gripper_msgs/share/robotiq_2f_gripper_msgs/environment/pythonpath.sh
[5.033s] -- Installing: /home/anand/ur3e_working_reference/install/robotiq_2f_gripper_msgs/share/robotiq_2f_gripper_msgs/environment/pythonpath.dsv
[5.033s] -- Installing: /home/anand/ur3e_working_reference/install/robotiq_2f_gripper_msgs/lib/python3.12/site-packages/robotiq_2f_gripper_msgs-0.0.0-py3.12.egg-info
[5.033s] -- Installing: /home/anand/ur3e_working_reference/install/robotiq_2f_gripper_msgs/lib/python3.12/site-packages/robotiq_2f_gripper_msgs-0.0.0-py3.12.egg-info/dependency_links.txt
[5.033s] -- Installing: /home/anand/ur3e_working_reference/install/robotiq_2f_gripper_msgs/lib/python3.12/site-packages/robotiq_2f_gripper_msgs-0.0.0-py3.12.egg-info/PKG-INFO
[5.033s] -- Installing: /home/anand/ur3e_working_reference/install/robotiq_2f_gripper_msgs/lib/python3.12/site-packages/robotiq_2f_gripper_msgs-0.0.0-py3.12.egg-info/top_level.txt
[5.033s] -- Installing: /home/anand/ur3e_working_reference/install/robotiq_2f_gripper_msgs/lib/python3.12/site-packages/robotiq_2f_gripper_msgs-0.0.0-py3.12.egg-info/SOURCES.txt
[5.033s] -- Installing: /home/anand/ur3e_working_reference/install/robotiq_2f_gripper_msgs/lib/python3.12/site-packages/robotiq_2f_gripper_msgs
[5.034s] -- Installing: /home/anand/ur3e_working_reference/install/robotiq_2f_gripper_msgs/lib/python3.12/site-packages/robotiq_2f_gripper_msgs/__init__.py
[5.034s] -- Installing: /home/anand/ur3e_working_reference/install/robotiq_2f_gripper_msgs/lib/python3.12/site-packages/robotiq_2f_gripper_msgs/_robotiq_2f_gripper_msgs_s.ep.rosidl_typesupport_fastrtps_c.c
[5.034s] -- Installing: /home/anand/ur3e_working_reference/install/robotiq_2f_gripper_msgs/lib/python3.12/site-packages/robotiq_2f_gripper_msgs/action
[5.034s] -- Installing: /home/anand/ur3e_working_reference/install/robotiq_2f_gripper_msgs/lib/python3.12/site-packages/robotiq_2f_gripper_msgs/action/__init__.py
[5.034s] -- Installing: /home/anand/ur3e_working_reference/install/robotiq_2f_gripper_msgs/lib/python3.12/site-packages/robotiq_2f_gripper_msgs/action/_move_two_finger_gripper_s.c
[5.034s] -- Installing: /home/anand/ur3e_working_reference/install/robotiq_2f_gripper_msgs/lib/python3.12/site-packages/robotiq_2f_gripper_msgs/action/_move_two_finger_gripper.py
[5.034s] -- Installing: /home/anand/ur3e_working_reference/install/robotiq_2f_gripper_msgs/lib/python3.12/site-packages/robotiq_2f_gripper_msgs/_robotiq_2f_gripper_msgs_s.ep.rosidl_typesupport_c.c
[5.034s] -- Installing: /home/anand/ur3e_working_reference/install/robotiq_2f_gripper_msgs/lib/python3.12/site-packages/robotiq_2f_gripper_msgs/robotiq_2f_gripper_msgs_s__rosidl_typesupport_fastrtps_c.so
[5.034s] -- Installing: /home/anand/ur3e_working_reference/install/robotiq_2f_gripper_msgs/lib/python3.12/site-packages/robotiq_2f_gripper_msgs/robotiq_2f_gripper_msgs_s__rosidl_typesupport_c.so
[5.034s] -- Installing: /home/anand/ur3e_working_reference/install/robotiq_2f_gripper_msgs/lib/python3.12/site-packages/robotiq_2f_gripper_msgs/robotiq_2f_gripper_msgs_s__rosidl_typesupport_introspection_c.so
[5.034s] -- Installing: /home/anand/ur3e_working_reference/install/robotiq_2f_gripper_msgs/lib/python3.12/site-packages/robotiq_2f_gripper_msgs/_robotiq_2f_gripper_msgs_s.ep.rosidl_typesupport_introspection_c.c
[5.065s] Listing '/home/anand/ur3e_working_reference/install/robotiq_2f_gripper_msgs/lib/python3.12/site-packages/robotiq_2f_gripper_msgs'...
[5.065s] Compiling '/home/anand/ur3e_working_reference/install/robotiq_2f_gripper_msgs/lib/python3.12/site-packages/robotiq_2f_gripper_msgs/__init__.py'...
[5.065s] Listing '/home/anand/ur3e_working_reference/install/robotiq_2f_gripper_msgs/lib/python3.12/site-packages/robotiq_2f_gripper_msgs/action'...
[5.065s] Compiling '/home/anand/ur3e_working_reference/install/robotiq_2f_gripper_msgs/lib/python3.12/site-packages/robotiq_2f_gripper_msgs/action/__init__.py'...
[5.065s] Compiling '/home/anand/ur3e_working_reference/install/robotiq_2f_gripper_msgs/lib/python3.12/site-packages/robotiq_2f_gripper_msgs/action/_move_two_finger_gripper.py'...
[5.069s] -- Installing: /home/anand/ur3e_working_reference/install/robotiq_2f_gripper_msgs/lib/python3.12/site-packages/robotiq_2f_gripper_msgs/robotiq_2f_gripper_msgs_s__rosidl_typesupport_fastrtps_c.so
[5.070s] -- Set non-toolchain portion of runtime path of "/home/anand/ur3e_working_reference/install/robotiq_2f_gripper_msgs/lib/python3.12/site-packages/robotiq_2f_gripper_msgs/robotiq_2f_gripper_msgs_s__rosidl_typesupport_fastrtps_c.so" to ""
[5.070s] -- Installing: /home/anand/ur3e_working_reference/install/robotiq_2f_gripper_msgs/lib/python3.12/site-packages/robotiq_2f_gripper_msgs/robotiq_2f_gripper_msgs_s__rosidl_typesupport_introspection_c.so
[5.070s] -- Set non-toolchain portion of runtime path of "/home/anand/ur3e_working_reference/install/robotiq_2f_gripper_msgs/lib/python3.12/site-packages/robotiq_2f_gripper_msgs/robotiq_2f_gripper_msgs_s__rosidl_typesupport_introspection_c.so" to ""
[5.070s] -- Installing: /home/anand/ur3e_working_reference/install/robotiq_2f_gripper_msgs/lib/python3.12/site-packages/robotiq_2f_gripper_msgs/robotiq_2f_gripper_msgs_s__rosidl_typesupport_c.so
[5.070s] -- Set non-toolchain portion of runtime path of "/home/anand/ur3e_working_reference/install/robotiq_2f_gripper_msgs/lib/python3.12/site-packages/robotiq_2f_gripper_msgs/robotiq_2f_gripper_msgs_s__rosidl_typesupport_c.so" to ""
[5.070s] -- Installing: /home/anand/ur3e_working_reference/install/robotiq_2f_gripper_msgs/lib/librobotiq_2f_gripper_msgs__rosidl_generator_py.so
[5.070s] -- Set non-toolchain portion of runtime path of "/home/anand/ur3e_working_reference/install/robotiq_2f_gripper_msgs/lib/librobotiq_2f_gripper_msgs__rosidl_generator_py.so" to ""
[5.070s] -- Installing: /home/anand/ur3e_working_reference/install/robotiq_2f_gripper_msgs/share/robotiq_2f_gripper_msgs/action/MoveTwoFingerGripper.idl
[5.070s] -- Installing: /home/anand/ur3e_working_reference/install/robotiq_2f_gripper_msgs/share/robotiq_2f_gripper_msgs/action/MoveTwoFingerGripper.action
[5.070s] -- Installing: /home/anand/ur3e_working_reference/install/robotiq_2f_gripper_msgs/share/ament_index/resource_index/package_run_dependencies/robotiq_2f_gripper_msgs
[5.070s] -- Installing: /home/anand/ur3e_working_reference/install/robotiq_2f_gripper_msgs/share/ament_index/resource_index/parent_prefix_path/robotiq_2f_gripper_msgs
[5.070s] -- Installing: /home/anand/ur3e_working_reference/install/robotiq_2f_gripper_msgs/share/robotiq_2f_gripper_msgs/environment/ament_prefix_path.sh
[5.070s] -- Installing: /home/anand/ur3e_working_reference/install/robotiq_2f_gripper_msgs/share/robotiq_2f_gripper_msgs/environment/ament_prefix_path.dsv
[5.070s] -- Installing: /home/anand/ur3e_working_reference/install/robotiq_2f_gripper_msgs/share/robotiq_2f_gripper_msgs/environment/path.sh
[5.071s] -- Installing: /home/anand/ur3e_working_reference/install/robotiq_2f_gripper_msgs/share/robotiq_2f_gripper_msgs/environment/path.dsv
[5.071s] -- Installing: /home/anand/ur3e_working_reference/install/robotiq_2f_gripper_msgs/share/robotiq_2f_gripper_msgs/local_setup.bash
[5.071s] -- Installing: /home/anand/ur3e_working_reference/install/robotiq_2f_gripper_msgs/share/robotiq_2f_gripper_msgs/local_setup.sh
[5.071s] -- Installing: /home/anand/ur3e_working_reference/install/robotiq_2f_gripper_msgs/share/robotiq_2f_gripper_msgs/local_setup.zsh
[5.071s] -- Installing: /home/anand/ur3e_working_reference/install/robotiq_2f_gripper_msgs/share/robotiq_2f_gripper_msgs/local_setup.dsv
[5.071s] -- Installing: /home/anand/ur3e_working_reference/install/robotiq_2f_gripper_msgs/share/robotiq_2f_gripper_msgs/package.dsv
[5.071s] -- Installing: /home/anand/ur3e_working_reference/install/robotiq_2f_gripper_msgs/share/ament_index/resource_index/packages/robotiq_2f_gripper_msgs
[5.071s] -- Installing: /home/anand/ur3e_working_reference/install/robotiq_2f_gripper_msgs/share/robotiq_2f_gripper_msgs/cmake/export_robotiq_2f_gripper_msgs__rosidl_generator_cExport.cmake
[5.071s] -- Installing: /home/anand/ur3e_working_reference/install/robotiq_2f_gripper_msgs/share/robotiq_2f_gripper_msgs/cmake/export_robotiq_2f_gripper_msgs__rosidl_generator_cExport-noconfig.cmake
[5.071s] -- Installing: /home/anand/ur3e_working_reference/install/robotiq_2f_gripper_msgs/share/robotiq_2f_gripper_msgs/cmake/export_robotiq_2f_gripper_msgs__rosidl_typesupport_fastrtps_cExport.cmake
[5.071s] -- Installing: /home/anand/ur3e_working_reference/install/robotiq_2f_gripper_msgs/share/robotiq_2f_gripper_msgs/cmake/export_robotiq_2f_gripper_msgs__rosidl_typesupport_fastrtps_cExport-noconfig.cmake
[5.071s] -- Installing: /home/anand/ur3e_working_reference/install/robotiq_2f_gripper_msgs/share/robotiq_2f_gripper_msgs/cmake/robotiq_2f_gripper_msgs__rosidl_typesupport_introspection_cExport.cmake
[5.071s] -- Installing: /home/anand/ur3e_working_reference/install/robotiq_2f_gripper_msgs/share/robotiq_2f_gripper_msgs/cmake/robotiq_2f_gripper_msgs__rosidl_typesupport_introspection_cExport-noconfig.cmake
[5.071s] -- Installing: /home/anand/ur3e_working_reference/install/robotiq_2f_gripper_msgs/share/robotiq_2f_gripper_msgs/cmake/robotiq_2f_gripper_msgs__rosidl_typesupport_cExport.cmake
[5.071s] -- Installing: /home/anand/ur3e_working_reference/install/robotiq_2f_gripper_msgs/share/robotiq_2f_gripper_msgs/cmake/robotiq_2f_gripper_msgs__rosidl_typesupport_cExport-noconfig.cmake
[5.071s] -- Installing: /home/anand/ur3e_working_reference/install/robotiq_2f_gripper_msgs/share/robotiq_2f_gripper_msgs/cmake/export_robotiq_2f_gripper_msgs__rosidl_generator_cppExport.cmake
[5.071s] -- Installing: /home/anand/ur3e_working_reference/install/robotiq_2f_gripper_msgs/share/robotiq_2f_gripper_msgs/cmake/export_robotiq_2f_gripper_msgs__rosidl_typesupport_fastrtps_cppExport.cmake
[5.071s] -- Installing: /home/anand/ur3e_working_reference/install/robotiq_2f_gripper_msgs/share/robotiq_2f_gripper_msgs/cmake/export_robotiq_2f_gripper_msgs__rosidl_typesupport_fastrtps_cppExport-noconfig.cmake
[5.071s] -- Installing: /home/anand/ur3e_working_reference/install/robotiq_2f_gripper_msgs/share/robotiq_2f_gripper_msgs/cmake/robotiq_2f_gripper_msgs__rosidl_typesupport_introspection_cppExport.cmake
[5.071s] -- Installing: /home/anand/ur3e_working_reference/install/robotiq_2f_gripper_msgs/share/robotiq_2f_gripper_msgs/cmake/robotiq_2f_gripper_msgs__rosidl_typesupport_introspection_cppExport-noconfig.cmake
[5.071s] -- Installing: /home/anand/ur3e_working_reference/install/robotiq_2f_gripper_msgs/share/robotiq_2f_gripper_msgs/cmake/robotiq_2f_gripper_msgs__rosidl_typesupport_cppExport.cmake
[5.071s] -- Installing: /home/anand/ur3e_working_reference/install/robotiq_2f_gripper_msgs/share/robotiq_2f_gripper_msgs/cmake/robotiq_2f_gripper_msgs__rosidl_typesupport_cppExport-noconfig.cmake
[5.071s] -- Installing: /home/anand/ur3e_working_reference/install/robotiq_2f_gripper_msgs/share/robotiq_2f_gripper_msgs/cmake/export_robotiq_2f_gripper_msgs__rosidl_generator_pyExport.cmake
[5.071s] -- Installing: /home/anand/ur3e_working_reference/install/robotiq_2f_gripper_msgs/share/robotiq_2f_gripper_msgs/cmake/export_robotiq_2f_gripper_msgs__rosidl_generator_pyExport-noconfig.cmake
[5.071s] -- Installing: /home/anand/ur3e_working_reference/install/robotiq_2f_gripper_msgs/share/robotiq_2f_gripper_msgs/cmake/rosidl_cmake-extras.cmake
[5.071s] -- Installing: /home/anand/ur3e_working_reference/install/robotiq_2f_gripper_msgs/share/robotiq_2f_gripper_msgs/cmake/ament_cmake_export_dependencies-extras.cmake
[5.071s] -- Installing: /home/anand/ur3e_working_reference/install/robotiq_2f_gripper_msgs/share/robotiq_2f_gripper_msgs/cmake/ament_cmake_export_include_directories-extras.cmake
[5.071s] -- Installing: /home/anand/ur3e_working_reference/install/robotiq_2f_gripper_msgs/share/robotiq_2f_gripper_msgs/cmake/ament_cmake_export_libraries-extras.cmake
[5.071s] -- Installing: /home/anand/ur3e_working_reference/install/robotiq_2f_gripper_msgs/share/robotiq_2f_gripper_msgs/cmake/ament_cmake_export_targets-extras.cmake
[5.071s] -- Installing: /home/anand/ur3e_working_reference/install/robotiq_2f_gripper_msgs/share/robotiq_2f_gripper_msgs/cmake/rosidl_cmake_export_typesupport_targets-extras.cmake
[5.072s] -- Installing: /home/anand/ur3e_working_reference/install/robotiq_2f_gripper_msgs/share/robotiq_2f_gripper_msgs/cmake/rosidl_cmake_export_typesupport_libraries-extras.cmake
[5.072s] -- Installing: /home/anand/ur3e_working_reference/install/robotiq_2f_gripper_msgs/share/robotiq_2f_gripper_msgs/cmake/robotiq_2f_gripper_msgsConfig.cmake
[5.072s] -- Installing: /home/anand/ur3e_working_reference/install/robotiq_2f_gripper_msgs/share/robotiq_2f_gripper_msgs/cmake/robotiq_2f_gripper_msgsConfig-version.cmake
[5.072s] -- Installing: /home/anand/ur3e_working_reference/install/robotiq_2f_gripper_msgs/share/robotiq_2f_gripper_msgs/package.xml
[5.074s] Invoked command in '/home/anand/ur3e_working_reference/build/robotiq_2f_gripper_msgs' returned '0': CMAKE_PREFIX_PATH=${CMAKE_PREFIX_PATH}:/home/anand/ur3e_working_reference/install/ur3e_sorting:/home/anand/install/motion_model_comparison:/opt/ros/jazzy DEBUGINFOD_URLS=https://debuginfod.ubuntu.com /usr/bin/cmake --install /home/anand/ur3e_working_reference/build/robotiq_2f_gripper_msgs
