[0.016s] Invoking command in '/home/anand/ur3e_working_reference/build/robotiq_2f_gripper_description': CMAKE_PREFIX_PATH=${CMAKE_PREFIX_PATH}:/home/anand/ur3e_working_reference/install/ur3e_sorting:/home/anand/install/motion_model_comparison:/opt/ros/jazzy DEBUGINFOD_URLS=https://debuginfod.ubuntu.com /usr/bin/cmake /home/anand/ur3e_working_reference/src/robotiq_2f_gripper_ros2/robotiq_2f_gripper_description -DCMAKE_INSTALL_PREFIX=/home/anand/ur3e_working_reference/install/robotiq_2f_gripper_description
[0.167s] -- The C compiler identification is GNU 13.3.0
[0.167s] -- The CXX compiler identification is GNU 13.3.0
[0.168s] -- Detecting C compiler ABI info
[0.168s] -- Detecting C compiler ABI info - done
[0.168s] -- Check for working C compiler: /usr/bin/cc - skipped
[0.168s] -- Detecting C compile features
[0.168s] -- Detecting C compile features - done
[0.168s] -- Detecting CXX compiler ABI info
[0.221s] -- Detecting CXX compiler ABI info - done
[0.227s] -- Check for working CXX compiler: /usr/bin/c++ - skipped
[0.228s] -- Detecting CXX compile features
[0.228s] -- Detecting CXX compile features - done
[0.230s] -- Found ament_cmake: 2.5.4 (/opt/ros/jazzy/share/ament_cmake/cmake)
[0.338s] -- Found Python3: /usr/bin/python3 (found version "3.12.3") found components: Interpreter 
[0.428s] -- Found ament_lint_auto: 0.17.3 (/opt/ros/jazzy/share/ament_lint_auto/cmake)
[0.508s] -- Added test 'lint_cmake' to check CMake code style
[0.509s] -- Added test 'xmllint' to check XML markup files
[0.511s] -- Configuring done (0.5s)
[0.512s] -- Generating done (0.0s)
[0.513s] -- Build files have been written to: /home/anand/ur3e_working_reference/build/robotiq_2f_gripper_description
[0.517s] Invoked command in '/home/anand/ur3e_working_reference/build/robotiq_2f_gripper_description' returned '0': CMAKE_PREFIX_PATH=${CMAKE_PREFIX_PATH}:/home/anand/ur3e_working_reference/install/ur3e_sorting:/home/anand/install/motion_model_comparison:/opt/ros/jazzy DEBUGINFOD_URLS=https://debuginfod.ubuntu.com /usr/bin/cmake /home/anand/ur3e_working_reference/src/robotiq_2f_gripper_ros2/robotiq_2f_gripper_description -DCMAKE_INSTALL_PREFIX=/home/anand/ur3e_working_reference/install/robotiq_2f_gripper_description
[0.518s] Invoking command in '/home/anand/ur3e_working_reference/build/robotiq_2f_gripper_description': CMAKE_PREFIX_PATH=${CMAKE_PREFIX_PATH}:/home/anand/ur3e_working_reference/install/ur3e_sorting:/home/anand/install/motion_model_comparison:/opt/ros/jazzy DEBUGINFOD_URLS=https://debuginfod.ubuntu.com /usr/bin/cmake --build /home/anand/ur3e_working_reference/build/robotiq_2f_gripper_description -- -j16 -l16
[0.548s] Invoked command in '/home/anand/ur3e_working_reference/build/robotiq_2f_gripper_description' returned '0': CMAKE_PREFIX_PATH=${CMAKE_PREFIX_PATH}:/home/anand/ur3e_working_reference/install/ur3e_sorting:/home/anand/install/motion_model_comparison:/opt/ros/jazzy DEBUGINFOD_URLS=https://debuginfod.ubuntu.com /usr/bin/cmake --build /home/anand/ur3e_working_reference/build/robotiq_2f_gripper_description -- -j16 -l16
[0.555s] Invoking command in '/home/anand/ur3e_working_reference/build/robotiq_2f_gripper_description': CMAKE_PREFIX_PATH=${CMAKE_PREFIX_PATH}:/home/anand/ur3e_working_reference/install/ur3e_sorting:/home/anand/install/motion_model_comparison:/opt/ros/jazzy DEBUGINFOD_URLS=https://debuginfod.ubuntu.com /usr/bin/cmake --install /home/anand/ur3e_working_reference/build/robotiq_2f_gripper_description
[0.561s] -- Install configuration: ""
[0.561s] -- Installing: /home/anand/ur3e_working_reference/install/robotiq_2f_gripper_description/share/robotiq_2f_gripper_description/launch
[0.561s] -- Installing: /home/anand/ur3e_working_reference/install/robotiq_2f_gripper_description/share/robotiq_2f_gripper_description/launch/robotiq_2f_gripper.rviz
[0.561s] -- Installing: /home/anand/ur3e_working_reference/install/robotiq_2f_gripper_description/share/robotiq_2f_gripper_description/launch/visualize.launch
[0.561s] -- Installing: /home/anand/ur3e_working_reference/install/robotiq_2f_gripper_description/share/robotiq_2f_gripper_description/urdf
[0.562s] -- Installing: /home/anand/ur3e_working_reference/install/robotiq_2f_gripper_description/share/robotiq_2f_gripper_description/urdf/robotiq_arg2f.xacro
[0.562s] -- Installing: /home/anand/ur3e_working_reference/install/robotiq_2f_gripper_description/share/robotiq_2f_gripper_description/urdf/robotiq_arg2f_transmission.xacro
[0.562s] -- Installing: /home/anand/ur3e_working_reference/install/robotiq_2f_gripper_description/share/robotiq_2f_gripper_description/urdf/example_use_robotiq_2f_140.urdf.xacro
[0.562s] -- Installing: /home/anand/ur3e_working_reference/install/robotiq_2f_gripper_description/share/robotiq_2f_gripper_description/urdf/robotiq_2f_140_macro.xacro
[0.562s] -- Installing: /home/anand/ur3e_working_reference/install/robotiq_2f_gripper_description/share/robotiq_2f_gripper_description/urdf/robotiq_2f_140.xacro
[0.562s] -- Installing: /home/anand/ur3e_working_reference/install/robotiq_2f_gripper_description/share/robotiq_2f_gripper_description/meshes
[0.562s] -- Installing: /home/anand/ur3e_working_reference/install/robotiq_2f_gripper_description/share/robotiq_2f_gripper_description/meshes/collision
[0.562s] -- Installing: /home/anand/ur3e_working_reference/install/robotiq_2f_gripper_description/share/robotiq_2f_gripper_description/meshes/collision/robotiq_arg2f_base_link.stl
[0.562s] -- Installing: /home/anand/ur3e_working_reference/install/robotiq_2f_gripper_description/share/robotiq_2f_gripper_description/meshes/collision/robotiq_arg2f_140_inner_knuckle.stl
[0.562s] -- Installing: /home/anand/ur3e_working_reference/install/robotiq_2f_gripper_description/share/robotiq_2f_gripper_description/meshes/collision/robotiq_arg2f_140_outer_knuckle.stl
[0.562s] -- Installing: /home/anand/ur3e_working_reference/install/robotiq_2f_gripper_description/share/robotiq_2f_gripper_description/meshes/collision/robotiq_arg2f_140_inner_finger.stl
[0.562s] -- Installing: /home/anand/ur3e_working_reference/install/robotiq_2f_gripper_description/share/robotiq_2f_gripper_description/meshes/collision/robotiq_arg2f_coupling.stl
[0.562s] -- Installing: /home/anand/ur3e_working_reference/install/robotiq_2f_gripper_description/share/robotiq_2f_gripper_description/meshes/collision/robotiq_arg2f_140_outer_finger.stl
[0.562s] -- Installing: /home/anand/ur3e_working_reference/install/robotiq_2f_gripper_description/share/robotiq_2f_gripper_description/meshes/visual
[0.562s] -- Installing: /home/anand/ur3e_working_reference/install/robotiq_2f_gripper_description/share/robotiq_2f_gripper_description/meshes/visual/robotiq_arg2f_base_link.stl
[0.563s] -- Installing: /home/anand/ur3e_working_reference/install/robotiq_2f_gripper_description/share/robotiq_2f_gripper_description/meshes/visual/robotiq_arg2f_140_inner_knuckle.stl
[0.563s] -- Installing: /home/anand/ur3e_working_reference/install/robotiq_2f_gripper_description/share/robotiq_2f_gripper_description/meshes/visual/robotiq_arg2f_140_outer_knuckle.stl
[0.563s] -- Installing: /home/anand/ur3e_working_reference/install/robotiq_2f_gripper_description/share/robotiq_2f_gripper_description/meshes/visual/robotiq_arg2f_140_inner_finger.stl
[0.563s] -- Installing: /home/anand/ur3e_working_reference/install/robotiq_2f_gripper_description/share/robotiq_2f_gripper_description/meshes/visual/robotiq_arg2f_coupling.stl
[0.563s] -- Installing: /home/anand/ur3e_working_reference/install/robotiq_2f_gripper_description/share/robotiq_2f_gripper_description/meshes/visual/robotiq_arg2f_140_outer_finger.stl
[0.563s] -- Installing: /home/anand/ur3e_working_reference/install/robotiq_2f_gripper_description/share/ament_index/resource_index/package_run_dependencies/robotiq_2f_gripper_description
[0.563s] -- Installing: /home/anand/ur3e_working_reference/install/robotiq_2f_gripper_description/share/ament_index/resource_index/parent_prefix_path/robotiq_2f_gripper_description
[0.563s] -- Installing: /home/anand/ur3e_working_reference/install/robotiq_2f_gripper_description/share/robotiq_2f_gripper_description/environment/ament_prefix_path.sh
[0.563s] -- Installing: /home/anand/ur3e_working_reference/install/robotiq_2f_gripper_description/share/robotiq_2f_gripper_description/environment/ament_prefix_path.dsv
[0.563s] -- Installing: /home/anand/ur3e_working_reference/install/robotiq_2f_gripper_description/share/robotiq_2f_gripper_description/environment/path.sh
[0.563s] -- Installing: /home/anand/ur3e_working_reference/install/robotiq_2f_gripper_description/share/robotiq_2f_gripper_description/environment/path.dsv
[0.563s] -- Installing: /home/anand/ur3e_working_reference/install/robotiq_2f_gripper_description/share/robotiq_2f_gripper_description/local_setup.bash
[0.563s] -- Installing: /home/anand/ur3e_working_reference/install/robotiq_2f_gripper_description/share/robotiq_2f_gripper_description/local_setup.sh
[0.564s] -- Installing: /home/anand/ur3e_working_reference/install/robotiq_2f_gripper_description/share/robotiq_2f_gripper_description/local_setup.zsh
[0.564s] -- Installing: /home/anand/ur3e_working_reference/install/robotiq_2f_gripper_description/share/robotiq_2f_gripper_description/local_setup.dsv
[0.564s] -- Installing: /home/anand/ur3e_working_reference/install/robotiq_2f_gripper_description/share/robotiq_2f_gripper_description/package.dsv
[0.564s] -- Installing: /home/anand/ur3e_working_reference/install/robotiq_2f_gripper_description/share/ament_index/resource_index/packages/robotiq_2f_gripper_description
[0.564s] -- Installing: /home/anand/ur3e_working_reference/install/robotiq_2f_gripper_description/share/robotiq_2f_gripper_description/cmake/robotiq_2f_gripper_descriptionConfig.cmake
[0.564s] -- Installing: /home/anand/ur3e_working_reference/install/robotiq_2f_gripper_description/share/robotiq_2f_gripper_description/cmake/robotiq_2f_gripper_descriptionConfig-version.cmake
[0.564s] -- Installing: /home/anand/ur3e_working_reference/install/robotiq_2f_gripper_description/share/robotiq_2f_gripper_description/package.xml
[0.565s] Invoked command in '/home/anand/ur3e_working_reference/build/robotiq_2f_gripper_description' returned '0': CMAKE_PREFIX_PATH=${CMAKE_PREFIX_PATH}:/home/anand/ur3e_working_reference/install/ur3e_sorting:/home/anand/install/motion_model_comparison:/opt/ros/jazzy DEBUGINFOD_URLS=https://debuginfod.ubuntu.com /usr/bin/cmake --install /home/anand/ur3e_working_reference/build/robotiq_2f_gripper_description
