[0.027s] Invoking command in '/home/anand/ur3e_working_reference/build/moveit_config': CMAKE_PREFIX_PATH=/home/anand/ur3e_working_reference/install/ur_description:/home/anand/ur3e_working_reference/install/ur_gazebo:/home/anand/ur3e_working_reference/install/moveit_config:/home/anand/ur3e_working_reference/install/robotiq_2f_gripper_hardware:/home/anand/ur3e_working_reference/install/robotiq_2f_gripper_interfaces:/home/anand/ur3e_working_reference/install/serial:/home/anand/ur3e_working_reference/install/robotiq_2f_gripper_msgs:/home/anand/ur3e_working_reference/install/robotiq_2f_gripper_description:/opt/ros/jazzy/opt/gz_sim_vendor:/opt/ros/jazzy/opt/gz_sensors_vendor:/opt/ros/jazzy/opt/gz_physics_vendor:/opt/ros/jazzy/opt/sdformat_vendor:/opt/ros/jazzy/opt/gz_gui_vendor:/opt/ros/jazzy/opt/gz_transport_vendor:/opt/ros/jazzy/opt/gz_rendering_vendor:/opt/ros/jazzy/opt/gz_plugin_vendor:/opt/ros/jazzy/opt/gz_fuel_tools_vendor:/opt/ros/jazzy/opt/gz_msgs_vendor:/opt/ros/jazzy/opt/gz_common_vendor:/opt/ros/jazzy/opt/gz_math_vendor:/opt/ros/jazzy/opt/gz_utils_vendor:/opt/ros/jazzy/opt/gz_tools_vendor:/opt/ros/jazzy/opt/gz_ogre_next_vendor:/opt/ros/jazzy/opt/gz_dartsim_vendor:/opt/ros/jazzy/opt/gz_cmake_vendor:/home/anand/ur3e_working_reference/install/ur3e_sorting:/home/anand/install/motion_model_comparison:/opt/ros/jazzy DEBUGINFOD_URLS=https://debuginfod.ubuntu.com /usr/bin/cmake --build /home/anand/ur3e_working_reference/build/moveit_config -- -j16 -l16
[0.076s] Invoked command in '/home/anand/ur3e_working_reference/build/moveit_config' returned '0': CMAKE_PREFIX_PATH=/home/anand/ur3e_working_reference/install/ur_description:/home/anand/ur3e_working_reference/install/ur_gazebo:/home/anand/ur3e_working_reference/install/moveit_config:/home/anand/ur3e_working_reference/install/robotiq_2f_gripper_hardware:/home/anand/ur3e_working_reference/install/robotiq_2f_gripper_interfaces:/home/anand/ur3e_working_reference/install/serial:/home/anand/ur3e_working_reference/install/robotiq_2f_gripper_msgs:/home/anand/ur3e_working_reference/install/robotiq_2f_gripper_description:/opt/ros/jazzy/opt/gz_sim_vendor:/opt/ros/jazzy/opt/gz_sensors_vendor:/opt/ros/jazzy/opt/gz_physics_vendor:/opt/ros/jazzy/opt/sdformat_vendor:/opt/ros/jazzy/opt/gz_gui_vendor:/opt/ros/jazzy/opt/gz_transport_vendor:/opt/ros/jazzy/opt/gz_rendering_vendor:/opt/ros/jazzy/opt/gz_plugin_vendor:/opt/ros/jazzy/opt/gz_fuel_tools_vendor:/opt/ros/jazzy/opt/gz_msgs_vendor:/opt/ros/jazzy/opt/gz_common_vendor:/opt/ros/jazzy/opt/gz_math_vendor:/opt/ros/jazzy/opt/gz_utils_vendor:/opt/ros/jazzy/opt/gz_tools_vendor:/opt/ros/jazzy/opt/gz_ogre_next_vendor:/opt/ros/jazzy/opt/gz_dartsim_vendor:/opt/ros/jazzy/opt/gz_cmake_vendor:/home/anand/ur3e_working_reference/install/ur3e_sorting:/home/anand/install/motion_model_comparison:/opt/ros/jazzy DEBUGINFOD_URLS=https://debuginfod.ubuntu.com /usr/bin/cmake --build /home/anand/ur3e_working_reference/build/moveit_config -- -j16 -l16
[0.078s] Invoking command in '/home/anand/ur3e_working_reference/build/moveit_config': CMAKE_PREFIX_PATH=/home/anand/ur3e_working_reference/install/ur_description:/home/anand/ur3e_working_reference/install/ur_gazebo:/home/anand/ur3e_working_reference/install/moveit_config:/home/anand/ur3e_working_reference/install/robotiq_2f_gripper_hardware:/home/anand/ur3e_working_reference/install/robotiq_2f_gripper_interfaces:/home/anand/ur3e_working_reference/install/serial:/home/anand/ur3e_working_reference/install/robotiq_2f_gripper_msgs:/home/anand/ur3e_working_reference/install/robotiq_2f_gripper_description:/opt/ros/jazzy/opt/gz_sim_vendor:/opt/ros/jazzy/opt/gz_sensors_vendor:/opt/ros/jazzy/opt/gz_physics_vendor:/opt/ros/jazzy/opt/sdformat_vendor:/opt/ros/jazzy/opt/gz_gui_vendor:/opt/ros/jazzy/opt/gz_transport_vendor:/opt/ros/jazzy/opt/gz_rendering_vendor:/opt/ros/jazzy/opt/gz_plugin_vendor:/opt/ros/jazzy/opt/gz_fuel_tools_vendor:/opt/ros/jazzy/opt/gz_msgs_vendor:/opt/ros/jazzy/opt/gz_common_vendor:/opt/ros/jazzy/opt/gz_math_vendor:/opt/ros/jazzy/opt/gz_utils_vendor:/opt/ros/jazzy/opt/gz_tools_vendor:/opt/ros/jazzy/opt/gz_ogre_next_vendor:/opt/ros/jazzy/opt/gz_dartsim_vendor:/opt/ros/jazzy/opt/gz_cmake_vendor:/home/anand/ur3e_working_reference/install/ur3e_sorting:/home/anand/install/motion_model_comparison:/opt/ros/jazzy DEBUGINFOD_URLS=https://debuginfod.ubuntu.com /usr/bin/cmake --install /home/anand/ur3e_working_reference/build/moveit_config
[0.089s] -- Install configuration: ""
[0.090s] -- Up-to-date: /home/anand/ur3e_working_reference/install/moveit_config/share/ament_index/resource_index/package_run_dependencies/moveit_config
[0.090s] -- Up-to-date: /home/anand/ur3e_working_reference/install/moveit_config/share/ament_index/resource_index/parent_prefix_path/moveit_config
[0.090s] -- Up-to-date: /home/anand/ur3e_working_reference/install/moveit_config/share/moveit_config/environment/ament_prefix_path.sh
[0.091s] -- Up-to-date: /home/anand/ur3e_working_reference/install/moveit_config/share/moveit_config/environment/ament_prefix_path.dsv
[0.091s] -- Up-to-date: /home/anand/ur3e_working_reference/install/moveit_config/share/moveit_config/environment/path.sh
[0.091s] -- Up-to-date: /home/anand/ur3e_working_reference/install/moveit_config/share/moveit_config/environment/path.dsv
[0.091s] -- Up-to-date: /home/anand/ur3e_working_reference/install/moveit_config/share/moveit_config/local_setup.bash
[0.091s] -- Up-to-date: /home/anand/ur3e_working_reference/install/moveit_config/share/moveit_config/local_setup.sh
[0.091s] -- Up-to-date: /home/anand/ur3e_working_reference/install/moveit_config/share/moveit_config/local_setup.zsh
[0.091s] -- Up-to-date: /home/anand/ur3e_working_reference/install/moveit_config/share/moveit_config/local_setup.dsv
[0.091s] -- Installing: /home/anand/ur3e_working_reference/install/moveit_config/share/moveit_config/package.dsv
[0.091s] -- Up-to-date: /home/anand/ur3e_working_reference/install/moveit_config/share/ament_index/resource_index/packages/moveit_config
[0.092s] -- Up-to-date: /home/anand/ur3e_working_reference/install/moveit_config/share/moveit_config/cmake/moveit_configConfig.cmake
[0.092s] -- Up-to-date: /home/anand/ur3e_working_reference/install/moveit_config/share/moveit_config/cmake/moveit_configConfig-version.cmake
[0.092s] -- Up-to-date: /home/anand/ur3e_working_reference/install/moveit_config/share/moveit_config/package.xml
[0.092s] -- Up-to-date: /home/anand/ur3e_working_reference/install/moveit_config/share/moveit_config/launch
[0.092s] -- Up-to-date: /home/anand/ur3e_working_reference/install/moveit_config/share/moveit_config/launch/backup
[0.092s] -- Up-to-date: /home/anand/ur3e_working_reference/install/moveit_config/share/moveit_config/launch/backup/spawn_controllers.launch.py
[0.092s] -- Up-to-date: /home/anand/ur3e_working_reference/install/moveit_config/share/moveit_config/launch/backup/moveit_rviz.launch.py
[0.092s] -- Up-to-date: /home/anand/ur3e_working_reference/install/moveit_config/share/moveit_config/launch/backup/rsp.launch.py
[0.092s] -- Up-to-date: /home/anand/ur3e_working_reference/install/moveit_config/share/moveit_config/launch/backup/setup_assistant.launch.py
[0.092s] -- Up-to-date: /home/anand/ur3e_working_reference/install/moveit_config/share/moveit_config/launch/backup/move_group.launch.py
[0.092s] -- Up-to-date: /home/anand/ur3e_working_reference/install/moveit_config/share/moveit_config/launch/backup/static_virtual_joint_tfs.launch.py
[0.093s] -- Up-to-date: /home/anand/ur3e_working_reference/install/moveit_config/share/moveit_config/launch/backup/warehouse_db.launch.py
[0.093s] -- Up-to-date: /home/anand/ur3e_working_reference/install/moveit_config/share/moveit_config/launch/__pycache__
[0.093s] -- Up-to-date: /home/anand/ur3e_working_reference/install/moveit_config/share/moveit_config/launch/__pycache__/demo.launch.cpython-312.pyc
[0.093s] -- Up-to-date: /home/anand/ur3e_working_reference/install/moveit_config/share/moveit_config/launch/__pycache__/setup_assistant.launch.cpython-312.pyc
[0.093s] -- Up-to-date: /home/anand/ur3e_working_reference/install/moveit_config/share/moveit_config/launch/__pycache__/moveit_rviz.launch.cpython-312.pyc
[0.093s] -- Up-to-date: /home/anand/ur3e_working_reference/install/moveit_config/share/moveit_config/launch/__pycache__/rsp.launch.cpython-312.pyc
[0.094s] -- Up-to-date: /home/anand/ur3e_working_reference/install/moveit_config/share/moveit_config/launch/__pycache__/warehouse_db.launch.cpython-312.pyc
[0.094s] -- Up-to-date: /home/anand/ur3e_working_reference/install/moveit_config/share/moveit_config/launch/__pycache__/spawn_controllers.launch.cpython-312.pyc
[0.094s] -- Up-to-date: /home/anand/ur3e_working_reference/install/moveit_config/share/moveit_config/launch/__pycache__/move_group.launch.cpython-312.pyc
[0.094s] -- Up-to-date: /home/anand/ur3e_working_reference/install/moveit_config/share/moveit_config/launch/__pycache__/static_virtual_joint_tfs.launch.cpython-312.pyc
[0.094s] -- Up-to-date: /home/anand/ur3e_working_reference/install/moveit_config/share/moveit_config/launch/spawn_lego_rviz.py
[0.094s] -- Up-to-date: /home/anand/ur3e_working_reference/install/moveit_config/share/moveit_config/launch/demo.launch.py
[0.094s] -- Up-to-date: /home/anand/ur3e_working_reference/install/moveit_config/share/moveit_config/config
[0.094s] -- Up-to-date: /home/anand/ur3e_working_reference/install/moveit_config/share/moveit_config/config/ur.urdf.xacro
[0.095s] -- Up-to-date: /home/anand/ur3e_working_reference/install/moveit_config/share/moveit_config/config/ros2_controllers.yaml
[0.095s] -- Up-to-date: /home/anand/ur3e_working_reference/install/moveit_config/share/moveit_config/config/ur.ros2_control.xacro
[0.095s] -- Up-to-date: /home/anand/ur3e_working_reference/install/moveit_config/share/moveit_config/config/pilz_cartesian_limits.yaml
[0.095s] -- Up-to-date: /home/anand/ur3e_working_reference/install/moveit_config/share/moveit_config/config/ompl_planning.yaml
[0.095s] -- Up-to-date: /home/anand/ur3e_working_reference/install/moveit_config/share/moveit_config/config/stomp_planning.yaml
[0.096s] -- Up-to-date: /home/anand/ur3e_working_reference/install/moveit_config/share/moveit_config/config/ur.urdf
[0.096s] -- Up-to-date: /home/anand/ur3e_working_reference/install/moveit_config/share/moveit_config/config/ur.srdf
[0.096s] -- Up-to-date: /home/anand/ur3e_working_reference/install/moveit_config/share/moveit_config/config/moveit.rviz
[0.096s] -- Up-to-date: /home/anand/ur3e_working_reference/install/moveit_config/share/moveit_config/config/pilz_industrial_motion_planner.yaml
[0.096s] -- Up-to-date: /home/anand/ur3e_working_reference/install/moveit_config/share/moveit_config/config/joint_limits.yaml
[0.096s] -- Up-to-date: /home/anand/ur3e_working_reference/install/moveit_config/share/moveit_config/config/kinematics.yaml
[0.096s] -- Up-to-date: /home/anand/ur3e_working_reference/install/moveit_config/share/moveit_config/config/moveit_controllers.yaml
[0.096s] -- Up-to-date: /home/anand/ur3e_working_reference/install/moveit_config/share/moveit_config/config/initial_positions.yaml
[0.096s] -- Up-to-date: /home/anand/ur3e_working_reference/install/moveit_config/share/moveit_config/config/sensors_3d.yaml
[0.096s] -- Up-to-date: /home/anand/ur3e_working_reference/install/moveit_config/share/moveit_config/rviz
[0.096s] -- Up-to-date: /home/anand/ur3e_working_reference/install/moveit_config/share/moveit_config/rviz/moveit.rviz
[0.097s] -- Up-to-date: /home/anand/ur3e_working_reference/install/moveit_config/share/moveit_config/.setup_assistant
[0.101s] Invoked command in '/home/anand/ur3e_working_reference/build/moveit_config' returned '0': CMAKE_PREFIX_PATH=/home/anand/ur3e_working_reference/install/ur_description:/home/anand/ur3e_working_reference/install/ur_gazebo:/home/anand/ur3e_working_reference/install/moveit_config:/home/anand/ur3e_working_reference/install/robotiq_2f_gripper_hardware:/home/anand/ur3e_working_reference/install/robotiq_2f_gripper_interfaces:/home/anand/ur3e_working_reference/install/serial:/home/anand/ur3e_working_reference/install/robotiq_2f_gripper_msgs:/home/anand/ur3e_working_reference/install/robotiq_2f_gripper_description:/opt/ros/jazzy/opt/gz_sim_vendor:/opt/ros/jazzy/opt/gz_sensors_vendor:/opt/ros/jazzy/opt/gz_physics_vendor:/opt/ros/jazzy/opt/sdformat_vendor:/opt/ros/jazzy/opt/gz_gui_vendor:/opt/ros/jazzy/opt/gz_transport_vendor:/opt/ros/jazzy/opt/gz_rendering_vendor:/opt/ros/jazzy/opt/gz_plugin_vendor:/opt/ros/jazzy/opt/gz_fuel_tools_vendor:/opt/ros/jazzy/opt/gz_msgs_vendor:/opt/ros/jazzy/opt/gz_common_vendor:/opt/ros/jazzy/opt/gz_math_vendor:/opt/ros/jazzy/opt/gz_utils_vendor:/opt/ros/jazzy/opt/gz_tools_vendor:/opt/ros/jazzy/opt/gz_ogre_next_vendor:/opt/ros/jazzy/opt/gz_dartsim_vendor:/opt/ros/jazzy/opt/gz_cmake_vendor:/home/anand/ur3e_working_reference/install/ur3e_sorting:/home/anand/install/motion_model_comparison:/opt/ros/jazzy DEBUGINFOD_URLS=https://debuginfod.ubuntu.com /usr/bin/cmake --install /home/anand/ur3e_working_reference/build/moveit_config
