/home/anand/ur3e_working_reference/install/ur3e_sorting/lib/python3.12/site-packages/ur3e_sorting/detector_node.py
/home/anand/ur3e_working_reference/install/ur3e_sorting/lib/python3.12/site-packages/ur3e_sorting/__init__.py
/home/anand/ur3e_working_reference/install/ur3e_sorting/lib/python3.12/site-packages/ur3e_sorting/pick_and_place_demo.py
/home/anand/ur3e_working_reference/install/ur3e_sorting/lib/python3.12/site-packages/ur3e_sorting/perception_node.py
/home/anand/ur3e_working_reference/install/ur3e_sorting/lib/python3.12/site-packages/ur3e_sorting/automation_node.py
/home/anand/ur3e_working_reference/install/ur3e_sorting/lib/python3.12/site-packages/ur3e_sorting/yolo_detector.py
/home/anand/ur3e_working_reference/install/ur3e_sorting/lib/python3.12/site-packages/ur3e_sorting/sorting_node.py
/home/anand/ur3e_working_reference/install/ur3e_sorting/lib/python3.12/site-packages/ur3e_sorting/test_moveit.py
/home/anand/ur3e_working_reference/install/ur3e_sorting/lib/python3.12/site-packages/ur3e_sorting/locator_verification.py
/home/anand/ur3e_working_reference/install/ur3e_sorting/lib/python3.12/site-packages/ur3e_sorting/__pycache__/detector_node.cpython-312.pyc
/home/anand/ur3e_working_reference/install/ur3e_sorting/lib/python3.12/site-packages/ur3e_sorting/__pycache__/__init__.cpython-312.pyc
/home/anand/ur3e_working_reference/install/ur3e_sorting/lib/python3.12/site-packages/ur3e_sorting/__pycache__/pick_and_place_demo.cpython-312.pyc
/home/anand/ur3e_working_reference/install/ur3e_sorting/lib/python3.12/site-packages/ur3e_sorting/__pycache__/perception_node.cpython-312.pyc
/home/anand/ur3e_working_reference/install/ur3e_sorting/lib/python3.12/site-packages/ur3e_sorting/__pycache__/automation_node.cpython-312.pyc
/home/anand/ur3e_working_reference/install/ur3e_sorting/lib/python3.12/site-packages/ur3e_sorting/__pycache__/yolo_detector.cpython-312.pyc
/home/anand/ur3e_working_reference/install/ur3e_sorting/lib/python3.12/site-packages/ur3e_sorting/__pycache__/sorting_node.cpython-312.pyc
/home/anand/ur3e_working_reference/install/ur3e_sorting/lib/python3.12/site-packages/ur3e_sorting/__pycache__/test_moveit.cpython-312.pyc
/home/anand/ur3e_working_reference/install/ur3e_sorting/lib/python3.12/site-packages/ur3e_sorting/__pycache__/locator_verification.cpython-312.pyc
/home/anand/ur3e_working_reference/install/ur3e_sorting/share/ament_index/resource_index/packages/ur3e_sorting
/home/anand/ur3e_working_reference/install/ur3e_sorting/share/ur3e_sorting/package.xml
/home/anand/ur3e_working_reference/install/ur3e_sorting/share/ur3e_sorting/launch/automation.launch.py
/home/anand/ur3e_working_reference/install/ur3e_sorting/share/ur3e_sorting/launch/simulation.launch.py
/home/anand/ur3e_working_reference/install/ur3e_sorting/share/ur3e_sorting/launch/debug_rviz.launch.py
/home/anand/ur3e_working_reference/install/ur3e_sorting/share/ur3e_sorting/launch/sorting_station.launch.py
/home/anand/ur3e_working_reference/install/ur3e_sorting/share/ur3e_sorting/models/red_cylinder/model.sdf
/home/anand/ur3e_working_reference/install/ur3e_sorting/share/ur3e_sorting/models/camera/model.sdf
/home/anand/ur3e_working_reference/install/ur3e_sorting/lib/python3.12/site-packages/ur3e_sorting-0.0.0-py3.12.egg-info/dependency_links.txt
/home/anand/ur3e_working_reference/install/ur3e_sorting/lib/python3.12/site-packages/ur3e_sorting-0.0.0-py3.12.egg-info/requires.txt
/home/anand/ur3e_working_reference/install/ur3e_sorting/lib/python3.12/site-packages/ur3e_sorting-0.0.0-py3.12.egg-info/PKG-INFO
/home/anand/ur3e_working_reference/install/ur3e_sorting/lib/python3.12/site-packages/ur3e_sorting-0.0.0-py3.12.egg-info/top_level.txt
/home/anand/ur3e_working_reference/install/ur3e_sorting/lib/python3.12/site-packages/ur3e_sorting-0.0.0-py3.12.egg-info/zip-safe
/home/anand/ur3e_working_reference/install/ur3e_sorting/lib/python3.12/site-packages/ur3e_sorting-0.0.0-py3.12.egg-info/entry_points.txt
/home/anand/ur3e_working_reference/install/ur3e_sorting/lib/python3.12/site-packages/ur3e_sorting-0.0.0-py3.12.egg-info/SOURCES.txt
/home/anand/ur3e_working_reference/install/ur3e_sorting/lib/ur3e_sorting/automation_node
/home/anand/ur3e_working_reference/install/ur3e_sorting/lib/ur3e_sorting/detector_node
/home/anand/ur3e_working_reference/install/ur3e_sorting/lib/ur3e_sorting/locator_verification_node
/home/anand/ur3e_working_reference/install/ur3e_sorting/lib/ur3e_sorting/perception_node
/home/anand/ur3e_working_reference/install/ur3e_sorting/lib/ur3e_sorting/pick_and_place_demo
/home/anand/ur3e_working_reference/install/ur3e_sorting/lib/ur3e_sorting/sorting_node
/home/anand/ur3e_working_reference/install/ur3e_sorting/lib/ur3e_sorting/test_moveit
/home/anand/ur3e_working_reference/install/ur3e_sorting/lib/ur3e_sorting/yolo_detector
