[0.840s] Invoking command in '/home/anand/ur3e_working_reference/src/ur3e_sorting': DEBUGINFOD_URLS=https://debuginfod.ubuntu.com PYTHONPATH=/home/anand/ur3e_working_reference/build/ur3e_sorting/prefix_override:/usr/lib/python3/dist-packages/colcon_core/task/python/colcon_distutils_commands:/home/anand/ur3e_working_reference/install/ur3e_sorting/lib/python3.12/site-packages:${PYTHONPATH} /usr/bin/python3 -W ignore:setup.py install is deprecated -W ignore:easy_install command is deprecated setup.py egg_info --egg-base ../../build/ur3e_sorting build --build-base /home/anand/ur3e_working_reference/build/ur3e_sorting/build install --record /home/anand/ur3e_working_reference/build/ur3e_sorting/install.log --single-version-externally-managed install_data
[1.084s] running egg_info
[1.099s] writing ../../build/ur3e_sorting/ur3e_sorting.egg-info/PKG-INFO
[1.099s] writing dependency_links to ../../build/ur3e_sorting/ur3e_sorting.egg-info/dependency_links.txt
[1.100s] writing entry points to ../../build/ur3e_sorting/ur3e_sorting.egg-info/entry_points.txt
[1.100s] writing requirements to ../../build/ur3e_sorting/ur3e_sorting.egg-info/requires.txt
[1.100s] writing top-level names to ../../build/ur3e_sorting/ur3e_sorting.egg-info/top_level.txt
[1.131s] reading manifest file '../../build/ur3e_sorting/ur3e_sorting.egg-info/SOURCES.txt'
[1.131s] writing manifest file '../../build/ur3e_sorting/ur3e_sorting.egg-info/SOURCES.txt'
[1.132s] running build
[1.132s] running build_py
[1.132s] copying ur3e_sorting/perception_node.py -> /home/anand/ur3e_working_reference/build/ur3e_sorting/build/lib/ur3e_sorting
[1.132s] running install
[1.137s] running install_lib
[1.155s] copying /home/anand/ur3e_working_reference/build/ur3e_sorting/build/lib/ur3e_sorting/perception_node.py -> /home/anand/ur3e_working_reference/install/ur3e_sorting/lib/python3.12/site-packages/ur3e_sorting
[1.156s] byte-compiling /home/anand/ur3e_working_reference/install/ur3e_sorting/lib/python3.12/site-packages/ur3e_sorting/perception_node.py to perception_node.cpython-312.pyc
[1.157s] running install_data
[1.158s] running install_egg_info
[1.176s] removing '/home/anand/ur3e_working_reference/install/ur3e_sorting/lib/python3.12/site-packages/ur3e_sorting-0.0.0-py3.12.egg-info' (and everything under it)
[1.176s] Copying ../../build/ur3e_sorting/ur3e_sorting.egg-info to /home/anand/ur3e_working_reference/install/ur3e_sorting/lib/python3.12/site-packages/ur3e_sorting-0.0.0-py3.12.egg-info
[1.176s] running install_scripts
[1.292s] Installing locator_verification_node script to /home/anand/ur3e_working_reference/install/ur3e_sorting/lib/ur3e_sorting
[1.292s] Installing perception_node script to /home/anand/ur3e_working_reference/install/ur3e_sorting/lib/ur3e_sorting
[1.292s] Installing sorting_node script to /home/anand/ur3e_working_reference/install/ur3e_sorting/lib/ur3e_sorting
[1.292s] Installing test_moveit script to /home/anand/ur3e_working_reference/install/ur3e_sorting/lib/ur3e_sorting
[1.292s] Installing yolo_detector script to /home/anand/ur3e_working_reference/install/ur3e_sorting/lib/ur3e_sorting
[1.292s] writing list of installed files to '/home/anand/ur3e_working_reference/build/ur3e_sorting/install.log'
[1.336s] Invoked command in '/home/anand/ur3e_working_reference/src/ur3e_sorting' returned '0': DEBUGINFOD_URLS=https://debuginfod.ubuntu.com PYTHONPATH=/home/anand/ur3e_working_reference/build/ur3e_sorting/prefix_override:/usr/lib/python3/dist-packages/colcon_core/task/python/colcon_distutils_commands:/home/anand/ur3e_working_reference/install/ur3e_sorting/lib/python3.12/site-packages:${PYTHONPATH} /usr/bin/python3 -W ignore:setup.py install is deprecated -W ignore:easy_install command is deprecated setup.py egg_info --egg-base ../../build/ur3e_sorting build --build-base /home/anand/ur3e_working_reference/build/ur3e_sorting/build install --record /home/anand/ur3e_working_reference/build/ur3e_sorting/install.log --single-version-externally-managed install_data
