-- The CXX compiler identification is GNU 13.3.0
-- Detecting CXX compiler ABI info
-- Detecting CXX compiler ABI info - done
-- Check for working CXX compiler: /usr/bin/c++ - skipped
-- Detecting CXX compile features
-- Detecting CXX compile features - done
-- Found ament_cmake: 2.5.4 (/opt/ros/jazzy/share/ament_cmake/cmake)
-- Found Python3: /usr/bin/python3 (found version "3.12.3") found components: Interpreter 
-- Found hardware_interface: 4.39.2 (/opt/ros/jazzy/share/hardware_interface/cmake)
-- Found rosidl_generator_c: 4.6.6 (/opt/ros/jazzy/share/rosidl_generator_c/cmake)
-- Found rosidl_generator_cpp: 4.6.6 (/opt/ros/jazzy/share/rosidl_generator_cpp/cmake)
-- Using all available rosidl_typesupport_c: rosidl_typesupport_fastrtps_c;rosidl_typesupport_introspection_c
-- Using all available rosidl_typesupport_cpp: rosidl_typesupport_fastrtps_cpp;rosidl_typesupport_introspection_cpp
-- Found TinyXML2 via Config file: /usr/lib/x86_64-linux-gnu/cmake/tinyxml2
-- Found rmw_implementation_cmake: 7.3.2 (/opt/ros/jazzy/share/rmw_implementation_cmake/cmake)
-- Found rmw_fastrtps_cpp: 8.4.3 (/opt/ros/jazzy/share/rmw_fastrtps_cpp/cmake)
-- Found TinyXML2 via Config file: /usr/lib/x86_64-linux-gnu/cmake/tinyxml2
-- Found OpenSSL: /usr/lib/x86_64-linux-gnu/libcrypto.so (found version "3.0.13")  
-- Found TinyXML2 via Config file: /usr/lib/x86_64-linux-gnu/cmake/tinyxml2
-- Found FastRTPS: /opt/ros/jazzy/include (Required is at least version "2.13") 
-- Found TinyXML2 via Config file: /usr/lib/x86_64-linux-gnu/cmake/tinyxml2
-- Found TinyXML2 via Config file: /usr/lib/x86_64-linux-gnu/cmake/tinyxml2
-- Using RMW implementation 'rmw_fastrtps_cpp' as default
-- Found serial: 1.2.1 (/home/anand/ur3e_working_reference/install/serial/share/serial/cmake)
-- Configuring done (1.0s)
-- Generating done (0.0s)
-- Build files have been written to: /home/anand/ur3e_working_reference/build/robotiq_2f_gripper_interfaces
[ 22%] [32mBuilding CXX object CMakeFiles/robotiq_2f_gripper_interfaces.dir/src/hardware_interface.cpp.o[0m
[ 22%] [32mBuilding CXX object CMakeFiles/robotiq_2f_gripper_interfaces.dir/src/default_driver_factory.cpp.o[0m
[ 33%] [32mBuilding CXX object CMakeFiles/robotiq_2f_gripper_interfaces.dir/src/default_serial.cpp.o[0m
[ 44%] [32mBuilding CXX object CMakeFiles/robotiq_2f_gripper_interfaces.dir/src/fake/fake_driver.cpp.o[0m
[ 55%] [32mBuilding CXX object CMakeFiles/robotiq_2f_gripper_interfaces.dir/src/data_utils.cpp.o[0m
[ 66%] [32mBuilding CXX object CMakeFiles/robotiq_2f_gripper_interfaces.dir/src/crc_utils.cpp.o[0m
[ 77%] [32mBuilding CXX object CMakeFiles/robotiq_2f_gripper_interfaces.dir/src/default_driver.cpp.o[0m
[ 88%] [32mBuilding CXX object CMakeFiles/robotiq_2f_gripper_interfaces.dir/src/default_serial_factory.cpp.o[0m
[01m[K/home/anand/ur3e_working_reference/src/robotiq_2f_gripper_ros2/robotiq_2f_gripper_interfaces/src/hardware_interface.cpp:[m[K In member function ‘[01m[Kvirtual hardware_interface::CallbackReturn robotiq_2f_gripper_interfaces::RobotiqGripperHardwareInterface::[01;32m[Kon_init[m[K(const hardware_interface::HardwareInfo&)[m[K’:
[01m[K/home/anand/ur3e_working_reference/src/robotiq_2f_gripper_ros2/robotiq_2f_gripper_interfaces/src/hardware_interface.cpp:79:51:[m[K [01;35m[Kwarning: [m[K‘[01m[Kvirtual rclcpp_lifecycle::node_interfaces::LifecycleNodeInterface::CallbackReturn hardware_interface::HardwareComponentInterface::[01;32m[Kon_init[m[K(const hardware_interface::HardwareInfo&)[m[K’ is deprecated: Use on_init(const HardwareComponentInterfaceParams & params) instead. [[01;35m[K]8;;https://gcc.gnu.org/onlinedocs/gcc/Warning-Options.html#index-Wdeprecated-declarations-Wdeprecated-declarations]8;;[m[K]
   79 |   if ([01;35m[Khardware_interface::SystemInterface::on_init(info)[m[K != CallbackReturn::SUCCESS)
      |       [01;35m[K~~~~~~~~~~~~~~~~~~~~~~~~~~~~~~~~~~~~~~~~~~~~^~~~~~[m[K
In file included from [01m[K/opt/ros/jazzy/include/hardware_interface/hardware_interface/system_interface.hpp:18[m[K,
                 from [01m[K/home/anand/ur3e_working_reference/src/robotiq_2f_gripper_ros2/robotiq_2f_gripper_interfaces/include/robotiq_2f_gripper_interfaces/hardware_interface.hpp:44[m[K,
                 from [01m[K/home/anand/ur3e_working_reference/src/robotiq_2f_gripper_ros2/robotiq_2f_gripper_interfaces/src/hardware_interface.cpp:36[m[K:
[01m[K/opt/ros/jazzy/include/hardware_interface/hardware_interface/hardware_component_interface.hpp:235:26:[m[K [01;36m[Knote: [m[Kdeclared here
  235 |   virtual CallbackReturn [01;36m[Kon_init[m[K(const HardwareInfo & hardware_info)
      |                          [01;36m[K^~~~~~~[m[K
[100%] [32m[1mLinking CXX shared library librobotiq_2f_gripper_interfaces.so[0m
[100%] Built target robotiq_2f_gripper_interfaces
-- Install configuration: ""
-- Installing: /home/anand/ur3e_working_reference/install/robotiq_2f_gripper_interfaces/share/robotiq_2f_gripper_interfaces/hardware_interface_plugin.xml
-- Installing: /home/anand/ur3e_working_reference/install/robotiq_2f_gripper_interfaces/share/robotiq_2f_gripper_interfaces/environment/library_path.sh
-- Installing: /home/anand/ur3e_working_reference/install/robotiq_2f_gripper_interfaces/share/robotiq_2f_gripper_interfaces/environment/library_path.dsv
-- Installing: /home/anand/ur3e_working_reference/install/robotiq_2f_gripper_interfaces/include
-- Installing: /home/anand/ur3e_working_reference/install/robotiq_2f_gripper_interfaces/include/robotiq_2f_gripper_interfaces
-- Installing: /home/anand/ur3e_working_reference/install/robotiq_2f_gripper_interfaces/include/robotiq_2f_gripper_interfaces/fake
-- Installing: /home/anand/ur3e_working_reference/install/robotiq_2f_gripper_interfaces/include/robotiq_2f_gripper_interfaces/fake/fake_driver.hpp
-- Installing: /home/anand/ur3e_working_reference/install/robotiq_2f_gripper_interfaces/include/robotiq_2f_gripper_interfaces/default_driver.hpp
-- Installing: /home/anand/ur3e_working_reference/install/robotiq_2f_gripper_interfaces/include/robotiq_2f_gripper_interfaces/crc_utils.hpp
-- Installing: /home/anand/ur3e_working_reference/install/robotiq_2f_gripper_interfaces/include/robotiq_2f_gripper_interfaces/serial_factory.hpp
-- Installing: /home/anand/ur3e_working_reference/install/robotiq_2f_gripper_interfaces/include/robotiq_2f_gripper_interfaces/driver_exception.hpp
-- Installing: /home/anand/ur3e_working_reference/install/robotiq_2f_gripper_interfaces/include/robotiq_2f_gripper_interfaces/default_serial_factory.hpp
-- Installing: /home/anand/ur3e_working_reference/install/robotiq_2f_gripper_interfaces/include/robotiq_2f_gripper_interfaces/default_driver_factory.hpp
-- Installing: /home/anand/ur3e_working_reference/install/robotiq_2f_gripper_interfaces/include/robotiq_2f_gripper_interfaces/driver.hpp
-- Installing: /home/anand/ur3e_working_reference/install/robotiq_2f_gripper_interfaces/include/robotiq_2f_gripper_interfaces/default_serial.hpp
-- Installing: /home/anand/ur3e_working_reference/install/robotiq_2f_gripper_interfaces/include/robotiq_2f_gripper_interfaces/hardware_interface.hpp
-- Installing: /home/anand/ur3e_working_reference/install/robotiq_2f_gripper_interfaces/include/robotiq_2f_gripper_interfaces/driver_factory.hpp
-- Installing: /home/anand/ur3e_working_reference/install/robotiq_2f_gripper_interfaces/include/robotiq_2f_gripper_interfaces/data_utils.hpp
-- Installing: /home/anand/ur3e_working_reference/install/robotiq_2f_gripper_interfaces/include/robotiq_2f_gripper_interfaces/visibility_control.hpp
-- Installing: /home/anand/ur3e_working_reference/install/robotiq_2f_gripper_interfaces/include/robotiq_2f_gripper_interfaces/serial.hpp
-- Installing: /home/anand/ur3e_working_reference/install/robotiq_2f_gripper_interfaces/lib/librobotiq_2f_gripper_interfaces.so
-- Set non-toolchain portion of runtime path of "/home/anand/ur3e_working_reference/install/robotiq_2f_gripper_interfaces/lib/librobotiq_2f_gripper_interfaces.so" to ""
-- Installing: /home/anand/ur3e_working_reference/install/robotiq_2f_gripper_interfaces/share/ament_index/resource_index/package_run_dependencies/robotiq_2f_gripper_interfaces
-- Installing: /home/anand/ur3e_working_reference/install/robotiq_2f_gripper_interfaces/share/ament_index/resource_index/parent_prefix_path/robotiq_2f_gripper_interfaces
-- Installing: /home/anand/ur3e_working_reference/install/robotiq_2f_gripper_interfaces/share/robotiq_2f_gripper_interfaces/environment/ament_prefix_path.sh
-- Installing: /home/anand/ur3e_working_reference/install/robotiq_2f_gripper_interfaces/share/robotiq_2f_gripper_interfaces/environment/ament_prefix_path.dsv
-- Installing: /home/anand/ur3e_working_reference/install/robotiq_2f_gripper_interfaces/share/robotiq_2f_gripper_interfaces/environment/path.sh
-- Installing: /home/anand/ur3e_working_reference/install/robotiq_2f_gripper_interfaces/share/robotiq_2f_gripper_interfaces/environment/path.dsv
-- Installing: /home/anand/ur3e_working_reference/install/robotiq_2f_gripper_interfaces/share/robotiq_2f_gripper_interfaces/local_setup.bash
-- Installing: /home/anand/ur3e_working_reference/install/robotiq_2f_gripper_interfaces/share/robotiq_2f_gripper_interfaces/local_setup.sh
-- Installing: /home/anand/ur3e_working_reference/install/robotiq_2f_gripper_interfaces/share/robotiq_2f_gripper_interfaces/local_setup.zsh
-- Installing: /home/anand/ur3e_working_reference/install/robotiq_2f_gripper_interfaces/share/robotiq_2f_gripper_interfaces/local_setup.dsv
-- Installing: /home/anand/ur3e_working_reference/install/robotiq_2f_gripper_interfaces/share/robotiq_2f_gripper_interfaces/package.dsv
-- Installing: /home/anand/ur3e_working_reference/install/robotiq_2f_gripper_interfaces/share/ament_index/resource_index/packages/robotiq_2f_gripper_interfaces
-- Installing: /home/anand/ur3e_working_reference/install/robotiq_2f_gripper_interfaces/share/ament_index/resource_index/hardware_interface__pluginlib__plugin/robotiq_2f_gripper_interfaces
-- Installing: /home/anand/ur3e_working_reference/install/robotiq_2f_gripper_interfaces/share/robotiq_2f_gripper_interfaces/cmake/robotiq_2f_gripper_interfaces_targetsExport.cmake
-- Installing: /home/anand/ur3e_working_reference/install/robotiq_2f_gripper_interfaces/share/robotiq_2f_gripper_interfaces/cmake/robotiq_2f_gripper_interfaces_targetsExport-noconfig.cmake
-- Installing: /home/anand/ur3e_working_reference/install/robotiq_2f_gripper_interfaces/share/robotiq_2f_gripper_interfaces/cmake/ament_cmake_export_targets-extras.cmake
-- Installing: /home/anand/ur3e_working_reference/install/robotiq_2f_gripper_interfaces/share/robotiq_2f_gripper_interfaces/cmake/ament_cmake_export_dependencies-extras.cmake
-- Installing: /home/anand/ur3e_working_reference/install/robotiq_2f_gripper_interfaces/share/robotiq_2f_gripper_interfaces/cmake/ament_cmake_export_include_directories-extras.cmake
-- Installing: /home/anand/ur3e_working_reference/install/robotiq_2f_gripper_interfaces/share/robotiq_2f_gripper_interfaces/cmake/ament_cmake_export_libraries-extras.cmake
-- Installing: /home/anand/ur3e_working_reference/install/robotiq_2f_gripper_interfaces/share/robotiq_2f_gripper_interfaces/cmake/robotiq_2f_gripper_interfacesConfig.cmake
-- Installing: /home/anand/ur3e_working_reference/install/robotiq_2f_gripper_interfaces/share/robotiq_2f_gripper_interfaces/cmake/robotiq_2f_gripper_interfacesConfig-version.cmake
-- Installing: /home/anand/ur3e_working_reference/install/robotiq_2f_gripper_interfaces/share/robotiq_2f_gripper_interfaces/package.xml
