[0.008s] Invoking command in '/home/anand/ur3e_working_reference/build/robotiq_2f_gripper_interfaces': CMAKE_PREFIX_PATH=/home/anand/ur3e_working_reference/install/serial:/home/anand/ur3e_working_reference/install/ur_gazebo:/home/anand/ur3e_working_reference/install/moveit_config:/home/anand/ur3e_working_reference/install/ur_description:/home/anand/ur3e_working_reference/install/robotiq_2f_gripper_hardware:/home/anand/ur3e_working_reference/install/robotiq_2f_gripper_interfaces:/home/anand/ur3e_working_reference/install/robotiq_2f_gripper_msgs:/home/anand/ur3e_working_reference/install/robotiq_2f_gripper_description:/opt/ros/jazzy/opt/gz_sim_vendor:/opt/ros/jazzy/opt/gz_sensors_vendor:/opt/ros/jazzy/opt/gz_physics_vendor:/opt/ros/jazzy/opt/sdformat_vendor:/opt/ros/jazzy/opt/gz_gui_vendor:/opt/ros/jazzy/opt/gz_transport_vendor:/opt/ros/jazzy/opt/gz_rendering_vendor:/opt/ros/jazzy/opt/gz_plugin_vendor:/opt/ros/jazzy/opt/gz_fuel_tools_vendor:/opt/ros/jazzy/opt/gz_msgs_vendor:/opt/ros/jazzy/opt/gz_common_vendor:/opt/ros/jazzy/opt/gz_math_vendor:/opt/ros/jazzy/opt/gz_utils_vendor:/opt/ros/jazzy/opt/gz_tools_vendor:/opt/ros/jazzy/opt/gz_ogre_next_vendor:/opt/ros/jazzy/opt/gz_dartsim_vendor:/opt/ros/jazzy/opt/gz_cmake_vendor:/home/anand/ur3e_working_reference/install/ur3e_sorting:/home/anand/install/motion_model_comparison:/opt/ros/jazzy DEBUGINFOD_URLS=https://debuginfod.ubuntu.com /usr/bin/cmake /home/anand/ur3e_working_reference/src/robotiq_2f_gripper_ros2/robotiq_2f_gripper_interfaces -DCMAKE_INSTALL_PREFIX=/home/anand/ur3e_working_reference/install/robotiq_2f_gripper_interfaces
[0.052s] -- The CXX compiler identification is GNU 13.3.0
[0.063s] -- Detecting CXX compiler ABI info
[0.139s] -- Detecting CXX compiler ABI info - done
[0.149s] -- Check for working CXX compiler: /usr/bin/c++ - skipped
[0.149s] -- Detecting CXX compile features
[0.150s] -- Detecting CXX compile features - done
[0.154s] -- Found ament_cmake: 2.5.4 (/opt/ros/jazzy/share/ament_cmake/cmake)
[0.280s] -- Found Python3: /usr/bin/python3 (found version "3.12.3") found components: Interpreter 
[0.375s] -- Found hardware_interface: 4.39.2 (/opt/ros/jazzy/share/hardware_interface/cmake)
[0.415s] -- Found rosidl_generator_c: 4.6.6 (/opt/ros/jazzy/share/rosidl_generator_c/cmake)
[0.427s] -- Found rosidl_generator_cpp: 4.6.6 (/opt/ros/jazzy/share/rosidl_generator_cpp/cmake)
[0.440s] -- Using all available rosidl_typesupport_c: rosidl_typesupport_fastrtps_c;rosidl_typesupport_introspection_c
[0.454s] -- Using all available rosidl_typesupport_cpp: rosidl_typesupport_fastrtps_cpp;rosidl_typesupport_introspection_cpp
[0.604s] -- Found TinyXML2 via Config file: /usr/lib/x86_64-linux-gnu/cmake/tinyxml2
[0.639s] -- Found rmw_implementation_cmake: 7.3.2 (/opt/ros/jazzy/share/rmw_implementation_cmake/cmake)
[0.642s] -- Found rmw_fastrtps_cpp: 8.4.3 (/opt/ros/jazzy/share/rmw_fastrtps_cpp/cmake)
[0.660s] -- Found TinyXML2 via Config file: /usr/lib/x86_64-linux-gnu/cmake/tinyxml2
[0.701s] -- Found OpenSSL: /usr/lib/x86_64-linux-gnu/libcrypto.so (found version "3.0.13")  
[0.702s] -- Found TinyXML2 via Config file: /usr/lib/x86_64-linux-gnu/cmake/tinyxml2
[0.716s] -- Found FastRTPS: /opt/ros/jazzy/include (Required is at least version "2.13") 
[0.718s] -- Found TinyXML2 via Config file: /usr/lib/x86_64-linux-gnu/cmake/tinyxml2
[0.724s] -- Found TinyXML2 via Config file: /usr/lib/x86_64-linux-gnu/cmake/tinyxml2
[0.732s] -- Using RMW implementation 'rmw_fastrtps_cpp' as default
[0.925s] -- Found serial: 1.2.1 (/home/anand/ur3e_working_reference/install/serial/share/serial/cmake)
[0.991s] -- Configuring done (1.0s)
[1.009s] -- Generating done (0.0s)
[1.015s] -- Build files have been written to: /home/anand/ur3e_working_reference/build/robotiq_2f_gripper_interfaces
[1.023s] Invoked command in '/home/anand/ur3e_working_reference/build/robotiq_2f_gripper_interfaces' returned '0': CMAKE_PREFIX_PATH=/home/anand/ur3e_working_reference/install/serial:/home/anand/ur3e_working_reference/install/ur_gazebo:/home/anand/ur3e_working_reference/install/moveit_config:/home/anand/ur3e_working_reference/install/ur_description:/home/anand/ur3e_working_reference/install/robotiq_2f_gripper_hardware:/home/anand/ur3e_working_reference/install/robotiq_2f_gripper_interfaces:/home/anand/ur3e_working_reference/install/robotiq_2f_gripper_msgs:/home/anand/ur3e_working_reference/install/robotiq_2f_gripper_description:/opt/ros/jazzy/opt/gz_sim_vendor:/opt/ros/jazzy/opt/gz_sensors_vendor:/opt/ros/jazzy/opt/gz_physics_vendor:/opt/ros/jazzy/opt/sdformat_vendor:/opt/ros/jazzy/opt/gz_gui_vendor:/opt/ros/jazzy/opt/gz_transport_vendor:/opt/ros/jazzy/opt/gz_rendering_vendor:/opt/ros/jazzy/opt/gz_plugin_vendor:/opt/ros/jazzy/opt/gz_fuel_tools_vendor:/opt/ros/jazzy/opt/gz_msgs_vendor:/opt/ros/jazzy/opt/gz_common_vendor:/opt/ros/jazzy/opt/gz_math_vendor:/opt/ros/jazzy/opt/gz_utils_vendor:/opt/ros/jazzy/opt/gz_tools_vendor:/opt/ros/jazzy/opt/gz_ogre_next_vendor:/opt/ros/jazzy/opt/gz_dartsim_vendor:/opt/ros/jazzy/opt/gz_cmake_vendor:/home/anand/ur3e_working_reference/install/ur3e_sorting:/home/anand/install/motion_model_comparison:/opt/ros/jazzy DEBUGINFOD_URLS=https://debuginfod.ubuntu.com /usr/bin/cmake /home/anand/ur3e_working_reference/src/robotiq_2f_gripper_ros2/robotiq_2f_gripper_interfaces -DCMAKE_INSTALL_PREFIX=/home/anand/ur3e_working_reference/install/robotiq_2f_gripper_interfaces
[1.024s] Invoking command in '/home/anand/ur3e_working_reference/build/robotiq_2f_gripper_interfaces': CMAKE_PREFIX_PATH=/home/anand/ur3e_working_reference/install/serial:/home/anand/ur3e_working_reference/install/ur_gazebo:/home/anand/ur3e_working_reference/install/moveit_config:/home/anand/ur3e_working_reference/install/ur_description:/home/anand/ur3e_working_reference/install/robotiq_2f_gripper_hardware:/home/anand/ur3e_working_reference/install/robotiq_2f_gripper_interfaces:/home/anand/ur3e_working_reference/install/robotiq_2f_gripper_msgs:/home/anand/ur3e_working_reference/install/robotiq_2f_gripper_description:/opt/ros/jazzy/opt/gz_sim_vendor:/opt/ros/jazzy/opt/gz_sensors_vendor:/opt/ros/jazzy/opt/gz_physics_vendor:/opt/ros/jazzy/opt/sdformat_vendor:/opt/ros/jazzy/opt/gz_gui_vendor:/opt/ros/jazzy/opt/gz_transport_vendor:/opt/ros/jazzy/opt/gz_rendering_vendor:/opt/ros/jazzy/opt/gz_plugin_vendor:/opt/ros/jazzy/opt/gz_fuel_tools_vendor:/opt/ros/jazzy/opt/gz_msgs_vendor:/opt/ros/jazzy/opt/gz_common_vendor:/opt/ros/jazzy/opt/gz_math_vendor:/opt/ros/jazzy/opt/gz_utils_vendor:/opt/ros/jazzy/opt/gz_tools_vendor:/opt/ros/jazzy/opt/gz_ogre_next_vendor:/opt/ros/jazzy/opt/gz_dartsim_vendor:/opt/ros/jazzy/opt/gz_cmake_vendor:/home/anand/ur3e_working_reference/install/ur3e_sorting:/home/anand/install/motion_model_comparison:/opt/ros/jazzy DEBUGINFOD_URLS=https://debuginfod.ubuntu.com /usr/bin/cmake --build /home/anand/ur3e_working_reference/build/robotiq_2f_gripper_interfaces -- -j16 -l16
[1.063s] [ 22%] [32mBuilding CXX object CMakeFiles/robotiq_2f_gripper_interfaces.dir/src/hardware_interface.cpp.o[0m
[1.063s] [ 22%] [32mBuilding CXX object CMakeFiles/robotiq_2f_gripper_interfaces.dir/src/default_driver_factory.cpp.o[0m
[1.063s] [ 33%] [32mBuilding CXX object CMakeFiles/robotiq_2f_gripper_interfaces.dir/src/default_serial.cpp.o[0m
[1.063s] [ 44%] [32mBuilding CXX object CMakeFiles/robotiq_2f_gripper_interfaces.dir/src/fake/fake_driver.cpp.o[0m
[1.063s] [ 55%] [32mBuilding CXX object CMakeFiles/robotiq_2f_gripper_interfaces.dir/src/data_utils.cpp.o[0m
[1.064s] [ 66%] [32mBuilding CXX object CMakeFiles/robotiq_2f_gripper_interfaces.dir/src/crc_utils.cpp.o[0m
[1.064s] [ 77%] [32mBuilding CXX object CMakeFiles/robotiq_2f_gripper_interfaces.dir/src/default_driver.cpp.o[0m
[1.065s] [ 88%] [32mBuilding CXX object CMakeFiles/robotiq_2f_gripper_interfaces.dir/src/default_serial_factory.cpp.o[0m
[3.291s] [01m[K/home/anand/ur3e_working_reference/src/robotiq_2f_gripper_ros2/robotiq_2f_gripper_interfaces/src/hardware_interface.cpp:[m[K In member function ‘[01m[Kvirtual hardware_interface::CallbackReturn robotiq_2f_gripper_interfaces::RobotiqGripperHardwareInterface::[01;32m[Kon_init[m[K(const hardware_interface::HardwareInfo&)[m[K’:
[3.291s] [01m[K/home/anand/ur3e_working_reference/src/robotiq_2f_gripper_ros2/robotiq_2f_gripper_interfaces/src/hardware_interface.cpp:79:51:[m[K [01;35m[Kwarning: [m[K‘[01m[Kvirtual rclcpp_lifecycle::node_interfaces::LifecycleNodeInterface::CallbackReturn hardware_interface::HardwareComponentInterface::[01;32m[Kon_init[m[K(const hardware_interface::HardwareInfo&)[m[K’ is deprecated: Use on_init(const HardwareComponentInterfaceParams & params) instead. [[01;35m[K]8;;https://gcc.gnu.org/onlinedocs/gcc/Warning-Options.html#index-Wdeprecated-declarations-Wdeprecated-declarations]8;;[m[K]
[3.291s]    79 |   if ([01;35m[Khardware_interface::SystemInterface::on_init(info)[m[K != CallbackReturn::SUCCESS)
[3.291s]       |       [01;35m[K~~~~~~~~~~~~~~~~~~~~~~~~~~~~~~~~~~~~~~~~~~~~^~~~~~[m[K
[3.291s] In file included from [01m[K/opt/ros/jazzy/include/hardware_interface/hardware_interface/system_interface.hpp:18[m[K,
[3.291s]                  from [01m[K/home/anand/ur3e_working_reference/src/robotiq_2f_gripper_ros2/robotiq_2f_gripper_interfaces/include/robotiq_2f_gripper_interfaces/hardware_interface.hpp:44[m[K,
[3.291s]                  from [01m[K/home/anand/ur3e_working_reference/src/robotiq_2f_gripper_ros2/robotiq_2f_gripper_interfaces/src/hardware_interface.cpp:36[m[K:
[3.291s] [01m[K/opt/ros/jazzy/include/hardware_interface/hardware_interface/hardware_component_interface.hpp:235:26:[m[K [01;36m[Knote: [m[Kdeclared here
[3.291s]   235 |   virtual CallbackReturn [01;36m[Kon_init[m[K(const HardwareInfo & hardware_info)
[3.291s]       |                          [01;36m[K^~~~~~~[m[K
[4.902s] [100%] [32m[1mLinking CXX shared library librobotiq_2f_gripper_interfaces.so[0m
[5.048s] [100%] Built target robotiq_2f_gripper_interfaces
[5.057s] Invoked command in '/home/anand/ur3e_working_reference/build/robotiq_2f_gripper_interfaces' returned '0': CMAKE_PREFIX_PATH=/home/anand/ur3e_working_reference/install/serial:/home/anand/ur3e_working_reference/install/ur_gazebo:/home/anand/ur3e_working_reference/install/moveit_config:/home/anand/ur3e_working_reference/install/ur_description:/home/anand/ur3e_working_reference/install/robotiq_2f_gripper_hardware:/home/anand/ur3e_working_reference/install/robotiq_2f_gripper_interfaces:/home/anand/ur3e_working_reference/install/robotiq_2f_gripper_msgs:/home/anand/ur3e_working_reference/install/robotiq_2f_gripper_description:/opt/ros/jazzy/opt/gz_sim_vendor:/opt/ros/jazzy/opt/gz_sensors_vendor:/opt/ros/jazzy/opt/gz_physics_vendor:/opt/ros/jazzy/opt/sdformat_vendor:/opt/ros/jazzy/opt/gz_gui_vendor:/opt/ros/jazzy/opt/gz_transport_vendor:/opt/ros/jazzy/opt/gz_rendering_vendor:/opt/ros/jazzy/opt/gz_plugin_vendor:/opt/ros/jazzy/opt/gz_fuel_tools_vendor:/opt/ros/jazzy/opt/gz_msgs_vendor:/opt/ros/jazzy/opt/gz_common_vendor:/opt/ros/jazzy/opt/gz_math_vendor:/opt/ros/jazzy/opt/gz_utils_vendor:/opt/ros/jazzy/opt/gz_tools_vendor:/opt/ros/jazzy/opt/gz_ogre_next_vendor:/opt/ros/jazzy/opt/gz_dartsim_vendor:/opt/ros/jazzy/opt/gz_cmake_vendor:/home/anand/ur3e_working_reference/install/ur3e_sorting:/home/anand/install/motion_model_comparison:/opt/ros/jazzy DEBUGINFOD_URLS=https://debuginfod.ubuntu.com /usr/bin/cmake --build /home/anand/ur3e_working_reference/build/robotiq_2f_gripper_interfaces -- -j16 -l16
[5.058s] Invoking command in '/home/anand/ur3e_working_reference/build/robotiq_2f_gripper_interfaces': CMAKE_PREFIX_PATH=/home/anand/ur3e_working_reference/install/serial:/home/anand/ur3e_working_reference/install/ur_gazebo:/home/anand/ur3e_working_reference/install/moveit_config:/home/anand/ur3e_working_reference/install/ur_description:/home/anand/ur3e_working_reference/install/robotiq_2f_gripper_hardware:/home/anand/ur3e_working_reference/install/robotiq_2f_gripper_interfaces:/home/anand/ur3e_working_reference/install/robotiq_2f_gripper_msgs:/home/anand/ur3e_working_reference/install/robotiq_2f_gripper_description:/opt/ros/jazzy/opt/gz_sim_vendor:/opt/ros/jazzy/opt/gz_sensors_vendor:/opt/ros/jazzy/opt/gz_physics_vendor:/opt/ros/jazzy/opt/sdformat_vendor:/opt/ros/jazzy/opt/gz_gui_vendor:/opt/ros/jazzy/opt/gz_transport_vendor:/opt/ros/jazzy/opt/gz_rendering_vendor:/opt/ros/jazzy/opt/gz_plugin_vendor:/opt/ros/jazzy/opt/gz_fuel_tools_vendor:/opt/ros/jazzy/opt/gz_msgs_vendor:/opt/ros/jazzy/opt/gz_common_vendor:/opt/ros/jazzy/opt/gz_math_vendor:/opt/ros/jazzy/opt/gz_utils_vendor:/opt/ros/jazzy/opt/gz_tools_vendor:/opt/ros/jazzy/opt/gz_ogre_next_vendor:/opt/ros/jazzy/opt/gz_dartsim_vendor:/opt/ros/jazzy/opt/gz_cmake_vendor:/home/anand/ur3e_working_reference/install/ur3e_sorting:/home/anand/install/motion_model_comparison:/opt/ros/jazzy DEBUGINFOD_URLS=https://debuginfod.ubuntu.com /usr/bin/cmake --install /home/anand/ur3e_working_reference/build/robotiq_2f_gripper_interfaces
[5.065s] -- Install configuration: ""
[5.065s] -- Installing: /home/anand/ur3e_working_reference/install/robotiq_2f_gripper_interfaces/share/robotiq_2f_gripper_interfaces/hardware_interface_plugin.xml
[5.065s] -- Installing: /home/anand/ur3e_working_reference/install/robotiq_2f_gripper_interfaces/share/robotiq_2f_gripper_interfaces/environment/library_path.sh
[5.065s] -- Installing: /home/anand/ur3e_working_reference/install/robotiq_2f_gripper_interfaces/share/robotiq_2f_gripper_interfaces/environment/library_path.dsv
[5.065s] -- Installing: /home/anand/ur3e_working_reference/install/robotiq_2f_gripper_interfaces/include
[5.065s] -- Installing: /home/anand/ur3e_working_reference/install/robotiq_2f_gripper_interfaces/include/robotiq_2f_gripper_interfaces
[5.065s] -- Installing: /home/anand/ur3e_working_reference/install/robotiq_2f_gripper_interfaces/include/robotiq_2f_gripper_interfaces/fake
[5.065s] -- Installing: /home/anand/ur3e_working_reference/install/robotiq_2f_gripper_interfaces/include/robotiq_2f_gripper_interfaces/fake/fake_driver.hpp
[5.065s] -- Installing: /home/anand/ur3e_working_reference/install/robotiq_2f_gripper_interfaces/include/robotiq_2f_gripper_interfaces/default_driver.hpp
[5.065s] -- Installing: /home/anand/ur3e_working_reference/install/robotiq_2f_gripper_interfaces/include/robotiq_2f_gripper_interfaces/crc_utils.hpp
[5.065s] -- Installing: /home/anand/ur3e_working_reference/install/robotiq_2f_gripper_interfaces/include/robotiq_2f_gripper_interfaces/serial_factory.hpp
[5.065s] -- Installing: /home/anand/ur3e_working_reference/install/robotiq_2f_gripper_interfaces/include/robotiq_2f_gripper_interfaces/driver_exception.hpp
[5.065s] -- Installing: /home/anand/ur3e_working_reference/install/robotiq_2f_gripper_interfaces/include/robotiq_2f_gripper_interfaces/default_serial_factory.hpp
[5.065s] -- Installing: /home/anand/ur3e_working_reference/install/robotiq_2f_gripper_interfaces/include/robotiq_2f_gripper_interfaces/default_driver_factory.hpp
[5.065s] -- Installing: /home/anand/ur3e_working_reference/install/robotiq_2f_gripper_interfaces/include/robotiq_2f_gripper_interfaces/driver.hpp
[5.065s] -- Installing: /home/anand/ur3e_working_reference/install/robotiq_2f_gripper_interfaces/include/robotiq_2f_gripper_interfaces/default_serial.hpp
[5.065s] -- Installing: /home/anand/ur3e_working_reference/install/robotiq_2f_gripper_interfaces/include/robotiq_2f_gripper_interfaces/hardware_interface.hpp
[5.065s] -- Installing: /home/anand/ur3e_working_reference/install/robotiq_2f_gripper_interfaces/include/robotiq_2f_gripper_interfaces/driver_factory.hpp
[5.065s] -- Installing: /home/anand/ur3e_working_reference/install/robotiq_2f_gripper_interfaces/include/robotiq_2f_gripper_interfaces/data_utils.hpp
[5.065s] -- Installing: /home/anand/ur3e_working_reference/install/robotiq_2f_gripper_interfaces/include/robotiq_2f_gripper_interfaces/visibility_control.hpp
[5.066s] -- Installing: /home/anand/ur3e_working_reference/install/robotiq_2f_gripper_interfaces/include/robotiq_2f_gripper_interfaces/serial.hpp
[5.066s] -- Installing: /home/anand/ur3e_working_reference/install/robotiq_2f_gripper_interfaces/lib/librobotiq_2f_gripper_interfaces.so
[5.066s] -- Set non-toolchain portion of runtime path of "/home/anand/ur3e_working_reference/install/robotiq_2f_gripper_interfaces/lib/librobotiq_2f_gripper_interfaces.so" to ""
[5.066s] -- Installing: /home/anand/ur3e_working_reference/install/robotiq_2f_gripper_interfaces/share/ament_index/resource_index/package_run_dependencies/robotiq_2f_gripper_interfaces
[5.066s] -- Installing: /home/anand/ur3e_working_reference/install/robotiq_2f_gripper_interfaces/share/ament_index/resource_index/parent_prefix_path/robotiq_2f_gripper_interfaces
[5.066s] -- Installing: /home/anand/ur3e_working_reference/install/robotiq_2f_gripper_interfaces/share/robotiq_2f_gripper_interfaces/environment/ament_prefix_path.sh
[5.066s] -- Installing: /home/anand/ur3e_working_reference/install/robotiq_2f_gripper_interfaces/share/robotiq_2f_gripper_interfaces/environment/ament_prefix_path.dsv
[5.066s] -- Installing: /home/anand/ur3e_working_reference/install/robotiq_2f_gripper_interfaces/share/robotiq_2f_gripper_interfaces/environment/path.sh
[5.066s] -- Installing: /home/anand/ur3e_working_reference/install/robotiq_2f_gripper_interfaces/share/robotiq_2f_gripper_interfaces/environment/path.dsv
[5.066s] -- Installing: /home/anand/ur3e_working_reference/install/robotiq_2f_gripper_interfaces/share/robotiq_2f_gripper_interfaces/local_setup.bash
[5.066s] -- Installing: /home/anand/ur3e_working_reference/install/robotiq_2f_gripper_interfaces/share/robotiq_2f_gripper_interfaces/local_setup.sh
[5.067s] -- Installing: /home/anand/ur3e_working_reference/install/robotiq_2f_gripper_interfaces/share/robotiq_2f_gripper_interfaces/local_setup.zsh
[5.067s] -- Installing: /home/anand/ur3e_working_reference/install/robotiq_2f_gripper_interfaces/share/robotiq_2f_gripper_interfaces/local_setup.dsv
[5.067s] -- Installing: /home/anand/ur3e_working_reference/install/robotiq_2f_gripper_interfaces/share/robotiq_2f_gripper_interfaces/package.dsv
[5.067s] -- Installing: /home/anand/ur3e_working_reference/install/robotiq_2f_gripper_interfaces/share/ament_index/resource_index/packages/robotiq_2f_gripper_interfaces
[5.067s] -- Installing: /home/anand/ur3e_working_reference/install/robotiq_2f_gripper_interfaces/share/ament_index/resource_index/hardware_interface__pluginlib__plugin/robotiq_2f_gripper_interfaces
[5.067s] -- Installing: /home/anand/ur3e_working_reference/install/robotiq_2f_gripper_interfaces/share/robotiq_2f_gripper_interfaces/cmake/robotiq_2f_gripper_interfaces_targetsExport.cmake
[5.067s] -- Installing: /home/anand/ur3e_working_reference/install/robotiq_2f_gripper_interfaces/share/robotiq_2f_gripper_interfaces/cmake/robotiq_2f_gripper_interfaces_targetsExport-noconfig.cmake
[5.067s] -- Installing: /home/anand/ur3e_working_reference/install/robotiq_2f_gripper_interfaces/share/robotiq_2f_gripper_interfaces/cmake/ament_cmake_export_targets-extras.cmake
[5.067s] -- Installing: /home/anand/ur3e_working_reference/install/robotiq_2f_gripper_interfaces/share/robotiq_2f_gripper_interfaces/cmake/ament_cmake_export_dependencies-extras.cmake
[5.067s] -- Installing: /home/anand/ur3e_working_reference/install/robotiq_2f_gripper_interfaces/share/robotiq_2f_gripper_interfaces/cmake/ament_cmake_export_include_directories-extras.cmake
[5.067s] -- Installing: /home/anand/ur3e_working_reference/install/robotiq_2f_gripper_interfaces/share/robotiq_2f_gripper_interfaces/cmake/ament_cmake_export_libraries-extras.cmake
[5.067s] -- Installing: /home/anand/ur3e_working_reference/install/robotiq_2f_gripper_interfaces/share/robotiq_2f_gripper_interfaces/cmake/robotiq_2f_gripper_interfacesConfig.cmake
[5.067s] -- Installing: /home/anand/ur3e_working_reference/install/robotiq_2f_gripper_interfaces/share/robotiq_2f_gripper_interfaces/cmake/robotiq_2f_gripper_interfacesConfig-version.cmake
[5.067s] -- Installing: /home/anand/ur3e_working_reference/install/robotiq_2f_gripper_interfaces/share/robotiq_2f_gripper_interfaces/package.xml
[5.069s] Invoked command in '/home/anand/ur3e_working_reference/build/robotiq_2f_gripper_interfaces' returned '0': CMAKE_PREFIX_PATH=/home/anand/ur3e_working_reference/install/serial:/home/anand/ur3e_working_reference/install/ur_gazebo:/home/anand/ur3e_working_reference/install/moveit_config:/home/anand/ur3e_working_reference/install/ur_description:/home/anand/ur3e_working_reference/install/robotiq_2f_gripper_hardware:/home/anand/ur3e_working_reference/install/robotiq_2f_gripper_interfaces:/home/anand/ur3e_working_reference/install/robotiq_2f_gripper_msgs:/home/anand/ur3e_working_reference/install/robotiq_2f_gripper_description:/opt/ros/jazzy/opt/gz_sim_vendor:/opt/ros/jazzy/opt/gz_sensors_vendor:/opt/ros/jazzy/opt/gz_physics_vendor:/opt/ros/jazzy/opt/sdformat_vendor:/opt/ros/jazzy/opt/gz_gui_vendor:/opt/ros/jazzy/opt/gz_transport_vendor:/opt/ros/jazzy/opt/gz_rendering_vendor:/opt/ros/jazzy/opt/gz_plugin_vendor:/opt/ros/jazzy/opt/gz_fuel_tools_vendor:/opt/ros/jazzy/opt/gz_msgs_vendor:/opt/ros/jazzy/opt/gz_common_vendor:/opt/ros/jazzy/opt/gz_math_vendor:/opt/ros/jazzy/opt/gz_utils_vendor:/opt/ros/jazzy/opt/gz_tools_vendor:/opt/ros/jazzy/opt/gz_ogre_next_vendor:/opt/ros/jazzy/opt/gz_dartsim_vendor:/opt/ros/jazzy/opt/gz_cmake_vendor:/home/anand/ur3e_working_reference/install/ur3e_sorting:/home/anand/install/motion_model_comparison:/opt/ros/jazzy DEBUGINFOD_URLS=https://debuginfod.ubuntu.com /usr/bin/cmake --install /home/anand/ur3e_working_reference/build/robotiq_2f_gripper_interfaces
