[0.057s] Invoking command in '/home/anand/ur3e_working_reference/build/robotiq_2f_gripper_msgs': CMAKE_PREFIX_PATH=${CMAKE_PREFIX_PATH}:/home/anand/ur3e_working_reference/install/ur3e_sorting:/home/anand/install/motion_model_comparison:/opt/ros/jazzy DEBUGINFOD_URLS=https://debuginfod.ubuntu.com /usr/bin/cmake --build /home/anand/ur3e_working_reference/build/robotiq_2f_gripper_msgs -- -j16 -l16
[0.368s] [  2%] Built target robotiq_2f_gripper_msgs__rosidl_generator_type_description
[0.368s] [  2%] Built target ament_cmake_python_copy_robotiq_2f_gripper_msgs
[0.368s] [  5%] Built target robotiq_2f_gripper_msgs__cpp
[0.368s] [ 20%] Built target robotiq_2f_gripper_msgs__rosidl_generator_c
[0.368s] [ 35%] Built target robotiq_2f_gripper_msgs__rosidl_typesupport_cpp
[0.369s] [ 38%] Built target robotiq_2f_gripper_msgs__rosidl_typesupport_fastrtps_cpp
[0.369s] [ 47%] Built target robotiq_2f_gripper_msgs__rosidl_typesupport_fastrtps_c
[0.369s] [ 55%] Built target robotiq_2f_gripper_msgs__rosidl_typesupport_c
[0.369s] [ 67%] Built target robotiq_2f_gripper_msgs__rosidl_typesupport_introspection_cpp
[0.369s] [ 73%] Built target robotiq_2f_gripper_msgs__rosidl_typesupport_introspection_c
[0.369s] [ 73%] Built target robotiq_2f_gripper_msgs
[0.369s] [ 76%] Built target robotiq_2f_gripper_msgs__py
[0.369s] [ 82%] Built target robotiq_2f_gripper_msgs__rosidl_generator_py
[0.369s] [100%] Built target robotiq_2f_gripper_msgs_s__rosidl_typesupport_introspection_c
[0.369s] [100%] Built target robotiq_2f_gripper_msgs_s__rosidl_typesupport_c
[0.370s] [100%] Built target robotiq_2f_gripper_msgs_s__rosidl_typesupport_fastrtps_c
[0.421s] running egg_info
[0.449s] writing robotiq_2f_gripper_msgs.egg-info/PKG-INFO
[0.449s] writing dependency_links to robotiq_2f_gripper_msgs.egg-info/dependency_links.txt
[0.450s] writing top-level names to robotiq_2f_gripper_msgs.egg-info/top_level.txt
[0.530s] reading manifest file 'robotiq_2f_gripper_msgs.egg-info/SOURCES.txt'
[0.531s] writing manifest file 'robotiq_2f_gripper_msgs.egg-info/SOURCES.txt'
[0.579s] [100%] Built target ament_cmake_python_build_robotiq_2f_gripper_msgs_egg
[0.590s] Invoked command in '/home/anand/ur3e_working_reference/build/robotiq_2f_gripper_msgs' returned '0': CMAKE_PREFIX_PATH=${CMAKE_PREFIX_PATH}:/home/anand/ur3e_working_reference/install/ur3e_sorting:/home/anand/install/motion_model_comparison:/opt/ros/jazzy DEBUGINFOD_URLS=https://debuginfod.ubuntu.com /usr/bin/cmake --build /home/anand/ur3e_working_reference/build/robotiq_2f_gripper_msgs -- -j16 -l16
[0.592s] Invoking command in '/home/anand/ur3e_working_reference/build/robotiq_2f_gripper_msgs': CMAKE_PREFIX_PATH=${CMAKE_PREFIX_PATH}:/home/anand/ur3e_working_reference/install/ur3e_sorting:/home/anand/install/motion_model_comparison:/opt/ros/jazzy DEBUGINFOD_URLS=https://debuginfod.ubuntu.com /usr/bin/cmake --install /home/anand/ur3e_working_reference/build/robotiq_2f_gripper_msgs
[0.602s] -- Install configuration: ""
[0.602s] -- Up-to-date: /home/anand/ur3e_working_reference/install/robotiq_2f_gripper_msgs/share/ament_index/resource_index/rosidl_interfaces/robotiq_2f_gripper_msgs
[0.603s] -- Up-to-date: /home/anand/ur3e_working_reference/install/robotiq_2f_gripper_msgs/share/robotiq_2f_gripper_msgs/action/MoveTwoFingerGripper.json
[0.603s] -- Up-to-date: /home/anand/ur3e_working_reference/install/robotiq_2f_gripper_msgs/include/robotiq_2f_gripper_msgs/robotiq_2f_gripper_msgs
[0.603s] -- Up-to-date: /home/anand/ur3e_working_reference/install/robotiq_2f_gripper_msgs/include/robotiq_2f_gripper_msgs/robotiq_2f_gripper_msgs/action
[0.603s] -- Up-to-date: /home/anand/ur3e_working_reference/install/robotiq_2f_gripper_msgs/include/robotiq_2f_gripper_msgs/robotiq_2f_gripper_msgs/action/move_two_finger_gripper.h
[0.603s] -- Up-to-date: /home/anand/ur3e_working_reference/install/robotiq_2f_gripper_msgs/include/robotiq_2f_gripper_msgs/robotiq_2f_gripper_msgs/action/detail
[0.603s] -- Up-to-date: /home/anand/ur3e_working_reference/install/robotiq_2f_gripper_msgs/include/robotiq_2f_gripper_msgs/robotiq_2f_gripper_msgs/action/detail/move_two_finger_gripper__type_support.c
[0.603s] -- Up-to-date: /home/anand/ur3e_working_reference/install/robotiq_2f_gripper_msgs/include/robotiq_2f_gripper_msgs/robotiq_2f_gripper_msgs/action/detail/move_two_finger_gripper__functions.c
[0.603s] -- Up-to-date: /home/anand/ur3e_working_reference/install/robotiq_2f_gripper_msgs/include/robotiq_2f_gripper_msgs/robotiq_2f_gripper_msgs/action/detail/move_two_finger_gripper__struct.h
[0.604s] -- Up-to-date: /home/anand/ur3e_working_reference/install/robotiq_2f_gripper_msgs/include/robotiq_2f_gripper_msgs/robotiq_2f_gripper_msgs/action/detail/move_two_finger_gripper__description.c
[0.604s] -- Up-to-date: /home/anand/ur3e_working_reference/install/robotiq_2f_gripper_msgs/include/robotiq_2f_gripper_msgs/robotiq_2f_gripper_msgs/action/detail/move_two_finger_gripper__functions.h
[0.604s] -- Up-to-date: /home/anand/ur3e_working_reference/install/robotiq_2f_gripper_msgs/include/robotiq_2f_gripper_msgs/robotiq_2f_gripper_msgs/action/detail/move_two_finger_gripper__type_support.h
[0.604s] -- Up-to-date: /home/anand/ur3e_working_reference/install/robotiq_2f_gripper_msgs/include/robotiq_2f_gripper_msgs/robotiq_2f_gripper_msgs/msg
[0.604s] -- Up-to-date: /home/anand/ur3e_working_reference/install/robotiq_2f_gripper_msgs/include/robotiq_2f_gripper_msgs/robotiq_2f_gripper_msgs/msg/rosidl_generator_c__visibility_control.h
[0.604s] -- Up-to-date: /home/anand/ur3e_working_reference/install/robotiq_2f_gripper_msgs/share/robotiq_2f_gripper_msgs/environment/library_path.sh
[0.605s] -- Up-to-date: /home/anand/ur3e_working_reference/install/robotiq_2f_gripper_msgs/share/robotiq_2f_gripper_msgs/environment/library_path.dsv
[0.605s] -- Up-to-date: /home/anand/ur3e_working_reference/install/robotiq_2f_gripper_msgs/lib/librobotiq_2f_gripper_msgs__rosidl_generator_c.so
[0.605s] -- Up-to-date: /home/anand/ur3e_working_reference/install/robotiq_2f_gripper_msgs/include/robotiq_2f_gripper_msgs/robotiq_2f_gripper_msgs
[0.605s] -- Up-to-date: /home/anand/ur3e_working_reference/install/robotiq_2f_gripper_msgs/include/robotiq_2f_gripper_msgs/robotiq_2f_gripper_msgs/action
[0.605s] -- Up-to-date: /home/anand/ur3e_working_reference/install/robotiq_2f_gripper_msgs/include/robotiq_2f_gripper_msgs/robotiq_2f_gripper_msgs/action/detail
[0.605s] -- Up-to-date: /home/anand/ur3e_working_reference/install/robotiq_2f_gripper_msgs/include/robotiq_2f_gripper_msgs/robotiq_2f_gripper_msgs/action/detail/move_two_finger_gripper__rosidl_typesupport_fastrtps_c.h
[0.605s] -- Up-to-date: /home/anand/ur3e_working_reference/install/robotiq_2f_gripper_msgs/include/robotiq_2f_gripper_msgs/robotiq_2f_gripper_msgs/msg
[0.605s] -- Up-to-date: /home/anand/ur3e_working_reference/install/robotiq_2f_gripper_msgs/include/robotiq_2f_gripper_msgs/robotiq_2f_gripper_msgs/msg/rosidl_typesupport_fastrtps_c__visibility_control.h
[0.605s] -- Up-to-date: /home/anand/ur3e_working_reference/install/robotiq_2f_gripper_msgs/lib/librobotiq_2f_gripper_msgs__rosidl_typesupport_fastrtps_c.so
[0.606s] -- Up-to-date: /home/anand/ur3e_working_reference/install/robotiq_2f_gripper_msgs/include/robotiq_2f_gripper_msgs/robotiq_2f_gripper_msgs
[0.606s] -- Up-to-date: /home/anand/ur3e_working_reference/install/robotiq_2f_gripper_msgs/include/robotiq_2f_gripper_msgs/robotiq_2f_gripper_msgs/action
[0.606s] -- Up-to-date: /home/anand/ur3e_working_reference/install/robotiq_2f_gripper_msgs/include/robotiq_2f_gripper_msgs/robotiq_2f_gripper_msgs/action/detail
[0.606s] -- Up-to-date: /home/anand/ur3e_working_reference/install/robotiq_2f_gripper_msgs/include/robotiq_2f_gripper_msgs/robotiq_2f_gripper_msgs/action/detail/move_two_finger_gripper__type_support.c
[0.606s] -- Up-to-date: /home/anand/ur3e_working_reference/install/robotiq_2f_gripper_msgs/include/robotiq_2f_gripper_msgs/robotiq_2f_gripper_msgs/action/detail/move_two_finger_gripper__rosidl_typesupport_introspection_c.h
[0.606s] -- Up-to-date: /home/anand/ur3e_working_reference/install/robotiq_2f_gripper_msgs/include/robotiq_2f_gripper_msgs/robotiq_2f_gripper_msgs/msg
[0.606s] -- Up-to-date: /home/anand/ur3e_working_reference/install/robotiq_2f_gripper_msgs/include/robotiq_2f_gripper_msgs/robotiq_2f_gripper_msgs/msg/rosidl_typesupport_introspection_c__visibility_control.h
[0.606s] -- Up-to-date: /home/anand/ur3e_working_reference/install/robotiq_2f_gripper_msgs/lib/librobotiq_2f_gripper_msgs__rosidl_typesupport_introspection_c.so
[0.606s] -- Up-to-date: /home/anand/ur3e_working_reference/install/robotiq_2f_gripper_msgs/lib/librobotiq_2f_gripper_msgs__rosidl_typesupport_c.so
[0.606s] -- Up-to-date: /home/anand/ur3e_working_reference/install/robotiq_2f_gripper_msgs/include/robotiq_2f_gripper_msgs/robotiq_2f_gripper_msgs
[0.606s] -- Up-to-date: /home/anand/ur3e_working_reference/install/robotiq_2f_gripper_msgs/include/robotiq_2f_gripper_msgs/robotiq_2f_gripper_msgs/action
[0.606s] -- Up-to-date: /home/anand/ur3e_working_reference/install/robotiq_2f_gripper_msgs/include/robotiq_2f_gripper_msgs/robotiq_2f_gripper_msgs/action/move_two_finger_gripper.hpp
[0.606s] -- Up-to-date: /home/anand/ur3e_working_reference/install/robotiq_2f_gripper_msgs/include/robotiq_2f_gripper_msgs/robotiq_2f_gripper_msgs/action/detail
[0.606s] -- Up-to-date: /home/anand/ur3e_working_reference/install/robotiq_2f_gripper_msgs/include/robotiq_2f_gripper_msgs/robotiq_2f_gripper_msgs/action/detail/move_two_finger_gripper__type_support.hpp
[0.607s] -- Up-to-date: /home/anand/ur3e_working_reference/install/robotiq_2f_gripper_msgs/include/robotiq_2f_gripper_msgs/robotiq_2f_gripper_msgs/action/detail/move_two_finger_gripper__traits.hpp
[0.607s] -- Up-to-date: /home/anand/ur3e_working_reference/install/robotiq_2f_gripper_msgs/include/robotiq_2f_gripper_msgs/robotiq_2f_gripper_msgs/action/detail/move_two_finger_gripper__struct.hpp
[0.607s] -- Up-to-date: /home/anand/ur3e_working_reference/install/robotiq_2f_gripper_msgs/include/robotiq_2f_gripper_msgs/robotiq_2f_gripper_msgs/action/detail/move_two_finger_gripper__builder.hpp
[0.607s] -- Up-to-date: /home/anand/ur3e_working_reference/install/robotiq_2f_gripper_msgs/include/robotiq_2f_gripper_msgs/robotiq_2f_gripper_msgs/msg
[0.607s] -- Up-to-date: /home/anand/ur3e_working_reference/install/robotiq_2f_gripper_msgs/include/robotiq_2f_gripper_msgs/robotiq_2f_gripper_msgs/msg/rosidl_generator_cpp__visibility_control.hpp
[0.607s] -- Up-to-date: /home/anand/ur3e_working_reference/install/robotiq_2f_gripper_msgs/include/robotiq_2f_gripper_msgs/robotiq_2f_gripper_msgs
[0.607s] -- Up-to-date: /home/anand/ur3e_working_reference/install/robotiq_2f_gripper_msgs/include/robotiq_2f_gripper_msgs/robotiq_2f_gripper_msgs/action
[0.607s] -- Up-to-date: /home/anand/ur3e_working_reference/install/robotiq_2f_gripper_msgs/include/robotiq_2f_gripper_msgs/robotiq_2f_gripper_msgs/action/detail
[0.607s] -- Up-to-date: /home/anand/ur3e_working_reference/install/robotiq_2f_gripper_msgs/include/robotiq_2f_gripper_msgs/robotiq_2f_gripper_msgs/action/detail/dds_fastrtps
[0.607s] -- Up-to-date: /home/anand/ur3e_working_reference/install/robotiq_2f_gripper_msgs/include/robotiq_2f_gripper_msgs/robotiq_2f_gripper_msgs/action/detail/move_two_finger_gripper__rosidl_typesupport_fastrtps_cpp.hpp
[0.607s] -- Up-to-date: /home/anand/ur3e_working_reference/install/robotiq_2f_gripper_msgs/include/robotiq_2f_gripper_msgs/robotiq_2f_gripper_msgs/msg
[0.607s] -- Up-to-date: /home/anand/ur3e_working_reference/install/robotiq_2f_gripper_msgs/include/robotiq_2f_gripper_msgs/robotiq_2f_gripper_msgs/msg/rosidl_typesupport_fastrtps_cpp__visibility_control.h
[0.607s] -- Up-to-date: /home/anand/ur3e_working_reference/install/robotiq_2f_gripper_msgs/lib/librobotiq_2f_gripper_msgs__rosidl_typesupport_fastrtps_cpp.so
[0.607s] -- Up-to-date: /home/anand/ur3e_working_reference/install/robotiq_2f_gripper_msgs/include/robotiq_2f_gripper_msgs/robotiq_2f_gripper_msgs
[0.607s] -- Up-to-date: /home/anand/ur3e_working_reference/install/robotiq_2f_gripper_msgs/include/robotiq_2f_gripper_msgs/robotiq_2f_gripper_msgs/action
[0.608s] -- Up-to-date: /home/anand/ur3e_working_reference/install/robotiq_2f_gripper_msgs/include/robotiq_2f_gripper_msgs/robotiq_2f_gripper_msgs/action/detail
[0.608s] -- Up-to-date: /home/anand/ur3e_working_reference/install/robotiq_2f_gripper_msgs/include/robotiq_2f_gripper_msgs/robotiq_2f_gripper_msgs/action/detail/move_two_finger_gripper__rosidl_typesupport_introspection_cpp.hpp
[0.608s] -- Up-to-date: /home/anand/ur3e_working_reference/install/robotiq_2f_gripper_msgs/include/robotiq_2f_gripper_msgs/robotiq_2f_gripper_msgs/action/detail/move_two_finger_gripper__type_support.cpp
[0.608s] -- Up-to-date: /home/anand/ur3e_working_reference/install/robotiq_2f_gripper_msgs/lib/librobotiq_2f_gripper_msgs__rosidl_typesupport_introspection_cpp.so
[0.608s] -- Up-to-date: /home/anand/ur3e_working_reference/install/robotiq_2f_gripper_msgs/lib/librobotiq_2f_gripper_msgs__rosidl_typesupport_cpp.so
[0.608s] -- Up-to-date: /home/anand/ur3e_working_reference/install/robotiq_2f_gripper_msgs/share/robotiq_2f_gripper_msgs/environment/pythonpath.sh
[0.608s] -- Up-to-date: /home/anand/ur3e_working_reference/install/robotiq_2f_gripper_msgs/share/robotiq_2f_gripper_msgs/environment/pythonpath.dsv
[0.608s] -- Up-to-date: /home/anand/ur3e_working_reference/install/robotiq_2f_gripper_msgs/lib/python3.12/site-packages/robotiq_2f_gripper_msgs-0.0.0-py3.12.egg-info
[0.608s] -- Installing: /home/anand/ur3e_working_reference/install/robotiq_2f_gripper_msgs/lib/python3.12/site-packages/robotiq_2f_gripper_msgs-0.0.0-py3.12.egg-info/dependency_links.txt
[0.608s] -- Installing: /home/anand/ur3e_working_reference/install/robotiq_2f_gripper_msgs/lib/python3.12/site-packages/robotiq_2f_gripper_msgs-0.0.0-py3.12.egg-info/PKG-INFO
[0.608s] -- Installing: /home/anand/ur3e_working_reference/install/robotiq_2f_gripper_msgs/lib/python3.12/site-packages/robotiq_2f_gripper_msgs-0.0.0-py3.12.egg-info/top_level.txt
[0.608s] -- Installing: /home/anand/ur3e_working_reference/install/robotiq_2f_gripper_msgs/lib/python3.12/site-packages/robotiq_2f_gripper_msgs-0.0.0-py3.12.egg-info/SOURCES.txt
[0.608s] -- Up-to-date: /home/anand/ur3e_working_reference/install/robotiq_2f_gripper_msgs/lib/python3.12/site-packages/robotiq_2f_gripper_msgs
[0.608s] -- Up-to-date: /home/anand/ur3e_working_reference/install/robotiq_2f_gripper_msgs/lib/python3.12/site-packages/robotiq_2f_gripper_msgs/__init__.py
[0.608s] -- Up-to-date: /home/anand/ur3e_working_reference/install/robotiq_2f_gripper_msgs/lib/python3.12/site-packages/robotiq_2f_gripper_msgs/_robotiq_2f_gripper_msgs_s.ep.rosidl_typesupport_fastrtps_c.c
[0.608s] -- Up-to-date: /home/anand/ur3e_working_reference/install/robotiq_2f_gripper_msgs/lib/python3.12/site-packages/robotiq_2f_gripper_msgs/action
[0.608s] -- Up-to-date: /home/anand/ur3e_working_reference/install/robotiq_2f_gripper_msgs/lib/python3.12/site-packages/robotiq_2f_gripper_msgs/action/__init__.py
[0.608s] -- Up-to-date: /home/anand/ur3e_working_reference/install/robotiq_2f_gripper_msgs/lib/python3.12/site-packages/robotiq_2f_gripper_msgs/action/_move_two_finger_gripper_s.c
[0.609s] -- Up-to-date: /home/anand/ur3e_working_reference/install/robotiq_2f_gripper_msgs/lib/python3.12/site-packages/robotiq_2f_gripper_msgs/action/_move_two_finger_gripper.py
[0.609s] -- Up-to-date: /home/anand/ur3e_working_reference/install/robotiq_2f_gripper_msgs/lib/python3.12/site-packages/robotiq_2f_gripper_msgs/_robotiq_2f_gripper_msgs_s.ep.rosidl_typesupport_c.c
[0.609s] -- Up-to-date: /home/anand/ur3e_working_reference/install/robotiq_2f_gripper_msgs/lib/python3.12/site-packages/robotiq_2f_gripper_msgs/robotiq_2f_gripper_msgs_s__rosidl_typesupport_fastrtps_c.so
[0.609s] -- Up-to-date: /home/anand/ur3e_working_reference/install/robotiq_2f_gripper_msgs/lib/python3.12/site-packages/robotiq_2f_gripper_msgs/robotiq_2f_gripper_msgs_s__rosidl_typesupport_c.so
[0.609s] -- Up-to-date: /home/anand/ur3e_working_reference/install/robotiq_2f_gripper_msgs/lib/python3.12/site-packages/robotiq_2f_gripper_msgs/robotiq_2f_gripper_msgs_s__rosidl_typesupport_introspection_c.so
[0.609s] -- Up-to-date: /home/anand/ur3e_working_reference/install/robotiq_2f_gripper_msgs/lib/python3.12/site-packages/robotiq_2f_gripper_msgs/_robotiq_2f_gripper_msgs_s.ep.rosidl_typesupport_introspection_c.c
[0.649s] Listing '/home/anand/ur3e_working_reference/install/robotiq_2f_gripper_msgs/lib/python3.12/site-packages/robotiq_2f_gripper_msgs'...
[0.649s] Listing '/home/anand/ur3e_working_reference/install/robotiq_2f_gripper_msgs/lib/python3.12/site-packages/robotiq_2f_gripper_msgs/action'...
[0.658s] -- Up-to-date: /home/anand/ur3e_working_reference/install/robotiq_2f_gripper_msgs/lib/python3.12/site-packages/robotiq_2f_gripper_msgs/robotiq_2f_gripper_msgs_s__rosidl_typesupport_fastrtps_c.so
[0.658s] -- Up-to-date: /home/anand/ur3e_working_reference/install/robotiq_2f_gripper_msgs/lib/python3.12/site-packages/robotiq_2f_gripper_msgs/robotiq_2f_gripper_msgs_s__rosidl_typesupport_introspection_c.so
[0.658s] -- Up-to-date: /home/anand/ur3e_working_reference/install/robotiq_2f_gripper_msgs/lib/python3.12/site-packages/robotiq_2f_gripper_msgs/robotiq_2f_gripper_msgs_s__rosidl_typesupport_c.so
[0.658s] -- Up-to-date: /home/anand/ur3e_working_reference/install/robotiq_2f_gripper_msgs/lib/librobotiq_2f_gripper_msgs__rosidl_generator_py.so
[0.658s] -- Up-to-date: /home/anand/ur3e_working_reference/install/robotiq_2f_gripper_msgs/share/robotiq_2f_gripper_msgs/action/MoveTwoFingerGripper.idl
[0.658s] -- Up-to-date: /home/anand/ur3e_working_reference/install/robotiq_2f_gripper_msgs/share/robotiq_2f_gripper_msgs/action/MoveTwoFingerGripper.action
[0.658s] -- Up-to-date: /home/anand/ur3e_working_reference/install/robotiq_2f_gripper_msgs/share/ament_index/resource_index/package_run_dependencies/robotiq_2f_gripper_msgs
[0.658s] -- Up-to-date: /home/anand/ur3e_working_reference/install/robotiq_2f_gripper_msgs/share/ament_index/resource_index/parent_prefix_path/robotiq_2f_gripper_msgs
[0.659s] -- Up-to-date: /home/anand/ur3e_working_reference/install/robotiq_2f_gripper_msgs/share/robotiq_2f_gripper_msgs/environment/ament_prefix_path.sh
[0.659s] -- Up-to-date: /home/anand/ur3e_working_reference/install/robotiq_2f_gripper_msgs/share/robotiq_2f_gripper_msgs/environment/ament_prefix_path.dsv
[0.659s] -- Up-to-date: /home/anand/ur3e_working_reference/install/robotiq_2f_gripper_msgs/share/robotiq_2f_gripper_msgs/environment/path.sh
[0.659s] -- Up-to-date: /home/anand/ur3e_working_reference/install/robotiq_2f_gripper_msgs/share/robotiq_2f_gripper_msgs/environment/path.dsv
[0.659s] -- Up-to-date: /home/anand/ur3e_working_reference/install/robotiq_2f_gripper_msgs/share/robotiq_2f_gripper_msgs/local_setup.bash
[0.659s] -- Up-to-date: /home/anand/ur3e_working_reference/install/robotiq_2f_gripper_msgs/share/robotiq_2f_gripper_msgs/local_setup.sh
[0.659s] -- Up-to-date: /home/anand/ur3e_working_reference/install/robotiq_2f_gripper_msgs/share/robotiq_2f_gripper_msgs/local_setup.zsh
[0.659s] -- Up-to-date: /home/anand/ur3e_working_reference/install/robotiq_2f_gripper_msgs/share/robotiq_2f_gripper_msgs/local_setup.dsv
[0.660s] -- Installing: /home/anand/ur3e_working_reference/install/robotiq_2f_gripper_msgs/share/robotiq_2f_gripper_msgs/package.dsv
[0.660s] -- Up-to-date: /home/anand/ur3e_working_reference/install/robotiq_2f_gripper_msgs/share/ament_index/resource_index/packages/robotiq_2f_gripper_msgs
[0.660s] -- Up-to-date: /home/anand/ur3e_working_reference/install/robotiq_2f_gripper_msgs/share/robotiq_2f_gripper_msgs/cmake/export_robotiq_2f_gripper_msgs__rosidl_generator_cExport.cmake
[0.660s] -- Up-to-date: /home/anand/ur3e_working_reference/install/robotiq_2f_gripper_msgs/share/robotiq_2f_gripper_msgs/cmake/export_robotiq_2f_gripper_msgs__rosidl_generator_cExport-noconfig.cmake
[0.660s] -- Up-to-date: /home/anand/ur3e_working_reference/install/robotiq_2f_gripper_msgs/share/robotiq_2f_gripper_msgs/cmake/export_robotiq_2f_gripper_msgs__rosidl_typesupport_fastrtps_cExport.cmake
[0.660s] -- Up-to-date: /home/anand/ur3e_working_reference/install/robotiq_2f_gripper_msgs/share/robotiq_2f_gripper_msgs/cmake/export_robotiq_2f_gripper_msgs__rosidl_typesupport_fastrtps_cExport-noconfig.cmake
[0.660s] -- Up-to-date: /home/anand/ur3e_working_reference/install/robotiq_2f_gripper_msgs/share/robotiq_2f_gripper_msgs/cmake/robotiq_2f_gripper_msgs__rosidl_typesupport_introspection_cExport.cmake
[0.660s] -- Up-to-date: /home/anand/ur3e_working_reference/install/robotiq_2f_gripper_msgs/share/robotiq_2f_gripper_msgs/cmake/robotiq_2f_gripper_msgs__rosidl_typesupport_introspection_cExport-noconfig.cmake
[0.660s] -- Up-to-date: /home/anand/ur3e_working_reference/install/robotiq_2f_gripper_msgs/share/robotiq_2f_gripper_msgs/cmake/robotiq_2f_gripper_msgs__rosidl_typesupport_cExport.cmake
[0.660s] -- Up-to-date: /home/anand/ur3e_working_reference/install/robotiq_2f_gripper_msgs/share/robotiq_2f_gripper_msgs/cmake/robotiq_2f_gripper_msgs__rosidl_typesupport_cExport-noconfig.cmake
[0.660s] -- Up-to-date: /home/anand/ur3e_working_reference/install/robotiq_2f_gripper_msgs/share/robotiq_2f_gripper_msgs/cmake/export_robotiq_2f_gripper_msgs__rosidl_generator_cppExport.cmake
[0.660s] -- Up-to-date: /home/anand/ur3e_working_reference/install/robotiq_2f_gripper_msgs/share/robotiq_2f_gripper_msgs/cmake/export_robotiq_2f_gripper_msgs__rosidl_typesupport_fastrtps_cppExport.cmake
[0.661s] -- Up-to-date: /home/anand/ur3e_working_reference/install/robotiq_2f_gripper_msgs/share/robotiq_2f_gripper_msgs/cmake/export_robotiq_2f_gripper_msgs__rosidl_typesupport_fastrtps_cppExport-noconfig.cmake
[0.661s] -- Up-to-date: /home/anand/ur3e_working_reference/install/robotiq_2f_gripper_msgs/share/robotiq_2f_gripper_msgs/cmake/robotiq_2f_gripper_msgs__rosidl_typesupport_introspection_cppExport.cmake
[0.661s] -- Up-to-date: /home/anand/ur3e_working_reference/install/robotiq_2f_gripper_msgs/share/robotiq_2f_gripper_msgs/cmake/robotiq_2f_gripper_msgs__rosidl_typesupport_introspection_cppExport-noconfig.cmake
[0.661s] -- Up-to-date: /home/anand/ur3e_working_reference/install/robotiq_2f_gripper_msgs/share/robotiq_2f_gripper_msgs/cmake/robotiq_2f_gripper_msgs__rosidl_typesupport_cppExport.cmake
[0.661s] -- Up-to-date: /home/anand/ur3e_working_reference/install/robotiq_2f_gripper_msgs/share/robotiq_2f_gripper_msgs/cmake/robotiq_2f_gripper_msgs__rosidl_typesupport_cppExport-noconfig.cmake
[0.661s] -- Up-to-date: /home/anand/ur3e_working_reference/install/robotiq_2f_gripper_msgs/share/robotiq_2f_gripper_msgs/cmake/export_robotiq_2f_gripper_msgs__rosidl_generator_pyExport.cmake
[0.661s] -- Up-to-date: /home/anand/ur3e_working_reference/install/robotiq_2f_gripper_msgs/share/robotiq_2f_gripper_msgs/cmake/export_robotiq_2f_gripper_msgs__rosidl_generator_pyExport-noconfig.cmake
[0.661s] -- Up-to-date: /home/anand/ur3e_working_reference/install/robotiq_2f_gripper_msgs/share/robotiq_2f_gripper_msgs/cmake/rosidl_cmake-extras.cmake
[0.661s] -- Up-to-date: /home/anand/ur3e_working_reference/install/robotiq_2f_gripper_msgs/share/robotiq_2f_gripper_msgs/cmake/ament_cmake_export_dependencies-extras.cmake
[0.661s] -- Up-to-date: /home/anand/ur3e_working_reference/install/robotiq_2f_gripper_msgs/share/robotiq_2f_gripper_msgs/cmake/ament_cmake_export_include_directories-extras.cmake
[0.661s] -- Up-to-date: /home/anand/ur3e_working_reference/install/robotiq_2f_gripper_msgs/share/robotiq_2f_gripper_msgs/cmake/ament_cmake_export_libraries-extras.cmake
[0.661s] -- Up-to-date: /home/anand/ur3e_working_reference/install/robotiq_2f_gripper_msgs/share/robotiq_2f_gripper_msgs/cmake/ament_cmake_export_targets-extras.cmake
[0.662s] -- Up-to-date: /home/anand/ur3e_working_reference/install/robotiq_2f_gripper_msgs/share/robotiq_2f_gripper_msgs/cmake/rosidl_cmake_export_typesupport_targets-extras.cmake
[0.662s] -- Up-to-date: /home/anand/ur3e_working_reference/install/robotiq_2f_gripper_msgs/share/robotiq_2f_gripper_msgs/cmake/rosidl_cmake_export_typesupport_libraries-extras.cmake
[0.662s] -- Up-to-date: /home/anand/ur3e_working_reference/install/robotiq_2f_gripper_msgs/share/robotiq_2f_gripper_msgs/cmake/robotiq_2f_gripper_msgsConfig.cmake
[0.662s] -- Up-to-date: /home/anand/ur3e_working_reference/install/robotiq_2f_gripper_msgs/share/robotiq_2f_gripper_msgs/cmake/robotiq_2f_gripper_msgsConfig-version.cmake
[0.662s] -- Up-to-date: /home/anand/ur3e_working_reference/install/robotiq_2f_gripper_msgs/share/robotiq_2f_gripper_msgs/package.xml
[0.663s] Invoked command in '/home/anand/ur3e_working_reference/build/robotiq_2f_gripper_msgs' returned '0': CMAKE_PREFIX_PATH=${CMAKE_PREFIX_PATH}:/home/anand/ur3e_working_reference/install/ur3e_sorting:/home/anand/install/motion_model_comparison:/opt/ros/jazzy DEBUGINFOD_URLS=https://debuginfod.ubuntu.com /usr/bin/cmake --install /home/anand/ur3e_working_reference/build/robotiq_2f_gripper_msgs
