[0.122s] DEBUG:colcon:Command line arguments: ['/usr/bin/colcon', 'build', '--packages-select', 'moveit_config']
[0.122s] DEBUG:colcon:Parsed command line arguments: Namespace(log_base=None, log_level=None, verb_name='build', build_base='build', install_base='install', merge_install=False, symlink_install=False, test_result_base=None, continue_on_error=False, executor='parallel', parallel_workers=16, event_handlers=None, ignore_user_meta=False, metas=['./colcon.meta'], base_paths=['.'], packages_ignore=None, packages_ignore_regex=None, paths=None, packages_up_to=None, packages_up_to_regex=None, packages_above=None, packages_above_and_dependencies=None, packages_above_depth=None, packages_select_by_dep=None, packages_skip_by_dep=None, packages_skip_up_to=None, packages_select_build_failed=False, packages_skip_build_finished=False, packages_select_test_failures=False, packages_skip_test_passed=False, packages_select=['moveit_config'], packages_skip=None, packages_select_regex=None, packages_skip_regex=None, packages_start=None, packages_end=None, allow_overriding=[], cmake_args=None, cmake_target=None, cmake_target_skip_unavailable=False, cmake_clean_cache=False, cmake_clean_first=False, cmake_force_configure=False, ament_cmake_args=None, catkin_cmake_args=None, catkin_skip_building_tests=False, mixin_files=None, mixin=None, verb_parser=<colcon_mixin.mixin.mixin_argument.MixinArgumentDecorator object at 0x7750ad51d430>, verb_extension=<colcon_core.verb.build.BuildVerb object at 0x7750ad51dd90>, main=<bound method BuildVerb.main of <colcon_core.verb.build.BuildVerb object at 0x7750ad51dd90>>, mixin_verb=('build',))
[0.145s] Level 1:colcon.colcon_core.package_discovery:discover_packages(colcon_meta) check parameters
[0.145s] Level 1:colcon.colcon_core.package_discovery:discover_packages(recursive) check parameters
[0.145s] Level 1:colcon.colcon_core.package_discovery:discover_packages(ignore) check parameters
[0.145s] Level 1:colcon.colcon_core.package_discovery:discover_packages(path) check parameters
[0.145s] Level 1:colcon.colcon_core.package_discovery:discover_packages(colcon_meta) discover
[0.145s] Level 1:colcon.colcon_core.package_discovery:discover_packages(recursive) discover
[0.145s] INFO:colcon.colcon_core.package_discovery:Crawling recursively for packages in '/home/anand/ur3e_working_reference'
[0.145s] Level 1:colcon.colcon_core.package_identification:_identify(.) by extensions ['ignore', 'ignore_ament_install']
[0.145s] Level 1:colcon.colcon_core.package_identification:_identify(.) by extension 'ignore'
[0.145s] Level 1:colcon.colcon_core.package_identification:_identify(.) by extension 'ignore_ament_install'
[0.145s] Level 1:colcon.colcon_core.package_identification:_identify(.) by extensions ['colcon_pkg']
[0.145s] Level 1:colcon.colcon_core.package_identification:_identify(.) by extension 'colcon_pkg'
[0.145s] Level 1:colcon.colcon_core.package_identification:_identify(.) by extensions ['colcon_meta']
[0.146s] Level 1:colcon.colcon_core.package_identification:_identify(.) by extension 'colcon_meta'
[0.146s] Level 1:colcon.colcon_core.package_identification:_identify(.) by extensions ['ros']
[0.146s] Level 1:colcon.colcon_core.package_identification:_identify(.) by extension 'ros'
[0.159s] Level 1:colcon.colcon_core.package_identification:_identify(.) by extensions ['cmake', 'python']
[0.159s] Level 1:colcon.colcon_core.package_identification:_identify(.) by extension 'cmake'
[0.159s] Level 1:colcon.colcon_core.package_identification:_identify(.) by extension 'python'
[0.159s] Level 1:colcon.colcon_core.package_identification:_identify(.) by extensions ['python_setup_py']
[0.160s] Level 1:colcon.colcon_core.package_identification:_identify(.) by extension 'python_setup_py'
[0.160s] Level 1:colcon.colcon_core.package_identification:_identify(YoloV8_v2) by extensions ['ignore', 'ignore_ament_install']
[0.160s] Level 1:colcon.colcon_core.package_identification:_identify(YoloV8_v2) by extension 'ignore'
[0.160s] Level 1:colcon.colcon_core.package_identification:_identify(YoloV8_v2) by extension 'ignore_ament_install'
[0.160s] Level 1:colcon.colcon_core.package_identification:_identify(YoloV8_v2) by extensions ['colcon_pkg']
[0.160s] Level 1:colcon.colcon_core.package_identification:_identify(YoloV8_v2) by extension 'colcon_pkg'
[0.160s] Level 1:colcon.colcon_core.package_identification:_identify(YoloV8_v2) by extensions ['colcon_meta']
[0.160s] Level 1:colcon.colcon_core.package_identification:_identify(YoloV8_v2) by extension 'colcon_meta'
[0.160s] Level 1:colcon.colcon_core.package_identification:_identify(YoloV8_v2) by extensions ['ros']
[0.160s] Level 1:colcon.colcon_core.package_identification:_identify(YoloV8_v2) by extension 'ros'
[0.160s] Level 1:colcon.colcon_core.package_identification:_identify(YoloV8_v2) by extensions ['cmake', 'python']
[0.160s] Level 1:colcon.colcon_core.package_identification:_identify(YoloV8_v2) by extension 'cmake'
[0.160s] Level 1:colcon.colcon_core.package_identification:_identify(YoloV8_v2) by extension 'python'
[0.160s] Level 1:colcon.colcon_core.package_identification:_identify(YoloV8_v2) by extensions ['python_setup_py']
[0.160s] Level 1:colcon.colcon_core.package_identification:_identify(YoloV8_v2) by extension 'python_setup_py'
[0.160s] Level 1:colcon.colcon_core.package_identification:_identify(YoloV8_v2/runs) by extensions ['ignore', 'ignore_ament_install']
[0.160s] Level 1:colcon.colcon_core.package_identification:_identify(YoloV8_v2/runs) by extension 'ignore'
[0.160s] Level 1:colcon.colcon_core.package_identification:_identify(YoloV8_v2/runs) by extension 'ignore_ament_install'
[0.160s] Level 1:colcon.colcon_core.package_identification:_identify(YoloV8_v2/runs) by extensions ['colcon_pkg']
[0.160s] Level 1:colcon.colcon_core.package_identification:_identify(YoloV8_v2/runs) by extension 'colcon_pkg'
[0.160s] Level 1:colcon.colcon_core.package_identification:_identify(YoloV8_v2/runs) by extensions ['colcon_meta']
[0.160s] Level 1:colcon.colcon_core.package_identification:_identify(YoloV8_v2/runs) by extension 'colcon_meta'
[0.160s] Level 1:colcon.colcon_core.package_identification:_identify(YoloV8_v2/runs) by extensions ['ros']
[0.160s] Level 1:colcon.colcon_core.package_identification:_identify(YoloV8_v2/runs) by extension 'ros'
[0.160s] Level 1:colcon.colcon_core.package_identification:_identify(YoloV8_v2/runs) by extensions ['cmake', 'python']
[0.160s] Level 1:colcon.colcon_core.package_identification:_identify(YoloV8_v2/runs) by extension 'cmake'
[0.160s] Level 1:colcon.colcon_core.package_identification:_identify(YoloV8_v2/runs) by extension 'python'
[0.160s] Level 1:colcon.colcon_core.package_identification:_identify(YoloV8_v2/runs) by extensions ['python_setup_py']
[0.160s] Level 1:colcon.colcon_core.package_identification:_identify(YoloV8_v2/runs) by extension 'python_setup_py'
[0.160s] Level 1:colcon.colcon_core.package_identification:_identify(YoloV8_v2/runs/detect) by extensions ['ignore', 'ignore_ament_install']
[0.160s] Level 1:colcon.colcon_core.package_identification:_identify(YoloV8_v2/runs/detect) by extension 'ignore'
[0.160s] Level 1:colcon.colcon_core.package_identification:_identify(YoloV8_v2/runs/detect) by extension 'ignore_ament_install'
[0.160s] Level 1:colcon.colcon_core.package_identification:_identify(YoloV8_v2/runs/detect) by extensions ['colcon_pkg']
[0.160s] Level 1:colcon.colcon_core.package_identification:_identify(YoloV8_v2/runs/detect) by extension 'colcon_pkg'
[0.160s] Level 1:colcon.colcon_core.package_identification:_identify(YoloV8_v2/runs/detect) by extensions ['colcon_meta']
[0.160s] Level 1:colcon.colcon_core.package_identification:_identify(YoloV8_v2/runs/detect) by extension 'colcon_meta'
[0.160s] Level 1:colcon.colcon_core.package_identification:_identify(YoloV8_v2/runs/detect) by extensions ['ros']
[0.160s] Level 1:colcon.colcon_core.package_identification:_identify(YoloV8_v2/runs/detect) by extension 'ros'
[0.160s] Level 1:colcon.colcon_core.package_identification:_identify(YoloV8_v2/runs/detect) by extensions ['cmake', 'python']
[0.160s] Level 1:colcon.colcon_core.package_identification:_identify(YoloV8_v2/runs/detect) by extension 'cmake'
[0.161s] Level 1:colcon.colcon_core.package_identification:_identify(YoloV8_v2/runs/detect) by extension 'python'
[0.161s] Level 1:colcon.colcon_core.package_identification:_identify(YoloV8_v2/runs/detect) by extensions ['python_setup_py']
[0.161s] Level 1:colcon.colcon_core.package_identification:_identify(YoloV8_v2/runs/detect) by extension 'python_setup_py'
[0.161s] Level 1:colcon.colcon_core.package_identification:_identify(YoloV8_v2/runs/detect/predict) by extensions ['ignore', 'ignore_ament_install']
[0.161s] Level 1:colcon.colcon_core.package_identification:_identify(YoloV8_v2/runs/detect/predict) by extension 'ignore'
[0.161s] Level 1:colcon.colcon_core.package_identification:_identify(YoloV8_v2/runs/detect/predict) by extension 'ignore_ament_install'
[0.161s] Level 1:colcon.colcon_core.package_identification:_identify(YoloV8_v2/runs/detect/predict) by extensions ['colcon_pkg']
[0.161s] Level 1:colcon.colcon_core.package_identification:_identify(YoloV8_v2/runs/detect/predict) by extension 'colcon_pkg'
[0.161s] Level 1:colcon.colcon_core.package_identification:_identify(YoloV8_v2/runs/detect/predict) by extensions ['colcon_meta']
[0.161s] Level 1:colcon.colcon_core.package_identification:_identify(YoloV8_v2/runs/detect/predict) by extension 'colcon_meta'
[0.161s] Level 1:colcon.colcon_core.package_identification:_identify(YoloV8_v2/runs/detect/predict) by extensions ['ros']
[0.161s] Level 1:colcon.colcon_core.package_identification:_identify(YoloV8_v2/runs/detect/predict) by extension 'ros'
[0.161s] Level 1:colcon.colcon_core.package_identification:_identify(YoloV8_v2/runs/detect/predict) by extensions ['cmake', 'python']
[0.161s] Level 1:colcon.colcon_core.package_identification:_identify(YoloV8_v2/runs/detect/predict) by extension 'cmake'
[0.161s] Level 1:colcon.colcon_core.package_identification:_identify(YoloV8_v2/runs/detect/predict) by extension 'python'
[0.161s] Level 1:colcon.colcon_core.package_identification:_identify(YoloV8_v2/runs/detect/predict) by extensions ['python_setup_py']
[0.161s] Level 1:colcon.colcon_core.package_identification:_identify(YoloV8_v2/runs/detect/predict) by extension 'python_setup_py'
[0.161s] Level 1:colcon.colcon_core.package_identification:_identify(YoloV8_v2/runs/detect/predict2) by extensions ['ignore', 'ignore_ament_install']
[0.161s] Level 1:colcon.colcon_core.package_identification:_identify(YoloV8_v2/runs/detect/predict2) by extension 'ignore'
[0.161s] Level 1:colcon.colcon_core.package_identification:_identify(YoloV8_v2/runs/detect/predict2) by extension 'ignore_ament_install'
[0.161s] Level 1:colcon.colcon_core.package_identification:_identify(YoloV8_v2/runs/detect/predict2) by extensions ['colcon_pkg']
[0.161s] Level 1:colcon.colcon_core.package_identification:_identify(YoloV8_v2/runs/detect/predict2) by extension 'colcon_pkg'
[0.161s] Level 1:colcon.colcon_core.package_identification:_identify(YoloV8_v2/runs/detect/predict2) by extensions ['colcon_meta']
[0.161s] Level 1:colcon.colcon_core.package_identification:_identify(YoloV8_v2/runs/detect/predict2) by extension 'colcon_meta'
[0.161s] Level 1:colcon.colcon_core.package_identification:_identify(YoloV8_v2/runs/detect/predict2) by extensions ['ros']
[0.161s] Level 1:colcon.colcon_core.package_identification:_identify(YoloV8_v2/runs/detect/predict2) by extension 'ros'
[0.161s] Level 1:colcon.colcon_core.package_identification:_identify(YoloV8_v2/runs/detect/predict2) by extensions ['cmake', 'python']
[0.161s] Level 1:colcon.colcon_core.package_identification:_identify(YoloV8_v2/runs/detect/predict2) by extension 'cmake'
[0.161s] Level 1:colcon.colcon_core.package_identification:_identify(YoloV8_v2/runs/detect/predict2) by extension 'python'
[0.161s] Level 1:colcon.colcon_core.package_identification:_identify(YoloV8_v2/runs/detect/predict2) by extensions ['python_setup_py']
[0.161s] Level 1:colcon.colcon_core.package_identification:_identify(YoloV8_v2/runs/detect/predict2) by extension 'python_setup_py'
[0.161s] Level 1:colcon.colcon_core.package_identification:_identify(YoloV8_v2/runs/detect/predict3) by extensions ['ignore', 'ignore_ament_install']
[0.161s] Level 1:colcon.colcon_core.package_identification:_identify(YoloV8_v2/runs/detect/predict3) by extension 'ignore'
[0.161s] Level 1:colcon.colcon_core.package_identification:_identify(YoloV8_v2/runs/detect/predict3) by extension 'ignore_ament_install'
[0.161s] Level 1:colcon.colcon_core.package_identification:_identify(YoloV8_v2/runs/detect/predict3) by extensions ['colcon_pkg']
[0.161s] Level 1:colcon.colcon_core.package_identification:_identify(YoloV8_v2/runs/detect/predict3) by extension 'colcon_pkg'
[0.161s] Level 1:colcon.colcon_core.package_identification:_identify(YoloV8_v2/runs/detect/predict3) by extensions ['colcon_meta']
[0.161s] Level 1:colcon.colcon_core.package_identification:_identify(YoloV8_v2/runs/detect/predict3) by extension 'colcon_meta'
[0.161s] Level 1:colcon.colcon_core.package_identification:_identify(YoloV8_v2/runs/detect/predict3) by extensions ['ros']
[0.161s] Level 1:colcon.colcon_core.package_identification:_identify(YoloV8_v2/runs/detect/predict3) by extension 'ros'
[0.161s] Level 1:colcon.colcon_core.package_identification:_identify(YoloV8_v2/runs/detect/predict3) by extensions ['cmake', 'python']
[0.161s] Level 1:colcon.colcon_core.package_identification:_identify(YoloV8_v2/runs/detect/predict3) by extension 'cmake'
[0.161s] Level 1:colcon.colcon_core.package_identification:_identify(YoloV8_v2/runs/detect/predict3) by extension 'python'
[0.161s] Level 1:colcon.colcon_core.package_identification:_identify(YoloV8_v2/runs/detect/predict3) by extensions ['python_setup_py']
[0.162s] Level 1:colcon.colcon_core.package_identification:_identify(YoloV8_v2/runs/detect/predict3) by extension 'python_setup_py'
[0.162s] Level 1:colcon.colcon_core.package_identification:_identify(YoloV8_v2/runs/lego_color_20ep) by extensions ['ignore', 'ignore_ament_install']
[0.162s] Level 1:colcon.colcon_core.package_identification:_identify(YoloV8_v2/runs/lego_color_20ep) by extension 'ignore'
[0.162s] Level 1:colcon.colcon_core.package_identification:_identify(YoloV8_v2/runs/lego_color_20ep) by extension 'ignore_ament_install'
[0.162s] Level 1:colcon.colcon_core.package_identification:_identify(YoloV8_v2/runs/lego_color_20ep) by extensions ['colcon_pkg']
[0.162s] Level 1:colcon.colcon_core.package_identification:_identify(YoloV8_v2/runs/lego_color_20ep) by extension 'colcon_pkg'
[0.162s] Level 1:colcon.colcon_core.package_identification:_identify(YoloV8_v2/runs/lego_color_20ep) by extensions ['colcon_meta']
[0.162s] Level 1:colcon.colcon_core.package_identification:_identify(YoloV8_v2/runs/lego_color_20ep) by extension 'colcon_meta'
[0.162s] Level 1:colcon.colcon_core.package_identification:_identify(YoloV8_v2/runs/lego_color_20ep) by extensions ['ros']
[0.162s] Level 1:colcon.colcon_core.package_identification:_identify(YoloV8_v2/runs/lego_color_20ep) by extension 'ros'
[0.162s] Level 1:colcon.colcon_core.package_identification:_identify(YoloV8_v2/runs/lego_color_20ep) by extensions ['cmake', 'python']
[0.162s] Level 1:colcon.colcon_core.package_identification:_identify(YoloV8_v2/runs/lego_color_20ep) by extension 'cmake'
[0.162s] Level 1:colcon.colcon_core.package_identification:_identify(YoloV8_v2/runs/lego_color_20ep) by extension 'python'
[0.162s] Level 1:colcon.colcon_core.package_identification:_identify(YoloV8_v2/runs/lego_color_20ep) by extensions ['python_setup_py']
[0.162s] Level 1:colcon.colcon_core.package_identification:_identify(YoloV8_v2/runs/lego_color_20ep) by extension 'python_setup_py'
[0.162s] Level 1:colcon.colcon_core.package_identification:_identify(YoloV8_v2/runs/lego_color_20ep/weights) by extensions ['ignore', 'ignore_ament_install']
[0.162s] Level 1:colcon.colcon_core.package_identification:_identify(YoloV8_v2/runs/lego_color_20ep/weights) by extension 'ignore'
[0.162s] Level 1:colcon.colcon_core.package_identification:_identify(YoloV8_v2/runs/lego_color_20ep/weights) by extension 'ignore_ament_install'
[0.162s] Level 1:colcon.colcon_core.package_identification:_identify(YoloV8_v2/runs/lego_color_20ep/weights) by extensions ['colcon_pkg']
[0.162s] Level 1:colcon.colcon_core.package_identification:_identify(YoloV8_v2/runs/lego_color_20ep/weights) by extension 'colcon_pkg'
[0.162s] Level 1:colcon.colcon_core.package_identification:_identify(YoloV8_v2/runs/lego_color_20ep/weights) by extensions ['colcon_meta']
[0.162s] Level 1:colcon.colcon_core.package_identification:_identify(YoloV8_v2/runs/lego_color_20ep/weights) by extension 'colcon_meta'
[0.162s] Level 1:colcon.colcon_core.package_identification:_identify(YoloV8_v2/runs/lego_color_20ep/weights) by extensions ['ros']
[0.162s] Level 1:colcon.colcon_core.package_identification:_identify(YoloV8_v2/runs/lego_color_20ep/weights) by extension 'ros'
[0.162s] Level 1:colcon.colcon_core.package_identification:_identify(YoloV8_v2/runs/lego_color_20ep/weights) by extensions ['cmake', 'python']
[0.162s] Level 1:colcon.colcon_core.package_identification:_identify(YoloV8_v2/runs/lego_color_20ep/weights) by extension 'cmake'
[0.162s] Level 1:colcon.colcon_core.package_identification:_identify(YoloV8_v2/runs/lego_color_20ep/weights) by extension 'python'
[0.162s] Level 1:colcon.colcon_core.package_identification:_identify(YoloV8_v2/runs/lego_color_20ep/weights) by extensions ['python_setup_py']
[0.162s] Level 1:colcon.colcon_core.package_identification:_identify(YoloV8_v2/runs/lego_color_20ep/weights) by extension 'python_setup_py'
[0.162s] Level 1:colcon.colcon_core.package_identification:_identify(YoloV8_v2/test_images) by extensions ['ignore', 'ignore_ament_install']
[0.162s] Level 1:colcon.colcon_core.package_identification:_identify(YoloV8_v2/test_images) by extension 'ignore'
[0.162s] Level 1:colcon.colcon_core.package_identification:_identify(YoloV8_v2/test_images) by extension 'ignore_ament_install'
[0.162s] Level 1:colcon.colcon_core.package_identification:_identify(YoloV8_v2/test_images) by extensions ['colcon_pkg']
[0.162s] Level 1:colcon.colcon_core.package_identification:_identify(YoloV8_v2/test_images) by extension 'colcon_pkg'
[0.162s] Level 1:colcon.colcon_core.package_identification:_identify(YoloV8_v2/test_images) by extensions ['colcon_meta']
[0.162s] Level 1:colcon.colcon_core.package_identification:_identify(YoloV8_v2/test_images) by extension 'colcon_meta'
[0.162s] Level 1:colcon.colcon_core.package_identification:_identify(YoloV8_v2/test_images) by extensions ['ros']
[0.162s] Level 1:colcon.colcon_core.package_identification:_identify(YoloV8_v2/test_images) by extension 'ros'
[0.162s] Level 1:colcon.colcon_core.package_identification:_identify(YoloV8_v2/test_images) by extensions ['cmake', 'python']
[0.162s] Level 1:colcon.colcon_core.package_identification:_identify(YoloV8_v2/test_images) by extension 'cmake'
[0.162s] Level 1:colcon.colcon_core.package_identification:_identify(YoloV8_v2/test_images) by extension 'python'
[0.162s] Level 1:colcon.colcon_core.package_identification:_identify(YoloV8_v2/test_images) by extensions ['python_setup_py']
[0.162s] Level 1:colcon.colcon_core.package_identification:_identify(YoloV8_v2/test_images) by extension 'python_setup_py'
[0.163s] Level 1:colcon.colcon_core.package_identification:_identify(YoloV8_v2/train) by extensions ['ignore', 'ignore_ament_install']
[0.163s] Level 1:colcon.colcon_core.package_identification:_identify(YoloV8_v2/train) by extension 'ignore'
[0.163s] Level 1:colcon.colcon_core.package_identification:_identify(YoloV8_v2/train) by extension 'ignore_ament_install'
[0.163s] Level 1:colcon.colcon_core.package_identification:_identify(YoloV8_v2/train) by extensions ['colcon_pkg']
[0.163s] Level 1:colcon.colcon_core.package_identification:_identify(YoloV8_v2/train) by extension 'colcon_pkg'
[0.163s] Level 1:colcon.colcon_core.package_identification:_identify(YoloV8_v2/train) by extensions ['colcon_meta']
[0.163s] Level 1:colcon.colcon_core.package_identification:_identify(YoloV8_v2/train) by extension 'colcon_meta'
[0.163s] Level 1:colcon.colcon_core.package_identification:_identify(YoloV8_v2/train) by extensions ['ros']
[0.163s] Level 1:colcon.colcon_core.package_identification:_identify(YoloV8_v2/train) by extension 'ros'
[0.163s] Level 1:colcon.colcon_core.package_identification:_identify(YoloV8_v2/train) by extensions ['cmake', 'python']
[0.163s] Level 1:colcon.colcon_core.package_identification:_identify(YoloV8_v2/train) by extension 'cmake'
[0.163s] Level 1:colcon.colcon_core.package_identification:_identify(YoloV8_v2/train) by extension 'python'
[0.163s] Level 1:colcon.colcon_core.package_identification:_identify(YoloV8_v2/train) by extensions ['python_setup_py']
[0.163s] Level 1:colcon.colcon_core.package_identification:_identify(YoloV8_v2/train) by extension 'python_setup_py'
[0.163s] Level 1:colcon.colcon_core.package_identification:_identify(YoloV8_v2/train/images) by extensions ['ignore', 'ignore_ament_install']
[0.163s] Level 1:colcon.colcon_core.package_identification:_identify(YoloV8_v2/train/images) by extension 'ignore'
[0.163s] Level 1:colcon.colcon_core.package_identification:_identify(YoloV8_v2/train/images) by extension 'ignore_ament_install'
[0.163s] Level 1:colcon.colcon_core.package_identification:_identify(YoloV8_v2/train/images) by extensions ['colcon_pkg']
[0.163s] Level 1:colcon.colcon_core.package_identification:_identify(YoloV8_v2/train/images) by extension 'colcon_pkg'
[0.163s] Level 1:colcon.colcon_core.package_identification:_identify(YoloV8_v2/train/images) by extensions ['colcon_meta']
[0.163s] Level 1:colcon.colcon_core.package_identification:_identify(YoloV8_v2/train/images) by extension 'colcon_meta'
[0.163s] Level 1:colcon.colcon_core.package_identification:_identify(YoloV8_v2/train/images) by extensions ['ros']
[0.163s] Level 1:colcon.colcon_core.package_identification:_identify(YoloV8_v2/train/images) by extension 'ros'
[0.163s] Level 1:colcon.colcon_core.package_identification:_identify(YoloV8_v2/train/images) by extensions ['cmake', 'python']
[0.163s] Level 1:colcon.colcon_core.package_identification:_identify(YoloV8_v2/train/images) by extension 'cmake'
[0.163s] Level 1:colcon.colcon_core.package_identification:_identify(YoloV8_v2/train/images) by extension 'python'
[0.163s] Level 1:colcon.colcon_core.package_identification:_identify(YoloV8_v2/train/images) by extensions ['python_setup_py']
[0.163s] Level 1:colcon.colcon_core.package_identification:_identify(YoloV8_v2/train/images) by extension 'python_setup_py'
[0.163s] Level 1:colcon.colcon_core.package_identification:_identify(YoloV8_v2/train/labels) by extensions ['ignore', 'ignore_ament_install']
[0.163s] Level 1:colcon.colcon_core.package_identification:_identify(YoloV8_v2/train/labels) by extension 'ignore'
[0.163s] Level 1:colcon.colcon_core.package_identification:_identify(YoloV8_v2/train/labels) by extension 'ignore_ament_install'
[0.163s] Level 1:colcon.colcon_core.package_identification:_identify(YoloV8_v2/train/labels) by extensions ['colcon_pkg']
[0.163s] Level 1:colcon.colcon_core.package_identification:_identify(YoloV8_v2/train/labels) by extension 'colcon_pkg'
[0.164s] Level 1:colcon.colcon_core.package_identification:_identify(YoloV8_v2/train/labels) by extensions ['colcon_meta']
[0.164s] Level 1:colcon.colcon_core.package_identification:_identify(YoloV8_v2/train/labels) by extension 'colcon_meta'
[0.164s] Level 1:colcon.colcon_core.package_identification:_identify(YoloV8_v2/train/labels) by extensions ['ros']
[0.164s] Level 1:colcon.colcon_core.package_identification:_identify(YoloV8_v2/train/labels) by extension 'ros'
[0.164s] Level 1:colcon.colcon_core.package_identification:_identify(YoloV8_v2/train/labels) by extensions ['cmake', 'python']
[0.164s] Level 1:colcon.colcon_core.package_identification:_identify(YoloV8_v2/train/labels) by extension 'cmake'
[0.164s] Level 1:colcon.colcon_core.package_identification:_identify(YoloV8_v2/train/labels) by extension 'python'
[0.164s] Level 1:colcon.colcon_core.package_identification:_identify(YoloV8_v2/train/labels) by extensions ['python_setup_py']
[0.164s] Level 1:colcon.colcon_core.package_identification:_identify(YoloV8_v2/train/labels) by extension 'python_setup_py'
[0.164s] Level 1:colcon.colcon_core.package_identification:_identify(YoloV8_v2/valid) by extensions ['ignore', 'ignore_ament_install']
[0.164s] Level 1:colcon.colcon_core.package_identification:_identify(YoloV8_v2/valid) by extension 'ignore'
[0.164s] Level 1:colcon.colcon_core.package_identification:_identify(YoloV8_v2/valid) by extension 'ignore_ament_install'
[0.164s] Level 1:colcon.colcon_core.package_identification:_identify(YoloV8_v2/valid) by extensions ['colcon_pkg']
[0.164s] Level 1:colcon.colcon_core.package_identification:_identify(YoloV8_v2/valid) by extension 'colcon_pkg'
[0.164s] Level 1:colcon.colcon_core.package_identification:_identify(YoloV8_v2/valid) by extensions ['colcon_meta']
[0.164s] Level 1:colcon.colcon_core.package_identification:_identify(YoloV8_v2/valid) by extension 'colcon_meta'
[0.164s] Level 1:colcon.colcon_core.package_identification:_identify(YoloV8_v2/valid) by extensions ['ros']
[0.164s] Level 1:colcon.colcon_core.package_identification:_identify(YoloV8_v2/valid) by extension 'ros'
[0.164s] Level 1:colcon.colcon_core.package_identification:_identify(YoloV8_v2/valid) by extensions ['cmake', 'python']
[0.164s] Level 1:colcon.colcon_core.package_identification:_identify(YoloV8_v2/valid) by extension 'cmake'
[0.164s] Level 1:colcon.colcon_core.package_identification:_identify(YoloV8_v2/valid) by extension 'python'
[0.164s] Level 1:colcon.colcon_core.package_identification:_identify(YoloV8_v2/valid) by extensions ['python_setup_py']
[0.164s] Level 1:colcon.colcon_core.package_identification:_identify(YoloV8_v2/valid) by extension 'python_setup_py'
[0.164s] Level 1:colcon.colcon_core.package_identification:_identify(YoloV8_v2/valid/images) by extensions ['ignore', 'ignore_ament_install']
[0.164s] Level 1:colcon.colcon_core.package_identification:_identify(YoloV8_v2/valid/images) by extension 'ignore'
[0.164s] Level 1:colcon.colcon_core.package_identification:_identify(YoloV8_v2/valid/images) by extension 'ignore_ament_install'
[0.164s] Level 1:colcon.colcon_core.package_identification:_identify(YoloV8_v2/valid/images) by extensions ['colcon_pkg']
[0.164s] Level 1:colcon.colcon_core.package_identification:_identify(YoloV8_v2/valid/images) by extension 'colcon_pkg'
[0.164s] Level 1:colcon.colcon_core.package_identification:_identify(YoloV8_v2/valid/images) by extensions ['colcon_meta']
[0.164s] Level 1:colcon.colcon_core.package_identification:_identify(YoloV8_v2/valid/images) by extension 'colcon_meta'
[0.164s] Level 1:colcon.colcon_core.package_identification:_identify(YoloV8_v2/valid/images) by extensions ['ros']
[0.164s] Level 1:colcon.colcon_core.package_identification:_identify(YoloV8_v2/valid/images) by extension 'ros'
[0.164s] Level 1:colcon.colcon_core.package_identification:_identify(YoloV8_v2/valid/images) by extensions ['cmake', 'python']
[0.164s] Level 1:colcon.colcon_core.package_identification:_identify(YoloV8_v2/valid/images) by extension 'cmake'
[0.164s] Level 1:colcon.colcon_core.package_identification:_identify(YoloV8_v2/valid/images) by extension 'python'
[0.164s] Level 1:colcon.colcon_core.package_identification:_identify(YoloV8_v2/valid/images) by extensions ['python_setup_py']
[0.164s] Level 1:colcon.colcon_core.package_identification:_identify(YoloV8_v2/valid/images) by extension 'python_setup_py'
[0.164s] Level 1:colcon.colcon_core.package_identification:_identify(YoloV8_v2/valid/labels) by extensions ['ignore', 'ignore_ament_install']
[0.164s] Level 1:colcon.colcon_core.package_identification:_identify(YoloV8_v2/valid/labels) by extension 'ignore'
[0.164s] Level 1:colcon.colcon_core.package_identification:_identify(YoloV8_v2/valid/labels) by extension 'ignore_ament_install'
[0.164s] Level 1:colcon.colcon_core.package_identification:_identify(YoloV8_v2/valid/labels) by extensions ['colcon_pkg']
[0.164s] Level 1:colcon.colcon_core.package_identification:_identify(YoloV8_v2/valid/labels) by extension 'colcon_pkg'
[0.164s] Level 1:colcon.colcon_core.package_identification:_identify(YoloV8_v2/valid/labels) by extensions ['colcon_meta']
[0.164s] Level 1:colcon.colcon_core.package_identification:_identify(YoloV8_v2/valid/labels) by extension 'colcon_meta'
[0.164s] Level 1:colcon.colcon_core.package_identification:_identify(YoloV8_v2/valid/labels) by extensions ['ros']
[0.164s] Level 1:colcon.colcon_core.package_identification:_identify(YoloV8_v2/valid/labels) by extension 'ros'
[0.165s] Level 1:colcon.colcon_core.package_identification:_identify(YoloV8_v2/valid/labels) by extensions ['cmake', 'python']
[0.165s] Level 1:colcon.colcon_core.package_identification:_identify(YoloV8_v2/valid/labels) by extension 'cmake'
[0.165s] Level 1:colcon.colcon_core.package_identification:_identify(YoloV8_v2/valid/labels) by extension 'python'
[0.165s] Level 1:colcon.colcon_core.package_identification:_identify(YoloV8_v2/valid/labels) by extensions ['python_setup_py']
[0.165s] Level 1:colcon.colcon_core.package_identification:_identify(YoloV8_v2/valid/labels) by extension 'python_setup_py'
[0.165s] Level 1:colcon.colcon_core.package_identification:_identify(build) by extensions ['ignore', 'ignore_ament_install']
[0.165s] Level 1:colcon.colcon_core.package_identification:_identify(build) by extension 'ignore'
[0.165s] Level 1:colcon.colcon_core.package_identification:_identify(build) ignored
[0.165s] Level 1:colcon.colcon_core.package_identification:_identify(install) by extensions ['ignore', 'ignore_ament_install']
[0.165s] Level 1:colcon.colcon_core.package_identification:_identify(install) by extension 'ignore'
[0.165s] Level 1:colcon.colcon_core.package_identification:_identify(install) ignored
[0.165s] Level 1:colcon.colcon_core.package_identification:_identify(log) by extensions ['ignore', 'ignore_ament_install']
[0.165s] Level 1:colcon.colcon_core.package_identification:_identify(log) by extension 'ignore'
[0.165s] Level 1:colcon.colcon_core.package_identification:_identify(log) ignored
[0.165s] Level 1:colcon.colcon_core.package_identification:_identify(src) by extensions ['ignore', 'ignore_ament_install']
[0.165s] Level 1:colcon.colcon_core.package_identification:_identify(src) by extension 'ignore'
[0.165s] Level 1:colcon.colcon_core.package_identification:_identify(src) by extension 'ignore_ament_install'
[0.165s] Level 1:colcon.colcon_core.package_identification:_identify(src) by extensions ['colcon_pkg']
[0.165s] Level 1:colcon.colcon_core.package_identification:_identify(src) by extension 'colcon_pkg'
[0.165s] Level 1:colcon.colcon_core.package_identification:_identify(src) by extensions ['colcon_meta']
[0.165s] Level 1:colcon.colcon_core.package_identification:_identify(src) by extension 'colcon_meta'
[0.165s] Level 1:colcon.colcon_core.package_identification:_identify(src) by extensions ['ros']
[0.165s] Level 1:colcon.colcon_core.package_identification:_identify(src) by extension 'ros'
[0.165s] Level 1:colcon.colcon_core.package_identification:_identify(src) by extensions ['cmake', 'python']
[0.165s] Level 1:colcon.colcon_core.package_identification:_identify(src) by extension 'cmake'
[0.165s] Level 1:colcon.colcon_core.package_identification:_identify(src) by extension 'python'
[0.165s] Level 1:colcon.colcon_core.package_identification:_identify(src) by extensions ['python_setup_py']
[0.165s] Level 1:colcon.colcon_core.package_identification:_identify(src) by extension 'python_setup_py'
[0.165s] Level 1:colcon.colcon_core.package_identification:_identify(src/moveit_config) by extensions ['ignore', 'ignore_ament_install']
[0.165s] Level 1:colcon.colcon_core.package_identification:_identify(src/moveit_config) by extension 'ignore'
[0.165s] Level 1:colcon.colcon_core.package_identification:_identify(src/moveit_config) by extension 'ignore_ament_install'
[0.165s] Level 1:colcon.colcon_core.package_identification:_identify(src/moveit_config) by extensions ['colcon_pkg']
[0.165s] Level 1:colcon.colcon_core.package_identification:_identify(src/moveit_config) by extension 'colcon_pkg'
[0.165s] Level 1:colcon.colcon_core.package_identification:_identify(src/moveit_config) by extensions ['colcon_meta']
[0.165s] Level 1:colcon.colcon_core.package_identification:_identify(src/moveit_config) by extension 'colcon_meta'
[0.165s] Level 1:colcon.colcon_core.package_identification:_identify(src/moveit_config) by extensions ['ros']
[0.165s] Level 1:colcon.colcon_core.package_identification:_identify(src/moveit_config) by extension 'ros'
[0.168s] DEBUG:colcon.colcon_core.package_identification:Package 'src/moveit_config' with type 'ros.ament_cmake' and name 'moveit_config'
[0.168s] Level 1:colcon.colcon_core.package_identification:_identify(src/robotiq_2f_gripper_ros2) by extensions ['ignore', 'ignore_ament_install']
[0.168s] Level 1:colcon.colcon_core.package_identification:_identify(src/robotiq_2f_gripper_ros2) by extension 'ignore'
[0.168s] Level 1:colcon.colcon_core.package_identification:_identify(src/robotiq_2f_gripper_ros2) by extension 'ignore_ament_install'
[0.168s] Level 1:colcon.colcon_core.package_identification:_identify(src/robotiq_2f_gripper_ros2) by extensions ['colcon_pkg']
[0.168s] Level 1:colcon.colcon_core.package_identification:_identify(src/robotiq_2f_gripper_ros2) by extension 'colcon_pkg'
[0.168s] Level 1:colcon.colcon_core.package_identification:_identify(src/robotiq_2f_gripper_ros2) by extensions ['colcon_meta']
[0.168s] Level 1:colcon.colcon_core.package_identification:_identify(src/robotiq_2f_gripper_ros2) by extension 'colcon_meta'
[0.168s] Level 1:colcon.colcon_core.package_identification:_identify(src/robotiq_2f_gripper_ros2) by extensions ['ros']
[0.168s] Level 1:colcon.colcon_core.package_identification:_identify(src/robotiq_2f_gripper_ros2) by extension 'ros'
[0.168s] Level 1:colcon.colcon_core.package_identification:_identify(src/robotiq_2f_gripper_ros2) by extensions ['cmake', 'python']
[0.168s] Level 1:colcon.colcon_core.package_identification:_identify(src/robotiq_2f_gripper_ros2) by extension 'cmake'
[0.168s] Level 1:colcon.colcon_core.package_identification:_identify(src/robotiq_2f_gripper_ros2) by extension 'python'
[0.168s] Level 1:colcon.colcon_core.package_identification:_identify(src/robotiq_2f_gripper_ros2) by extensions ['python_setup_py']
[0.168s] Level 1:colcon.colcon_core.package_identification:_identify(src/robotiq_2f_gripper_ros2) by extension 'python_setup_py'
[0.168s] Level 1:colcon.colcon_core.package_identification:_identify(src/robotiq_2f_gripper_ros2/robotiq_2f_gripper_description) by extensions ['ignore', 'ignore_ament_install']
[0.168s] Level 1:colcon.colcon_core.package_identification:_identify(src/robotiq_2f_gripper_ros2/robotiq_2f_gripper_description) by extension 'ignore'
[0.168s] Level 1:colcon.colcon_core.package_identification:_identify(src/robotiq_2f_gripper_ros2/robotiq_2f_gripper_description) by extension 'ignore_ament_install'
[0.168s] Level 1:colcon.colcon_core.package_identification:_identify(src/robotiq_2f_gripper_ros2/robotiq_2f_gripper_description) by extensions ['colcon_pkg']
[0.168s] Level 1:colcon.colcon_core.package_identification:_identify(src/robotiq_2f_gripper_ros2/robotiq_2f_gripper_description) by extension 'colcon_pkg'
[0.168s] Level 1:colcon.colcon_core.package_identification:_identify(src/robotiq_2f_gripper_ros2/robotiq_2f_gripper_description) by extensions ['colcon_meta']
[0.168s] Level 1:colcon.colcon_core.package_identification:_identify(src/robotiq_2f_gripper_ros2/robotiq_2f_gripper_description) by extension 'colcon_meta'
[0.168s] Level 1:colcon.colcon_core.package_identification:_identify(src/robotiq_2f_gripper_ros2/robotiq_2f_gripper_description) by extensions ['ros']
[0.168s] Level 1:colcon.colcon_core.package_identification:_identify(src/robotiq_2f_gripper_ros2/robotiq_2f_gripper_description) by extension 'ros'
[0.168s] DEBUG:colcon.colcon_core.package_identification:Package 'src/robotiq_2f_gripper_ros2/robotiq_2f_gripper_description' with type 'ros.ament_cmake' and name 'robotiq_2f_gripper_description'
[0.168s] Level 1:colcon.colcon_core.package_identification:_identify(src/robotiq_2f_gripper_ros2/robotiq_2f_gripper_hardware) by extensions ['ignore', 'ignore_ament_install']
[0.169s] Level 1:colcon.colcon_core.package_identification:_identify(src/robotiq_2f_gripper_ros2/robotiq_2f_gripper_hardware) by extension 'ignore'
[0.169s] Level 1:colcon.colcon_core.package_identification:_identify(src/robotiq_2f_gripper_ros2/robotiq_2f_gripper_hardware) by extension 'ignore_ament_install'
[0.169s] Level 1:colcon.colcon_core.package_identification:_identify(src/robotiq_2f_gripper_ros2/robotiq_2f_gripper_hardware) by extensions ['colcon_pkg']
[0.169s] Level 1:colcon.colcon_core.package_identification:_identify(src/robotiq_2f_gripper_ros2/robotiq_2f_gripper_hardware) by extension 'colcon_pkg'
[0.169s] Level 1:colcon.colcon_core.package_identification:_identify(src/robotiq_2f_gripper_ros2/robotiq_2f_gripper_hardware) by extensions ['colcon_meta']
[0.169s] Level 1:colcon.colcon_core.package_identification:_identify(src/robotiq_2f_gripper_ros2/robotiq_2f_gripper_hardware) by extension 'colcon_meta'
[0.169s] Level 1:colcon.colcon_core.package_identification:_identify(src/robotiq_2f_gripper_ros2/robotiq_2f_gripper_hardware) by extensions ['ros']
[0.169s] Level 1:colcon.colcon_core.package_identification:_identify(src/robotiq_2f_gripper_ros2/robotiq_2f_gripper_hardware) by extension 'ros'
[0.169s] DEBUG:colcon.colcon_core.package_identification:Package 'src/robotiq_2f_gripper_ros2/robotiq_2f_gripper_hardware' with type 'ros.ament_cmake' and name 'robotiq_2f_gripper_hardware'
[0.169s] Level 1:colcon.colcon_core.package_identification:_identify(src/robotiq_2f_gripper_ros2/robotiq_2f_gripper_interfaces) by extensions ['ignore', 'ignore_ament_install']
[0.169s] Level 1:colcon.colcon_core.package_identification:_identify(src/robotiq_2f_gripper_ros2/robotiq_2f_gripper_interfaces) by extension 'ignore'
[0.169s] Level 1:colcon.colcon_core.package_identification:_identify(src/robotiq_2f_gripper_ros2/robotiq_2f_gripper_interfaces) by extension 'ignore_ament_install'
[0.169s] Level 1:colcon.colcon_core.package_identification:_identify(src/robotiq_2f_gripper_ros2/robotiq_2f_gripper_interfaces) by extensions ['colcon_pkg']
[0.169s] Level 1:colcon.colcon_core.package_identification:_identify(src/robotiq_2f_gripper_ros2/robotiq_2f_gripper_interfaces) by extension 'colcon_pkg'
[0.169s] Level 1:colcon.colcon_core.package_identification:_identify(src/robotiq_2f_gripper_ros2/robotiq_2f_gripper_interfaces) by extensions ['colcon_meta']
[0.169s] Level 1:colcon.colcon_core.package_identification:_identify(src/robotiq_2f_gripper_ros2/robotiq_2f_gripper_interfaces) by extension 'colcon_meta'
[0.169s] Level 1:colcon.colcon_core.package_identification:_identify(src/robotiq_2f_gripper_ros2/robotiq_2f_gripper_interfaces) by extensions ['ros']
[0.169s] Level 1:colcon.colcon_core.package_identification:_identify(src/robotiq_2f_gripper_ros2/robotiq_2f_gripper_interfaces) by extension 'ros'
[0.170s] DEBUG:colcon.colcon_core.package_identification:Package 'src/robotiq_2f_gripper_ros2/robotiq_2f_gripper_interfaces' with type 'ros.ament_cmake' and name 'robotiq_2f_gripper_interfaces'
[0.170s] Level 1:colcon.colcon_core.package_identification:_identify(src/robotiq_2f_gripper_ros2/robotiq_2f_gripper_msgs) by extensions ['ignore', 'ignore_ament_install']
[0.170s] Level 1:colcon.colcon_core.package_identification:_identify(src/robotiq_2f_gripper_ros2/robotiq_2f_gripper_msgs) by extension 'ignore'
[0.170s] Level 1:colcon.colcon_core.package_identification:_identify(src/robotiq_2f_gripper_ros2/robotiq_2f_gripper_msgs) by extension 'ignore_ament_install'
[0.170s] Level 1:colcon.colcon_core.package_identification:_identify(src/robotiq_2f_gripper_ros2/robotiq_2f_gripper_msgs) by extensions ['colcon_pkg']
[0.170s] Level 1:colcon.colcon_core.package_identification:_identify(src/robotiq_2f_gripper_ros2/robotiq_2f_gripper_msgs) by extension 'colcon_pkg'
[0.170s] Level 1:colcon.colcon_core.package_identification:_identify(src/robotiq_2f_gripper_ros2/robotiq_2f_gripper_msgs) by extensions ['colcon_meta']
[0.170s] Level 1:colcon.colcon_core.package_identification:_identify(src/robotiq_2f_gripper_ros2/robotiq_2f_gripper_msgs) by extension 'colcon_meta'
[0.170s] Level 1:colcon.colcon_core.package_identification:_identify(src/robotiq_2f_gripper_ros2/robotiq_2f_gripper_msgs) by extensions ['ros']
[0.170s] Level 1:colcon.colcon_core.package_identification:_identify(src/robotiq_2f_gripper_ros2/robotiq_2f_gripper_msgs) by extension 'ros'
[0.170s] DEBUG:colcon.colcon_core.package_identification:Package 'src/robotiq_2f_gripper_ros2/robotiq_2f_gripper_msgs' with type 'ros.ament_cmake' and name 'robotiq_2f_gripper_msgs'
[0.170s] Level 1:colcon.colcon_core.package_identification:_identify(src/robotiq_2f_gripper_ros2/serial-ros2) by extensions ['ignore', 'ignore_ament_install']
[0.170s] Level 1:colcon.colcon_core.package_identification:_identify(src/robotiq_2f_gripper_ros2/serial-ros2) by extension 'ignore'
[0.170s] Level 1:colcon.colcon_core.package_identification:_identify(src/robotiq_2f_gripper_ros2/serial-ros2) by extension 'ignore_ament_install'
[0.170s] Level 1:colcon.colcon_core.package_identification:_identify(src/robotiq_2f_gripper_ros2/serial-ros2) by extensions ['colcon_pkg']
[0.170s] Level 1:colcon.colcon_core.package_identification:_identify(src/robotiq_2f_gripper_ros2/serial-ros2) by extension 'colcon_pkg'
[0.170s] Level 1:colcon.colcon_core.package_identification:_identify(src/robotiq_2f_gripper_ros2/serial-ros2) by extensions ['colcon_meta']
[0.170s] Level 1:colcon.colcon_core.package_identification:_identify(src/robotiq_2f_gripper_ros2/serial-ros2) by extension 'colcon_meta'
[0.170s] Level 1:colcon.colcon_core.package_identification:_identify(src/robotiq_2f_gripper_ros2/serial-ros2) by extensions ['ros']
[0.171s] Level 1:colcon.colcon_core.package_identification:_identify(src/robotiq_2f_gripper_ros2/serial-ros2) by extension 'ros'
[0.171s] Level 1:colcon.colcon_core.package_identification:_identify(src/robotiq_2f_gripper_ros2/serial-ros2) by extensions ['cmake', 'python']
[0.171s] Level 1:colcon.colcon_core.package_identification:_identify(src/robotiq_2f_gripper_ros2/serial-ros2) by extension 'cmake'
[0.171s] Level 1:colcon.colcon_core.package_identification:_identify(src/robotiq_2f_gripper_ros2/serial-ros2) by extension 'python'
[0.171s] Level 1:colcon.colcon_core.package_identification:_identify(src/robotiq_2f_gripper_ros2/serial-ros2) by extensions ['python_setup_py']
[0.171s] Level 1:colcon.colcon_core.package_identification:_identify(src/robotiq_2f_gripper_ros2/serial-ros2) by extension 'python_setup_py'
[0.171s] Level 1:colcon.colcon_core.package_identification:_identify(src/serial) by extensions ['ignore', 'ignore_ament_install']
[0.171s] Level 1:colcon.colcon_core.package_identification:_identify(src/serial) by extension 'ignore'
[0.171s] Level 1:colcon.colcon_core.package_identification:_identify(src/serial) by extension 'ignore_ament_install'
[0.171s] Level 1:colcon.colcon_core.package_identification:_identify(src/serial) by extensions ['colcon_pkg']
[0.171s] Level 1:colcon.colcon_core.package_identification:_identify(src/serial) by extension 'colcon_pkg'
[0.171s] Level 1:colcon.colcon_core.package_identification:_identify(src/serial) by extensions ['colcon_meta']
[0.171s] Level 1:colcon.colcon_core.package_identification:_identify(src/serial) by extension 'colcon_meta'
[0.171s] Level 1:colcon.colcon_core.package_identification:_identify(src/serial) by extensions ['ros']
[0.171s] Level 1:colcon.colcon_core.package_identification:_identify(src/serial) by extension 'ros'
[0.171s] DEBUG:colcon.colcon_core.package_identification:Package 'src/serial' with type 'ros.ament_cmake' and name 'serial'
[0.171s] Level 1:colcon.colcon_core.package_identification:_identify(src/ur3e_sorting) by extensions ['ignore', 'ignore_ament_install']
[0.171s] Level 1:colcon.colcon_core.package_identification:_identify(src/ur3e_sorting) by extension 'ignore'
[0.171s] Level 1:colcon.colcon_core.package_identification:_identify(src/ur3e_sorting) by extension 'ignore_ament_install'
[0.171s] Level 1:colcon.colcon_core.package_identification:_identify(src/ur3e_sorting) by extensions ['colcon_pkg']
[0.171s] Level 1:colcon.colcon_core.package_identification:_identify(src/ur3e_sorting) by extension 'colcon_pkg'
[0.171s] Level 1:colcon.colcon_core.package_identification:_identify(src/ur3e_sorting) by extensions ['colcon_meta']
[0.171s] Level 1:colcon.colcon_core.package_identification:_identify(src/ur3e_sorting) by extension 'colcon_meta'
[0.171s] Level 1:colcon.colcon_core.package_identification:_identify(src/ur3e_sorting) by extensions ['ros']
[0.171s] Level 1:colcon.colcon_core.package_identification:_identify(src/ur3e_sorting) by extension 'ros'
[0.172s] DEBUG:colcon.colcon_core.package_identification:Package 'src/ur3e_sorting' with type 'ros.ament_python' and name 'ur3e_sorting'
[0.172s] Level 1:colcon.colcon_core.package_identification:_identify(src/ur_description) by extensions ['ignore', 'ignore_ament_install']
[0.172s] Level 1:colcon.colcon_core.package_identification:_identify(src/ur_description) by extension 'ignore'
[0.172s] Level 1:colcon.colcon_core.package_identification:_identify(src/ur_description) by extension 'ignore_ament_install'
[0.172s] Level 1:colcon.colcon_core.package_identification:_identify(src/ur_description) by extensions ['colcon_pkg']
[0.172s] Level 1:colcon.colcon_core.package_identification:_identify(src/ur_description) by extension 'colcon_pkg'
[0.172s] Level 1:colcon.colcon_core.package_identification:_identify(src/ur_description) by extensions ['colcon_meta']
[0.172s] Level 1:colcon.colcon_core.package_identification:_identify(src/ur_description) by extension 'colcon_meta'
[0.172s] Level 1:colcon.colcon_core.package_identification:_identify(src/ur_description) by extensions ['ros']
[0.172s] Level 1:colcon.colcon_core.package_identification:_identify(src/ur_description) by extension 'ros'
[0.172s] DEBUG:colcon.colcon_core.package_identification:Package 'src/ur_description' with type 'ros.ament_cmake' and name 'ur_description'
[0.172s] Level 1:colcon.colcon_core.package_identification:_identify(src/ur_gazebo) by extensions ['ignore', 'ignore_ament_install']
[0.172s] Level 1:colcon.colcon_core.package_identification:_identify(src/ur_gazebo) by extension 'ignore'
[0.172s] Level 1:colcon.colcon_core.package_identification:_identify(src/ur_gazebo) by extension 'ignore_ament_install'
[0.172s] Level 1:colcon.colcon_core.package_identification:_identify(src/ur_gazebo) by extensions ['colcon_pkg']
[0.172s] Level 1:colcon.colcon_core.package_identification:_identify(src/ur_gazebo) by extension 'colcon_pkg'
[0.172s] Level 1:colcon.colcon_core.package_identification:_identify(src/ur_gazebo) by extensions ['colcon_meta']
[0.172s] Level 1:colcon.colcon_core.package_identification:_identify(src/ur_gazebo) by extension 'colcon_meta'
[0.172s] Level 1:colcon.colcon_core.package_identification:_identify(src/ur_gazebo) by extensions ['ros']
[0.173s] Level 1:colcon.colcon_core.package_identification:_identify(src/ur_gazebo) by extension 'ros'
[0.173s] DEBUG:colcon.colcon_core.package_identification:Package 'src/ur_gazebo' with type 'ros.ament_cmake' and name 'ur_gazebo'
[0.173s] Level 1:colcon.colcon_core.package_discovery:discover_packages(recursive) using defaults
[0.173s] Level 1:colcon.colcon_core.package_discovery:discover_packages(ignore) discover
[0.173s] Level 1:colcon.colcon_core.package_discovery:discover_packages(ignore) using defaults
[0.173s] Level 1:colcon.colcon_core.package_discovery:discover_packages(path) discover
[0.173s] Level 1:colcon.colcon_core.package_discovery:discover_packages(path) using defaults
[0.185s] INFO:colcon.colcon_core.package_selection:Skipping not selected package 'robotiq_2f_gripper_description' in 'src/robotiq_2f_gripper_ros2/robotiq_2f_gripper_description'
[0.185s] INFO:colcon.colcon_core.package_selection:Skipping not selected package 'robotiq_2f_gripper_msgs' in 'src/robotiq_2f_gripper_ros2/robotiq_2f_gripper_msgs'
[0.185s] INFO:colcon.colcon_core.package_selection:Skipping not selected package 'serial' in 'src/serial'
[0.185s] INFO:colcon.colcon_core.package_selection:Skipping not selected package 'ur3e_sorting' in 'src/ur3e_sorting'
[0.185s] INFO:colcon.colcon_core.package_selection:Skipping not selected package 'ur_description' in 'src/ur_description'
[0.185s] INFO:colcon.colcon_core.package_selection:Skipping not selected package 'ur_gazebo' in 'src/ur_gazebo'
[0.185s] INFO:colcon.colcon_core.package_selection:Skipping not selected package 'robotiq_2f_gripper_interfaces' in 'src/robotiq_2f_gripper_ros2/robotiq_2f_gripper_interfaces'
[0.185s] INFO:colcon.colcon_core.package_selection:Skipping not selected package 'robotiq_2f_gripper_hardware' in 'src/robotiq_2f_gripper_ros2/robotiq_2f_gripper_hardware'
[0.185s] Level 1:colcon.colcon_core.package_discovery:discover_packages(prefix_path) check parameters
[0.185s] Level 1:colcon.colcon_core.package_discovery:discover_packages(prefix_path) discover
[0.188s] DEBUG:colcon.colcon_installed_package_information.package_discovery:Found 9 installed packages in /home/anand/ur3e_working_reference/install
[0.188s] DEBUG:colcon.colcon_installed_package_information.package_discovery:Found 1 installed packages in /home/anand/install
[0.189s] DEBUG:colcon.colcon_installed_package_information.package_discovery:Found 513 installed packages in /opt/ros/jazzy
[0.190s] Level 1:colcon.colcon_core.package_discovery:discover_packages(prefix_path) using defaults
[0.225s] Level 5:colcon.colcon_core.verb:set package 'moveit_config' build argument 'cmake_args' from command line to 'None'
[0.225s] Level 5:colcon.colcon_core.verb:set package 'moveit_config' build argument 'cmake_target' from command line to 'None'
[0.225s] Level 5:colcon.colcon_core.verb:set package 'moveit_config' build argument 'cmake_target_skip_unavailable' from command line to 'False'
[0.225s] Level 5:colcon.colcon_core.verb:set package 'moveit_config' build argument 'cmake_clean_cache' from command line to 'False'
[0.225s] Level 5:colcon.colcon_core.verb:set package 'moveit_config' build argument 'cmake_clean_first' from command line to 'False'
[0.225s] Level 5:colcon.colcon_core.verb:set package 'moveit_config' build argument 'cmake_force_configure' from command line to 'False'
[0.225s] Level 5:colcon.colcon_core.verb:set package 'moveit_config' build argument 'ament_cmake_args' from command line to 'None'
[0.225s] Level 5:colcon.colcon_core.verb:set package 'moveit_config' build argument 'catkin_cmake_args' from command line to 'None'
[0.225s] Level 5:colcon.colcon_core.verb:set package 'moveit_config' build argument 'catkin_skip_building_tests' from command line to 'False'
[0.225s] DEBUG:colcon.colcon_core.verb:Building package 'moveit_config' with the following arguments: {'ament_cmake_args': None, 'build_base': '/home/anand/ur3e_working_reference/build/moveit_config', 'catkin_cmake_args': None, 'catkin_skip_building_tests': False, 'cmake_args': None, 'cmake_clean_cache': False, 'cmake_clean_first': False, 'cmake_force_configure': False, 'cmake_target': None, 'cmake_target_skip_unavailable': False, 'install_base': '/home/anand/ur3e_working_reference/install/moveit_config', 'merge_install': False, 'path': '/home/anand/ur3e_working_reference/src/moveit_config', 'symlink_install': False, 'test_result_base': None}
[0.225s] INFO:colcon.colcon_core.executor:Executing jobs using 'parallel' executor
[0.226s] DEBUG:colcon.colcon_parallel_executor.executor.parallel:run_until_complete
[0.226s] INFO:colcon.colcon_ros.task.ament_cmake.build:Building ROS package in '/home/anand/ur3e_working_reference/src/moveit_config' with build type 'ament_cmake'
[0.226s] INFO:colcon.colcon_cmake.task.cmake.build:Building CMake package in '/home/anand/ur3e_working_reference/src/moveit_config'
[0.229s] INFO:colcon.colcon_core.plugin_system:Skipping extension 'colcon_core.shell.bat': Not used on non-Windows systems
[0.229s] INFO:colcon.colcon_core.shell:Skip shell extension 'powershell' for command environment: Not usable outside of PowerShell
[0.229s] DEBUG:colcon.colcon_core.shell:Skip shell extension 'dsv' for command environment
[0.237s] DEBUG:colcon.colcon_core.event_handler.log_command:Invoking command in '/home/anand/ur3e_working_reference/build/moveit_config': CMAKE_PREFIX_PATH=/home/anand/ur3e_working_reference/install/ur_description:/home/anand/ur3e_working_reference/install/ur_gazebo:/home/anand/ur3e_working_reference/install/moveit_config:/home/anand/ur3e_working_reference/install/robotiq_2f_gripper_hardware:/home/anand/ur3e_working_reference/install/robotiq_2f_gripper_interfaces:/home/anand/ur3e_working_reference/install/serial:/home/anand/ur3e_working_reference/install/robotiq_2f_gripper_msgs:/home/anand/ur3e_working_reference/install/robotiq_2f_gripper_description:/opt/ros/jazzy/opt/gz_sim_vendor:/opt/ros/jazzy/opt/gz_sensors_vendor:/opt/ros/jazzy/opt/gz_physics_vendor:/opt/ros/jazzy/opt/sdformat_vendor:/opt/ros/jazzy/opt/gz_gui_vendor:/opt/ros/jazzy/opt/gz_transport_vendor:/opt/ros/jazzy/opt/gz_rendering_vendor:/opt/ros/jazzy/opt/gz_plugin_vendor:/opt/ros/jazzy/opt/gz_fuel_tools_vendor:/opt/ros/jazzy/opt/gz_msgs_vendor:/opt/ros/jazzy/opt/gz_common_vendor:/opt/ros/jazzy/opt/gz_math_vendor:/opt/ros/jazzy/opt/gz_utils_vendor:/opt/ros/jazzy/opt/gz_tools_vendor:/opt/ros/jazzy/opt/gz_ogre_next_vendor:/opt/ros/jazzy/opt/gz_dartsim_vendor:/opt/ros/jazzy/opt/gz_cmake_vendor:/home/anand/ur3e_working_reference/install/ur3e_sorting:/home/anand/install/motion_model_comparison:/opt/ros/jazzy DEBUGINFOD_URLS=https://debuginfod.ubuntu.com /usr/bin/cmake --build /home/anand/ur3e_working_reference/build/moveit_config -- -j16 -l16
[0.262s] DEBUG:colcon.colcon_core.event_handler.log_command:Invoked command in '/home/anand/ur3e_working_reference/build/moveit_config' returned '0': CMAKE_PREFIX_PATH=/home/anand/ur3e_working_reference/install/ur_description:/home/anand/ur3e_working_reference/install/ur_gazebo:/home/anand/ur3e_working_reference/install/moveit_config:/home/anand/ur3e_working_reference/install/robotiq_2f_gripper_hardware:/home/anand/ur3e_working_reference/install/robotiq_2f_gripper_interfaces:/home/anand/ur3e_working_reference/install/serial:/home/anand/ur3e_working_reference/install/robotiq_2f_gripper_msgs:/home/anand/ur3e_working_reference/install/robotiq_2f_gripper_description:/opt/ros/jazzy/opt/gz_sim_vendor:/opt/ros/jazzy/opt/gz_sensors_vendor:/opt/ros/jazzy/opt/gz_physics_vendor:/opt/ros/jazzy/opt/sdformat_vendor:/opt/ros/jazzy/opt/gz_gui_vendor:/opt/ros/jazzy/opt/gz_transport_vendor:/opt/ros/jazzy/opt/gz_rendering_vendor:/opt/ros/jazzy/opt/gz_plugin_vendor:/opt/ros/jazzy/opt/gz_fuel_tools_vendor:/opt/ros/jazzy/opt/gz_msgs_vendor:/opt/ros/jazzy/opt/gz_common_vendor:/opt/ros/jazzy/opt/gz_math_vendor:/opt/ros/jazzy/opt/gz_utils_vendor:/opt/ros/jazzy/opt/gz_tools_vendor:/opt/ros/jazzy/opt/gz_ogre_next_vendor:/opt/ros/jazzy/opt/gz_dartsim_vendor:/opt/ros/jazzy/opt/gz_cmake_vendor:/home/anand/ur3e_working_reference/install/ur3e_sorting:/home/anand/install/motion_model_comparison:/opt/ros/jazzy DEBUGINFOD_URLS=https://debuginfod.ubuntu.com /usr/bin/cmake --build /home/anand/ur3e_working_reference/build/moveit_config -- -j16 -l16
[0.270s] DEBUG:colcon.colcon_core.event_handler.log_command:Invoking command in '/home/anand/ur3e_working_reference/build/moveit_config': CMAKE_PREFIX_PATH=/home/anand/ur3e_working_reference/install/ur_description:/home/anand/ur3e_working_reference/install/ur_gazebo:/home/anand/ur3e_working_reference/install/moveit_config:/home/anand/ur3e_working_reference/install/robotiq_2f_gripper_hardware:/home/anand/ur3e_working_reference/install/robotiq_2f_gripper_interfaces:/home/anand/ur3e_working_reference/install/serial:/home/anand/ur3e_working_reference/install/robotiq_2f_gripper_msgs:/home/anand/ur3e_working_reference/install/robotiq_2f_gripper_description:/opt/ros/jazzy/opt/gz_sim_vendor:/opt/ros/jazzy/opt/gz_sensors_vendor:/opt/ros/jazzy/opt/gz_physics_vendor:/opt/ros/jazzy/opt/sdformat_vendor:/opt/ros/jazzy/opt/gz_gui_vendor:/opt/ros/jazzy/opt/gz_transport_vendor:/opt/ros/jazzy/opt/gz_rendering_vendor:/opt/ros/jazzy/opt/gz_plugin_vendor:/opt/ros/jazzy/opt/gz_fuel_tools_vendor:/opt/ros/jazzy/opt/gz_msgs_vendor:/opt/ros/jazzy/opt/gz_common_vendor:/opt/ros/jazzy/opt/gz_math_vendor:/opt/ros/jazzy/opt/gz_utils_vendor:/opt/ros/jazzy/opt/gz_tools_vendor:/opt/ros/jazzy/opt/gz_ogre_next_vendor:/opt/ros/jazzy/opt/gz_dartsim_vendor:/opt/ros/jazzy/opt/gz_cmake_vendor:/home/anand/ur3e_working_reference/install/ur3e_sorting:/home/anand/install/motion_model_comparison:/opt/ros/jazzy DEBUGINFOD_URLS=https://debuginfod.ubuntu.com /usr/bin/cmake --install /home/anand/ur3e_working_reference/build/moveit_config
[0.284s] Level 1:colcon.colcon_core.environment:create_environment_scripts_only(moveit_config)
[0.289s] DEBUG:colcon.colcon_core.event_handler.log_command:Invoked command in '/home/anand/ur3e_working_reference/build/moveit_config' returned '0': CMAKE_PREFIX_PATH=/home/anand/ur3e_working_reference/install/ur_description:/home/anand/ur3e_working_reference/install/ur_gazebo:/home/anand/ur3e_working_reference/install/moveit_config:/home/anand/ur3e_working_reference/install/robotiq_2f_gripper_hardware:/home/anand/ur3e_working_reference/install/robotiq_2f_gripper_interfaces:/home/anand/ur3e_working_reference/install/serial:/home/anand/ur3e_working_reference/install/robotiq_2f_gripper_msgs:/home/anand/ur3e_working_reference/install/robotiq_2f_gripper_description:/opt/ros/jazzy/opt/gz_sim_vendor:/opt/ros/jazzy/opt/gz_sensors_vendor:/opt/ros/jazzy/opt/gz_physics_vendor:/opt/ros/jazzy/opt/sdformat_vendor:/opt/ros/jazzy/opt/gz_gui_vendor:/opt/ros/jazzy/opt/gz_transport_vendor:/opt/ros/jazzy/opt/gz_rendering_vendor:/opt/ros/jazzy/opt/gz_plugin_vendor:/opt/ros/jazzy/opt/gz_fuel_tools_vendor:/opt/ros/jazzy/opt/gz_msgs_vendor:/opt/ros/jazzy/opt/gz_common_vendor:/opt/ros/jazzy/opt/gz_math_vendor:/opt/ros/jazzy/opt/gz_utils_vendor:/opt/ros/jazzy/opt/gz_tools_vendor:/opt/ros/jazzy/opt/gz_ogre_next_vendor:/opt/ros/jazzy/opt/gz_dartsim_vendor:/opt/ros/jazzy/opt/gz_cmake_vendor:/home/anand/ur3e_working_reference/install/ur3e_sorting:/home/anand/install/motion_model_comparison:/opt/ros/jazzy DEBUGINFOD_URLS=https://debuginfod.ubuntu.com /usr/bin/cmake --install /home/anand/ur3e_working_reference/build/moveit_config
[0.291s] Level 1:colcon.colcon_core.environment:checking '/home/anand/ur3e_working_reference/install/moveit_config' for CMake module files
[0.291s] Level 1:colcon.colcon_core.environment:checking '/home/anand/ur3e_working_reference/install/moveit_config' for CMake config files
[0.292s] Level 1:colcon.colcon_core.shell:create_environment_hook('moveit_config', 'cmake_prefix_path')
[0.292s] INFO:colcon.colcon_core.shell:Creating environment hook '/home/anand/ur3e_working_reference/install/moveit_config/share/moveit_config/hook/cmake_prefix_path.ps1'
[0.292s] INFO:colcon.colcon_core.shell:Creating environment descriptor '/home/anand/ur3e_working_reference/install/moveit_config/share/moveit_config/hook/cmake_prefix_path.dsv'
[0.292s] INFO:colcon.colcon_core.shell:Creating environment hook '/home/anand/ur3e_working_reference/install/moveit_config/share/moveit_config/hook/cmake_prefix_path.sh'
[0.293s] Level 1:colcon.colcon_core.environment:checking '/home/anand/ur3e_working_reference/install/moveit_config/bin'
[0.293s] Level 1:colcon.colcon_core.environment:checking '/home/anand/ur3e_working_reference/install/moveit_config/lib/pkgconfig/moveit_config.pc'
[0.293s] Level 1:colcon.colcon_core.environment:checking '/home/anand/ur3e_working_reference/install/moveit_config/lib/python3.12/site-packages'
[0.293s] Level 1:colcon.colcon_core.environment:checking '/home/anand/ur3e_working_reference/install/moveit_config/bin'
[0.293s] INFO:colcon.colcon_core.shell:Creating package script '/home/anand/ur3e_working_reference/install/moveit_config/share/moveit_config/package.ps1'
[0.293s] INFO:colcon.colcon_core.shell:Creating package descriptor '/home/anand/ur3e_working_reference/install/moveit_config/share/moveit_config/package.dsv'
[0.294s] INFO:colcon.colcon_core.shell:Creating package script '/home/anand/ur3e_working_reference/install/moveit_config/share/moveit_config/package.sh'
[0.294s] INFO:colcon.colcon_core.shell:Creating package script '/home/anand/ur3e_working_reference/install/moveit_config/share/moveit_config/package.bash'
[0.294s] INFO:colcon.colcon_core.shell:Creating package script '/home/anand/ur3e_working_reference/install/moveit_config/share/moveit_config/package.zsh'
[0.294s] Level 1:colcon.colcon_core.environment:create_file_with_runtime_dependencies(/home/anand/ur3e_working_reference/install/moveit_config/share/colcon-core/packages/moveit_config)
[0.295s] Level 1:colcon.colcon_core.environment:create_environment_scripts_only(moveit_config)
[0.295s] Level 1:colcon.colcon_core.environment:checking '/home/anand/ur3e_working_reference/install/moveit_config' for CMake module files
[0.295s] Level 1:colcon.colcon_core.environment:checking '/home/anand/ur3e_working_reference/install/moveit_config' for CMake config files
[0.295s] Level 1:colcon.colcon_core.shell:create_environment_hook('moveit_config', 'cmake_prefix_path')
[0.295s] INFO:colcon.colcon_core.shell:Creating environment hook '/home/anand/ur3e_working_reference/install/moveit_config/share/moveit_config/hook/cmake_prefix_path.ps1'
[0.295s] INFO:colcon.colcon_core.shell:Creating environment descriptor '/home/anand/ur3e_working_reference/install/moveit_config/share/moveit_config/hook/cmake_prefix_path.dsv'
[0.295s] INFO:colcon.colcon_core.shell:Creating environment hook '/home/anand/ur3e_working_reference/install/moveit_config/share/moveit_config/hook/cmake_prefix_path.sh'
[0.296s] Level 1:colcon.colcon_core.environment:checking '/home/anand/ur3e_working_reference/install/moveit_config/bin'
[0.296s] Level 1:colcon.colcon_core.environment:checking '/home/anand/ur3e_working_reference/install/moveit_config/lib/pkgconfig/moveit_config.pc'
[0.296s] Level 1:colcon.colcon_core.environment:checking '/home/anand/ur3e_working_reference/install/moveit_config/lib/python3.12/site-packages'
[0.296s] Level 1:colcon.colcon_core.environment:checking '/home/anand/ur3e_working_reference/install/moveit_config/bin'
[0.296s] INFO:colcon.colcon_core.shell:Creating package script '/home/anand/ur3e_working_reference/install/moveit_config/share/moveit_config/package.ps1'
[0.296s] INFO:colcon.colcon_core.shell:Creating package descriptor '/home/anand/ur3e_working_reference/install/moveit_config/share/moveit_config/package.dsv'
[0.297s] INFO:colcon.colcon_core.shell:Creating package script '/home/anand/ur3e_working_reference/install/moveit_config/share/moveit_config/package.sh'
[0.297s] INFO:colcon.colcon_core.shell:Creating package script '/home/anand/ur3e_working_reference/install/moveit_config/share/moveit_config/package.bash'
[0.297s] INFO:colcon.colcon_core.shell:Creating package script '/home/anand/ur3e_working_reference/install/moveit_config/share/moveit_config/package.zsh'
[0.297s] Level 1:colcon.colcon_core.environment:create_file_with_runtime_dependencies(/home/anand/ur3e_working_reference/install/moveit_config/share/colcon-core/packages/moveit_config)
[0.297s] DEBUG:colcon.colcon_parallel_executor.executor.parallel:closing loop
[0.297s] DEBUG:colcon.colcon_parallel_executor.executor.parallel:loop closed
[0.298s] DEBUG:colcon.colcon_parallel_executor.executor.parallel:run_until_complete finished with '0'
[0.298s] DEBUG:colcon.colcon_core.event_reactor:joining thread
[0.302s] INFO:colcon.colcon_core.plugin_system:Skipping extension 'colcon_notification.desktop_notification.terminal_notifier': Not used on non-Darwin systems
[0.302s] INFO:colcon.colcon_core.plugin_system:Skipping extension 'colcon_notification.desktop_notification.win32': Not used on non-Windows systems
[0.302s] INFO:colcon.colcon_notification.desktop_notification:Sending desktop notification using 'notify2'
[0.310s] DEBUG:colcon.colcon_core.event_reactor:joined thread
[0.310s] INFO:colcon.colcon_core.shell:Creating prefix script '/home/anand/ur3e_working_reference/install/local_setup.ps1'
[0.310s] INFO:colcon.colcon_core.shell:Creating prefix util module '/home/anand/ur3e_working_reference/install/_local_setup_util_ps1.py'
[0.311s] INFO:colcon.colcon_core.shell:Creating prefix chain script '/home/anand/ur3e_working_reference/install/setup.ps1'
[0.312s] INFO:colcon.colcon_core.shell:Creating prefix script '/home/anand/ur3e_working_reference/install/local_setup.sh'
[0.312s] INFO:colcon.colcon_core.shell:Creating prefix util module '/home/anand/ur3e_working_reference/install/_local_setup_util_sh.py'
[0.312s] INFO:colcon.colcon_core.shell:Creating prefix chain script '/home/anand/ur3e_working_reference/install/setup.sh'
[0.313s] INFO:colcon.colcon_core.shell:Creating prefix script '/home/anand/ur3e_working_reference/install/local_setup.bash'
[0.313s] INFO:colcon.colcon_core.shell:Creating prefix chain script '/home/anand/ur3e_working_reference/install/setup.bash'
[0.314s] INFO:colcon.colcon_core.shell:Creating prefix script '/home/anand/ur3e_working_reference/install/local_setup.zsh'
[0.314s] INFO:colcon.colcon_core.shell:Creating prefix chain script '/home/anand/ur3e_working_reference/install/setup.zsh'
