-- Install configuration: ""
-- Up-to-date: /home/anand/ur3e_working_reference/install/moveit_config/share/ament_index/resource_index/package_run_dependencies/moveit_config
-- Up-to-date: /home/anand/ur3e_working_reference/install/moveit_config/share/ament_index/resource_index/parent_prefix_path/moveit_config
-- Up-to-date: /home/anand/ur3e_working_reference/install/moveit_config/share/moveit_config/environment/ament_prefix_path.sh
-- Up-to-date: /home/anand/ur3e_working_reference/install/moveit_config/share/moveit_config/environment/ament_prefix_path.dsv
-- Up-to-date: /home/anand/ur3e_working_reference/install/moveit_config/share/moveit_config/environment/path.sh
-- Up-to-date: /home/anand/ur3e_working_reference/install/moveit_config/share/moveit_config/environment/path.dsv
-- Up-to-date: /home/anand/ur3e_working_reference/install/moveit_config/share/moveit_config/local_setup.bash
-- Up-to-date: /home/anand/ur3e_working_reference/install/moveit_config/share/moveit_config/local_setup.sh
-- Up-to-date: /home/anand/ur3e_working_reference/install/moveit_config/share/moveit_config/local_setup.zsh
-- Up-to-date: /home/anand/ur3e_working_reference/install/moveit_config/share/moveit_config/local_setup.dsv
-- Up-to-date: /home/anand/ur3e_working_reference/install/moveit_config/share/moveit_config/package.dsv
-- Up-to-date: /home/anand/ur3e_working_reference/install/moveit_config/share/ament_index/resource_index/packages/moveit_config
-- Up-to-date: /home/anand/ur3e_working_reference/install/moveit_config/share/moveit_config/cmake/moveit_configConfig.cmake
-- Up-to-date: /home/anand/ur3e_working_reference/install/moveit_config/share/moveit_config/cmake/moveit_configConfig-version.cmake
-- Up-to-date: /home/anand/ur3e_working_reference/install/moveit_config/share/moveit_config/package.xml
-- Up-to-date: /home/anand/ur3e_working_reference/install/moveit_config/share/moveit_config/launch
-- Up-to-date: /home/anand/ur3e_working_reference/install/moveit_config/share/moveit_config/launch/backup
-- Up-to-date: /home/anand/ur3e_working_reference/install/moveit_config/share/moveit_config/launch/backup/spawn_controllers.launch.py
-- Up-to-date: /home/anand/ur3e_working_reference/install/moveit_config/share/moveit_config/launch/backup/moveit_rviz.launch.py
-- Up-to-date: /home/anand/ur3e_working_reference/install/moveit_config/share/moveit_config/launch/backup/rsp.launch.py
-- Up-to-date: /home/anand/ur3e_working_reference/install/moveit_config/share/moveit_config/launch/backup/setup_assistant.launch.py
-- Up-to-date: /home/anand/ur3e_working_reference/install/moveit_config/share/moveit_config/launch/backup/move_group.launch.py
-- Up-to-date: /home/anand/ur3e_working_reference/install/moveit_config/share/moveit_config/launch/backup/static_virtual_joint_tfs.launch.py
-- Up-to-date: /home/anand/ur3e_working_reference/install/moveit_config/share/moveit_config/launch/backup/warehouse_db.launch.py
-- Up-to-date: /home/anand/ur3e_working_reference/install/moveit_config/share/moveit_config/launch/__pycache__
-- Up-to-date: /home/anand/ur3e_working_reference/install/moveit_config/share/moveit_config/launch/__pycache__/demo.launch.cpython-312.pyc
-- Up-to-date: /home/anand/ur3e_working_reference/install/moveit_config/share/moveit_config/launch/__pycache__/setup_assistant.launch.cpython-312.pyc
-- Up-to-date: /home/anand/ur3e_working_reference/install/moveit_config/share/moveit_config/launch/__pycache__/moveit_rviz.launch.cpython-312.pyc
-- Up-to-date: /home/anand/ur3e_working_reference/install/moveit_config/share/moveit_config/launch/__pycache__/rsp.launch.cpython-312.pyc
-- Up-to-date: /home/anand/ur3e_working_reference/install/moveit_config/share/moveit_config/launch/__pycache__/warehouse_db.launch.cpython-312.pyc
-- Up-to-date: /home/anand/ur3e_working_reference/install/moveit_config/share/moveit_config/launch/__pycache__/spawn_controllers.launch.cpython-312.pyc
-- Up-to-date: /home/anand/ur3e_working_reference/install/moveit_config/share/moveit_config/launch/__pycache__/move_group.launch.cpython-312.pyc
-- Up-to-date: /home/anand/ur3e_working_reference/install/moveit_config/share/moveit_config/launch/__pycache__/static_virtual_joint_tfs.launch.cpython-312.pyc
-- Up-to-date: /home/anand/ur3e_working_reference/install/moveit_config/share/moveit_config/launch/spawn_lego_rviz.py
-- Up-to-date: /home/anand/ur3e_working_reference/install/moveit_config/share/moveit_config/launch/demo.launch.py
-- Up-to-date: /home/anand/ur3e_working_reference/install/moveit_config/share/moveit_config/config
-- Up-to-date: /home/anand/ur3e_working_reference/install/moveit_config/share/moveit_config/config/ur.urdf.xacro
-- Up-to-date: /home/anand/ur3e_working_reference/install/moveit_config/share/moveit_config/config/ros2_controllers.yaml
-- Up-to-date: /home/anand/ur3e_working_reference/install/moveit_config/share/moveit_config/config/ur.ros2_control.xacro
-- Up-to-date: /home/anand/ur3e_working_reference/install/moveit_config/share/moveit_config/config/pilz_cartesian_limits.yaml
-- Up-to-date: /home/anand/ur3e_working_reference/install/moveit_config/share/moveit_config/config/ompl_planning.yaml
-- Up-to-date: /home/anand/ur3e_working_reference/install/moveit_config/share/moveit_config/config/stomp_planning.yaml
-- Up-to-date: /home/anand/ur3e_working_reference/install/moveit_config/share/moveit_config/config/ur.urdf
-- Up-to-date: /home/anand/ur3e_working_reference/install/moveit_config/share/moveit_config/config/ur.srdf
-- Up-to-date: /home/anand/ur3e_working_reference/install/moveit_config/share/moveit_config/config/moveit.rviz
-- Up-to-date: /home/anand/ur3e_working_reference/install/moveit_config/share/moveit_config/config/pilz_industrial_motion_planner.yaml
-- Up-to-date: /home/anand/ur3e_working_reference/install/moveit_config/share/moveit_config/config/joint_limits.yaml
-- Up-to-date: /home/anand/ur3e_working_reference/install/moveit_config/share/moveit_config/config/kinematics.yaml
-- Up-to-date: /home/anand/ur3e_working_reference/install/moveit_config/share/moveit_config/config/moveit_controllers.yaml
-- Up-to-date: /home/anand/ur3e_working_reference/install/moveit_config/share/moveit_config/config/initial_positions.yaml
-- Up-to-date: /home/anand/ur3e_working_reference/install/moveit_config/share/moveit_config/config/sensors_3d.yaml
-- Up-to-date: /home/anand/ur3e_working_reference/install/moveit_config/share/moveit_config/rviz
-- Up-to-date: /home/anand/ur3e_working_reference/install/moveit_config/share/moveit_config/rviz/moveit.rviz
-- Up-to-date: /home/anand/ur3e_working_reference/install/moveit_config/share/moveit_config/.setup_assistant
