[0.515s] Invoking command in '/home/anand/ur3e_working_reference/src/ur3e_sorting': DEBUGINFOD_URLS=https://debuginfod.ubuntu.com PYTHONPATH=/home/anand/ur3e_working_reference/build/ur3e_sorting/prefix_override:/usr/lib/python3/dist-packages/colcon_core/task/python/colcon_distutils_commands:/home/anand/ur3e_working_reference/install/ur3e_sorting/lib/python3.12/site-packages:${PYTHONPATH} /usr/bin/python3 -W ignore:setup.py install is deprecated -W ignore:easy_install command is deprecated setup.py egg_info --egg-base ../../build/ur3e_sorting build --build-base /home/anand/ur3e_working_reference/build/ur3e_sorting/build install --record /home/anand/ur3e_working_reference/build/ur3e_sorting/install.log --single-version-externally-managed install_data
[0.677s] running egg_info
[0.688s] writing ../../build/ur3e_sorting/ur3e_sorting.egg-info/PKG-INFO
[0.688s] writing dependency_links to ../../build/ur3e_sorting/ur3e_sorting.egg-info/dependency_links.txt
[0.689s] writing entry points to ../../build/ur3e_sorting/ur3e_sorting.egg-info/entry_points.txt
[0.689s] writing requirements to ../../build/ur3e_sorting/ur3e_sorting.egg-info/requires.txt
[0.689s] writing top-level names to ../../build/ur3e_sorting/ur3e_sorting.egg-info/top_level.txt
[0.713s] reading manifest file '../../build/ur3e_sorting/ur3e_sorting.egg-info/SOURCES.txt'
[0.713s] writing manifest file '../../build/ur3e_sorting/ur3e_sorting.egg-info/SOURCES.txt'
[0.713s] running build
[0.713s] running build_py
[0.713s] copying ur3e_sorting/yolo_detector.py -> /home/anand/ur3e_working_reference/build/ur3e_sorting/build/lib/ur3e_sorting
[0.714s] running install
[0.718s] running install_lib
[0.730s] copying /home/anand/ur3e_working_reference/build/ur3e_sorting/build/lib/ur3e_sorting/yolo_detector.py -> /home/anand/ur3e_working_reference/install/ur3e_sorting/lib/python3.12/site-packages/ur3e_sorting
[0.731s] byte-compiling /home/anand/ur3e_working_reference/install/ur3e_sorting/lib/python3.12/site-packages/ur3e_sorting/yolo_detector.py to yolo_detector.cpython-312.pyc
[0.732s] Sorry: IndentationError: unexpected indent (yolo_detector.py, line 211)
[0.732s] running install_data
[0.732s] running install_egg_info
[0.745s] removing '/home/anand/ur3e_working_reference/install/ur3e_sorting/lib/python3.12/site-packages/ur3e_sorting-0.0.0-py3.12.egg-info' (and everything under it)
[0.746s] Copying ../../build/ur3e_sorting/ur3e_sorting.egg-info to /home/anand/ur3e_working_reference/install/ur3e_sorting/lib/python3.12/site-packages/ur3e_sorting-0.0.0-py3.12.egg-info
[0.746s] running install_scripts
[0.826s] Installing automation_node script to /home/anand/ur3e_working_reference/install/ur3e_sorting/lib/ur3e_sorting
[0.826s] Installing detector_node script to /home/anand/ur3e_working_reference/install/ur3e_sorting/lib/ur3e_sorting
[0.826s] Installing locator_verification_node script to /home/anand/ur3e_working_reference/install/ur3e_sorting/lib/ur3e_sorting
[0.826s] Installing perception_node script to /home/anand/ur3e_working_reference/install/ur3e_sorting/lib/ur3e_sorting
[0.826s] Installing pick_and_place_demo script to /home/anand/ur3e_working_reference/install/ur3e_sorting/lib/ur3e_sorting
[0.826s] Installing sorting_node script to /home/anand/ur3e_working_reference/install/ur3e_sorting/lib/ur3e_sorting
[0.826s] Installing test_moveit script to /home/anand/ur3e_working_reference/install/ur3e_sorting/lib/ur3e_sorting
[0.826s] Installing yolo_detector script to /home/anand/ur3e_working_reference/install/ur3e_sorting/lib/ur3e_sorting
[0.826s] writing list of installed files to '/home/anand/ur3e_working_reference/build/ur3e_sorting/install.log'
[0.844s] Invoked command in '/home/anand/ur3e_working_reference/src/ur3e_sorting' returned '0': DEBUGINFOD_URLS=https://debuginfod.ubuntu.com PYTHONPATH=/home/anand/ur3e_working_reference/build/ur3e_sorting/prefix_override:/usr/lib/python3/dist-packages/colcon_core/task/python/colcon_distutils_commands:/home/anand/ur3e_working_reference/install/ur3e_sorting/lib/python3.12/site-packages:${PYTHONPATH} /usr/bin/python3 -W ignore:setup.py install is deprecated -W ignore:easy_install command is deprecated setup.py egg_info --egg-base ../../build/ur3e_sorting build --build-base /home/anand/ur3e_working_reference/build/ur3e_sorting/build install --record /home/anand/ur3e_working_reference/build/ur3e_sorting/install.log --single-version-externally-managed install_data
