[0.960s] Invoking command in '/home/anand/ur3e_working_reference/build/ur3e_sorting': DEBUGINFOD_URLS=https://debuginfod.ubuntu.com PYTHONPATH=/home/anand/ur3e_working_reference/build/ur3e_sorting/prefix_override:/usr/lib/python3/dist-packages/colcon_core/task/python/colcon_distutils_commands:/home/anand/ur3e_working_reference/install/ur3e_sorting/lib/python3.12/site-packages:${PYTHONPATH} /usr/bin/python3 -W ignore:setup.py install is deprecated -W ignore:easy_install command is deprecated setup.py develop --editable --build-directory /home/anand/ur3e_working_reference/build/ur3e_sorting/build --no-deps symlink_data --force
[1.279s] running develop
[1.537s] running egg_info
[1.565s] writing ur3e_sorting.egg-info/PKG-INFO
[1.566s] writing dependency_links to ur3e_sorting.egg-info/dependency_links.txt
[1.566s] writing entry points to ur3e_sorting.egg-info/entry_points.txt
[1.566s] writing requirements to ur3e_sorting.egg-info/requires.txt
[1.566s] writing top-level names to ur3e_sorting.egg-info/top_level.txt
[1.617s] reading manifest file 'ur3e_sorting.egg-info/SOURCES.txt'
[1.619s] writing manifest file 'ur3e_sorting.egg-info/SOURCES.txt'
[1.651s] running build_ext
[1.652s] Creating /home/anand/ur3e_working_reference/install/ur3e_sorting/lib/python3.12/site-packages/ur3e-sorting.egg-link (link to .)
[1.653s] Installing automation_node script to /home/anand/ur3e_working_reference/install/ur3e_sorting/lib/ur3e_sorting
[1.653s] Installing locator_verification_node script to /home/anand/ur3e_working_reference/install/ur3e_sorting/lib/ur3e_sorting
[1.654s] Installing perception_node script to /home/anand/ur3e_working_reference/install/ur3e_sorting/lib/ur3e_sorting
[1.654s] Installing pick_and_place_demo script to /home/anand/ur3e_working_reference/install/ur3e_sorting/lib/ur3e_sorting
[1.659s] Installing sorting_node script to /home/anand/ur3e_working_reference/install/ur3e_sorting/lib/ur3e_sorting
[1.659s] Installing test_moveit script to /home/anand/ur3e_working_reference/install/ur3e_sorting/lib/ur3e_sorting
[1.659s] Installing yolo_detector script to /home/anand/ur3e_working_reference/install/ur3e_sorting/lib/ur3e_sorting
[1.659s] 
[1.659s] Installed /home/anand/ur3e_working_reference/build/ur3e_sorting
[1.659s] running symlink_data
[1.659s] symbolically linking /home/anand/ur3e_working_reference/build/ur3e_sorting/resource/ur3e_sorting -> /home/anand/ur3e_working_reference/install/ur3e_sorting/share/ament_index/resource_index/packages
[1.659s] symbolically linking /home/anand/ur3e_working_reference/build/ur3e_sorting/package.xml -> /home/anand/ur3e_working_reference/install/ur3e_sorting/share/ur3e_sorting
[1.659s] symbolically linking /home/anand/ur3e_working_reference/build/ur3e_sorting/launch/automation.launch.py -> /home/anand/ur3e_working_reference/install/ur3e_sorting/share/ur3e_sorting/launch
[1.660s] symbolically linking /home/anand/ur3e_working_reference/build/ur3e_sorting/launch/simulation.launch.py -> /home/anand/ur3e_working_reference/install/ur3e_sorting/share/ur3e_sorting/launch
[1.660s] symbolically linking /home/anand/ur3e_working_reference/build/ur3e_sorting/launch/debug_rviz.launch.py -> /home/anand/ur3e_working_reference/install/ur3e_sorting/share/ur3e_sorting/launch
[1.660s] symbolically linking /home/anand/ur3e_working_reference/build/ur3e_sorting/launch/sorting_station.launch.py -> /home/anand/ur3e_working_reference/install/ur3e_sorting/share/ur3e_sorting/launch
[1.661s] symbolically linking /home/anand/ur3e_working_reference/build/ur3e_sorting/models/red_cylinder/model.sdf -> /home/anand/ur3e_working_reference/install/ur3e_sorting/share/ur3e_sorting/models/red_cylinder
[1.661s] symbolically linking /home/anand/ur3e_working_reference/build/ur3e_sorting/models/camera/model.sdf -> /home/anand/ur3e_working_reference/install/ur3e_sorting/share/ur3e_sorting/models/camera
[1.717s] Invoked command in '/home/anand/ur3e_working_reference/build/ur3e_sorting' returned '0': DEBUGINFOD_URLS=https://debuginfod.ubuntu.com PYTHONPATH=/home/anand/ur3e_working_reference/build/ur3e_sorting/prefix_override:/usr/lib/python3/dist-packages/colcon_core/task/python/colcon_distutils_commands:/home/anand/ur3e_working_reference/install/ur3e_sorting/lib/python3.12/site-packages:${PYTHONPATH} /usr/bin/python3 -W ignore:setup.py install is deprecated -W ignore:easy_install command is deprecated setup.py develop --editable --build-directory /home/anand/ur3e_working_reference/build/ur3e_sorting/build --no-deps symlink_data --force
