[0.065s] Invoking command in '/home/anand/ur3e_working_reference/build/serial': CMAKE_PREFIX_PATH=${CMAKE_PREFIX_PATH}:/home/anand/ur3e_working_reference/install/ur3e_sorting:/home/anand/install/motion_model_comparison:/opt/ros/jazzy DEBUGINFOD_URLS=https://debuginfod.ubuntu.com /usr/bin/cmake --build /home/anand/ur3e_working_reference/build/serial -- -j16 -l16
[0.378s] [100%] Built target serial
[0.381s] Invoked command in '/home/anand/ur3e_working_reference/build/serial' returned '0': CMAKE_PREFIX_PATH=${CMAKE_PREFIX_PATH}:/home/anand/ur3e_working_reference/install/ur3e_sorting:/home/anand/install/motion_model_comparison:/opt/ros/jazzy DEBUGINFOD_URLS=https://debuginfod.ubuntu.com /usr/bin/cmake --build /home/anand/ur3e_working_reference/build/serial -- -j16 -l16
[0.394s] Invoking command in '/home/anand/ur3e_working_reference/build/serial': CMAKE_PREFIX_PATH=${CMAKE_PREFIX_PATH}:/home/anand/ur3e_working_reference/install/ur3e_sorting:/home/anand/install/motion_model_comparison:/opt/ros/jazzy DEBUGINFOD_URLS=https://debuginfod.ubuntu.com /usr/bin/cmake --install /home/anand/ur3e_working_reference/build/serial
[0.404s] -- Install configuration: ""
[0.405s] -- Up-to-date: /home/anand/ur3e_working_reference/install/serial/lib/libserial.a
[0.405s] -- Up-to-date: /home/anand/ur3e_working_reference/install/serial/include
[0.405s] -- Up-to-date: /home/anand/ur3e_working_reference/install/serial/include/serial
[0.405s] -- Up-to-date: /home/anand/ur3e_working_reference/install/serial/include/serial/serial.h
[0.405s] -- Up-to-date: /home/anand/ur3e_working_reference/install/serial/include/serial/v8stdint.h
[0.405s] -- Up-to-date: /home/anand/ur3e_working_reference/install/serial/include/serial/impl
[0.405s] -- Up-to-date: /home/anand/ur3e_working_reference/install/serial/include/serial/impl/win.h
[0.405s] -- Up-to-date: /home/anand/ur3e_working_reference/install/serial/include/serial/impl/unix.h
[0.405s] -- Up-to-date: /home/anand/ur3e_working_reference/install/serial/share/serial/environment/library_path.sh
[0.405s] -- Up-to-date: /home/anand/ur3e_working_reference/install/serial/share/serial/environment/library_path.dsv
[0.405s] -- Up-to-date: /home/anand/ur3e_working_reference/install/serial/share/ament_index/resource_index/package_run_dependencies/serial
[0.405s] -- Up-to-date: /home/anand/ur3e_working_reference/install/serial/share/ament_index/resource_index/parent_prefix_path/serial
[0.405s] -- Up-to-date: /home/anand/ur3e_working_reference/install/serial/share/serial/environment/ament_prefix_path.sh
[0.405s] -- Up-to-date: /home/anand/ur3e_working_reference/install/serial/share/serial/environment/ament_prefix_path.dsv
[0.405s] -- Up-to-date: /home/anand/ur3e_working_reference/install/serial/share/serial/environment/path.sh
[0.406s] -- Up-to-date: /home/anand/ur3e_working_reference/install/serial/share/serial/environment/path.dsv
[0.406s] -- Up-to-date: /home/anand/ur3e_working_reference/install/serial/share/serial/local_setup.bash
[0.406s] -- Up-to-date: /home/anand/ur3e_working_reference/install/serial/share/serial/local_setup.sh
[0.406s] -- Up-to-date: /home/anand/ur3e_working_reference/install/serial/share/serial/local_setup.zsh
[0.406s] -- Up-to-date: /home/anand/ur3e_working_reference/install/serial/share/serial/local_setup.dsv
[0.407s] -- Installing: /home/anand/ur3e_working_reference/install/serial/share/serial/package.dsv
[0.407s] -- Up-to-date: /home/anand/ur3e_working_reference/install/serial/share/ament_index/resource_index/packages/serial
[0.407s] -- Up-to-date: /home/anand/ur3e_working_reference/install/serial/share/serial/cmake/export_serialExport.cmake
[0.408s] -- Up-to-date: /home/anand/ur3e_working_reference/install/serial/share/serial/cmake/export_serialExport-noconfig.cmake
[0.408s] -- Up-to-date: /home/anand/ur3e_working_reference/install/serial/share/serial/cmake/ament_cmake_export_include_directories-extras.cmake
[0.408s] -- Up-to-date: /home/anand/ur3e_working_reference/install/serial/share/serial/cmake/ament_cmake_export_libraries-extras.cmake
[0.408s] -- Up-to-date: /home/anand/ur3e_working_reference/install/serial/share/serial/cmake/ament_cmake_export_targets-extras.cmake
[0.408s] -- Up-to-date: /home/anand/ur3e_working_reference/install/serial/share/serial/cmake/serialConfig.cmake
[0.408s] -- Up-to-date: /home/anand/ur3e_working_reference/install/serial/share/serial/cmake/serialConfig-version.cmake
[0.408s] -- Up-to-date: /home/anand/ur3e_working_reference/install/serial/share/serial/package.xml
[0.431s] Invoked command in '/home/anand/ur3e_working_reference/build/serial' returned '0': CMAKE_PREFIX_PATH=${CMAKE_PREFIX_PATH}:/home/anand/ur3e_working_reference/install/ur3e_sorting:/home/anand/install/motion_model_comparison:/opt/ros/jazzy DEBUGINFOD_URLS=https://debuginfod.ubuntu.com /usr/bin/cmake --install /home/anand/ur3e_working_reference/build/serial
