[0.044s] Invoking command in '/home/anand/ur3e_working_reference/build/robotiq_2f_gripper_msgs': CMAKE_PREFIX_PATH=${CMAKE_PREFIX_PATH}:/home/anand/ur3e_working_reference/install/ur3e_sorting:/home/anand/install/motion_model_comparison:/opt/ros/jazzy DEBUGINFOD_URLS=https://debuginfod.ubuntu.com /usr/bin/cmake --build /home/anand/ur3e_working_reference/build/robotiq_2f_gripper_msgs -- -j16 -l16
[0.280s] [  2%] Built target robotiq_2f_gripper_msgs__rosidl_generator_type_description
[0.280s] [  2%] Built target ament_cmake_python_copy_robotiq_2f_gripper_msgs
[0.280s] [  5%] Built target robotiq_2f_gripper_msgs__cpp
[0.280s] [ 20%] Built target robotiq_2f_gripper_msgs__rosidl_generator_c
[0.280s] [ 29%] Built target robotiq_2f_gripper_msgs__rosidl_typesupport_introspection_c
[0.281s] [ 47%] Built target robotiq_2f_gripper_msgs__rosidl_typesupport_fastrtps_c
[0.281s] [ 47%] Built target robotiq_2f_gripper_msgs__rosidl_typesupport_fastrtps_cpp
[0.281s] [ 64%] Built target robotiq_2f_gripper_msgs__rosidl_typesupport_c
[0.281s] [ 64%] Built target robotiq_2f_gripper_msgs__rosidl_typesupport_cpp
[0.281s] [ 73%] Built target robotiq_2f_gripper_msgs__rosidl_typesupport_introspection_cpp
[0.281s] [ 73%] Built target robotiq_2f_gripper_msgs
[0.281s] [ 76%] Built target robotiq_2f_gripper_msgs__py
[0.281s] [ 82%] Built target robotiq_2f_gripper_msgs__rosidl_generator_py
[0.281s] [100%] Built target robotiq_2f_gripper_msgs_s__rosidl_typesupport_introspection_c
[0.281s] [100%] Built target robotiq_2f_gripper_msgs_s__rosidl_typesupport_c
[0.281s] [100%] Built target robotiq_2f_gripper_msgs_s__rosidl_typesupport_fastrtps_c
[0.333s] running egg_info
[0.354s] writing robotiq_2f_gripper_msgs.egg-info/PKG-INFO
[0.354s] writing dependency_links to robotiq_2f_gripper_msgs.egg-info/dependency_links.txt
[0.354s] writing top-level names to robotiq_2f_gripper_msgs.egg-info/top_level.txt
[0.421s] reading manifest file 'robotiq_2f_gripper_msgs.egg-info/SOURCES.txt'
[0.422s] writing manifest file 'robotiq_2f_gripper_msgs.egg-info/SOURCES.txt'
[0.480s] [100%] Built target ament_cmake_python_build_robotiq_2f_gripper_msgs_egg
[0.498s] Invoked command in '/home/anand/ur3e_working_reference/build/robotiq_2f_gripper_msgs' returned '0': CMAKE_PREFIX_PATH=${CMAKE_PREFIX_PATH}:/home/anand/ur3e_working_reference/install/ur3e_sorting:/home/anand/install/motion_model_comparison:/opt/ros/jazzy DEBUGINFOD_URLS=https://debuginfod.ubuntu.com /usr/bin/cmake --build /home/anand/ur3e_working_reference/build/robotiq_2f_gripper_msgs -- -j16 -l16
[0.500s] Invoking command in '/home/anand/ur3e_working_reference/build/robotiq_2f_gripper_msgs': CMAKE_PREFIX_PATH=${CMAKE_PREFIX_PATH}:/home/anand/ur3e_working_reference/install/ur3e_sorting:/home/anand/install/motion_model_comparison:/opt/ros/jazzy DEBUGINFOD_URLS=https://debuginfod.ubuntu.com /usr/bin/cmake --install /home/anand/ur3e_working_reference/build/robotiq_2f_gripper_msgs
[0.514s] -- Install configuration: ""
[0.514s] -- Up-to-date: /home/anand/ur3e_working_reference/install/robotiq_2f_gripper_msgs/share/ament_index/resource_index/rosidl_interfaces/robotiq_2f_gripper_msgs
[0.514s] -- Up-to-date: /home/anand/ur3e_working_reference/install/robotiq_2f_gripper_msgs/share/robotiq_2f_gripper_msgs/action/MoveTwoFingerGripper.json
[0.514s] -- Up-to-date: /home/anand/ur3e_working_reference/install/robotiq_2f_gripper_msgs/include/robotiq_2f_gripper_msgs/robotiq_2f_gripper_msgs
[0.514s] -- Up-to-date: /home/anand/ur3e_working_reference/install/robotiq_2f_gripper_msgs/include/robotiq_2f_gripper_msgs/robotiq_2f_gripper_msgs/action
[0.514s] -- Up-to-date: /home/anand/ur3e_working_reference/install/robotiq_2f_gripper_msgs/include/robotiq_2f_gripper_msgs/robotiq_2f_gripper_msgs/action/move_two_finger_gripper.h
[0.514s] -- Up-to-date: /home/anand/ur3e_working_reference/install/robotiq_2f_gripper_msgs/include/robotiq_2f_gripper_msgs/robotiq_2f_gripper_msgs/action/detail
[0.514s] -- Up-to-date: /home/anand/ur3e_working_reference/install/robotiq_2f_gripper_msgs/include/robotiq_2f_gripper_msgs/robotiq_2f_gripper_msgs/action/detail/move_two_finger_gripper__type_support.c
[0.514s] -- Up-to-date: /home/anand/ur3e_working_reference/install/robotiq_2f_gripper_msgs/include/robotiq_2f_gripper_msgs/robotiq_2f_gripper_msgs/action/detail/move_two_finger_gripper__functions.c
[0.514s] -- Up-to-date: /home/anand/ur3e_working_reference/install/robotiq_2f_gripper_msgs/include/robotiq_2f_gripper_msgs/robotiq_2f_gripper_msgs/action/detail/move_two_finger_gripper__struct.h
[0.515s] -- Up-to-date: /home/anand/ur3e_working_reference/install/robotiq_2f_gripper_msgs/include/robotiq_2f_gripper_msgs/robotiq_2f_gripper_msgs/action/detail/move_two_finger_gripper__description.c
[0.515s] -- Up-to-date: /home/anand/ur3e_working_reference/install/robotiq_2f_gripper_msgs/include/robotiq_2f_gripper_msgs/robotiq_2f_gripper_msgs/action/detail/move_two_finger_gripper__functions.h
[0.515s] -- Up-to-date: /home/anand/ur3e_working_reference/install/robotiq_2f_gripper_msgs/include/robotiq_2f_gripper_msgs/robotiq_2f_gripper_msgs/action/detail/move_two_finger_gripper__type_support.h
[0.515s] -- Up-to-date: /home/anand/ur3e_working_reference/install/robotiq_2f_gripper_msgs/include/robotiq_2f_gripper_msgs/robotiq_2f_gripper_msgs/msg
[0.515s] -- Up-to-date: /home/anand/ur3e_working_reference/install/robotiq_2f_gripper_msgs/include/robotiq_2f_gripper_msgs/robotiq_2f_gripper_msgs/msg/rosidl_generator_c__visibility_control.h
[0.515s] -- Up-to-date: /home/anand/ur3e_working_reference/install/robotiq_2f_gripper_msgs/share/robotiq_2f_gripper_msgs/environment/library_path.sh
[0.515s] -- Up-to-date: /home/anand/ur3e_working_reference/install/robotiq_2f_gripper_msgs/share/robotiq_2f_gripper_msgs/environment/library_path.dsv
[0.515s] -- Up-to-date: /home/anand/ur3e_working_reference/install/robotiq_2f_gripper_msgs/lib/librobotiq_2f_gripper_msgs__rosidl_generator_c.so
[0.515s] -- Up-to-date: /home/anand/ur3e_working_reference/install/robotiq_2f_gripper_msgs/include/robotiq_2f_gripper_msgs/robotiq_2f_gripper_msgs
[0.515s] -- Up-to-date: /home/anand/ur3e_working_reference/install/robotiq_2f_gripper_msgs/include/robotiq_2f_gripper_msgs/robotiq_2f_gripper_msgs/action
[0.515s] -- Up-to-date: /home/anand/ur3e_working_reference/install/robotiq_2f_gripper_msgs/include/robotiq_2f_gripper_msgs/robotiq_2f_gripper_msgs/action/detail
[0.516s] -- Up-to-date: /home/anand/ur3e_working_reference/install/robotiq_2f_gripper_msgs/include/robotiq_2f_gripper_msgs/robotiq_2f_gripper_msgs/action/detail/move_two_finger_gripper__rosidl_typesupport_fastrtps_c.h
[0.516s] -- Up-to-date: /home/anand/ur3e_working_reference/install/robotiq_2f_gripper_msgs/include/robotiq_2f_gripper_msgs/robotiq_2f_gripper_msgs/msg
[0.516s] -- Up-to-date: /home/anand/ur3e_working_reference/install/robotiq_2f_gripper_msgs/include/robotiq_2f_gripper_msgs/robotiq_2f_gripper_msgs/msg/rosidl_typesupport_fastrtps_c__visibility_control.h
[0.516s] -- Up-to-date: /home/anand/ur3e_working_reference/install/robotiq_2f_gripper_msgs/lib/librobotiq_2f_gripper_msgs__rosidl_typesupport_fastrtps_c.so
[0.516s] -- Up-to-date: /home/anand/ur3e_working_reference/install/robotiq_2f_gripper_msgs/include/robotiq_2f_gripper_msgs/robotiq_2f_gripper_msgs
[0.516s] -- Up-to-date: /home/anand/ur3e_working_reference/install/robotiq_2f_gripper_msgs/include/robotiq_2f_gripper_msgs/robotiq_2f_gripper_msgs/action
[0.516s] -- Up-to-date: /home/anand/ur3e_working_reference/install/robotiq_2f_gripper_msgs/include/robotiq_2f_gripper_msgs/robotiq_2f_gripper_msgs/action/detail
[0.516s] -- Up-to-date: /home/anand/ur3e_working_reference/install/robotiq_2f_gripper_msgs/include/robotiq_2f_gripper_msgs/robotiq_2f_gripper_msgs/action/detail/move_two_finger_gripper__type_support.c
[0.516s] -- Up-to-date: /home/anand/ur3e_working_reference/install/robotiq_2f_gripper_msgs/include/robotiq_2f_gripper_msgs/robotiq_2f_gripper_msgs/action/detail/move_two_finger_gripper__rosidl_typesupport_introspection_c.h
[0.516s] -- Up-to-date: /home/anand/ur3e_working_reference/install/robotiq_2f_gripper_msgs/include/robotiq_2f_gripper_msgs/robotiq_2f_gripper_msgs/msg
[0.516s] -- Up-to-date: /home/anand/ur3e_working_reference/install/robotiq_2f_gripper_msgs/include/robotiq_2f_gripper_msgs/robotiq_2f_gripper_msgs/msg/rosidl_typesupport_introspection_c__visibility_control.h
[0.517s] -- Up-to-date: /home/anand/ur3e_working_reference/install/robotiq_2f_gripper_msgs/lib/librobotiq_2f_gripper_msgs__rosidl_typesupport_introspection_c.so
[0.517s] -- Up-to-date: /home/anand/ur3e_working_reference/install/robotiq_2f_gripper_msgs/lib/librobotiq_2f_gripper_msgs__rosidl_typesupport_c.so
[0.517s] -- Up-to-date: /home/anand/ur3e_working_reference/install/robotiq_2f_gripper_msgs/include/robotiq_2f_gripper_msgs/robotiq_2f_gripper_msgs
[0.518s] -- Up-to-date: /home/anand/ur3e_working_reference/install/robotiq_2f_gripper_msgs/include/robotiq_2f_gripper_msgs/robotiq_2f_gripper_msgs/action
[0.518s] -- Up-to-date: /home/anand/ur3e_working_reference/install/robotiq_2f_gripper_msgs/include/robotiq_2f_gripper_msgs/robotiq_2f_gripper_msgs/action/move_two_finger_gripper.hpp
[0.518s] -- Up-to-date: /home/anand/ur3e_working_reference/install/robotiq_2f_gripper_msgs/include/robotiq_2f_gripper_msgs/robotiq_2f_gripper_msgs/action/detail
[0.518s] -- Up-to-date: /home/anand/ur3e_working_reference/install/robotiq_2f_gripper_msgs/include/robotiq_2f_gripper_msgs/robotiq_2f_gripper_msgs/action/detail/move_two_finger_gripper__type_support.hpp
[0.518s] -- Up-to-date: /home/anand/ur3e_working_reference/install/robotiq_2f_gripper_msgs/include/robotiq_2f_gripper_msgs/robotiq_2f_gripper_msgs/action/detail/move_two_finger_gripper__traits.hpp
[0.518s] -- Up-to-date: /home/anand/ur3e_working_reference/install/robotiq_2f_gripper_msgs/include/robotiq_2f_gripper_msgs/robotiq_2f_gripper_msgs/action/detail/move_two_finger_gripper__struct.hpp
[0.518s] -- Up-to-date: /home/anand/ur3e_working_reference/install/robotiq_2f_gripper_msgs/include/robotiq_2f_gripper_msgs/robotiq_2f_gripper_msgs/action/detail/move_two_finger_gripper__builder.hpp
[0.518s] -- Up-to-date: /home/anand/ur3e_working_reference/install/robotiq_2f_gripper_msgs/include/robotiq_2f_gripper_msgs/robotiq_2f_gripper_msgs/msg
[0.518s] -- Up-to-date: /home/anand/ur3e_working_reference/install/robotiq_2f_gripper_msgs/include/robotiq_2f_gripper_msgs/robotiq_2f_gripper_msgs/msg/rosidl_generator_cpp__visibility_control.hpp
[0.519s] -- Up-to-date: /home/anand/ur3e_working_reference/install/robotiq_2f_gripper_msgs/include/robotiq_2f_gripper_msgs/robotiq_2f_gripper_msgs
[0.519s] -- Up-to-date: /home/anand/ur3e_working_reference/install/robotiq_2f_gripper_msgs/include/robotiq_2f_gripper_msgs/robotiq_2f_gripper_msgs/action
[0.519s] -- Up-to-date: /home/anand/ur3e_working_reference/install/robotiq_2f_gripper_msgs/include/robotiq_2f_gripper_msgs/robotiq_2f_gripper_msgs/action/detail
[0.519s] -- Up-to-date: /home/anand/ur3e_working_reference/install/robotiq_2f_gripper_msgs/include/robotiq_2f_gripper_msgs/robotiq_2f_gripper_msgs/action/detail/dds_fastrtps
[0.519s] -- Up-to-date: /home/anand/ur3e_working_reference/install/robotiq_2f_gripper_msgs/include/robotiq_2f_gripper_msgs/robotiq_2f_gripper_msgs/action/detail/move_two_finger_gripper__rosidl_typesupport_fastrtps_cpp.hpp
[0.519s] -- Up-to-date: /home/anand/ur3e_working_reference/install/robotiq_2f_gripper_msgs/include/robotiq_2f_gripper_msgs/robotiq_2f_gripper_msgs/msg
[0.519s] -- Up-to-date: /home/anand/ur3e_working_reference/install/robotiq_2f_gripper_msgs/include/robotiq_2f_gripper_msgs/robotiq_2f_gripper_msgs/msg/rosidl_typesupport_fastrtps_cpp__visibility_control.h
[0.519s] -- Up-to-date: /home/anand/ur3e_working_reference/install/robotiq_2f_gripper_msgs/lib/librobotiq_2f_gripper_msgs__rosidl_typesupport_fastrtps_cpp.so
[0.519s] -- Up-to-date: /home/anand/ur3e_working_reference/install/robotiq_2f_gripper_msgs/include/robotiq_2f_gripper_msgs/robotiq_2f_gripper_msgs
[0.519s] -- Up-to-date: /home/anand/ur3e_working_reference/install/robotiq_2f_gripper_msgs/include/robotiq_2f_gripper_msgs/robotiq_2f_gripper_msgs/action
[0.519s] -- Up-to-date: /home/anand/ur3e_working_reference/install/robotiq_2f_gripper_msgs/include/robotiq_2f_gripper_msgs/robotiq_2f_gripper_msgs/action/detail
[0.519s] -- Up-to-date: /home/anand/ur3e_working_reference/install/robotiq_2f_gripper_msgs/include/robotiq_2f_gripper_msgs/robotiq_2f_gripper_msgs/action/detail/move_two_finger_gripper__rosidl_typesupport_introspection_cpp.hpp
[0.520s] -- Up-to-date: /home/anand/ur3e_working_reference/install/robotiq_2f_gripper_msgs/include/robotiq_2f_gripper_msgs/robotiq_2f_gripper_msgs/action/detail/move_two_finger_gripper__type_support.cpp
[0.520s] -- Up-to-date: /home/anand/ur3e_working_reference/install/robotiq_2f_gripper_msgs/lib/librobotiq_2f_gripper_msgs__rosidl_typesupport_introspection_cpp.so
[0.522s] -- Up-to-date: /home/anand/ur3e_working_reference/install/robotiq_2f_gripper_msgs/lib/librobotiq_2f_gripper_msgs__rosidl_typesupport_cpp.so
[0.522s] -- Up-to-date: /home/anand/ur3e_working_reference/install/robotiq_2f_gripper_msgs/share/robotiq_2f_gripper_msgs/environment/pythonpath.sh
[0.523s] -- Up-to-date: /home/anand/ur3e_working_reference/install/robotiq_2f_gripper_msgs/share/robotiq_2f_gripper_msgs/environment/pythonpath.dsv
[0.523s] -- Up-to-date: /home/anand/ur3e_working_reference/install/robotiq_2f_gripper_msgs/lib/python3.12/site-packages/robotiq_2f_gripper_msgs-0.0.0-py3.12.egg-info
[0.524s] -- Installing: /home/anand/ur3e_working_reference/install/robotiq_2f_gripper_msgs/lib/python3.12/site-packages/robotiq_2f_gripper_msgs-0.0.0-py3.12.egg-info/dependency_links.txt
[0.524s] -- Installing: /home/anand/ur3e_working_reference/install/robotiq_2f_gripper_msgs/lib/python3.12/site-packages/robotiq_2f_gripper_msgs-0.0.0-py3.12.egg-info/PKG-INFO
[0.526s] -- Installing: /home/anand/ur3e_working_reference/install/robotiq_2f_gripper_msgs/lib/python3.12/site-packages/robotiq_2f_gripper_msgs-0.0.0-py3.12.egg-info/top_level.txt
[0.526s] -- Installing: /home/anand/ur3e_working_reference/install/robotiq_2f_gripper_msgs/lib/python3.12/site-packages/robotiq_2f_gripper_msgs-0.0.0-py3.12.egg-info/SOURCES.txt
[0.526s] -- Up-to-date: /home/anand/ur3e_working_reference/install/robotiq_2f_gripper_msgs/lib/python3.12/site-packages/robotiq_2f_gripper_msgs
[0.526s] -- Up-to-date: /home/anand/ur3e_working_reference/install/robotiq_2f_gripper_msgs/lib/python3.12/site-packages/robotiq_2f_gripper_msgs/__init__.py
[0.526s] -- Up-to-date: /home/anand/ur3e_working_reference/install/robotiq_2f_gripper_msgs/lib/python3.12/site-packages/robotiq_2f_gripper_msgs/_robotiq_2f_gripper_msgs_s.ep.rosidl_typesupport_fastrtps_c.c
[0.527s] -- Up-to-date: /home/anand/ur3e_working_reference/install/robotiq_2f_gripper_msgs/lib/python3.12/site-packages/robotiq_2f_gripper_msgs/action
[0.527s] -- Up-to-date: /home/anand/ur3e_working_reference/install/robotiq_2f_gripper_msgs/lib/python3.12/site-packages/robotiq_2f_gripper_msgs/action/__init__.py
[0.527s] -- Up-to-date: /home/anand/ur3e_working_reference/install/robotiq_2f_gripper_msgs/lib/python3.12/site-packages/robotiq_2f_gripper_msgs/action/_move_two_finger_gripper_s.c
[0.527s] -- Up-to-date: /home/anand/ur3e_working_reference/install/robotiq_2f_gripper_msgs/lib/python3.12/site-packages/robotiq_2f_gripper_msgs/action/_move_two_finger_gripper.py
[0.527s] -- Up-to-date: /home/anand/ur3e_working_reference/install/robotiq_2f_gripper_msgs/lib/python3.12/site-packages/robotiq_2f_gripper_msgs/_robotiq_2f_gripper_msgs_s.ep.rosidl_typesupport_c.c
[0.527s] -- Up-to-date: /home/anand/ur3e_working_reference/install/robotiq_2f_gripper_msgs/lib/python3.12/site-packages/robotiq_2f_gripper_msgs/robotiq_2f_gripper_msgs_s__rosidl_typesupport_fastrtps_c.so
[0.527s] -- Up-to-date: /home/anand/ur3e_working_reference/install/robotiq_2f_gripper_msgs/lib/python3.12/site-packages/robotiq_2f_gripper_msgs/robotiq_2f_gripper_msgs_s__rosidl_typesupport_c.so
[0.527s] -- Up-to-date: /home/anand/ur3e_working_reference/install/robotiq_2f_gripper_msgs/lib/python3.12/site-packages/robotiq_2f_gripper_msgs/robotiq_2f_gripper_msgs_s__rosidl_typesupport_introspection_c.so
[0.527s] -- Up-to-date: /home/anand/ur3e_working_reference/install/robotiq_2f_gripper_msgs/lib/python3.12/site-packages/robotiq_2f_gripper_msgs/_robotiq_2f_gripper_msgs_s.ep.rosidl_typesupport_introspection_c.c
[0.565s] Listing '/home/anand/ur3e_working_reference/install/robotiq_2f_gripper_msgs/lib/python3.12/site-packages/robotiq_2f_gripper_msgs'...
[0.565s] Listing '/home/anand/ur3e_working_reference/install/robotiq_2f_gripper_msgs/lib/python3.12/site-packages/robotiq_2f_gripper_msgs/action'...
[0.572s] -- Up-to-date: /home/anand/ur3e_working_reference/install/robotiq_2f_gripper_msgs/lib/python3.12/site-packages/robotiq_2f_gripper_msgs/robotiq_2f_gripper_msgs_s__rosidl_typesupport_fastrtps_c.so
[0.572s] -- Up-to-date: /home/anand/ur3e_working_reference/install/robotiq_2f_gripper_msgs/lib/python3.12/site-packages/robotiq_2f_gripper_msgs/robotiq_2f_gripper_msgs_s__rosidl_typesupport_introspection_c.so
[0.572s] -- Up-to-date: /home/anand/ur3e_working_reference/install/robotiq_2f_gripper_msgs/lib/python3.12/site-packages/robotiq_2f_gripper_msgs/robotiq_2f_gripper_msgs_s__rosidl_typesupport_c.so
[0.572s] -- Up-to-date: /home/anand/ur3e_working_reference/install/robotiq_2f_gripper_msgs/lib/librobotiq_2f_gripper_msgs__rosidl_generator_py.so
[0.573s] -- Up-to-date: /home/anand/ur3e_working_reference/install/robotiq_2f_gripper_msgs/share/robotiq_2f_gripper_msgs/action/MoveTwoFingerGripper.idl
[0.573s] -- Up-to-date: /home/anand/ur3e_working_reference/install/robotiq_2f_gripper_msgs/share/robotiq_2f_gripper_msgs/action/MoveTwoFingerGripper.action
[0.573s] -- Up-to-date: /home/anand/ur3e_working_reference/install/robotiq_2f_gripper_msgs/share/ament_index/resource_index/package_run_dependencies/robotiq_2f_gripper_msgs
[0.573s] -- Up-to-date: /home/anand/ur3e_working_reference/install/robotiq_2f_gripper_msgs/share/ament_index/resource_index/parent_prefix_path/robotiq_2f_gripper_msgs
[0.573s] -- Up-to-date: /home/anand/ur3e_working_reference/install/robotiq_2f_gripper_msgs/share/robotiq_2f_gripper_msgs/environment/ament_prefix_path.sh
[0.573s] -- Up-to-date: /home/anand/ur3e_working_reference/install/robotiq_2f_gripper_msgs/share/robotiq_2f_gripper_msgs/environment/ament_prefix_path.dsv
[0.573s] -- Up-to-date: /home/anand/ur3e_working_reference/install/robotiq_2f_gripper_msgs/share/robotiq_2f_gripper_msgs/environment/path.sh
[0.574s] -- Up-to-date: /home/anand/ur3e_working_reference/install/robotiq_2f_gripper_msgs/share/robotiq_2f_gripper_msgs/environment/path.dsv
[0.574s] -- Up-to-date: /home/anand/ur3e_working_reference/install/robotiq_2f_gripper_msgs/share/robotiq_2f_gripper_msgs/local_setup.bash
[0.574s] -- Up-to-date: /home/anand/ur3e_working_reference/install/robotiq_2f_gripper_msgs/share/robotiq_2f_gripper_msgs/local_setup.sh
[0.574s] -- Up-to-date: /home/anand/ur3e_working_reference/install/robotiq_2f_gripper_msgs/share/robotiq_2f_gripper_msgs/local_setup.zsh
[0.574s] -- Up-to-date: /home/anand/ur3e_working_reference/install/robotiq_2f_gripper_msgs/share/robotiq_2f_gripper_msgs/local_setup.dsv
[0.574s] -- Installing: /home/anand/ur3e_working_reference/install/robotiq_2f_gripper_msgs/share/robotiq_2f_gripper_msgs/package.dsv
[0.574s] -- Up-to-date: /home/anand/ur3e_working_reference/install/robotiq_2f_gripper_msgs/share/ament_index/resource_index/packages/robotiq_2f_gripper_msgs
[0.574s] -- Up-to-date: /home/anand/ur3e_working_reference/install/robotiq_2f_gripper_msgs/share/robotiq_2f_gripper_msgs/cmake/export_robotiq_2f_gripper_msgs__rosidl_generator_cExport.cmake
[0.574s] -- Up-to-date: /home/anand/ur3e_working_reference/install/robotiq_2f_gripper_msgs/share/robotiq_2f_gripper_msgs/cmake/export_robotiq_2f_gripper_msgs__rosidl_generator_cExport-noconfig.cmake
[0.575s] -- Up-to-date: /home/anand/ur3e_working_reference/install/robotiq_2f_gripper_msgs/share/robotiq_2f_gripper_msgs/cmake/export_robotiq_2f_gripper_msgs__rosidl_typesupport_fastrtps_cExport.cmake
[0.575s] -- Up-to-date: /home/anand/ur3e_working_reference/install/robotiq_2f_gripper_msgs/share/robotiq_2f_gripper_msgs/cmake/export_robotiq_2f_gripper_msgs__rosidl_typesupport_fastrtps_cExport-noconfig.cmake
[0.575s] -- Up-to-date: /home/anand/ur3e_working_reference/install/robotiq_2f_gripper_msgs/share/robotiq_2f_gripper_msgs/cmake/robotiq_2f_gripper_msgs__rosidl_typesupport_introspection_cExport.cmake
[0.575s] -- Up-to-date: /home/anand/ur3e_working_reference/install/robotiq_2f_gripper_msgs/share/robotiq_2f_gripper_msgs/cmake/robotiq_2f_gripper_msgs__rosidl_typesupport_introspection_cExport-noconfig.cmake
[0.575s] -- Up-to-date: /home/anand/ur3e_working_reference/install/robotiq_2f_gripper_msgs/share/robotiq_2f_gripper_msgs/cmake/robotiq_2f_gripper_msgs__rosidl_typesupport_cExport.cmake
[0.575s] -- Up-to-date: /home/anand/ur3e_working_reference/install/robotiq_2f_gripper_msgs/share/robotiq_2f_gripper_msgs/cmake/robotiq_2f_gripper_msgs__rosidl_typesupport_cExport-noconfig.cmake
[0.575s] -- Up-to-date: /home/anand/ur3e_working_reference/install/robotiq_2f_gripper_msgs/share/robotiq_2f_gripper_msgs/cmake/export_robotiq_2f_gripper_msgs__rosidl_generator_cppExport.cmake
[0.575s] -- Up-to-date: /home/anand/ur3e_working_reference/install/robotiq_2f_gripper_msgs/share/robotiq_2f_gripper_msgs/cmake/export_robotiq_2f_gripper_msgs__rosidl_typesupport_fastrtps_cppExport.cmake
[0.576s] -- Up-to-date: /home/anand/ur3e_working_reference/install/robotiq_2f_gripper_msgs/share/robotiq_2f_gripper_msgs/cmake/export_robotiq_2f_gripper_msgs__rosidl_typesupport_fastrtps_cppExport-noconfig.cmake
[0.576s] -- Up-to-date: /home/anand/ur3e_working_reference/install/robotiq_2f_gripper_msgs/share/robotiq_2f_gripper_msgs/cmake/robotiq_2f_gripper_msgs__rosidl_typesupport_introspection_cppExport.cmake
[0.576s] -- Up-to-date: /home/anand/ur3e_working_reference/install/robotiq_2f_gripper_msgs/share/robotiq_2f_gripper_msgs/cmake/robotiq_2f_gripper_msgs__rosidl_typesupport_introspection_cppExport-noconfig.cmake
[0.576s] -- Up-to-date: /home/anand/ur3e_working_reference/install/robotiq_2f_gripper_msgs/share/robotiq_2f_gripper_msgs/cmake/robotiq_2f_gripper_msgs__rosidl_typesupport_cppExport.cmake
[0.576s] -- Up-to-date: /home/anand/ur3e_working_reference/install/robotiq_2f_gripper_msgs/share/robotiq_2f_gripper_msgs/cmake/robotiq_2f_gripper_msgs__rosidl_typesupport_cppExport-noconfig.cmake
[0.576s] -- Up-to-date: /home/anand/ur3e_working_reference/install/robotiq_2f_gripper_msgs/share/robotiq_2f_gripper_msgs/cmake/export_robotiq_2f_gripper_msgs__rosidl_generator_pyExport.cmake
[0.576s] -- Up-to-date: /home/anand/ur3e_working_reference/install/robotiq_2f_gripper_msgs/share/robotiq_2f_gripper_msgs/cmake/export_robotiq_2f_gripper_msgs__rosidl_generator_pyExport-noconfig.cmake
[0.576s] -- Up-to-date: /home/anand/ur3e_working_reference/install/robotiq_2f_gripper_msgs/share/robotiq_2f_gripper_msgs/cmake/rosidl_cmake-extras.cmake
[0.576s] -- Up-to-date: /home/anand/ur3e_working_reference/install/robotiq_2f_gripper_msgs/share/robotiq_2f_gripper_msgs/cmake/ament_cmake_export_dependencies-extras.cmake
[0.576s] -- Up-to-date: /home/anand/ur3e_working_reference/install/robotiq_2f_gripper_msgs/share/robotiq_2f_gripper_msgs/cmake/ament_cmake_export_include_directories-extras.cmake
[0.576s] -- Up-to-date: /home/anand/ur3e_working_reference/install/robotiq_2f_gripper_msgs/share/robotiq_2f_gripper_msgs/cmake/ament_cmake_export_libraries-extras.cmake
[0.576s] -- Up-to-date: /home/anand/ur3e_working_reference/install/robotiq_2f_gripper_msgs/share/robotiq_2f_gripper_msgs/cmake/ament_cmake_export_targets-extras.cmake
[0.577s] -- Up-to-date: /home/anand/ur3e_working_reference/install/robotiq_2f_gripper_msgs/share/robotiq_2f_gripper_msgs/cmake/rosidl_cmake_export_typesupport_targets-extras.cmake
[0.577s] -- Up-to-date: /home/anand/ur3e_working_reference/install/robotiq_2f_gripper_msgs/share/robotiq_2f_gripper_msgs/cmake/rosidl_cmake_export_typesupport_libraries-extras.cmake
[0.577s] -- Up-to-date: /home/anand/ur3e_working_reference/install/robotiq_2f_gripper_msgs/share/robotiq_2f_gripper_msgs/cmake/robotiq_2f_gripper_msgsConfig.cmake
[0.577s] -- Up-to-date: /home/anand/ur3e_working_reference/install/robotiq_2f_gripper_msgs/share/robotiq_2f_gripper_msgs/cmake/robotiq_2f_gripper_msgsConfig-version.cmake
[0.577s] -- Up-to-date: /home/anand/ur3e_working_reference/install/robotiq_2f_gripper_msgs/share/robotiq_2f_gripper_msgs/package.xml
[0.580s] Invoked command in '/home/anand/ur3e_working_reference/build/robotiq_2f_gripper_msgs' returned '0': CMAKE_PREFIX_PATH=${CMAKE_PREFIX_PATH}:/home/anand/ur3e_working_reference/install/ur3e_sorting:/home/anand/install/motion_model_comparison:/opt/ros/jazzy DEBUGINFOD_URLS=https://debuginfod.ubuntu.com /usr/bin/cmake --install /home/anand/ur3e_working_reference/build/robotiq_2f_gripper_msgs
